[0.369s] DEBUG:colcon:Command line arguments: ['/usr/bin/colcon', 'build']
[0.369s] DEBUG:colcon:Parsed command line arguments: Namespace(ament_cmake_args=None, base_paths=['.'], build_base='build', catkin_cmake_args=None, catkin_skip_building_tests=False, cmake_args=None, cmake_clean_cache=False, cmake_clean_first=False, cmake_force_configure=False, cmake_target=None, cmake_target_skip_unavailable=False, continue_on_error=False, event_handlers=None, executor='sequential', install_base='install', log_base=None, log_level=None, main=<bound method BuildVerb.main of <colcon_core.verb.build.BuildVerb object at 0x7f96b7f922e0>>, merge_install=False, paths=None, symlink_install=False, test_result_base=None, verb_extension=<colcon_core.verb.build.BuildVerb object at 0x7f96b7f922e0>, verb_name='build', verb_parser=<colcon_argcomplete.argument_parser.argcomplete.ArgcompleteDecorator object at 0x7f96b7f32400>)
[0.768s] Level 1:colcon.colcon_core.package_discovery:discover_packages(recursive) check parameters
[0.769s] Level 1:colcon.colcon_core.package_discovery:discover_packages(path) check parameters
[0.769s] Level 1:colcon.colcon_core.package_discovery:discover_packages(recursive) discover
[0.769s] INFO:colcon.colcon_core.package_discovery:Crawling recursively for packages in '/home/ny/FsRobo-A1'
[0.770s] Level 1:colcon.colcon_core.package_identification:_identify(.) by extensions ['ignore', 'ignore_ament_install']
[0.771s] Level 1:colcon.colcon_core.package_identification:_identify(.) by extension 'ignore'
[0.771s] Level 1:colcon.colcon_core.package_identification:_identify(.) by extension 'ignore_ament_install'
[0.771s] Level 1:colcon.colcon_core.package_identification:_identify(.) by extensions ['ros']
[0.771s] Level 1:colcon.colcon_core.package_identification:_identify(.) by extension 'ros'
[0.806s] Level 1:colcon.colcon_core.package_identification:_identify(.) by extensions ['cmake', 'python']
[0.806s] Level 1:colcon.colcon_core.package_identification:_identify(.) by extension 'cmake'
[0.806s] Level 1:colcon.colcon_core.package_identification:_identify(.) by extension 'python'
[0.807s] Level 1:colcon.colcon_core.package_identification:_identify(.) by extensions ['python_setup_py']
[0.807s] Level 1:colcon.colcon_core.package_identification:_identify(.) by extension 'python_setup_py'
[0.807s] Level 1:colcon.colcon_core.package_identification:_identify(build) by extensions ['ignore', 'ignore_ament_install']
[0.808s] Level 1:colcon.colcon_core.package_identification:_identify(build) by extension 'ignore'
[0.808s] Level 1:colcon.colcon_core.package_identification:_identify(build) ignored
[0.808s] Level 1:colcon.colcon_core.package_identification:_identify(install) by extensions ['ignore', 'ignore_ament_install']
[0.809s] Level 1:colcon.colcon_core.package_identification:_identify(install) by extension 'ignore'
[0.809s] Level 1:colcon.colcon_core.package_identification:_identify(install) ignored
[0.809s] Level 1:colcon.colcon_core.package_identification:_identify(log) by extensions ['ignore', 'ignore_ament_install']
[0.810s] Level 1:colcon.colcon_core.package_identification:_identify(log) by extension 'ignore'
[0.810s] Level 1:colcon.colcon_core.package_identification:_identify(log) ignored
[0.811s] Level 1:colcon.colcon_core.package_identification:_identify(src) by extensions ['ignore', 'ignore_ament_install']
[0.811s] Level 1:colcon.colcon_core.package_identification:_identify(src) by extension 'ignore'
[0.811s] Level 1:colcon.colcon_core.package_identification:_identify(src) by extension 'ignore_ament_install'
[0.812s] Level 1:colcon.colcon_core.package_identification:_identify(src) by extensions ['ros']
[0.812s] Level 1:colcon.colcon_core.package_identification:_identify(src) by extension 'ros'
[0.812s] Level 1:colcon.colcon_core.package_identification:_identify(src) by extensions ['cmake', 'python']
[0.813s] Level 1:colcon.colcon_core.package_identification:_identify(src) by extension 'cmake'
[0.813s] Level 1:colcon.colcon_core.package_identification:_identify(src) by extension 'python'
[0.813s] Level 1:colcon.colcon_core.package_identification:_identify(src) by extensions ['python_setup_py']
[0.813s] Level 1:colcon.colcon_core.package_identification:_identify(src) by extension 'python_setup_py'
[0.814s] Level 1:colcon.colcon_core.package_identification:_identify(src/4dof) by extensions ['ignore', 'ignore_ament_install']
[0.815s] Level 1:colcon.colcon_core.package_identification:_identify(src/4dof) by extension 'ignore'
[0.815s] Level 1:colcon.colcon_core.package_identification:_identify(src/4dof) by extension 'ignore_ament_install'
[0.815s] Level 1:colcon.colcon_core.package_identification:_identify(src/4dof) by extensions ['ros']
[0.815s] Level 1:colcon.colcon_core.package_identification:_identify(src/4dof) by extension 'ros'
[0.823s] DEBUG:colcon.colcon_core.package_identification:Package 'src/4dof' with type 'ros.ament_cmake' and name '4dof'
[0.823s] Level 1:colcon.colcon_core.package_identification:_identify(src/fsrobo_a1_serve_py) by extensions ['ignore', 'ignore_ament_install']
[0.824s] Level 1:colcon.colcon_core.package_identification:_identify(src/fsrobo_a1_serve_py) by extension 'ignore'
[0.824s] Level 1:colcon.colcon_core.package_identification:_identify(src/fsrobo_a1_serve_py) by extension 'ignore_ament_install'
[0.824s] Level 1:colcon.colcon_core.package_identification:_identify(src/fsrobo_a1_serve_py) by extensions ['ros']
[0.824s] Level 1:colcon.colcon_core.package_identification:_identify(src/fsrobo_a1_serve_py) by extension 'ros'
[0.827s] DEBUG:colcon.colcon_core.package_identification:Package 'src/fsrobo_a1_serve_py' with type 'ros.ament_python' and name 'fsrobo_a1_serve_py'
[0.827s] Level 1:colcon.colcon_core.package_identification:_identify(src/moveit2_tutorials_src) by extensions ['ignore', 'ignore_ament_install']
[0.827s] Level 1:colcon.colcon_core.package_identification:_identify(src/moveit2_tutorials_src) by extension 'ignore'
[0.828s] Level 1:colcon.colcon_core.package_identification:_identify(src/moveit2_tutorials_src) by extension 'ignore_ament_install'
[0.828s] Level 1:colcon.colcon_core.package_identification:_identify(src/moveit2_tutorials_src) by extensions ['ros']
[0.828s] Level 1:colcon.colcon_core.package_identification:_identify(src/moveit2_tutorials_src) by extension 'ros'
[0.829s] Level 1:colcon.colcon_core.package_identification:_identify(src/moveit2_tutorials_src) by extensions ['cmake', 'python']
[0.829s] Level 1:colcon.colcon_core.package_identification:_identify(src/moveit2_tutorials_src) by extension 'cmake'
[0.829s] Level 1:colcon.colcon_core.package_identification:_identify(src/moveit2_tutorials_src) by extension 'python'
[0.829s] Level 1:colcon.colcon_core.package_identification:_identify(src/moveit2_tutorials_src) by extensions ['python_setup_py']
[0.830s] Level 1:colcon.colcon_core.package_identification:_identify(src/moveit2_tutorials_src) by extension 'python_setup_py'
[0.830s] Level 1:colcon.colcon_core.package_identification:_identify(src/moveit2_tutorials_src/src) by extensions ['ignore', 'ignore_ament_install']
[0.830s] Level 1:colcon.colcon_core.package_identification:_identify(src/moveit2_tutorials_src/src) by extension 'ignore'
[0.831s] Level 1:colcon.colcon_core.package_identification:_identify(src/moveit2_tutorials_src/src) by extension 'ignore_ament_install'
[0.831s] Level 1:colcon.colcon_core.package_identification:_identify(src/moveit2_tutorials_src/src) by extensions ['ros']
[0.831s] Level 1:colcon.colcon_core.package_identification:_identify(src/moveit2_tutorials_src/src) by extension 'ros'
[0.831s] Level 1:colcon.colcon_core.package_identification:_identify(src/moveit2_tutorials_src/src) by extensions ['cmake', 'python']
[0.831s] Level 1:colcon.colcon_core.package_identification:_identify(src/moveit2_tutorials_src/src) by extension 'cmake'
[0.832s] Level 1:colcon.colcon_core.package_identification:_identify(src/moveit2_tutorials_src/src) by extension 'python'
[0.832s] Level 1:colcon.colcon_core.package_identification:_identify(src/moveit2_tutorials_src/src) by extensions ['python_setup_py']
[0.832s] Level 1:colcon.colcon_core.package_identification:_identify(src/moveit2_tutorials_src/src) by extension 'python_setup_py'
[0.832s] Level 1:colcon.colcon_core.package_identification:_identify(src/moveit2_tutorials_src/src/moveit2_tutorials) by extensions ['ignore', 'ignore_ament_install']
[0.833s] Level 1:colcon.colcon_core.package_identification:_identify(src/moveit2_tutorials_src/src/moveit2_tutorials) by extension 'ignore'
[0.833s] Level 1:colcon.colcon_core.package_identification:_identify(src/moveit2_tutorials_src/src/moveit2_tutorials) by extension 'ignore_ament_install'
[0.833s] Level 1:colcon.colcon_core.package_identification:_identify(src/moveit2_tutorials_src/src/moveit2_tutorials) by extensions ['ros']
[0.833s] Level 1:colcon.colcon_core.package_identification:_identify(src/moveit2_tutorials_src/src/moveit2_tutorials) by extension 'ros'
[0.837s] DEBUG:colcon.colcon_core.package_identification:Package 'src/moveit2_tutorials_src/src/moveit2_tutorials' with type 'ros.ament_cmake' and name 'moveit2_tutorials'
[0.838s] Level 1:colcon.colcon_core.package_identification:_identify(src/moveit2_tutorials_src/src/moveit_visual_tools) by extensions ['ignore', 'ignore_ament_install']
[0.838s] Level 1:colcon.colcon_core.package_identification:_identify(src/moveit2_tutorials_src/src/moveit_visual_tools) by extension 'ignore'
[0.838s] Level 1:colcon.colcon_core.package_identification:_identify(src/moveit2_tutorials_src/src/moveit_visual_tools) by extension 'ignore_ament_install'
[0.839s] Level 1:colcon.colcon_core.package_identification:_identify(src/moveit2_tutorials_src/src/moveit_visual_tools) by extensions ['ros']
[0.839s] Level 1:colcon.colcon_core.package_identification:_identify(src/moveit2_tutorials_src/src/moveit_visual_tools) by extension 'ros'
[0.843s] DEBUG:colcon.colcon_core.package_identification:Package 'src/moveit2_tutorials_src/src/moveit_visual_tools' with type 'ros.ament_cmake' and name 'moveit_visual_tools'
[0.844s] Level 1:colcon.colcon_core.package_identification:_identify(src/moveit2_tutorials_src/src/rviz_visual_tools) by extensions ['ignore', 'ignore_ament_install']
[0.844s] Level 1:colcon.colcon_core.package_identification:_identify(src/moveit2_tutorials_src/src/rviz_visual_tools) by extension 'ignore'
[0.845s] Level 1:colcon.colcon_core.package_identification:_identify(src/moveit2_tutorials_src/src/rviz_visual_tools) by extension 'ignore_ament_install'
[0.845s] Level 1:colcon.colcon_core.package_identification:_identify(src/moveit2_tutorials_src/src/rviz_visual_tools) by extensions ['ros']
[0.845s] Level 1:colcon.colcon_core.package_identification:_identify(src/moveit2_tutorials_src/src/rviz_visual_tools) by extension 'ros'
[0.851s] DEBUG:colcon.colcon_core.package_identification:Package 'src/moveit2_tutorials_src/src/rviz_visual_tools' with type 'ros.ament_cmake' and name 'rviz_visual_tools'
[0.851s] Level 1:colcon.colcon_core.package_identification:_identify(src/py_pubsub) by extensions ['ignore', 'ignore_ament_install']
[0.851s] Level 1:colcon.colcon_core.package_identification:_identify(src/py_pubsub) by extension 'ignore'
[0.852s] Level 1:colcon.colcon_core.package_identification:_identify(src/py_pubsub) by extension 'ignore_ament_install'
[0.852s] Level 1:colcon.colcon_core.package_identification:_identify(src/py_pubsub) by extensions ['ros']
[0.852s] Level 1:colcon.colcon_core.package_identification:_identify(src/py_pubsub) by extension 'ros'
[0.853s] DEBUG:colcon.colcon_core.package_identification:Package 'src/py_pubsub' with type 'ros.ament_python' and name 'py_pubsub'
[0.853s] Level 1:colcon.colcon_core.package_discovery:discover_packages(recursive) using defaults
[0.854s] Level 1:colcon.colcon_core.package_discovery:discover_packages(path) discover
[0.854s] Level 1:colcon.colcon_core.package_discovery:discover_packages(path) using defaults
[0.908s] Level 5:colcon.colcon_core.verb:set package '4dof' build argument 'cmake_args' from command line to 'None'
[0.909s] Level 5:colcon.colcon_core.verb:set package '4dof' build argument 'cmake_target' from command line to 'None'
[0.909s] Level 5:colcon.colcon_core.verb:set package '4dof' build argument 'cmake_target_skip_unavailable' from command line to 'False'
[0.909s] Level 5:colcon.colcon_core.verb:set package '4dof' build argument 'cmake_clean_cache' from command line to 'False'
[0.909s] Level 5:colcon.colcon_core.verb:set package '4dof' build argument 'cmake_clean_first' from command line to 'False'
[0.910s] Level 5:colcon.colcon_core.verb:set package '4dof' build argument 'cmake_force_configure' from command line to 'False'
[0.910s] Level 5:colcon.colcon_core.verb:set package '4dof' build argument 'ament_cmake_args' from command line to 'None'
[0.910s] Level 5:colcon.colcon_core.verb:set package '4dof' build argument 'catkin_cmake_args' from command line to 'None'
[0.910s] Level 5:colcon.colcon_core.verb:set package '4dof' build argument 'catkin_skip_building_tests' from command line to 'False'
[0.910s] DEBUG:colcon.colcon_core.verb:Building package '4dof' with the following arguments: {'ament_cmake_args': None, 'build_base': '/home/ny/FsRobo-A1/build/4dof', 'catkin_cmake_args': None, 'catkin_skip_building_tests': False, 'cmake_args': None, 'cmake_clean_cache': False, 'cmake_clean_first': False, 'cmake_force_configure': False, 'cmake_target': None, 'cmake_target_skip_unavailable': False, 'install_base': '/home/ny/FsRobo-A1/install/4dof', 'merge_install': False, 'path': '/home/ny/FsRobo-A1/src/4dof', 'symlink_install': False, 'test_result_base': None}
[0.911s] Level 5:colcon.colcon_core.verb:set package 'fsrobo_a1_serve_py' build argument 'cmake_args' from command line to 'None'
[0.912s] Level 5:colcon.colcon_core.verb:set package 'fsrobo_a1_serve_py' build argument 'cmake_target' from command line to 'None'
[0.912s] Level 5:colcon.colcon_core.verb:set package 'fsrobo_a1_serve_py' build argument 'cmake_target_skip_unavailable' from command line to 'False'
[0.912s] Level 5:colcon.colcon_core.verb:set package 'fsrobo_a1_serve_py' build argument 'cmake_clean_cache' from command line to 'False'
[0.912s] Level 5:colcon.colcon_core.verb:set package 'fsrobo_a1_serve_py' build argument 'cmake_clean_first' from command line to 'False'
[0.912s] Level 5:colcon.colcon_core.verb:set package 'fsrobo_a1_serve_py' build argument 'cmake_force_configure' from command line to 'False'
[0.913s] Level 5:colcon.colcon_core.verb:set package 'fsrobo_a1_serve_py' build argument 'ament_cmake_args' from command line to 'None'
[0.913s] Level 5:colcon.colcon_core.verb:set package 'fsrobo_a1_serve_py' build argument 'catkin_cmake_args' from command line to 'None'
[0.913s] Level 5:colcon.colcon_core.verb:set package 'fsrobo_a1_serve_py' build argument 'catkin_skip_building_tests' from command line to 'False'
[0.913s] DEBUG:colcon.colcon_core.verb:Building package 'fsrobo_a1_serve_py' with the following arguments: {'ament_cmake_args': None, 'build_base': '/home/ny/FsRobo-A1/build/fsrobo_a1_serve_py', 'catkin_cmake_args': None, 'catkin_skip_building_tests': False, 'cmake_args': None, 'cmake_clean_cache': False, 'cmake_clean_first': False, 'cmake_force_configure': False, 'cmake_target': None, 'cmake_target_skip_unavailable': False, 'install_base': '/home/ny/FsRobo-A1/install/fsrobo_a1_serve_py', 'merge_install': False, 'path': '/home/ny/FsRobo-A1/src/fsrobo_a1_serve_py', 'symlink_install': False, 'test_result_base': None}
[0.915s] Level 5:colcon.colcon_core.verb:set package 'py_pubsub' build argument 'cmake_args' from command line to 'None'
[0.915s] Level 5:colcon.colcon_core.verb:set package 'py_pubsub' build argument 'cmake_target' from command line to 'None'
[0.915s] Level 5:colcon.colcon_core.verb:set package 'py_pubsub' build argument 'cmake_target_skip_unavailable' from command line to 'False'
[0.915s] Level 5:colcon.colcon_core.verb:set package 'py_pubsub' build argument 'cmake_clean_cache' from command line to 'False'
[0.915s] Level 5:colcon.colcon_core.verb:set package 'py_pubsub' build argument 'cmake_clean_first' from command line to 'False'
[0.916s] Level 5:colcon.colcon_core.verb:set package 'py_pubsub' build argument 'cmake_force_configure' from command line to 'False'
[0.916s] Level 5:colcon.colcon_core.verb:set package 'py_pubsub' build argument 'ament_cmake_args' from command line to 'None'
[0.916s] Level 5:colcon.colcon_core.verb:set package 'py_pubsub' build argument 'catkin_cmake_args' from command line to 'None'
[0.916s] Level 5:colcon.colcon_core.verb:set package 'py_pubsub' build argument 'catkin_skip_building_tests' from command line to 'False'
[0.916s] DEBUG:colcon.colcon_core.verb:Building package 'py_pubsub' with the following arguments: {'ament_cmake_args': None, 'build_base': '/home/ny/FsRobo-A1/build/py_pubsub', 'catkin_cmake_args': None, 'catkin_skip_building_tests': False, 'cmake_args': None, 'cmake_clean_cache': False, 'cmake_clean_first': False, 'cmake_force_configure': False, 'cmake_target': None, 'cmake_target_skip_unavailable': False, 'install_base': '/home/ny/FsRobo-A1/install/py_pubsub', 'merge_install': False, 'path': '/home/ny/FsRobo-A1/src/py_pubsub', 'symlink_install': False, 'test_result_base': None}
[0.917s] Level 5:colcon.colcon_core.verb:set package 'rviz_visual_tools' build argument 'cmake_args' from command line to 'None'
[0.917s] Level 5:colcon.colcon_core.verb:set package 'rviz_visual_tools' build argument 'cmake_target' from command line to 'None'
[0.918s] Level 5:colcon.colcon_core.verb:set package 'rviz_visual_tools' build argument 'cmake_target_skip_unavailable' from command line to 'False'
[0.918s] Level 5:colcon.colcon_core.verb:set package 'rviz_visual_tools' build argument 'cmake_clean_cache' from command line to 'False'
[0.918s] Level 5:colcon.colcon_core.verb:set package 'rviz_visual_tools' build argument 'cmake_clean_first' from command line to 'False'
[0.918s] Level 5:colcon.colcon_core.verb:set package 'rviz_visual_tools' build argument 'cmake_force_configure' from command line to 'False'
[0.919s] Level 5:colcon.colcon_core.verb:set package 'rviz_visual_tools' build argument 'ament_cmake_args' from command line to 'None'
[0.919s] Level 5:colcon.colcon_core.verb:set package 'rviz_visual_tools' build argument 'catkin_cmake_args' from command line to 'None'
[0.919s] Level 5:colcon.colcon_core.verb:set package 'rviz_visual_tools' build argument 'catkin_skip_building_tests' from command line to 'False'
[0.919s] DEBUG:colcon.colcon_core.verb:Building package 'rviz_visual_tools' with the following arguments: {'ament_cmake_args': None, 'build_base': '/home/ny/FsRobo-A1/build/rviz_visual_tools', 'catkin_cmake_args': None, 'catkin_skip_building_tests': False, 'cmake_args': None, 'cmake_clean_cache': False, 'cmake_clean_first': False, 'cmake_force_configure': False, 'cmake_target': None, 'cmake_target_skip_unavailable': False, 'install_base': '/home/ny/FsRobo-A1/install/rviz_visual_tools', 'merge_install': False, 'path': '/home/ny/FsRobo-A1/src/moveit2_tutorials_src/src/rviz_visual_tools', 'symlink_install': False, 'test_result_base': None}
[0.920s] Level 5:colcon.colcon_core.verb:set package 'moveit_visual_tools' build argument 'cmake_args' from command line to 'None'
[0.920s] Level 5:colcon.colcon_core.verb:set package 'moveit_visual_tools' build argument 'cmake_target' from command line to 'None'
[0.920s] Level 5:colcon.colcon_core.verb:set package 'moveit_visual_tools' build argument 'cmake_target_skip_unavailable' from command line to 'False'
[0.920s] Level 5:colcon.colcon_core.verb:set package 'moveit_visual_tools' build argument 'cmake_clean_cache' from command line to 'False'
[0.921s] Level 5:colcon.colcon_core.verb:set package 'moveit_visual_tools' build argument 'cmake_clean_first' from command line to 'False'
[0.921s] Level 5:colcon.colcon_core.verb:set package 'moveit_visual_tools' build argument 'cmake_force_configure' from command line to 'False'
[0.921s] Level 5:colcon.colcon_core.verb:set package 'moveit_visual_tools' build argument 'ament_cmake_args' from command line to 'None'
[0.921s] Level 5:colcon.colcon_core.verb:set package 'moveit_visual_tools' build argument 'catkin_cmake_args' from command line to 'None'
[0.921s] Level 5:colcon.colcon_core.verb:set package 'moveit_visual_tools' build argument 'catkin_skip_building_tests' from command line to 'False'
[0.921s] DEBUG:colcon.colcon_core.verb:Building package 'moveit_visual_tools' with the following arguments: {'ament_cmake_args': None, 'build_base': '/home/ny/FsRobo-A1/build/moveit_visual_tools', 'catkin_cmake_args': None, 'catkin_skip_building_tests': False, 'cmake_args': None, 'cmake_clean_cache': False, 'cmake_clean_first': False, 'cmake_force_configure': False, 'cmake_target': None, 'cmake_target_skip_unavailable': False, 'install_base': '/home/ny/FsRobo-A1/install/moveit_visual_tools', 'merge_install': False, 'path': '/home/ny/FsRobo-A1/src/moveit2_tutorials_src/src/moveit_visual_tools', 'symlink_install': False, 'test_result_base': None}
[0.923s] Level 5:colcon.colcon_core.verb:set package 'moveit2_tutorials' build argument 'cmake_args' from command line to 'None'
[0.923s] Level 5:colcon.colcon_core.verb:set package 'moveit2_tutorials' build argument 'cmake_target' from command line to 'None'
[0.923s] Level 5:colcon.colcon_core.verb:set package 'moveit2_tutorials' build argument 'cmake_target_skip_unavailable' from command line to 'False'
[0.923s] Level 5:colcon.colcon_core.verb:set package 'moveit2_tutorials' build argument 'cmake_clean_cache' from command line to 'False'
[0.923s] Level 5:colcon.colcon_core.verb:set package 'moveit2_tutorials' build argument 'cmake_clean_first' from command line to 'False'
[0.924s] Level 5:colcon.colcon_core.verb:set package 'moveit2_tutorials' build argument 'cmake_force_configure' from command line to 'False'
[0.924s] Level 5:colcon.colcon_core.verb:set package 'moveit2_tutorials' build argument 'ament_cmake_args' from command line to 'None'
[0.924s] Level 5:colcon.colcon_core.verb:set package 'moveit2_tutorials' build argument 'catkin_cmake_args' from command line to 'None'
[0.924s] Level 5:colcon.colcon_core.verb:set package 'moveit2_tutorials' build argument 'catkin_skip_building_tests' from command line to 'False'
[0.924s] DEBUG:colcon.colcon_core.verb:Building package 'moveit2_tutorials' with the following arguments: {'ament_cmake_args': None, 'build_base': '/home/ny/FsRobo-A1/build/moveit2_tutorials', 'catkin_cmake_args': None, 'catkin_skip_building_tests': False, 'cmake_args': None, 'cmake_clean_cache': False, 'cmake_clean_first': False, 'cmake_force_configure': False, 'cmake_target': None, 'cmake_target_skip_unavailable': False, 'install_base': '/home/ny/FsRobo-A1/install/moveit2_tutorials', 'merge_install': False, 'path': '/home/ny/FsRobo-A1/src/moveit2_tutorials_src/src/moveit2_tutorials', 'symlink_install': False, 'test_result_base': None}
[0.925s] INFO:colcon.colcon_core.executor:Executing jobs using 'sequential' executor
[0.928s] DEBUG:colcon.colcon_core.executor.sequential:run_until_complete '4dof'
[0.928s] INFO:colcon.colcon_ros.task.ament_cmake.build:Building ROS package in '/home/ny/FsRobo-A1/src/4dof' with build type 'ament_cmake'
[0.930s] INFO:colcon.colcon_cmake.task.cmake.build:Building CMake package in '/home/ny/FsRobo-A1/src/4dof'
[0.932s] INFO:colcon.colcon_core.plugin_system:Skipping extension 'colcon_core.shell.bat': Not used on non-Windows systems
[0.933s] DEBUG:colcon.colcon_core.shell:Skip shell extension 'dsv' for command environment
[0.975s] DEBUG:colcon.colcon_core.event_handler.log_command:Invoking command in '/home/ny/FsRobo-A1/build/4dof': CMAKE_PREFIX_PATH=/opt/ros/foxy /usr/bin/cmake --build /home/ny/FsRobo-A1/build/4dof -- -j16 -l16
[1.124s] DEBUG:colcon.colcon_core.event_handler.log_command:Invoked command in '/home/ny/FsRobo-A1/build/4dof' returned '0': CMAKE_PREFIX_PATH=/opt/ros/foxy /usr/bin/cmake --build /home/ny/FsRobo-A1/build/4dof -- -j16 -l16
[1.251s] DEBUG:colcon.colcon_core.event_handler.log_command:Invoking command in '/home/ny/FsRobo-A1/build/4dof': CMAKE_PREFIX_PATH=/opt/ros/foxy /usr/bin/cmake --install /home/ny/FsRobo-A1/build/4dof
[1.295s] Level 1:colcon.colcon_core.environment:create_environment_scripts_only(4dof)
[1.298s] DEBUG:colcon.colcon_core.event_handler.log_command:Invoked command in '/home/ny/FsRobo-A1/build/4dof' returned '0': CMAKE_PREFIX_PATH=/opt/ros/foxy /usr/bin/cmake --install /home/ny/FsRobo-A1/build/4dof
[1.306s] Level 1:colcon.colcon_core.environment:checking '/home/ny/FsRobo-A1/install/4dof' for CMake module files
[1.308s] Level 1:colcon.colcon_core.environment:checking '/home/ny/FsRobo-A1/install/4dof' for CMake config files
[1.310s] Level 1:colcon.colcon_core.shell:create_environment_hook('4dof', 'cmake_prefix_path')
[1.311s] INFO:colcon.colcon_core.shell:Creating environment descriptor '/home/ny/FsRobo-A1/install/4dof/share/4dof/hook/cmake_prefix_path.dsv'
[1.314s] INFO:colcon.colcon_core.shell:Creating environment hook '/home/ny/FsRobo-A1/install/4dof/share/4dof/hook/cmake_prefix_path.sh'
[1.318s] Level 1:colcon.colcon_core.environment:checking '/home/ny/FsRobo-A1/install/4dof/bin'
[1.318s] Level 1:colcon.colcon_core.environment:checking '/home/ny/FsRobo-A1/install/4dof/lib/pkgconfig/4dof.pc'
[1.321s] Level 1:colcon.colcon_core.environment:checking '/home/ny/FsRobo-A1/install/4dof/lib/python3.8/site-packages'
[1.321s] Level 1:colcon.colcon_core.environment:checking '/home/ny/FsRobo-A1/install/4dof/bin'
[1.324s] INFO:colcon.colcon_core.shell:Creating package descriptor '/home/ny/FsRobo-A1/install/4dof/share/4dof/package.dsv'
[1.327s] INFO:colcon.colcon_core.shell:Creating package script '/home/ny/FsRobo-A1/install/4dof/share/4dof/package.sh'
[1.329s] Level 1:colcon.colcon_core.environment:create_file_with_runtime_dependencies(/home/ny/FsRobo-A1/install/4dof/share/colcon-core/packages/4dof)
[1.433s] Level 1:colcon.colcon_core.environment:create_environment_scripts_only(4dof)
[1.435s] Level 1:colcon.colcon_core.environment:checking '/home/ny/FsRobo-A1/install/4dof' for CMake module files
[1.440s] Level 1:colcon.colcon_core.environment:checking '/home/ny/FsRobo-A1/install/4dof' for CMake config files
[1.441s] Level 1:colcon.colcon_core.shell:create_environment_hook('4dof', 'cmake_prefix_path')
[1.442s] INFO:colcon.colcon_core.shell:Creating environment descriptor '/home/ny/FsRobo-A1/install/4dof/share/4dof/hook/cmake_prefix_path.dsv'
[1.445s] INFO:colcon.colcon_core.shell:Creating environment hook '/home/ny/FsRobo-A1/install/4dof/share/4dof/hook/cmake_prefix_path.sh'
[1.448s] Level 1:colcon.colcon_core.environment:checking '/home/ny/FsRobo-A1/install/4dof/bin'
[1.448s] Level 1:colcon.colcon_core.environment:checking '/home/ny/FsRobo-A1/install/4dof/lib/pkgconfig/4dof.pc'
[1.449s] Level 1:colcon.colcon_core.environment:checking '/home/ny/FsRobo-A1/install/4dof/lib/python3.8/site-packages'
[1.449s] Level 1:colcon.colcon_core.environment:checking '/home/ny/FsRobo-A1/install/4dof/bin'
[1.450s] INFO:colcon.colcon_core.shell:Creating package descriptor '/home/ny/FsRobo-A1/install/4dof/share/4dof/package.dsv'
[1.452s] INFO:colcon.colcon_core.shell:Creating package script '/home/ny/FsRobo-A1/install/4dof/share/4dof/package.sh'
[1.455s] Level 1:colcon.colcon_core.environment:create_file_with_runtime_dependencies(/home/ny/FsRobo-A1/install/4dof/share/colcon-core/packages/4dof)
[1.456s] DEBUG:colcon.colcon_core.executor.sequential:run_until_complete '4dof' finished with '0'
[1.457s] DEBUG:colcon.colcon_core.executor.sequential:run_until_complete 'fsrobo_a1_serve_py'
[1.459s] INFO:colcon.colcon_ros.task.ament_python.build:Building ROS package in '/home/ny/FsRobo-A1/src/fsrobo_a1_serve_py' with build type 'ament_python'
[1.460s] Level 1:colcon.colcon_core.shell:create_environment_hook('fsrobo_a1_serve_py', 'ament_prefix_path')
[1.461s] INFO:colcon.colcon_core.shell:Creating environment descriptor '/home/ny/FsRobo-A1/install/fsrobo_a1_serve_py/share/fsrobo_a1_serve_py/hook/ament_prefix_path.dsv'
[1.463s] INFO:colcon.colcon_core.shell:Creating environment hook '/home/ny/FsRobo-A1/install/fsrobo_a1_serve_py/share/fsrobo_a1_serve_py/hook/ament_prefix_path.sh'
[1.466s] DEBUG:colcon.colcon_core.shell:Skip shell extension 'dsv' for command environment
[2.122s] INFO:colcon.colcon_core.task.python.build:Building Python package in '/home/ny/FsRobo-A1/src/fsrobo_a1_serve_py'
[2.124s] DEBUG:colcon.colcon_core.shell:Skip shell extension 'dsv' for command environment
[3.302s] DEBUG:colcon.colcon_core.event_handler.log_command:Invoking command in '/home/ny/FsRobo-A1/src/fsrobo_a1_serve_py': PYTHONPATH=/home/ny/FsRobo-A1/build/fsrobo_a1_serve_py/prefix_override:/usr/lib/python3/dist-packages/colcon_core/task/python/colcon_distutils_commands:/home/ny/FsRobo-A1/install/fsrobo_a1_serve_py/lib/python3.8/site-packages:${PYTHONPATH} /usr/bin/python3 -W ignore:setup.py install is deprecated setup.py egg_info --egg-base ../../build/fsrobo_a1_serve_py build --build-base /home/ny/FsRobo-A1/build/fsrobo_a1_serve_py/build install --record /home/ny/FsRobo-A1/build/fsrobo_a1_serve_py/install.log --install-scripts $base/lib/fsrobo_a1_serve_py --single-version-externally-managed install_data
[4.244s] Level 1:colcon.colcon_core.environment:checking '/home/ny/FsRobo-A1/install/fsrobo_a1_serve_py' for CMake module files
[4.246s] DEBUG:colcon.colcon_core.event_handler.log_command:Invoked command in '/home/ny/FsRobo-A1/src/fsrobo_a1_serve_py' returned '0': PYTHONPATH=/home/ny/FsRobo-A1/build/fsrobo_a1_serve_py/prefix_override:/usr/lib/python3/dist-packages/colcon_core/task/python/colcon_distutils_commands:/home/ny/FsRobo-A1/install/fsrobo_a1_serve_py/lib/python3.8/site-packages:${PYTHONPATH} /usr/bin/python3 -W ignore:setup.py install is deprecated setup.py egg_info --egg-base ../../build/fsrobo_a1_serve_py build --build-base /home/ny/FsRobo-A1/build/fsrobo_a1_serve_py/build install --record /home/ny/FsRobo-A1/build/fsrobo_a1_serve_py/install.log --install-scripts $base/lib/fsrobo_a1_serve_py --single-version-externally-managed install_data
[4.248s] Level 1:colcon.colcon_core.environment:checking '/home/ny/FsRobo-A1/install/fsrobo_a1_serve_py' for CMake config files
[4.251s] Level 1:colcon.colcon_core.environment:checking '/home/ny/FsRobo-A1/install/fsrobo_a1_serve_py/lib'
[4.252s] Level 1:colcon.colcon_core.environment:checking '/home/ny/FsRobo-A1/install/fsrobo_a1_serve_py/bin'
[4.252s] Level 1:colcon.colcon_core.environment:checking '/home/ny/FsRobo-A1/install/fsrobo_a1_serve_py/lib/pkgconfig/fsrobo_a1_serve_py.pc'
[4.253s] Level 1:colcon.colcon_core.environment:checking '/home/ny/FsRobo-A1/install/fsrobo_a1_serve_py/lib/python3.8/site-packages'
[4.253s] Level 1:colcon.colcon_core.shell:create_environment_hook('fsrobo_a1_serve_py', 'pythonpath')
[4.254s] INFO:colcon.colcon_core.shell:Creating environment descriptor '/home/ny/FsRobo-A1/install/fsrobo_a1_serve_py/share/fsrobo_a1_serve_py/hook/pythonpath.dsv'
[4.257s] INFO:colcon.colcon_core.shell:Creating environment hook '/home/ny/FsRobo-A1/install/fsrobo_a1_serve_py/share/fsrobo_a1_serve_py/hook/pythonpath.sh'
[4.260s] Level 1:colcon.colcon_core.environment:checking '/home/ny/FsRobo-A1/install/fsrobo_a1_serve_py/bin'
[4.260s] Level 1:colcon.colcon_core.environment:create_environment_scripts_only(fsrobo_a1_serve_py)
[4.261s] INFO:colcon.colcon_core.shell:Creating package descriptor '/home/ny/FsRobo-A1/install/fsrobo_a1_serve_py/share/fsrobo_a1_serve_py/package.dsv'
[4.264s] INFO:colcon.colcon_core.shell:Creating package script '/home/ny/FsRobo-A1/install/fsrobo_a1_serve_py/share/fsrobo_a1_serve_py/package.sh'
[4.267s] Level 1:colcon.colcon_core.environment:create_file_with_runtime_dependencies(/home/ny/FsRobo-A1/install/fsrobo_a1_serve_py/share/colcon-core/packages/fsrobo_a1_serve_py)
[4.269s] DEBUG:colcon.colcon_core.executor.sequential:run_until_complete 'fsrobo_a1_serve_py' finished with '0'
[4.269s] DEBUG:colcon.colcon_core.executor.sequential:run_until_complete 'py_pubsub'
[4.271s] INFO:colcon.colcon_ros.task.ament_python.build:Building ROS package in '/home/ny/FsRobo-A1/src/py_pubsub' with build type 'ament_python'
[4.272s] Level 1:colcon.colcon_core.shell:create_environment_hook('py_pubsub', 'ament_prefix_path')
[4.273s] INFO:colcon.colcon_core.shell:Creating environment descriptor '/home/ny/FsRobo-A1/install/py_pubsub/share/py_pubsub/hook/ament_prefix_path.dsv'
[4.277s] INFO:colcon.colcon_core.shell:Creating environment hook '/home/ny/FsRobo-A1/install/py_pubsub/share/py_pubsub/hook/ament_prefix_path.sh'
[4.280s] DEBUG:colcon.colcon_core.shell:Skip shell extension 'dsv' for command environment
[4.988s] INFO:colcon.colcon_core.task.python.build:Building Python package in '/home/ny/FsRobo-A1/src/py_pubsub'
[4.991s] DEBUG:colcon.colcon_core.shell:Skip shell extension 'dsv' for command environment
[6.148s] DEBUG:colcon.colcon_core.event_handler.log_command:Invoking command in '/home/ny/FsRobo-A1/src/py_pubsub': PYTHONPATH=/home/ny/FsRobo-A1/build/py_pubsub/prefix_override:/usr/lib/python3/dist-packages/colcon_core/task/python/colcon_distutils_commands:/home/ny/FsRobo-A1/install/py_pubsub/lib/python3.8/site-packages:${PYTHONPATH} /usr/bin/python3 -W ignore:setup.py install is deprecated setup.py egg_info --egg-base ../../build/py_pubsub build --build-base /home/ny/FsRobo-A1/build/py_pubsub/build install --record /home/ny/FsRobo-A1/build/py_pubsub/install.log --install-scripts $base/lib/py_pubsub --single-version-externally-managed install_data
[6.888s] Level 1:colcon.colcon_core.environment:checking '/home/ny/FsRobo-A1/install/py_pubsub' for CMake module files
[6.891s] Level 1:colcon.colcon_core.environment:checking '/home/ny/FsRobo-A1/install/py_pubsub' for CMake config files
[6.893s] DEBUG:colcon.colcon_core.event_handler.log_command:Invoked command in '/home/ny/FsRobo-A1/src/py_pubsub' returned '0': PYTHONPATH=/home/ny/FsRobo-A1/build/py_pubsub/prefix_override:/usr/lib/python3/dist-packages/colcon_core/task/python/colcon_distutils_commands:/home/ny/FsRobo-A1/install/py_pubsub/lib/python3.8/site-packages:${PYTHONPATH} /usr/bin/python3 -W ignore:setup.py install is deprecated setup.py egg_info --egg-base ../../build/py_pubsub build --build-base /home/ny/FsRobo-A1/build/py_pubsub/build install --record /home/ny/FsRobo-A1/build/py_pubsub/install.log --install-scripts $base/lib/py_pubsub --single-version-externally-managed install_data
[6.896s] Level 1:colcon.colcon_core.environment:checking '/home/ny/FsRobo-A1/install/py_pubsub/lib'
[6.897s] Level 1:colcon.colcon_core.environment:checking '/home/ny/FsRobo-A1/install/py_pubsub/bin'
[6.897s] Level 1:colcon.colcon_core.environment:checking '/home/ny/FsRobo-A1/install/py_pubsub/lib/pkgconfig/py_pubsub.pc'
[6.898s] Level 1:colcon.colcon_core.environment:checking '/home/ny/FsRobo-A1/install/py_pubsub/lib/python3.8/site-packages'
[6.898s] Level 1:colcon.colcon_core.shell:create_environment_hook('py_pubsub', 'pythonpath')
[6.899s] INFO:colcon.colcon_core.shell:Creating environment descriptor '/home/ny/FsRobo-A1/install/py_pubsub/share/py_pubsub/hook/pythonpath.dsv'
[6.902s] INFO:colcon.colcon_core.shell:Creating environment hook '/home/ny/FsRobo-A1/install/py_pubsub/share/py_pubsub/hook/pythonpath.sh'
[6.904s] Level 1:colcon.colcon_core.environment:checking '/home/ny/FsRobo-A1/install/py_pubsub/bin'
[6.904s] Level 1:colcon.colcon_core.environment:create_environment_scripts_only(py_pubsub)
[6.905s] INFO:colcon.colcon_core.shell:Creating package descriptor '/home/ny/FsRobo-A1/install/py_pubsub/share/py_pubsub/package.dsv'
[6.907s] INFO:colcon.colcon_core.shell:Creating package script '/home/ny/FsRobo-A1/install/py_pubsub/share/py_pubsub/package.sh'
[6.909s] Level 1:colcon.colcon_core.environment:create_file_with_runtime_dependencies(/home/ny/FsRobo-A1/install/py_pubsub/share/colcon-core/packages/py_pubsub)
[6.911s] DEBUG:colcon.colcon_core.executor.sequential:run_until_complete 'py_pubsub' finished with '0'
[6.912s] DEBUG:colcon.colcon_core.executor.sequential:run_until_complete 'rviz_visual_tools'
[6.913s] INFO:colcon.colcon_ros.task.ament_cmake.build:Building ROS package in '/home/ny/FsRobo-A1/src/moveit2_tutorials_src/src/rviz_visual_tools' with build type 'ament_cmake'
[6.914s] INFO:colcon.colcon_cmake.task.cmake.build:Building CMake package in '/home/ny/FsRobo-A1/src/moveit2_tutorials_src/src/rviz_visual_tools'
[6.915s] DEBUG:colcon.colcon_core.shell:Skip shell extension 'dsv' for command environment
[6.953s] DEBUG:colcon.colcon_core.event_handler.log_command:Invoking command in '/home/ny/FsRobo-A1/build/rviz_visual_tools': CMAKE_PREFIX_PATH=/opt/ros/foxy /usr/bin/cmake --build /home/ny/FsRobo-A1/build/rviz_visual_tools -- -j16 -l16
[8.221s] DEBUG:colcon.colcon_core.event_handler.log_command:Invoked command in '/home/ny/FsRobo-A1/build/rviz_visual_tools' returned '0': CMAKE_PREFIX_PATH=/opt/ros/foxy /usr/bin/cmake --build /home/ny/FsRobo-A1/build/rviz_visual_tools -- -j16 -l16
[8.606s] DEBUG:colcon.colcon_core.event_handler.log_command:Invoking command in '/home/ny/FsRobo-A1/build/rviz_visual_tools': CMAKE_PREFIX_PATH=/opt/ros/foxy /usr/bin/cmake --install /home/ny/FsRobo-A1/build/rviz_visual_tools
[8.662s] Level 1:colcon.colcon_core.environment:create_environment_scripts_only(rviz_visual_tools)
[8.664s] Level 1:colcon.colcon_core.environment:checking '/home/ny/FsRobo-A1/install/rviz_visual_tools' for CMake module files
[8.666s] DEBUG:colcon.colcon_core.event_handler.log_command:Invoked command in '/home/ny/FsRobo-A1/build/rviz_visual_tools' returned '0': CMAKE_PREFIX_PATH=/opt/ros/foxy /usr/bin/cmake --install /home/ny/FsRobo-A1/build/rviz_visual_tools
[8.668s] Level 1:colcon.colcon_core.environment:checking '/home/ny/FsRobo-A1/install/rviz_visual_tools' for CMake config files
[8.671s] Level 1:colcon.colcon_core.shell:create_environment_hook('rviz_visual_tools', 'cmake_prefix_path')
[8.671s] INFO:colcon.colcon_core.shell:Creating environment descriptor '/home/ny/FsRobo-A1/install/rviz_visual_tools/share/rviz_visual_tools/hook/cmake_prefix_path.dsv'
[8.674s] INFO:colcon.colcon_core.shell:Creating environment hook '/home/ny/FsRobo-A1/install/rviz_visual_tools/share/rviz_visual_tools/hook/cmake_prefix_path.sh'
[8.677s] Level 1:colcon.colcon_core.environment:checking '/home/ny/FsRobo-A1/install/rviz_visual_tools/lib'
[8.677s] Level 1:colcon.colcon_core.shell:create_environment_hook('rviz_visual_tools', 'ld_library_path_lib')
[8.678s] INFO:colcon.colcon_core.shell:Creating environment descriptor '/home/ny/FsRobo-A1/install/rviz_visual_tools/share/rviz_visual_tools/hook/ld_library_path_lib.dsv'
[8.680s] INFO:colcon.colcon_core.shell:Creating environment hook '/home/ny/FsRobo-A1/install/rviz_visual_tools/share/rviz_visual_tools/hook/ld_library_path_lib.sh'
[8.682s] Level 1:colcon.colcon_core.environment:checking '/home/ny/FsRobo-A1/install/rviz_visual_tools/bin'
[8.683s] Level 1:colcon.colcon_core.environment:checking '/home/ny/FsRobo-A1/install/rviz_visual_tools/lib/pkgconfig/rviz_visual_tools.pc'
[8.684s] Level 1:colcon.colcon_core.environment:checking '/home/ny/FsRobo-A1/install/rviz_visual_tools/lib/python3.8/site-packages'
[8.684s] Level 1:colcon.colcon_core.environment:checking '/home/ny/FsRobo-A1/install/rviz_visual_tools/bin'
[8.685s] INFO:colcon.colcon_core.shell:Creating package descriptor '/home/ny/FsRobo-A1/install/rviz_visual_tools/share/rviz_visual_tools/package.dsv'
[8.687s] INFO:colcon.colcon_core.shell:Creating package script '/home/ny/FsRobo-A1/install/rviz_visual_tools/share/rviz_visual_tools/package.sh'
[8.689s] Level 1:colcon.colcon_core.environment:create_file_with_runtime_dependencies(/home/ny/FsRobo-A1/install/rviz_visual_tools/share/colcon-core/packages/rviz_visual_tools)
[9.076s] Level 1:colcon.colcon_core.environment:create_environment_scripts_only(rviz_visual_tools)
[9.077s] Level 1:colcon.colcon_core.environment:checking '/home/ny/FsRobo-A1/install/rviz_visual_tools' for CMake module files
[9.080s] Level 1:colcon.colcon_core.environment:checking '/home/ny/FsRobo-A1/install/rviz_visual_tools' for CMake config files
[9.081s] Level 1:colcon.colcon_core.shell:create_environment_hook('rviz_visual_tools', 'cmake_prefix_path')
[9.081s] INFO:colcon.colcon_core.shell:Creating environment descriptor '/home/ny/FsRobo-A1/install/rviz_visual_tools/share/rviz_visual_tools/hook/cmake_prefix_path.dsv'
[9.084s] INFO:colcon.colcon_core.shell:Creating environment hook '/home/ny/FsRobo-A1/install/rviz_visual_tools/share/rviz_visual_tools/hook/cmake_prefix_path.sh'
[9.087s] Level 1:colcon.colcon_core.environment:checking '/home/ny/FsRobo-A1/install/rviz_visual_tools/lib'
[9.087s] Level 1:colcon.colcon_core.shell:create_environment_hook('rviz_visual_tools', 'ld_library_path_lib')
[9.088s] INFO:colcon.colcon_core.shell:Creating environment descriptor '/home/ny/FsRobo-A1/install/rviz_visual_tools/share/rviz_visual_tools/hook/ld_library_path_lib.dsv'
[9.089s] INFO:colcon.colcon_core.shell:Creating environment hook '/home/ny/FsRobo-A1/install/rviz_visual_tools/share/rviz_visual_tools/hook/ld_library_path_lib.sh'
[9.091s] Level 1:colcon.colcon_core.environment:checking '/home/ny/FsRobo-A1/install/rviz_visual_tools/bin'
[9.091s] Level 1:colcon.colcon_core.environment:checking '/home/ny/FsRobo-A1/install/rviz_visual_tools/lib/pkgconfig/rviz_visual_tools.pc'
[9.092s] Level 1:colcon.colcon_core.environment:checking '/home/ny/FsRobo-A1/install/rviz_visual_tools/lib/python3.8/site-packages'
[9.093s] Level 1:colcon.colcon_core.environment:checking '/home/ny/FsRobo-A1/install/rviz_visual_tools/bin'
[9.093s] INFO:colcon.colcon_core.shell:Creating package descriptor '/home/ny/FsRobo-A1/install/rviz_visual_tools/share/rviz_visual_tools/package.dsv'
[9.095s] INFO:colcon.colcon_core.shell:Creating package script '/home/ny/FsRobo-A1/install/rviz_visual_tools/share/rviz_visual_tools/package.sh'
[9.097s] Level 1:colcon.colcon_core.environment:create_file_with_runtime_dependencies(/home/ny/FsRobo-A1/install/rviz_visual_tools/share/colcon-core/packages/rviz_visual_tools)
[9.099s] DEBUG:colcon.colcon_core.executor.sequential:run_until_complete 'rviz_visual_tools' finished with '0'
[9.100s] DEBUG:colcon.colcon_core.executor.sequential:run_until_complete 'moveit_visual_tools'
[9.100s] INFO:colcon.colcon_ros.task.ament_cmake.build:Building ROS package in '/home/ny/FsRobo-A1/src/moveit2_tutorials_src/src/moveit_visual_tools' with build type 'ament_cmake'
[9.101s] INFO:colcon.colcon_cmake.task.cmake.build:Building CMake package in '/home/ny/FsRobo-A1/src/moveit2_tutorials_src/src/moveit_visual_tools'
[9.101s] DEBUG:colcon.colcon_core.shell:Skip shell extension 'dsv' for command environment
[9.156s] DEBUG:colcon.colcon_core.event_handler.log_command:Invoking command in '/home/ny/FsRobo-A1/build/moveit_visual_tools': AMENT_PREFIX_PATH=/home/ny/FsRobo-A1/install/rviz_visual_tools:${AMENT_PREFIX_PATH} CMAKE_PREFIX_PATH=/home/ny/FsRobo-A1/install/rviz_visual_tools:/opt/ros/foxy LD_LIBRARY_PATH=/home/ny/FsRobo-A1/install/rviz_visual_tools/lib:${LD_LIBRARY_PATH} /usr/bin/cmake --build /home/ny/FsRobo-A1/build/moveit_visual_tools -- -j16 -l16
[9.668s] DEBUG:colcon.colcon_core.event_handler.log_command:Invoked command in '/home/ny/FsRobo-A1/build/moveit_visual_tools' returned '0': AMENT_PREFIX_PATH=/home/ny/FsRobo-A1/install/rviz_visual_tools:${AMENT_PREFIX_PATH} CMAKE_PREFIX_PATH=/home/ny/FsRobo-A1/install/rviz_visual_tools:/opt/ros/foxy LD_LIBRARY_PATH=/home/ny/FsRobo-A1/install/rviz_visual_tools/lib:${LD_LIBRARY_PATH} /usr/bin/cmake --build /home/ny/FsRobo-A1/build/moveit_visual_tools -- -j16 -l16
[9.820s] DEBUG:colcon.colcon_core.event_handler.log_command:Invoking command in '/home/ny/FsRobo-A1/build/moveit_visual_tools': AMENT_PREFIX_PATH=/home/ny/FsRobo-A1/install/rviz_visual_tools:${AMENT_PREFIX_PATH} CMAKE_PREFIX_PATH=/home/ny/FsRobo-A1/install/rviz_visual_tools:/opt/ros/foxy LD_LIBRARY_PATH=/home/ny/FsRobo-A1/install/rviz_visual_tools/lib:${LD_LIBRARY_PATH} /usr/bin/cmake --install /home/ny/FsRobo-A1/build/moveit_visual_tools
[9.866s] Level 1:colcon.colcon_core.environment:create_environment_scripts_only(moveit_visual_tools)
[9.868s] Level 1:colcon.colcon_core.environment:checking '/home/ny/FsRobo-A1/install/moveit_visual_tools' for CMake module files
[9.869s] DEBUG:colcon.colcon_core.event_handler.log_command:Invoked command in '/home/ny/FsRobo-A1/build/moveit_visual_tools' returned '0': AMENT_PREFIX_PATH=/home/ny/FsRobo-A1/install/rviz_visual_tools:${AMENT_PREFIX_PATH} CMAKE_PREFIX_PATH=/home/ny/FsRobo-A1/install/rviz_visual_tools:/opt/ros/foxy LD_LIBRARY_PATH=/home/ny/FsRobo-A1/install/rviz_visual_tools/lib:${LD_LIBRARY_PATH} /usr/bin/cmake --install /home/ny/FsRobo-A1/build/moveit_visual_tools
[9.872s] Level 1:colcon.colcon_core.environment:checking '/home/ny/FsRobo-A1/install/moveit_visual_tools' for CMake config files
[9.873s] Level 1:colcon.colcon_core.shell:create_environment_hook('moveit_visual_tools', 'cmake_prefix_path')
[9.874s] INFO:colcon.colcon_core.shell:Creating environment descriptor '/home/ny/FsRobo-A1/install/moveit_visual_tools/share/moveit_visual_tools/hook/cmake_prefix_path.dsv'
[9.876s] INFO:colcon.colcon_core.shell:Creating environment hook '/home/ny/FsRobo-A1/install/moveit_visual_tools/share/moveit_visual_tools/hook/cmake_prefix_path.sh'
[9.878s] Level 1:colcon.colcon_core.environment:checking '/home/ny/FsRobo-A1/install/moveit_visual_tools/lib'
[9.878s] Level 1:colcon.colcon_core.shell:create_environment_hook('moveit_visual_tools', 'ld_library_path_lib')
[9.879s] INFO:colcon.colcon_core.shell:Creating environment descriptor '/home/ny/FsRobo-A1/install/moveit_visual_tools/share/moveit_visual_tools/hook/ld_library_path_lib.dsv'
[9.880s] INFO:colcon.colcon_core.shell:Creating environment hook '/home/ny/FsRobo-A1/install/moveit_visual_tools/share/moveit_visual_tools/hook/ld_library_path_lib.sh'
[9.882s] Level 1:colcon.colcon_core.environment:checking '/home/ny/FsRobo-A1/install/moveit_visual_tools/bin'
[9.883s] Level 1:colcon.colcon_core.environment:checking '/home/ny/FsRobo-A1/install/moveit_visual_tools/lib/pkgconfig/moveit_visual_tools.pc'
[9.884s] Level 1:colcon.colcon_core.environment:checking '/home/ny/FsRobo-A1/install/moveit_visual_tools/lib/python3.8/site-packages'
[9.884s] Level 1:colcon.colcon_core.environment:checking '/home/ny/FsRobo-A1/install/moveit_visual_tools/bin'
[9.885s] INFO:colcon.colcon_core.shell:Creating package descriptor '/home/ny/FsRobo-A1/install/moveit_visual_tools/share/moveit_visual_tools/package.dsv'
[9.887s] INFO:colcon.colcon_core.shell:Creating package script '/home/ny/FsRobo-A1/install/moveit_visual_tools/share/moveit_visual_tools/package.sh'
[9.890s] Level 1:colcon.colcon_core.environment:create_file_with_runtime_dependencies(/home/ny/FsRobo-A1/install/moveit_visual_tools/share/colcon-core/packages/moveit_visual_tools)
[10.045s] Level 1:colcon.colcon_core.environment:create_environment_scripts_only(moveit_visual_tools)
[10.047s] Level 1:colcon.colcon_core.environment:checking '/home/ny/FsRobo-A1/install/moveit_visual_tools' for CMake module files
[10.049s] Level 1:colcon.colcon_core.environment:checking '/home/ny/FsRobo-A1/install/moveit_visual_tools' for CMake config files
[10.050s] Level 1:colcon.colcon_core.shell:create_environment_hook('moveit_visual_tools', 'cmake_prefix_path')
[10.051s] INFO:colcon.colcon_core.shell:Creating environment descriptor '/home/ny/FsRobo-A1/install/moveit_visual_tools/share/moveit_visual_tools/hook/cmake_prefix_path.dsv'
[10.053s] INFO:colcon.colcon_core.shell:Creating environment hook '/home/ny/FsRobo-A1/install/moveit_visual_tools/share/moveit_visual_tools/hook/cmake_prefix_path.sh'
[10.056s] Level 1:colcon.colcon_core.environment:checking '/home/ny/FsRobo-A1/install/moveit_visual_tools/lib'
[10.056s] Level 1:colcon.colcon_core.shell:create_environment_hook('moveit_visual_tools', 'ld_library_path_lib')
[10.057s] INFO:colcon.colcon_core.shell:Creating environment descriptor '/home/ny/FsRobo-A1/install/moveit_visual_tools/share/moveit_visual_tools/hook/ld_library_path_lib.dsv'
[10.059s] INFO:colcon.colcon_core.shell:Creating environment hook '/home/ny/FsRobo-A1/install/moveit_visual_tools/share/moveit_visual_tools/hook/ld_library_path_lib.sh'
[10.060s] Level 1:colcon.colcon_core.environment:checking '/home/ny/FsRobo-A1/install/moveit_visual_tools/bin'
[10.061s] Level 1:colcon.colcon_core.environment:checking '/home/ny/FsRobo-A1/install/moveit_visual_tools/lib/pkgconfig/moveit_visual_tools.pc'
[10.062s] Level 1:colcon.colcon_core.environment:checking '/home/ny/FsRobo-A1/install/moveit_visual_tools/lib/python3.8/site-packages'
[10.062s] Level 1:colcon.colcon_core.environment:checking '/home/ny/FsRobo-A1/install/moveit_visual_tools/bin'
[10.063s] INFO:colcon.colcon_core.shell:Creating package descriptor '/home/ny/FsRobo-A1/install/moveit_visual_tools/share/moveit_visual_tools/package.dsv'
[10.066s] INFO:colcon.colcon_core.shell:Creating package script '/home/ny/FsRobo-A1/install/moveit_visual_tools/share/moveit_visual_tools/package.sh'
[10.068s] Level 1:colcon.colcon_core.environment:create_file_with_runtime_dependencies(/home/ny/FsRobo-A1/install/moveit_visual_tools/share/colcon-core/packages/moveit_visual_tools)
[10.069s] DEBUG:colcon.colcon_core.executor.sequential:run_until_complete 'moveit_visual_tools' finished with '0'
[10.070s] DEBUG:colcon.colcon_core.executor.sequential:run_until_complete 'moveit2_tutorials'
[10.071s] INFO:colcon.colcon_ros.task.ament_cmake.build:Building ROS package in '/home/ny/FsRobo-A1/src/moveit2_tutorials_src/src/moveit2_tutorials' with build type 'ament_cmake'
[10.072s] INFO:colcon.colcon_cmake.task.cmake.build:Building CMake package in '/home/ny/FsRobo-A1/src/moveit2_tutorials_src/src/moveit2_tutorials'
[10.073s] DEBUG:colcon.colcon_core.shell:Skip shell extension 'dsv' for command environment
[10.129s] DEBUG:colcon.colcon_core.event_handler.log_command:Invoking command in '/home/ny/FsRobo-A1/build/moveit2_tutorials': AMENT_PREFIX_PATH=/home/ny/FsRobo-A1/install/moveit_visual_tools:/home/ny/FsRobo-A1/install/rviz_visual_tools:${AMENT_PREFIX_PATH} CMAKE_PREFIX_PATH=/home/ny/FsRobo-A1/install/moveit_visual_tools:/home/ny/FsRobo-A1/install/rviz_visual_tools:/opt/ros/foxy LD_LIBRARY_PATH=/home/ny/FsRobo-A1/install/moveit_visual_tools/lib:/home/ny/FsRobo-A1/install/rviz_visual_tools/lib:${LD_LIBRARY_PATH} /usr/bin/cmake --build /home/ny/FsRobo-A1/build/moveit2_tutorials -- -j16 -l16
[10.472s] DEBUG:colcon.colcon_core.event_handler.log_command:Invoked command in '/home/ny/FsRobo-A1/build/moveit2_tutorials' returned '0': AMENT_PREFIX_PATH=/home/ny/FsRobo-A1/install/moveit_visual_tools:/home/ny/FsRobo-A1/install/rviz_visual_tools:${AMENT_PREFIX_PATH} CMAKE_PREFIX_PATH=/home/ny/FsRobo-A1/install/moveit_visual_tools:/home/ny/FsRobo-A1/install/rviz_visual_tools:/opt/ros/foxy LD_LIBRARY_PATH=/home/ny/FsRobo-A1/install/moveit_visual_tools/lib:/home/ny/FsRobo-A1/install/rviz_visual_tools/lib:${LD_LIBRARY_PATH} /usr/bin/cmake --build /home/ny/FsRobo-A1/build/moveit2_tutorials -- -j16 -l16
[10.624s] DEBUG:colcon.colcon_core.event_handler.log_command:Invoking command in '/home/ny/FsRobo-A1/build/moveit2_tutorials': AMENT_PREFIX_PATH=/home/ny/FsRobo-A1/install/moveit_visual_tools:/home/ny/FsRobo-A1/install/rviz_visual_tools:${AMENT_PREFIX_PATH} CMAKE_PREFIX_PATH=/home/ny/FsRobo-A1/install/moveit_visual_tools:/home/ny/FsRobo-A1/install/rviz_visual_tools:/opt/ros/foxy LD_LIBRARY_PATH=/home/ny/FsRobo-A1/install/moveit_visual_tools/lib:/home/ny/FsRobo-A1/install/rviz_visual_tools/lib:${LD_LIBRARY_PATH} /usr/bin/cmake --install /home/ny/FsRobo-A1/build/moveit2_tutorials
[10.698s] Level 1:colcon.colcon_core.environment:create_environment_scripts_only(moveit2_tutorials)
[10.701s] Level 1:colcon.colcon_core.environment:checking '/home/ny/FsRobo-A1/install/moveit2_tutorials' for CMake module files
[10.703s] DEBUG:colcon.colcon_core.event_handler.log_command:Invoked command in '/home/ny/FsRobo-A1/build/moveit2_tutorials' returned '0': AMENT_PREFIX_PATH=/home/ny/FsRobo-A1/install/moveit_visual_tools:/home/ny/FsRobo-A1/install/rviz_visual_tools:${AMENT_PREFIX_PATH} CMAKE_PREFIX_PATH=/home/ny/FsRobo-A1/install/moveit_visual_tools:/home/ny/FsRobo-A1/install/rviz_visual_tools:/opt/ros/foxy LD_LIBRARY_PATH=/home/ny/FsRobo-A1/install/moveit_visual_tools/lib:/home/ny/FsRobo-A1/install/rviz_visual_tools/lib:${LD_LIBRARY_PATH} /usr/bin/cmake --install /home/ny/FsRobo-A1/build/moveit2_tutorials
[10.705s] Level 1:colcon.colcon_core.environment:checking '/home/ny/FsRobo-A1/install/moveit2_tutorials' for CMake config files
[10.706s] Level 1:colcon.colcon_core.shell:create_environment_hook('moveit2_tutorials', 'cmake_prefix_path')
[10.707s] INFO:colcon.colcon_core.shell:Creating environment descriptor '/home/ny/FsRobo-A1/install/moveit2_tutorials/share/moveit2_tutorials/hook/cmake_prefix_path.dsv'
[10.709s] INFO:colcon.colcon_core.shell:Creating environment hook '/home/ny/FsRobo-A1/install/moveit2_tutorials/share/moveit2_tutorials/hook/cmake_prefix_path.sh'
[10.711s] Level 1:colcon.colcon_core.environment:checking '/home/ny/FsRobo-A1/install/moveit2_tutorials/lib'
[10.711s] Level 1:colcon.colcon_core.environment:checking '/home/ny/FsRobo-A1/install/moveit2_tutorials/bin'
[10.712s] Level 1:colcon.colcon_core.environment:checking '/home/ny/FsRobo-A1/install/moveit2_tutorials/lib/pkgconfig/moveit2_tutorials.pc'
[10.713s] Level 1:colcon.colcon_core.environment:checking '/home/ny/FsRobo-A1/install/moveit2_tutorials/lib/python3.8/site-packages'
[10.713s] Level 1:colcon.colcon_core.environment:checking '/home/ny/FsRobo-A1/install/moveit2_tutorials/bin'
[10.715s] INFO:colcon.colcon_core.shell:Creating package descriptor '/home/ny/FsRobo-A1/install/moveit2_tutorials/share/moveit2_tutorials/package.dsv'
[10.716s] INFO:colcon.colcon_core.shell:Creating package script '/home/ny/FsRobo-A1/install/moveit2_tutorials/share/moveit2_tutorials/package.sh'
[10.717s] Level 1:colcon.colcon_core.environment:create_file_with_runtime_dependencies(/home/ny/FsRobo-A1/install/moveit2_tutorials/share/colcon-core/packages/moveit2_tutorials)
[10.860s] Level 1:colcon.colcon_core.environment:create_environment_scripts_only(moveit2_tutorials)
[10.861s] Level 1:colcon.colcon_core.environment:checking '/home/ny/FsRobo-A1/install/moveit2_tutorials' for CMake module files
[10.863s] Level 1:colcon.colcon_core.environment:checking '/home/ny/FsRobo-A1/install/moveit2_tutorials' for CMake config files
[10.864s] Level 1:colcon.colcon_core.shell:create_environment_hook('moveit2_tutorials', 'cmake_prefix_path')
[10.865s] INFO:colcon.colcon_core.shell:Creating environment descriptor '/home/ny/FsRobo-A1/install/moveit2_tutorials/share/moveit2_tutorials/hook/cmake_prefix_path.dsv'
[10.867s] INFO:colcon.colcon_core.shell:Creating environment hook '/home/ny/FsRobo-A1/install/moveit2_tutorials/share/moveit2_tutorials/hook/cmake_prefix_path.sh'
[10.870s] Level 1:colcon.colcon_core.environment:checking '/home/ny/FsRobo-A1/install/moveit2_tutorials/lib'
[10.871s] Level 1:colcon.colcon_core.environment:checking '/home/ny/FsRobo-A1/install/moveit2_tutorials/bin'
[10.871s] Level 1:colcon.colcon_core.environment:checking '/home/ny/FsRobo-A1/install/moveit2_tutorials/lib/pkgconfig/moveit2_tutorials.pc'
[10.872s] Level 1:colcon.colcon_core.environment:checking '/home/ny/FsRobo-A1/install/moveit2_tutorials/lib/python3.8/site-packages'
[10.872s] Level 1:colcon.colcon_core.environment:checking '/home/ny/FsRobo-A1/install/moveit2_tutorials/bin'
[10.873s] INFO:colcon.colcon_core.shell:Creating package descriptor '/home/ny/FsRobo-A1/install/moveit2_tutorials/share/moveit2_tutorials/package.dsv'
[10.875s] INFO:colcon.colcon_core.shell:Creating package script '/home/ny/FsRobo-A1/install/moveit2_tutorials/share/moveit2_tutorials/package.sh'
[10.877s] Level 1:colcon.colcon_core.environment:create_file_with_runtime_dependencies(/home/ny/FsRobo-A1/install/moveit2_tutorials/share/colcon-core/packages/moveit2_tutorials)
[10.878s] DEBUG:colcon.colcon_core.executor.sequential:run_until_complete 'moveit2_tutorials' finished with '0'
[10.879s] DEBUG:colcon.colcon_core.executor.sequential:closing loop
[10.880s] DEBUG:colcon.colcon_core.executor.sequential:loop closed
[10.880s] DEBUG:colcon.colcon_core.event_reactor:joining thread
[10.882s] DEBUG:colcon.colcon_core.event_reactor:joined thread
[10.883s] INFO:colcon.colcon_core.shell:Creating prefix script '/home/ny/FsRobo-A1/install/local_setup.sh'
[10.886s] INFO:colcon.colcon_core.shell:Creating prefix util module '/home/ny/FsRobo-A1/install/_local_setup_util_sh.py'
[10.889s] INFO:colcon.colcon_core.shell:Creating prefix chain script '/home/ny/FsRobo-A1/install/setup.sh'
