[0.424s] DEBUG:colcon:Command line arguments: ['/usr/bin/colcon', 'build']
[0.425s] DEBUG:colcon:Parsed command line arguments: Namespace(ament_cmake_args=None, base_paths=['.'], build_base='build', catkin_cmake_args=None, catkin_skip_building_tests=False, cmake_args=None, cmake_clean_cache=False, cmake_clean_first=False, cmake_force_configure=False, cmake_target=None, cmake_target_skip_unavailable=False, continue_on_error=False, event_handlers=None, executor='sequential', install_base='install', log_base=None, log_level=None, main=<bound method BuildVerb.main of <colcon_core.verb.build.BuildVerb object at 0x7ff1bcbfc400>>, merge_install=False, paths=None, symlink_install=False, test_result_base=None, verb_extension=<colcon_core.verb.build.BuildVerb object at 0x7ff1bcbfc400>, verb_name='build', verb_parser=<colcon_argcomplete.argument_parser.argcomplete.ArgcompleteDecorator object at 0x7ff1bcb9a760>)
[0.884s] Level 1:colcon.colcon_core.package_discovery:discover_packages(recursive) check parameters
[0.884s] Level 1:colcon.colcon_core.package_discovery:discover_packages(path) check parameters
[0.884s] Level 1:colcon.colcon_core.package_discovery:discover_packages(recursive) discover
[0.885s] INFO:colcon.colcon_core.package_discovery:Crawling recursively for packages in '/home/ny/FsRobo-A1'
[0.885s] Level 1:colcon.colcon_core.package_identification:_identify(.) by extensions ['ignore', 'ignore_ament_install']
[0.886s] Level 1:colcon.colcon_core.package_identification:_identify(.) by extension 'ignore'
[0.886s] Level 1:colcon.colcon_core.package_identification:_identify(.) by extension 'ignore_ament_install'
[0.886s] Level 1:colcon.colcon_core.package_identification:_identify(.) by extensions ['ros']
[0.886s] Level 1:colcon.colcon_core.package_identification:_identify(.) by extension 'ros'
[0.919s] Level 1:colcon.colcon_core.package_identification:_identify(.) by extensions ['cmake', 'python']
[0.920s] Level 1:colcon.colcon_core.package_identification:_identify(.) by extension 'cmake'
[0.920s] Level 1:colcon.colcon_core.package_identification:_identify(.) by extension 'python'
[0.920s] Level 1:colcon.colcon_core.package_identification:_identify(.) by extensions ['python_setup_py']
[0.920s] Level 1:colcon.colcon_core.package_identification:_identify(.) by extension 'python_setup_py'
[0.921s] Level 1:colcon.colcon_core.package_identification:_identify(build) by extensions ['ignore', 'ignore_ament_install']
[0.921s] Level 1:colcon.colcon_core.package_identification:_identify(build) by extension 'ignore'
[0.922s] Level 1:colcon.colcon_core.package_identification:_identify(build) ignored
[0.922s] Level 1:colcon.colcon_core.package_identification:_identify(install) by extensions ['ignore', 'ignore_ament_install']
[0.922s] Level 1:colcon.colcon_core.package_identification:_identify(install) by extension 'ignore'
[0.923s] Level 1:colcon.colcon_core.package_identification:_identify(install) ignored
[0.923s] Level 1:colcon.colcon_core.package_identification:_identify(log) by extensions ['ignore', 'ignore_ament_install']
[0.923s] Level 1:colcon.colcon_core.package_identification:_identify(log) by extension 'ignore'
[0.924s] Level 1:colcon.colcon_core.package_identification:_identify(log) ignored
[0.924s] Level 1:colcon.colcon_core.package_identification:_identify(src) by extensions ['ignore', 'ignore_ament_install']
[0.925s] Level 1:colcon.colcon_core.package_identification:_identify(src) by extension 'ignore'
[0.925s] Level 1:colcon.colcon_core.package_identification:_identify(src) by extension 'ignore_ament_install'
[0.925s] Level 1:colcon.colcon_core.package_identification:_identify(src) by extensions ['ros']
[0.925s] Level 1:colcon.colcon_core.package_identification:_identify(src) by extension 'ros'
[0.926s] Level 1:colcon.colcon_core.package_identification:_identify(src) by extensions ['cmake', 'python']
[0.926s] Level 1:colcon.colcon_core.package_identification:_identify(src) by extension 'cmake'
[0.926s] Level 1:colcon.colcon_core.package_identification:_identify(src) by extension 'python'
[0.926s] Level 1:colcon.colcon_core.package_identification:_identify(src) by extensions ['python_setup_py']
[0.927s] Level 1:colcon.colcon_core.package_identification:_identify(src) by extension 'python_setup_py'
[0.927s] Level 1:colcon.colcon_core.package_identification:_identify(src/4dof) by extensions ['ignore', 'ignore_ament_install']
[0.928s] Level 1:colcon.colcon_core.package_identification:_identify(src/4dof) by extension 'ignore'
[0.928s] Level 1:colcon.colcon_core.package_identification:_identify(src/4dof) by extension 'ignore_ament_install'
[0.929s] Level 1:colcon.colcon_core.package_identification:_identify(src/4dof) by extensions ['ros']
[0.929s] Level 1:colcon.colcon_core.package_identification:_identify(src/4dof) by extension 'ros'
[0.936s] DEBUG:colcon.colcon_core.package_identification:Package 'src/4dof' with type 'ros.ament_cmake' and name '4dof'
[0.937s] Level 1:colcon.colcon_core.package_identification:_identify(src/fsrobo_a1_serve_py) by extensions ['ignore', 'ignore_ament_install']
[0.937s] Level 1:colcon.colcon_core.package_identification:_identify(src/fsrobo_a1_serve_py) by extension 'ignore'
[0.938s] Level 1:colcon.colcon_core.package_identification:_identify(src/fsrobo_a1_serve_py) by extension 'ignore_ament_install'
[0.938s] Level 1:colcon.colcon_core.package_identification:_identify(src/fsrobo_a1_serve_py) by extensions ['ros']
[0.938s] Level 1:colcon.colcon_core.package_identification:_identify(src/fsrobo_a1_serve_py) by extension 'ros'
[0.940s] DEBUG:colcon.colcon_core.package_identification:Package 'src/fsrobo_a1_serve_py' with type 'ros.ament_python' and name 'fsrobo_a1_serve_py'
[0.941s] Level 1:colcon.colcon_core.package_identification:_identify(src/moveit2_tutorials_src) by extensions ['ignore', 'ignore_ament_install']
[0.941s] Level 1:colcon.colcon_core.package_identification:_identify(src/moveit2_tutorials_src) by extension 'ignore'
[0.942s] Level 1:colcon.colcon_core.package_identification:_identify(src/moveit2_tutorials_src) by extension 'ignore_ament_install'
[0.942s] Level 1:colcon.colcon_core.package_identification:_identify(src/moveit2_tutorials_src) by extensions ['ros']
[0.942s] Level 1:colcon.colcon_core.package_identification:_identify(src/moveit2_tutorials_src) by extension 'ros'
[0.942s] Level 1:colcon.colcon_core.package_identification:_identify(src/moveit2_tutorials_src) by extensions ['cmake', 'python']
[0.943s] Level 1:colcon.colcon_core.package_identification:_identify(src/moveit2_tutorials_src) by extension 'cmake'
[0.943s] Level 1:colcon.colcon_core.package_identification:_identify(src/moveit2_tutorials_src) by extension 'python'
[0.943s] Level 1:colcon.colcon_core.package_identification:_identify(src/moveit2_tutorials_src) by extensions ['python_setup_py']
[0.943s] Level 1:colcon.colcon_core.package_identification:_identify(src/moveit2_tutorials_src) by extension 'python_setup_py'
[0.944s] Level 1:colcon.colcon_core.package_identification:_identify(src/moveit2_tutorials_src/src) by extensions ['ignore', 'ignore_ament_install']
[0.944s] Level 1:colcon.colcon_core.package_identification:_identify(src/moveit2_tutorials_src/src) by extension 'ignore'
[0.944s] Level 1:colcon.colcon_core.package_identification:_identify(src/moveit2_tutorials_src/src) by extension 'ignore_ament_install'
[0.945s] Level 1:colcon.colcon_core.package_identification:_identify(src/moveit2_tutorials_src/src) by extensions ['ros']
[0.945s] Level 1:colcon.colcon_core.package_identification:_identify(src/moveit2_tutorials_src/src) by extension 'ros'
[0.945s] Level 1:colcon.colcon_core.package_identification:_identify(src/moveit2_tutorials_src/src) by extensions ['cmake', 'python']
[0.945s] Level 1:colcon.colcon_core.package_identification:_identify(src/moveit2_tutorials_src/src) by extension 'cmake'
[0.946s] Level 1:colcon.colcon_core.package_identification:_identify(src/moveit2_tutorials_src/src) by extension 'python'
[0.946s] Level 1:colcon.colcon_core.package_identification:_identify(src/moveit2_tutorials_src/src) by extensions ['python_setup_py']
[0.946s] Level 1:colcon.colcon_core.package_identification:_identify(src/moveit2_tutorials_src/src) by extension 'python_setup_py'
[0.947s] Level 1:colcon.colcon_core.package_identification:_identify(src/moveit2_tutorials_src/src/moveit2_tutorials) by extensions ['ignore', 'ignore_ament_install']
[0.947s] Level 1:colcon.colcon_core.package_identification:_identify(src/moveit2_tutorials_src/src/moveit2_tutorials) by extension 'ignore'
[0.947s] Level 1:colcon.colcon_core.package_identification:_identify(src/moveit2_tutorials_src/src/moveit2_tutorials) by extension 'ignore_ament_install'
[0.948s] Level 1:colcon.colcon_core.package_identification:_identify(src/moveit2_tutorials_src/src/moveit2_tutorials) by extensions ['ros']
[0.948s] Level 1:colcon.colcon_core.package_identification:_identify(src/moveit2_tutorials_src/src/moveit2_tutorials) by extension 'ros'
[0.953s] DEBUG:colcon.colcon_core.package_identification:Package 'src/moveit2_tutorials_src/src/moveit2_tutorials' with type 'ros.ament_cmake' and name 'moveit2_tutorials'
[0.954s] Level 1:colcon.colcon_core.package_identification:_identify(src/moveit2_tutorials_src/src/moveit_visual_tools) by extensions ['ignore', 'ignore_ament_install']
[0.954s] Level 1:colcon.colcon_core.package_identification:_identify(src/moveit2_tutorials_src/src/moveit_visual_tools) by extension 'ignore'
[0.954s] Level 1:colcon.colcon_core.package_identification:_identify(src/moveit2_tutorials_src/src/moveit_visual_tools) by extension 'ignore_ament_install'
[0.954s] Level 1:colcon.colcon_core.package_identification:_identify(src/moveit2_tutorials_src/src/moveit_visual_tools) by extensions ['ros']
[0.954s] Level 1:colcon.colcon_core.package_identification:_identify(src/moveit2_tutorials_src/src/moveit_visual_tools) by extension 'ros'
[0.958s] DEBUG:colcon.colcon_core.package_identification:Package 'src/moveit2_tutorials_src/src/moveit_visual_tools' with type 'ros.ament_cmake' and name 'moveit_visual_tools'
[0.959s] Level 1:colcon.colcon_core.package_identification:_identify(src/moveit2_tutorials_src/src/rviz_visual_tools) by extensions ['ignore', 'ignore_ament_install']
[0.959s] Level 1:colcon.colcon_core.package_identification:_identify(src/moveit2_tutorials_src/src/rviz_visual_tools) by extension 'ignore'
[0.960s] Level 1:colcon.colcon_core.package_identification:_identify(src/moveit2_tutorials_src/src/rviz_visual_tools) by extension 'ignore_ament_install'
[0.960s] Level 1:colcon.colcon_core.package_identification:_identify(src/moveit2_tutorials_src/src/rviz_visual_tools) by extensions ['ros']
[0.960s] Level 1:colcon.colcon_core.package_identification:_identify(src/moveit2_tutorials_src/src/rviz_visual_tools) by extension 'ros'
[0.967s] DEBUG:colcon.colcon_core.package_identification:Package 'src/moveit2_tutorials_src/src/rviz_visual_tools' with type 'ros.ament_cmake' and name 'rviz_visual_tools'
[0.967s] Level 1:colcon.colcon_core.package_identification:_identify(src/py_pubsub) by extensions ['ignore', 'ignore_ament_install']
[0.967s] Level 1:colcon.colcon_core.package_identification:_identify(src/py_pubsub) by extension 'ignore'
[0.968s] Level 1:colcon.colcon_core.package_identification:_identify(src/py_pubsub) by extension 'ignore_ament_install'
[0.968s] Level 1:colcon.colcon_core.package_identification:_identify(src/py_pubsub) by extensions ['ros']
[0.968s] Level 1:colcon.colcon_core.package_identification:_identify(src/py_pubsub) by extension 'ros'
[0.970s] DEBUG:colcon.colcon_core.package_identification:Package 'src/py_pubsub' with type 'ros.ament_python' and name 'py_pubsub'
[0.970s] Level 1:colcon.colcon_core.package_discovery:discover_packages(recursive) using defaults
[0.971s] Level 1:colcon.colcon_core.package_discovery:discover_packages(path) discover
[0.971s] Level 1:colcon.colcon_core.package_discovery:discover_packages(path) using defaults
[1.033s] Level 5:colcon.colcon_core.verb:set package '4dof' build argument 'cmake_args' from command line to 'None'
[1.033s] Level 5:colcon.colcon_core.verb:set package '4dof' build argument 'cmake_target' from command line to 'None'
[1.033s] Level 5:colcon.colcon_core.verb:set package '4dof' build argument 'cmake_target_skip_unavailable' from command line to 'False'
[1.034s] Level 5:colcon.colcon_core.verb:set package '4dof' build argument 'cmake_clean_cache' from command line to 'False'
[1.034s] Level 5:colcon.colcon_core.verb:set package '4dof' build argument 'cmake_clean_first' from command line to 'False'
[1.034s] Level 5:colcon.colcon_core.verb:set package '4dof' build argument 'cmake_force_configure' from command line to 'False'
[1.034s] Level 5:colcon.colcon_core.verb:set package '4dof' build argument 'ament_cmake_args' from command line to 'None'
[1.034s] Level 5:colcon.colcon_core.verb:set package '4dof' build argument 'catkin_cmake_args' from command line to 'None'
[1.034s] Level 5:colcon.colcon_core.verb:set package '4dof' build argument 'catkin_skip_building_tests' from command line to 'False'
[1.034s] DEBUG:colcon.colcon_core.verb:Building package '4dof' with the following arguments: {'ament_cmake_args': None, 'build_base': '/home/ny/FsRobo-A1/build/4dof', 'catkin_cmake_args': None, 'catkin_skip_building_tests': False, 'cmake_args': None, 'cmake_clean_cache': False, 'cmake_clean_first': False, 'cmake_force_configure': False, 'cmake_target': None, 'cmake_target_skip_unavailable': False, 'install_base': '/home/ny/FsRobo-A1/install/4dof', 'merge_install': False, 'path': '/home/ny/FsRobo-A1/src/4dof', 'symlink_install': False, 'test_result_base': None}
[1.035s] Level 5:colcon.colcon_core.verb:set package 'fsrobo_a1_serve_py' build argument 'cmake_args' from command line to 'None'
[1.036s] Level 5:colcon.colcon_core.verb:set package 'fsrobo_a1_serve_py' build argument 'cmake_target' from command line to 'None'
[1.036s] Level 5:colcon.colcon_core.verb:set package 'fsrobo_a1_serve_py' build argument 'cmake_target_skip_unavailable' from command line to 'False'
[1.036s] Level 5:colcon.colcon_core.verb:set package 'fsrobo_a1_serve_py' build argument 'cmake_clean_cache' from command line to 'False'
[1.036s] Level 5:colcon.colcon_core.verb:set package 'fsrobo_a1_serve_py' build argument 'cmake_clean_first' from command line to 'False'
[1.036s] Level 5:colcon.colcon_core.verb:set package 'fsrobo_a1_serve_py' build argument 'cmake_force_configure' from command line to 'False'
[1.037s] Level 5:colcon.colcon_core.verb:set package 'fsrobo_a1_serve_py' build argument 'ament_cmake_args' from command line to 'None'
[1.037s] Level 5:colcon.colcon_core.verb:set package 'fsrobo_a1_serve_py' build argument 'catkin_cmake_args' from command line to 'None'
[1.037s] Level 5:colcon.colcon_core.verb:set package 'fsrobo_a1_serve_py' build argument 'catkin_skip_building_tests' from command line to 'False'
[1.037s] DEBUG:colcon.colcon_core.verb:Building package 'fsrobo_a1_serve_py' with the following arguments: {'ament_cmake_args': None, 'build_base': '/home/ny/FsRobo-A1/build/fsrobo_a1_serve_py', 'catkin_cmake_args': None, 'catkin_skip_building_tests': False, 'cmake_args': None, 'cmake_clean_cache': False, 'cmake_clean_first': False, 'cmake_force_configure': False, 'cmake_target': None, 'cmake_target_skip_unavailable': False, 'install_base': '/home/ny/FsRobo-A1/install/fsrobo_a1_serve_py', 'merge_install': False, 'path': '/home/ny/FsRobo-A1/src/fsrobo_a1_serve_py', 'symlink_install': False, 'test_result_base': None}
[1.038s] Level 5:colcon.colcon_core.verb:set package 'py_pubsub' build argument 'cmake_args' from command line to 'None'
[1.038s] Level 5:colcon.colcon_core.verb:set package 'py_pubsub' build argument 'cmake_target' from command line to 'None'
[1.038s] Level 5:colcon.colcon_core.verb:set package 'py_pubsub' build argument 'cmake_target_skip_unavailable' from command line to 'False'
[1.038s] Level 5:colcon.colcon_core.verb:set package 'py_pubsub' build argument 'cmake_clean_cache' from command line to 'False'
[1.038s] Level 5:colcon.colcon_core.verb:set package 'py_pubsub' build argument 'cmake_clean_first' from command line to 'False'
[1.039s] Level 5:colcon.colcon_core.verb:set package 'py_pubsub' build argument 'cmake_force_configure' from command line to 'False'
[1.039s] Level 5:colcon.colcon_core.verb:set package 'py_pubsub' build argument 'ament_cmake_args' from command line to 'None'
[1.039s] Level 5:colcon.colcon_core.verb:set package 'py_pubsub' build argument 'catkin_cmake_args' from command line to 'None'
[1.039s] Level 5:colcon.colcon_core.verb:set package 'py_pubsub' build argument 'catkin_skip_building_tests' from command line to 'False'
[1.039s] DEBUG:colcon.colcon_core.verb:Building package 'py_pubsub' with the following arguments: {'ament_cmake_args': None, 'build_base': '/home/ny/FsRobo-A1/build/py_pubsub', 'catkin_cmake_args': None, 'catkin_skip_building_tests': False, 'cmake_args': None, 'cmake_clean_cache': False, 'cmake_clean_first': False, 'cmake_force_configure': False, 'cmake_target': None, 'cmake_target_skip_unavailable': False, 'install_base': '/home/ny/FsRobo-A1/install/py_pubsub', 'merge_install': False, 'path': '/home/ny/FsRobo-A1/src/py_pubsub', 'symlink_install': False, 'test_result_base': None}
[1.040s] Level 5:colcon.colcon_core.verb:set package 'rviz_visual_tools' build argument 'cmake_args' from command line to 'None'
[1.041s] Level 5:colcon.colcon_core.verb:set package 'rviz_visual_tools' build argument 'cmake_target' from command line to 'None'
[1.041s] Level 5:colcon.colcon_core.verb:set package 'rviz_visual_tools' build argument 'cmake_target_skip_unavailable' from command line to 'False'
[1.041s] Level 5:colcon.colcon_core.verb:set package 'rviz_visual_tools' build argument 'cmake_clean_cache' from command line to 'False'
[1.041s] Level 5:colcon.colcon_core.verb:set package 'rviz_visual_tools' build argument 'cmake_clean_first' from command line to 'False'
[1.041s] Level 5:colcon.colcon_core.verb:set package 'rviz_visual_tools' build argument 'cmake_force_configure' from command line to 'False'
[1.041s] Level 5:colcon.colcon_core.verb:set package 'rviz_visual_tools' build argument 'ament_cmake_args' from command line to 'None'
[1.042s] Level 5:colcon.colcon_core.verb:set package 'rviz_visual_tools' build argument 'catkin_cmake_args' from command line to 'None'
[1.042s] Level 5:colcon.colcon_core.verb:set package 'rviz_visual_tools' build argument 'catkin_skip_building_tests' from command line to 'False'
[1.042s] DEBUG:colcon.colcon_core.verb:Building package 'rviz_visual_tools' with the following arguments: {'ament_cmake_args': None, 'build_base': '/home/ny/FsRobo-A1/build/rviz_visual_tools', 'catkin_cmake_args': None, 'catkin_skip_building_tests': False, 'cmake_args': None, 'cmake_clean_cache': False, 'cmake_clean_first': False, 'cmake_force_configure': False, 'cmake_target': None, 'cmake_target_skip_unavailable': False, 'install_base': '/home/ny/FsRobo-A1/install/rviz_visual_tools', 'merge_install': False, 'path': '/home/ny/FsRobo-A1/src/moveit2_tutorials_src/src/rviz_visual_tools', 'symlink_install': False, 'test_result_base': None}
[1.043s] Level 5:colcon.colcon_core.verb:set package 'moveit_visual_tools' build argument 'cmake_args' from command line to 'None'
[1.043s] Level 5:colcon.colcon_core.verb:set package 'moveit_visual_tools' build argument 'cmake_target' from command line to 'None'
[1.043s] Level 5:colcon.colcon_core.verb:set package 'moveit_visual_tools' build argument 'cmake_target_skip_unavailable' from command line to 'False'
[1.043s] Level 5:colcon.colcon_core.verb:set package 'moveit_visual_tools' build argument 'cmake_clean_cache' from command line to 'False'
[1.044s] Level 5:colcon.colcon_core.verb:set package 'moveit_visual_tools' build argument 'cmake_clean_first' from command line to 'False'
[1.044s] Level 5:colcon.colcon_core.verb:set package 'moveit_visual_tools' build argument 'cmake_force_configure' from command line to 'False'
[1.044s] Level 5:colcon.colcon_core.verb:set package 'moveit_visual_tools' build argument 'ament_cmake_args' from command line to 'None'
[1.044s] Level 5:colcon.colcon_core.verb:set package 'moveit_visual_tools' build argument 'catkin_cmake_args' from command line to 'None'
[1.044s] Level 5:colcon.colcon_core.verb:set package 'moveit_visual_tools' build argument 'catkin_skip_building_tests' from command line to 'False'
[1.045s] DEBUG:colcon.colcon_core.verb:Building package 'moveit_visual_tools' with the following arguments: {'ament_cmake_args': None, 'build_base': '/home/ny/FsRobo-A1/build/moveit_visual_tools', 'catkin_cmake_args': None, 'catkin_skip_building_tests': False, 'cmake_args': None, 'cmake_clean_cache': False, 'cmake_clean_first': False, 'cmake_force_configure': False, 'cmake_target': None, 'cmake_target_skip_unavailable': False, 'install_base': '/home/ny/FsRobo-A1/install/moveit_visual_tools', 'merge_install': False, 'path': '/home/ny/FsRobo-A1/src/moveit2_tutorials_src/src/moveit_visual_tools', 'symlink_install': False, 'test_result_base': None}
[1.046s] Level 5:colcon.colcon_core.verb:set package 'moveit2_tutorials' build argument 'cmake_args' from command line to 'None'
[1.046s] Level 5:colcon.colcon_core.verb:set package 'moveit2_tutorials' build argument 'cmake_target' from command line to 'None'
[1.046s] Level 5:colcon.colcon_core.verb:set package 'moveit2_tutorials' build argument 'cmake_target_skip_unavailable' from command line to 'False'
[1.046s] Level 5:colcon.colcon_core.verb:set package 'moveit2_tutorials' build argument 'cmake_clean_cache' from command line to 'False'
[1.046s] Level 5:colcon.colcon_core.verb:set package 'moveit2_tutorials' build argument 'cmake_clean_first' from command line to 'False'
[1.047s] Level 5:colcon.colcon_core.verb:set package 'moveit2_tutorials' build argument 'cmake_force_configure' from command line to 'False'
[1.047s] Level 5:colcon.colcon_core.verb:set package 'moveit2_tutorials' build argument 'ament_cmake_args' from command line to 'None'
[1.047s] Level 5:colcon.colcon_core.verb:set package 'moveit2_tutorials' build argument 'catkin_cmake_args' from command line to 'None'
[1.047s] Level 5:colcon.colcon_core.verb:set package 'moveit2_tutorials' build argument 'catkin_skip_building_tests' from command line to 'False'
[1.047s] DEBUG:colcon.colcon_core.verb:Building package 'moveit2_tutorials' with the following arguments: {'ament_cmake_args': None, 'build_base': '/home/ny/FsRobo-A1/build/moveit2_tutorials', 'catkin_cmake_args': None, 'catkin_skip_building_tests': False, 'cmake_args': None, 'cmake_clean_cache': False, 'cmake_clean_first': False, 'cmake_force_configure': False, 'cmake_target': None, 'cmake_target_skip_unavailable': False, 'install_base': '/home/ny/FsRobo-A1/install/moveit2_tutorials', 'merge_install': False, 'path': '/home/ny/FsRobo-A1/src/moveit2_tutorials_src/src/moveit2_tutorials', 'symlink_install': False, 'test_result_base': None}
[1.048s] INFO:colcon.colcon_core.executor:Executing jobs using 'sequential' executor
[1.051s] DEBUG:colcon.colcon_core.executor.sequential:run_until_complete '4dof'
[1.053s] INFO:colcon.colcon_ros.task.ament_cmake.build:Building ROS package in '/home/ny/FsRobo-A1/src/4dof' with build type 'ament_cmake'
[1.054s] INFO:colcon.colcon_cmake.task.cmake.build:Building CMake package in '/home/ny/FsRobo-A1/src/4dof'
[1.059s] INFO:colcon.colcon_core.plugin_system:Skipping extension 'colcon_core.shell.bat': Not used on non-Windows systems
[1.059s] DEBUG:colcon.colcon_core.shell:Skip shell extension 'dsv' for command environment
[1.065s] WARNING:colcon.colcon_ros.prefix_path.ament:The path '/home/ny/FsRobo-A1/install/fsrobo-a1' in the environment variable AMENT_PREFIX_PATH doesn't exist
[1.108s] DEBUG:colcon.colcon_core.event_handler.log_command:Invoking command in '/home/ny/FsRobo-A1/build/4dof': CMAKE_PREFIX_PATH=/home/ny/FsRobo-A1/install/moveit2_tutorials:/home/ny/FsRobo-A1/install/moveit_visual_tools:/home/ny/FsRobo-A1/install/rviz_visual_tools:/home/ny/FsRobo-A1/install/fsrobo_a1_msg_srv_4py:/home/ny/FsRobo-A1/install/py_pubsub:/home/ny/FsRobo-A1/install/my_package:/home/ny/FsRobo-A1/install/fsrobo_a1_serve_py:/home/ny/FsRobo-A1/install/fsrobo-a1:/opt/ros/foxy:/home/ny/FsRobo-A1/install/4dof /usr/bin/cmake --build /home/ny/FsRobo-A1/build/4dof -- -j16 -l16
[1.261s] DEBUG:colcon.colcon_core.event_handler.log_command:Invoked command in '/home/ny/FsRobo-A1/build/4dof' returned '0': CMAKE_PREFIX_PATH=/home/ny/FsRobo-A1/install/moveit2_tutorials:/home/ny/FsRobo-A1/install/moveit_visual_tools:/home/ny/FsRobo-A1/install/rviz_visual_tools:/home/ny/FsRobo-A1/install/fsrobo_a1_msg_srv_4py:/home/ny/FsRobo-A1/install/py_pubsub:/home/ny/FsRobo-A1/install/my_package:/home/ny/FsRobo-A1/install/fsrobo_a1_serve_py:/home/ny/FsRobo-A1/install/fsrobo-a1:/opt/ros/foxy:/home/ny/FsRobo-A1/install/4dof /usr/bin/cmake --build /home/ny/FsRobo-A1/build/4dof -- -j16 -l16
[1.400s] DEBUG:colcon.colcon_core.event_handler.log_command:Invoking command in '/home/ny/FsRobo-A1/build/4dof': CMAKE_PREFIX_PATH=/home/ny/FsRobo-A1/install/moveit2_tutorials:/home/ny/FsRobo-A1/install/moveit_visual_tools:/home/ny/FsRobo-A1/install/rviz_visual_tools:/home/ny/FsRobo-A1/install/fsrobo_a1_msg_srv_4py:/home/ny/FsRobo-A1/install/py_pubsub:/home/ny/FsRobo-A1/install/my_package:/home/ny/FsRobo-A1/install/fsrobo_a1_serve_py:/home/ny/FsRobo-A1/install/fsrobo-a1:/opt/ros/foxy:/home/ny/FsRobo-A1/install/4dof /usr/bin/cmake --install /home/ny/FsRobo-A1/build/4dof
[1.445s] Level 1:colcon.colcon_core.environment:create_environment_scripts_only(4dof)
[1.452s] DEBUG:colcon.colcon_core.event_handler.log_command:Invoked command in '/home/ny/FsRobo-A1/build/4dof' returned '0': CMAKE_PREFIX_PATH=/home/ny/FsRobo-A1/install/moveit2_tutorials:/home/ny/FsRobo-A1/install/moveit_visual_tools:/home/ny/FsRobo-A1/install/rviz_visual_tools:/home/ny/FsRobo-A1/install/fsrobo_a1_msg_srv_4py:/home/ny/FsRobo-A1/install/py_pubsub:/home/ny/FsRobo-A1/install/my_package:/home/ny/FsRobo-A1/install/fsrobo_a1_serve_py:/home/ny/FsRobo-A1/install/fsrobo-a1:/opt/ros/foxy:/home/ny/FsRobo-A1/install/4dof /usr/bin/cmake --install /home/ny/FsRobo-A1/build/4dof
[1.461s] Level 1:colcon.colcon_core.environment:checking '/home/ny/FsRobo-A1/install/4dof' for CMake module files
[1.463s] Level 1:colcon.colcon_core.environment:checking '/home/ny/FsRobo-A1/install/4dof' for CMake config files
[1.465s] Level 1:colcon.colcon_core.shell:create_environment_hook('4dof', 'cmake_prefix_path')
[1.465s] INFO:colcon.colcon_core.shell:Creating environment descriptor '/home/ny/FsRobo-A1/install/4dof/share/4dof/hook/cmake_prefix_path.dsv'
[1.467s] INFO:colcon.colcon_core.shell:Creating environment hook '/home/ny/FsRobo-A1/install/4dof/share/4dof/hook/cmake_prefix_path.sh'
[1.471s] Level 1:colcon.colcon_core.environment:checking '/home/ny/FsRobo-A1/install/4dof/bin'
[1.471s] Level 1:colcon.colcon_core.environment:checking '/home/ny/FsRobo-A1/install/4dof/lib/pkgconfig/4dof.pc'
[1.473s] Level 1:colcon.colcon_core.environment:checking '/home/ny/FsRobo-A1/install/4dof/lib/python3.8/site-packages'
[1.473s] Level 1:colcon.colcon_core.environment:checking '/home/ny/FsRobo-A1/install/4dof/bin'
[1.474s] INFO:colcon.colcon_core.shell:Creating package descriptor '/home/ny/FsRobo-A1/install/4dof/share/4dof/package.dsv'
[1.475s] INFO:colcon.colcon_core.shell:Creating package script '/home/ny/FsRobo-A1/install/4dof/share/4dof/package.sh'
[1.477s] Level 1:colcon.colcon_core.environment:create_file_with_runtime_dependencies(/home/ny/FsRobo-A1/install/4dof/share/colcon-core/packages/4dof)
[1.587s] Level 1:colcon.colcon_core.environment:create_environment_scripts_only(4dof)
[1.588s] Level 1:colcon.colcon_core.environment:checking '/home/ny/FsRobo-A1/install/4dof' for CMake module files
[1.590s] Level 1:colcon.colcon_core.environment:checking '/home/ny/FsRobo-A1/install/4dof' for CMake config files
[1.591s] Level 1:colcon.colcon_core.shell:create_environment_hook('4dof', 'cmake_prefix_path')
[1.592s] INFO:colcon.colcon_core.shell:Creating environment descriptor '/home/ny/FsRobo-A1/install/4dof/share/4dof/hook/cmake_prefix_path.dsv'
[1.594s] INFO:colcon.colcon_core.shell:Creating environment hook '/home/ny/FsRobo-A1/install/4dof/share/4dof/hook/cmake_prefix_path.sh'
[1.597s] Level 1:colcon.colcon_core.environment:checking '/home/ny/FsRobo-A1/install/4dof/bin'
[1.598s] Level 1:colcon.colcon_core.environment:checking '/home/ny/FsRobo-A1/install/4dof/lib/pkgconfig/4dof.pc'
[1.598s] Level 1:colcon.colcon_core.environment:checking '/home/ny/FsRobo-A1/install/4dof/lib/python3.8/site-packages'
[1.599s] Level 1:colcon.colcon_core.environment:checking '/home/ny/FsRobo-A1/install/4dof/bin'
[1.600s] INFO:colcon.colcon_core.shell:Creating package descriptor '/home/ny/FsRobo-A1/install/4dof/share/4dof/package.dsv'
[1.601s] INFO:colcon.colcon_core.shell:Creating package script '/home/ny/FsRobo-A1/install/4dof/share/4dof/package.sh'
[1.604s] Level 1:colcon.colcon_core.environment:create_file_with_runtime_dependencies(/home/ny/FsRobo-A1/install/4dof/share/colcon-core/packages/4dof)
[1.605s] DEBUG:colcon.colcon_core.executor.sequential:run_until_complete '4dof' finished with '0'
[1.606s] DEBUG:colcon.colcon_core.executor.sequential:run_until_complete 'fsrobo_a1_serve_py'
[1.606s] INFO:colcon.colcon_ros.task.ament_python.build:Building ROS package in '/home/ny/FsRobo-A1/src/fsrobo_a1_serve_py' with build type 'ament_python'
[1.607s] Level 1:colcon.colcon_core.shell:create_environment_hook('fsrobo_a1_serve_py', 'ament_prefix_path')
[1.607s] INFO:colcon.colcon_core.shell:Creating environment descriptor '/home/ny/FsRobo-A1/install/fsrobo_a1_serve_py/share/fsrobo_a1_serve_py/hook/ament_prefix_path.dsv'
[1.612s] INFO:colcon.colcon_core.shell:Creating environment hook '/home/ny/FsRobo-A1/install/fsrobo_a1_serve_py/share/fsrobo_a1_serve_py/hook/ament_prefix_path.sh'
[1.615s] DEBUG:colcon.colcon_core.shell:Skip shell extension 'dsv' for command environment
[2.205s] INFO:colcon.colcon_core.task.python.build:Building Python package in '/home/ny/FsRobo-A1/src/fsrobo_a1_serve_py'
[2.207s] DEBUG:colcon.colcon_core.shell:Skip shell extension 'dsv' for command environment
[3.536s] DEBUG:colcon.colcon_core.event_handler.log_command:Invoking command in '/home/ny/FsRobo-A1/src/fsrobo_a1_serve_py': PYTHONPATH=/home/ny/FsRobo-A1/build/fsrobo_a1_serve_py/prefix_override:/usr/lib/python3/dist-packages/colcon_core/task/python/colcon_distutils_commands:/home/ny/FsRobo-A1/install/fsrobo_a1_serve_py/lib/python3.8/site-packages:${PYTHONPATH} /usr/bin/python3 -W ignore:setup.py install is deprecated setup.py egg_info --egg-base ../../build/fsrobo_a1_serve_py build --build-base /home/ny/FsRobo-A1/build/fsrobo_a1_serve_py/build install --record /home/ny/FsRobo-A1/build/fsrobo_a1_serve_py/install.log --install-scripts $base/lib/fsrobo_a1_serve_py --single-version-externally-managed install_data
[4.444s] Level 1:colcon.colcon_core.environment:checking '/home/ny/FsRobo-A1/install/fsrobo_a1_serve_py' for CMake module files
[4.445s] DEBUG:colcon.colcon_core.event_handler.log_command:Invoked command in '/home/ny/FsRobo-A1/src/fsrobo_a1_serve_py' returned '0': PYTHONPATH=/home/ny/FsRobo-A1/build/fsrobo_a1_serve_py/prefix_override:/usr/lib/python3/dist-packages/colcon_core/task/python/colcon_distutils_commands:/home/ny/FsRobo-A1/install/fsrobo_a1_serve_py/lib/python3.8/site-packages:${PYTHONPATH} /usr/bin/python3 -W ignore:setup.py install is deprecated setup.py egg_info --egg-base ../../build/fsrobo_a1_serve_py build --build-base /home/ny/FsRobo-A1/build/fsrobo_a1_serve_py/build install --record /home/ny/FsRobo-A1/build/fsrobo_a1_serve_py/install.log --install-scripts $base/lib/fsrobo_a1_serve_py --single-version-externally-managed install_data
[4.450s] Level 1:colcon.colcon_core.environment:checking '/home/ny/FsRobo-A1/install/fsrobo_a1_serve_py' for CMake config files
[4.452s] Level 1:colcon.colcon_core.environment:checking '/home/ny/FsRobo-A1/install/fsrobo_a1_serve_py/lib'
[4.453s] Level 1:colcon.colcon_core.environment:checking '/home/ny/FsRobo-A1/install/fsrobo_a1_serve_py/bin'
[4.454s] Level 1:colcon.colcon_core.environment:checking '/home/ny/FsRobo-A1/install/fsrobo_a1_serve_py/lib/pkgconfig/fsrobo_a1_serve_py.pc'
[4.454s] Level 1:colcon.colcon_core.environment:checking '/home/ny/FsRobo-A1/install/fsrobo_a1_serve_py/lib/python3.8/site-packages'
[4.455s] Level 1:colcon.colcon_core.shell:create_environment_hook('fsrobo_a1_serve_py', 'pythonpath')
[4.455s] INFO:colcon.colcon_core.shell:Creating environment descriptor '/home/ny/FsRobo-A1/install/fsrobo_a1_serve_py/share/fsrobo_a1_serve_py/hook/pythonpath.dsv'
[4.458s] INFO:colcon.colcon_core.shell:Creating environment hook '/home/ny/FsRobo-A1/install/fsrobo_a1_serve_py/share/fsrobo_a1_serve_py/hook/pythonpath.sh'
[4.461s] Level 1:colcon.colcon_core.environment:checking '/home/ny/FsRobo-A1/install/fsrobo_a1_serve_py/bin'
[4.461s] Level 1:colcon.colcon_core.environment:create_environment_scripts_only(fsrobo_a1_serve_py)
[4.462s] INFO:colcon.colcon_core.shell:Creating package descriptor '/home/ny/FsRobo-A1/install/fsrobo_a1_serve_py/share/fsrobo_a1_serve_py/package.dsv'
[4.464s] INFO:colcon.colcon_core.shell:Creating package script '/home/ny/FsRobo-A1/install/fsrobo_a1_serve_py/share/fsrobo_a1_serve_py/package.sh'
[4.467s] Level 1:colcon.colcon_core.environment:create_file_with_runtime_dependencies(/home/ny/FsRobo-A1/install/fsrobo_a1_serve_py/share/colcon-core/packages/fsrobo_a1_serve_py)
[4.469s] DEBUG:colcon.colcon_core.executor.sequential:run_until_complete 'fsrobo_a1_serve_py' finished with '0'
[4.470s] DEBUG:colcon.colcon_core.executor.sequential:run_until_complete 'py_pubsub'
[4.471s] INFO:colcon.colcon_ros.task.ament_python.build:Building ROS package in '/home/ny/FsRobo-A1/src/py_pubsub' with build type 'ament_python'
[4.472s] Level 1:colcon.colcon_core.shell:create_environment_hook('py_pubsub', 'ament_prefix_path')
[4.473s] INFO:colcon.colcon_core.shell:Creating environment descriptor '/home/ny/FsRobo-A1/install/py_pubsub/share/py_pubsub/hook/ament_prefix_path.dsv'
[4.476s] INFO:colcon.colcon_core.shell:Creating environment hook '/home/ny/FsRobo-A1/install/py_pubsub/share/py_pubsub/hook/ament_prefix_path.sh'
[4.479s] DEBUG:colcon.colcon_core.shell:Skip shell extension 'dsv' for command environment
[5.153s] INFO:colcon.colcon_core.task.python.build:Building Python package in '/home/ny/FsRobo-A1/src/py_pubsub'
[5.154s] DEBUG:colcon.colcon_core.shell:Skip shell extension 'dsv' for command environment
[6.277s] DEBUG:colcon.colcon_core.event_handler.log_command:Invoking command in '/home/ny/FsRobo-A1/src/py_pubsub': PYTHONPATH=/home/ny/FsRobo-A1/build/py_pubsub/prefix_override:/usr/lib/python3/dist-packages/colcon_core/task/python/colcon_distutils_commands:/home/ny/FsRobo-A1/install/py_pubsub/lib/python3.8/site-packages:${PYTHONPATH} /usr/bin/python3 -W ignore:setup.py install is deprecated setup.py egg_info --egg-base ../../build/py_pubsub build --build-base /home/ny/FsRobo-A1/build/py_pubsub/build install --record /home/ny/FsRobo-A1/build/py_pubsub/install.log --install-scripts $base/lib/py_pubsub --single-version-externally-managed install_data
[7.020s] Level 1:colcon.colcon_core.environment:checking '/home/ny/FsRobo-A1/install/py_pubsub' for CMake module files
[7.024s] Level 1:colcon.colcon_core.environment:checking '/home/ny/FsRobo-A1/install/py_pubsub' for CMake config files
[7.026s] DEBUG:colcon.colcon_core.event_handler.log_command:Invoked command in '/home/ny/FsRobo-A1/src/py_pubsub' returned '0': PYTHONPATH=/home/ny/FsRobo-A1/build/py_pubsub/prefix_override:/usr/lib/python3/dist-packages/colcon_core/task/python/colcon_distutils_commands:/home/ny/FsRobo-A1/install/py_pubsub/lib/python3.8/site-packages:${PYTHONPATH} /usr/bin/python3 -W ignore:setup.py install is deprecated setup.py egg_info --egg-base ../../build/py_pubsub build --build-base /home/ny/FsRobo-A1/build/py_pubsub/build install --record /home/ny/FsRobo-A1/build/py_pubsub/install.log --install-scripts $base/lib/py_pubsub --single-version-externally-managed install_data
[7.030s] Level 1:colcon.colcon_core.environment:checking '/home/ny/FsRobo-A1/install/py_pubsub/lib'
[7.031s] Level 1:colcon.colcon_core.environment:checking '/home/ny/FsRobo-A1/install/py_pubsub/bin'
[7.031s] Level 1:colcon.colcon_core.environment:checking '/home/ny/FsRobo-A1/install/py_pubsub/lib/pkgconfig/py_pubsub.pc'
[7.032s] Level 1:colcon.colcon_core.environment:checking '/home/ny/FsRobo-A1/install/py_pubsub/lib/python3.8/site-packages'
[7.032s] Level 1:colcon.colcon_core.shell:create_environment_hook('py_pubsub', 'pythonpath')
[7.033s] INFO:colcon.colcon_core.shell:Creating environment descriptor '/home/ny/FsRobo-A1/install/py_pubsub/share/py_pubsub/hook/pythonpath.dsv'
[7.035s] INFO:colcon.colcon_core.shell:Creating environment hook '/home/ny/FsRobo-A1/install/py_pubsub/share/py_pubsub/hook/pythonpath.sh'
[7.038s] Level 1:colcon.colcon_core.environment:checking '/home/ny/FsRobo-A1/install/py_pubsub/bin'
[7.038s] Level 1:colcon.colcon_core.environment:create_environment_scripts_only(py_pubsub)
[7.039s] INFO:colcon.colcon_core.shell:Creating package descriptor '/home/ny/FsRobo-A1/install/py_pubsub/share/py_pubsub/package.dsv'
[7.041s] INFO:colcon.colcon_core.shell:Creating package script '/home/ny/FsRobo-A1/install/py_pubsub/share/py_pubsub/package.sh'
[7.043s] Level 1:colcon.colcon_core.environment:create_file_with_runtime_dependencies(/home/ny/FsRobo-A1/install/py_pubsub/share/colcon-core/packages/py_pubsub)
[7.045s] DEBUG:colcon.colcon_core.executor.sequential:run_until_complete 'py_pubsub' finished with '0'
[7.045s] DEBUG:colcon.colcon_core.executor.sequential:run_until_complete 'rviz_visual_tools'
[7.046s] INFO:colcon.colcon_ros.task.ament_cmake.build:Building ROS package in '/home/ny/FsRobo-A1/src/moveit2_tutorials_src/src/rviz_visual_tools' with build type 'ament_cmake'
[7.049s] INFO:colcon.colcon_cmake.task.cmake.build:Building CMake package in '/home/ny/FsRobo-A1/src/moveit2_tutorials_src/src/rviz_visual_tools'
[7.050s] DEBUG:colcon.colcon_core.shell:Skip shell extension 'dsv' for command environment
[7.090s] DEBUG:colcon.colcon_core.event_handler.log_command:Invoking command in '/home/ny/FsRobo-A1/build/rviz_visual_tools': CMAKE_PREFIX_PATH=/home/ny/FsRobo-A1/install/moveit2_tutorials:/home/ny/FsRobo-A1/install/moveit_visual_tools:/home/ny/FsRobo-A1/install/rviz_visual_tools:/home/ny/FsRobo-A1/install/fsrobo_a1_msg_srv_4py:/home/ny/FsRobo-A1/install/py_pubsub:/home/ny/FsRobo-A1/install/my_package:/home/ny/FsRobo-A1/install/fsrobo_a1_serve_py:/home/ny/FsRobo-A1/install/fsrobo-a1:/opt/ros/foxy:/home/ny/FsRobo-A1/install/4dof /usr/bin/cmake --build /home/ny/FsRobo-A1/build/rviz_visual_tools -- -j16 -l16
[8.452s] DEBUG:colcon.colcon_core.event_handler.log_command:Invoked command in '/home/ny/FsRobo-A1/build/rviz_visual_tools' returned '0': CMAKE_PREFIX_PATH=/home/ny/FsRobo-A1/install/moveit2_tutorials:/home/ny/FsRobo-A1/install/moveit_visual_tools:/home/ny/FsRobo-A1/install/rviz_visual_tools:/home/ny/FsRobo-A1/install/fsrobo_a1_msg_srv_4py:/home/ny/FsRobo-A1/install/py_pubsub:/home/ny/FsRobo-A1/install/my_package:/home/ny/FsRobo-A1/install/fsrobo_a1_serve_py:/home/ny/FsRobo-A1/install/fsrobo-a1:/opt/ros/foxy:/home/ny/FsRobo-A1/install/4dof /usr/bin/cmake --build /home/ny/FsRobo-A1/build/rviz_visual_tools -- -j16 -l16
[8.839s] DEBUG:colcon.colcon_core.event_handler.log_command:Invoking command in '/home/ny/FsRobo-A1/build/rviz_visual_tools': CMAKE_PREFIX_PATH=/home/ny/FsRobo-A1/install/moveit2_tutorials:/home/ny/FsRobo-A1/install/moveit_visual_tools:/home/ny/FsRobo-A1/install/rviz_visual_tools:/home/ny/FsRobo-A1/install/fsrobo_a1_msg_srv_4py:/home/ny/FsRobo-A1/install/py_pubsub:/home/ny/FsRobo-A1/install/my_package:/home/ny/FsRobo-A1/install/fsrobo_a1_serve_py:/home/ny/FsRobo-A1/install/fsrobo-a1:/opt/ros/foxy:/home/ny/FsRobo-A1/install/4dof /usr/bin/cmake --install /home/ny/FsRobo-A1/build/rviz_visual_tools
[8.904s] Level 1:colcon.colcon_core.environment:create_environment_scripts_only(rviz_visual_tools)
[8.906s] Level 1:colcon.colcon_core.environment:checking '/home/ny/FsRobo-A1/install/rviz_visual_tools' for CMake module files
[8.910s] DEBUG:colcon.colcon_core.event_handler.log_command:Invoked command in '/home/ny/FsRobo-A1/build/rviz_visual_tools' returned '0': CMAKE_PREFIX_PATH=/home/ny/FsRobo-A1/install/moveit2_tutorials:/home/ny/FsRobo-A1/install/moveit_visual_tools:/home/ny/FsRobo-A1/install/rviz_visual_tools:/home/ny/FsRobo-A1/install/fsrobo_a1_msg_srv_4py:/home/ny/FsRobo-A1/install/py_pubsub:/home/ny/FsRobo-A1/install/my_package:/home/ny/FsRobo-A1/install/fsrobo_a1_serve_py:/home/ny/FsRobo-A1/install/fsrobo-a1:/opt/ros/foxy:/home/ny/FsRobo-A1/install/4dof /usr/bin/cmake --install /home/ny/FsRobo-A1/build/rviz_visual_tools
[8.912s] Level 1:colcon.colcon_core.environment:checking '/home/ny/FsRobo-A1/install/rviz_visual_tools' for CMake config files
[8.913s] Level 1:colcon.colcon_core.shell:create_environment_hook('rviz_visual_tools', 'cmake_prefix_path')
[8.913s] INFO:colcon.colcon_core.shell:Creating environment descriptor '/home/ny/FsRobo-A1/install/rviz_visual_tools/share/rviz_visual_tools/hook/cmake_prefix_path.dsv'
[8.915s] INFO:colcon.colcon_core.shell:Creating environment hook '/home/ny/FsRobo-A1/install/rviz_visual_tools/share/rviz_visual_tools/hook/cmake_prefix_path.sh'
[8.918s] Level 1:colcon.colcon_core.environment:checking '/home/ny/FsRobo-A1/install/rviz_visual_tools/lib'
[8.918s] Level 1:colcon.colcon_core.shell:create_environment_hook('rviz_visual_tools', 'ld_library_path_lib')
[8.918s] INFO:colcon.colcon_core.shell:Creating environment descriptor '/home/ny/FsRobo-A1/install/rviz_visual_tools/share/rviz_visual_tools/hook/ld_library_path_lib.dsv'
[8.920s] INFO:colcon.colcon_core.shell:Creating environment hook '/home/ny/FsRobo-A1/install/rviz_visual_tools/share/rviz_visual_tools/hook/ld_library_path_lib.sh'
[8.921s] Level 1:colcon.colcon_core.environment:checking '/home/ny/FsRobo-A1/install/rviz_visual_tools/bin'
[8.921s] Level 1:colcon.colcon_core.environment:checking '/home/ny/FsRobo-A1/install/rviz_visual_tools/lib/pkgconfig/rviz_visual_tools.pc'
[8.922s] Level 1:colcon.colcon_core.environment:checking '/home/ny/FsRobo-A1/install/rviz_visual_tools/lib/python3.8/site-packages'
[8.922s] Level 1:colcon.colcon_core.environment:checking '/home/ny/FsRobo-A1/install/rviz_visual_tools/bin'
[8.923s] INFO:colcon.colcon_core.shell:Creating package descriptor '/home/ny/FsRobo-A1/install/rviz_visual_tools/share/rviz_visual_tools/package.dsv'
[8.925s] INFO:colcon.colcon_core.shell:Creating package script '/home/ny/FsRobo-A1/install/rviz_visual_tools/share/rviz_visual_tools/package.sh'
[8.926s] Level 1:colcon.colcon_core.environment:create_file_with_runtime_dependencies(/home/ny/FsRobo-A1/install/rviz_visual_tools/share/colcon-core/packages/rviz_visual_tools)
[9.349s] Level 1:colcon.colcon_core.environment:create_environment_scripts_only(rviz_visual_tools)
[9.351s] Level 1:colcon.colcon_core.environment:checking '/home/ny/FsRobo-A1/install/rviz_visual_tools' for CMake module files
[9.353s] Level 1:colcon.colcon_core.environment:checking '/home/ny/FsRobo-A1/install/rviz_visual_tools' for CMake config files
[9.354s] Level 1:colcon.colcon_core.shell:create_environment_hook('rviz_visual_tools', 'cmake_prefix_path')
[9.355s] INFO:colcon.colcon_core.shell:Creating environment descriptor '/home/ny/FsRobo-A1/install/rviz_visual_tools/share/rviz_visual_tools/hook/cmake_prefix_path.dsv'
[9.359s] INFO:colcon.colcon_core.shell:Creating environment hook '/home/ny/FsRobo-A1/install/rviz_visual_tools/share/rviz_visual_tools/hook/cmake_prefix_path.sh'
[9.363s] Level 1:colcon.colcon_core.environment:checking '/home/ny/FsRobo-A1/install/rviz_visual_tools/lib'
[9.363s] Level 1:colcon.colcon_core.shell:create_environment_hook('rviz_visual_tools', 'ld_library_path_lib')
[9.364s] INFO:colcon.colcon_core.shell:Creating environment descriptor '/home/ny/FsRobo-A1/install/rviz_visual_tools/share/rviz_visual_tools/hook/ld_library_path_lib.dsv'
[9.365s] INFO:colcon.colcon_core.shell:Creating environment hook '/home/ny/FsRobo-A1/install/rviz_visual_tools/share/rviz_visual_tools/hook/ld_library_path_lib.sh'
[9.367s] Level 1:colcon.colcon_core.environment:checking '/home/ny/FsRobo-A1/install/rviz_visual_tools/bin'
[9.368s] Level 1:colcon.colcon_core.environment:checking '/home/ny/FsRobo-A1/install/rviz_visual_tools/lib/pkgconfig/rviz_visual_tools.pc'
[9.369s] Level 1:colcon.colcon_core.environment:checking '/home/ny/FsRobo-A1/install/rviz_visual_tools/lib/python3.8/site-packages'
[9.369s] Level 1:colcon.colcon_core.environment:checking '/home/ny/FsRobo-A1/install/rviz_visual_tools/bin'
[9.370s] INFO:colcon.colcon_core.shell:Creating package descriptor '/home/ny/FsRobo-A1/install/rviz_visual_tools/share/rviz_visual_tools/package.dsv'
[9.372s] INFO:colcon.colcon_core.shell:Creating package script '/home/ny/FsRobo-A1/install/rviz_visual_tools/share/rviz_visual_tools/package.sh'
[9.374s] Level 1:colcon.colcon_core.environment:create_file_with_runtime_dependencies(/home/ny/FsRobo-A1/install/rviz_visual_tools/share/colcon-core/packages/rviz_visual_tools)
[9.375s] DEBUG:colcon.colcon_core.executor.sequential:run_until_complete 'rviz_visual_tools' finished with '0'
[9.376s] DEBUG:colcon.colcon_core.executor.sequential:run_until_complete 'moveit_visual_tools'
[9.378s] INFO:colcon.colcon_ros.task.ament_cmake.build:Building ROS package in '/home/ny/FsRobo-A1/src/moveit2_tutorials_src/src/moveit_visual_tools' with build type 'ament_cmake'
[9.379s] INFO:colcon.colcon_cmake.task.cmake.build:Building CMake package in '/home/ny/FsRobo-A1/src/moveit2_tutorials_src/src/moveit_visual_tools'
[9.380s] DEBUG:colcon.colcon_core.shell:Skip shell extension 'dsv' for command environment
[9.440s] DEBUG:colcon.colcon_core.event_handler.log_command:Invoking command in '/home/ny/FsRobo-A1/build/moveit_visual_tools': CMAKE_PREFIX_PATH=/home/ny/FsRobo-A1/install/rviz_visual_tools:/home/ny/FsRobo-A1/install/moveit2_tutorials:/home/ny/FsRobo-A1/install/moveit_visual_tools:/home/ny/FsRobo-A1/install/fsrobo_a1_msg_srv_4py:/home/ny/FsRobo-A1/install/py_pubsub:/home/ny/FsRobo-A1/install/my_package:/home/ny/FsRobo-A1/install/fsrobo_a1_serve_py:/home/ny/FsRobo-A1/install/fsrobo-a1:/opt/ros/foxy:/home/ny/FsRobo-A1/install/4dof LD_LIBRARY_PATH=/home/ny/FsRobo-A1/install/rviz_visual_tools/lib:/home/ny/FsRobo-A1/install/moveit_visual_tools/lib:/home/ny/FsRobo-A1/install/fsrobo_a1_msg_srv_4py/lib:/home/ny/.x-cmd.root/local/data/pkg/sphere/X/l/j/h/lib:/opt/ros/foxy/opt/yaml_cpp_vendor/lib:/opt/ros/foxy/opt/rviz_ogre_vendor/lib:/opt/ros/foxy/lib/x86_64-linux-gnu:/opt/ros/foxy/lib /usr/bin/cmake --build /home/ny/FsRobo-A1/build/moveit_visual_tools -- -j16 -l16
[9.946s] DEBUG:colcon.colcon_core.event_handler.log_command:Invoked command in '/home/ny/FsRobo-A1/build/moveit_visual_tools' returned '0': CMAKE_PREFIX_PATH=/home/ny/FsRobo-A1/install/rviz_visual_tools:/home/ny/FsRobo-A1/install/moveit2_tutorials:/home/ny/FsRobo-A1/install/moveit_visual_tools:/home/ny/FsRobo-A1/install/fsrobo_a1_msg_srv_4py:/home/ny/FsRobo-A1/install/py_pubsub:/home/ny/FsRobo-A1/install/my_package:/home/ny/FsRobo-A1/install/fsrobo_a1_serve_py:/home/ny/FsRobo-A1/install/fsrobo-a1:/opt/ros/foxy:/home/ny/FsRobo-A1/install/4dof LD_LIBRARY_PATH=/home/ny/FsRobo-A1/install/rviz_visual_tools/lib:/home/ny/FsRobo-A1/install/moveit_visual_tools/lib:/home/ny/FsRobo-A1/install/fsrobo_a1_msg_srv_4py/lib:/home/ny/.x-cmd.root/local/data/pkg/sphere/X/l/j/h/lib:/opt/ros/foxy/opt/yaml_cpp_vendor/lib:/opt/ros/foxy/opt/rviz_ogre_vendor/lib:/opt/ros/foxy/lib/x86_64-linux-gnu:/opt/ros/foxy/lib /usr/bin/cmake --build /home/ny/FsRobo-A1/build/moveit_visual_tools -- -j16 -l16
[10.114s] DEBUG:colcon.colcon_core.event_handler.log_command:Invoking command in '/home/ny/FsRobo-A1/build/moveit_visual_tools': CMAKE_PREFIX_PATH=/home/ny/FsRobo-A1/install/rviz_visual_tools:/home/ny/FsRobo-A1/install/moveit2_tutorials:/home/ny/FsRobo-A1/install/moveit_visual_tools:/home/ny/FsRobo-A1/install/fsrobo_a1_msg_srv_4py:/home/ny/FsRobo-A1/install/py_pubsub:/home/ny/FsRobo-A1/install/my_package:/home/ny/FsRobo-A1/install/fsrobo_a1_serve_py:/home/ny/FsRobo-A1/install/fsrobo-a1:/opt/ros/foxy:/home/ny/FsRobo-A1/install/4dof LD_LIBRARY_PATH=/home/ny/FsRobo-A1/install/rviz_visual_tools/lib:/home/ny/FsRobo-A1/install/moveit_visual_tools/lib:/home/ny/FsRobo-A1/install/fsrobo_a1_msg_srv_4py/lib:/home/ny/.x-cmd.root/local/data/pkg/sphere/X/l/j/h/lib:/opt/ros/foxy/opt/yaml_cpp_vendor/lib:/opt/ros/foxy/opt/rviz_ogre_vendor/lib:/opt/ros/foxy/lib/x86_64-linux-gnu:/opt/ros/foxy/lib /usr/bin/cmake --install /home/ny/FsRobo-A1/build/moveit_visual_tools
[10.169s] Level 1:colcon.colcon_core.environment:create_environment_scripts_only(moveit_visual_tools)
[10.170s] Level 1:colcon.colcon_core.environment:checking '/home/ny/FsRobo-A1/install/moveit_visual_tools' for CMake module files
[10.172s] Level 1:colcon.colcon_core.environment:checking '/home/ny/FsRobo-A1/install/moveit_visual_tools' for CMake config files
[10.174s] DEBUG:colcon.colcon_core.event_handler.log_command:Invoked command in '/home/ny/FsRobo-A1/build/moveit_visual_tools' returned '0': CMAKE_PREFIX_PATH=/home/ny/FsRobo-A1/install/rviz_visual_tools:/home/ny/FsRobo-A1/install/moveit2_tutorials:/home/ny/FsRobo-A1/install/moveit_visual_tools:/home/ny/FsRobo-A1/install/fsrobo_a1_msg_srv_4py:/home/ny/FsRobo-A1/install/py_pubsub:/home/ny/FsRobo-A1/install/my_package:/home/ny/FsRobo-A1/install/fsrobo_a1_serve_py:/home/ny/FsRobo-A1/install/fsrobo-a1:/opt/ros/foxy:/home/ny/FsRobo-A1/install/4dof LD_LIBRARY_PATH=/home/ny/FsRobo-A1/install/rviz_visual_tools/lib:/home/ny/FsRobo-A1/install/moveit_visual_tools/lib:/home/ny/FsRobo-A1/install/fsrobo_a1_msg_srv_4py/lib:/home/ny/.x-cmd.root/local/data/pkg/sphere/X/l/j/h/lib:/opt/ros/foxy/opt/yaml_cpp_vendor/lib:/opt/ros/foxy/opt/rviz_ogre_vendor/lib:/opt/ros/foxy/lib/x86_64-linux-gnu:/opt/ros/foxy/lib /usr/bin/cmake --install /home/ny/FsRobo-A1/build/moveit_visual_tools
[10.176s] Level 1:colcon.colcon_core.shell:create_environment_hook('moveit_visual_tools', 'cmake_prefix_path')
[10.177s] INFO:colcon.colcon_core.shell:Creating environment descriptor '/home/ny/FsRobo-A1/install/moveit_visual_tools/share/moveit_visual_tools/hook/cmake_prefix_path.dsv'
[10.179s] INFO:colcon.colcon_core.shell:Creating environment hook '/home/ny/FsRobo-A1/install/moveit_visual_tools/share/moveit_visual_tools/hook/cmake_prefix_path.sh'
[10.182s] Level 1:colcon.colcon_core.environment:checking '/home/ny/FsRobo-A1/install/moveit_visual_tools/lib'
[10.183s] Level 1:colcon.colcon_core.shell:create_environment_hook('moveit_visual_tools', 'ld_library_path_lib')
[10.183s] INFO:colcon.colcon_core.shell:Creating environment descriptor '/home/ny/FsRobo-A1/install/moveit_visual_tools/share/moveit_visual_tools/hook/ld_library_path_lib.dsv'
[10.185s] INFO:colcon.colcon_core.shell:Creating environment hook '/home/ny/FsRobo-A1/install/moveit_visual_tools/share/moveit_visual_tools/hook/ld_library_path_lib.sh'
[10.187s] Level 1:colcon.colcon_core.environment:checking '/home/ny/FsRobo-A1/install/moveit_visual_tools/bin'
[10.187s] Level 1:colcon.colcon_core.environment:checking '/home/ny/FsRobo-A1/install/moveit_visual_tools/lib/pkgconfig/moveit_visual_tools.pc'
[10.188s] Level 1:colcon.colcon_core.environment:checking '/home/ny/FsRobo-A1/install/moveit_visual_tools/lib/python3.8/site-packages'
[10.189s] Level 1:colcon.colcon_core.environment:checking '/home/ny/FsRobo-A1/install/moveit_visual_tools/bin'
[10.189s] INFO:colcon.colcon_core.shell:Creating package descriptor '/home/ny/FsRobo-A1/install/moveit_visual_tools/share/moveit_visual_tools/package.dsv'
[10.191s] INFO:colcon.colcon_core.shell:Creating package script '/home/ny/FsRobo-A1/install/moveit_visual_tools/share/moveit_visual_tools/package.sh'
[10.193s] Level 1:colcon.colcon_core.environment:create_file_with_runtime_dependencies(/home/ny/FsRobo-A1/install/moveit_visual_tools/share/colcon-core/packages/moveit_visual_tools)
[10.361s] Level 1:colcon.colcon_core.environment:create_environment_scripts_only(moveit_visual_tools)
[10.363s] Level 1:colcon.colcon_core.environment:checking '/home/ny/FsRobo-A1/install/moveit_visual_tools' for CMake module files
[10.365s] Level 1:colcon.colcon_core.environment:checking '/home/ny/FsRobo-A1/install/moveit_visual_tools' for CMake config files
[10.367s] Level 1:colcon.colcon_core.shell:create_environment_hook('moveit_visual_tools', 'cmake_prefix_path')
[10.367s] INFO:colcon.colcon_core.shell:Creating environment descriptor '/home/ny/FsRobo-A1/install/moveit_visual_tools/share/moveit_visual_tools/hook/cmake_prefix_path.dsv'
[10.370s] INFO:colcon.colcon_core.shell:Creating environment hook '/home/ny/FsRobo-A1/install/moveit_visual_tools/share/moveit_visual_tools/hook/cmake_prefix_path.sh'
[10.373s] Level 1:colcon.colcon_core.environment:checking '/home/ny/FsRobo-A1/install/moveit_visual_tools/lib'
[10.373s] Level 1:colcon.colcon_core.shell:create_environment_hook('moveit_visual_tools', 'ld_library_path_lib')
[10.374s] INFO:colcon.colcon_core.shell:Creating environment descriptor '/home/ny/FsRobo-A1/install/moveit_visual_tools/share/moveit_visual_tools/hook/ld_library_path_lib.dsv'
[10.375s] INFO:colcon.colcon_core.shell:Creating environment hook '/home/ny/FsRobo-A1/install/moveit_visual_tools/share/moveit_visual_tools/hook/ld_library_path_lib.sh'
[10.377s] Level 1:colcon.colcon_core.environment:checking '/home/ny/FsRobo-A1/install/moveit_visual_tools/bin'
[10.378s] Level 1:colcon.colcon_core.environment:checking '/home/ny/FsRobo-A1/install/moveit_visual_tools/lib/pkgconfig/moveit_visual_tools.pc'
[10.379s] Level 1:colcon.colcon_core.environment:checking '/home/ny/FsRobo-A1/install/moveit_visual_tools/lib/python3.8/site-packages'
[10.379s] Level 1:colcon.colcon_core.environment:checking '/home/ny/FsRobo-A1/install/moveit_visual_tools/bin'
[10.380s] INFO:colcon.colcon_core.shell:Creating package descriptor '/home/ny/FsRobo-A1/install/moveit_visual_tools/share/moveit_visual_tools/package.dsv'
[10.382s] INFO:colcon.colcon_core.shell:Creating package script '/home/ny/FsRobo-A1/install/moveit_visual_tools/share/moveit_visual_tools/package.sh'
[10.384s] Level 1:colcon.colcon_core.environment:create_file_with_runtime_dependencies(/home/ny/FsRobo-A1/install/moveit_visual_tools/share/colcon-core/packages/moveit_visual_tools)
[10.386s] DEBUG:colcon.colcon_core.executor.sequential:run_until_complete 'moveit_visual_tools' finished with '0'
[10.386s] DEBUG:colcon.colcon_core.executor.sequential:run_until_complete 'moveit2_tutorials'
[10.387s] INFO:colcon.colcon_ros.task.ament_cmake.build:Building ROS package in '/home/ny/FsRobo-A1/src/moveit2_tutorials_src/src/moveit2_tutorials' with build type 'ament_cmake'
[10.387s] INFO:colcon.colcon_cmake.task.cmake.build:Building CMake package in '/home/ny/FsRobo-A1/src/moveit2_tutorials_src/src/moveit2_tutorials'
[10.388s] DEBUG:colcon.colcon_core.shell:Skip shell extension 'dsv' for command environment
[10.459s] DEBUG:colcon.colcon_core.event_handler.log_command:Invoking command in '/home/ny/FsRobo-A1/build/moveit2_tutorials': CMAKE_PREFIX_PATH=/home/ny/FsRobo-A1/install/moveit_visual_tools:/home/ny/FsRobo-A1/install/rviz_visual_tools:/home/ny/FsRobo-A1/install/moveit2_tutorials:/home/ny/FsRobo-A1/install/fsrobo_a1_msg_srv_4py:/home/ny/FsRobo-A1/install/py_pubsub:/home/ny/FsRobo-A1/install/my_package:/home/ny/FsRobo-A1/install/fsrobo_a1_serve_py:/home/ny/FsRobo-A1/install/fsrobo-a1:/opt/ros/foxy:/home/ny/FsRobo-A1/install/4dof /usr/bin/cmake --build /home/ny/FsRobo-A1/build/moveit2_tutorials -- -j16 -l16
[10.813s] DEBUG:colcon.colcon_core.event_handler.log_command:Invoked command in '/home/ny/FsRobo-A1/build/moveit2_tutorials' returned '0': CMAKE_PREFIX_PATH=/home/ny/FsRobo-A1/install/moveit_visual_tools:/home/ny/FsRobo-A1/install/rviz_visual_tools:/home/ny/FsRobo-A1/install/moveit2_tutorials:/home/ny/FsRobo-A1/install/fsrobo_a1_msg_srv_4py:/home/ny/FsRobo-A1/install/py_pubsub:/home/ny/FsRobo-A1/install/my_package:/home/ny/FsRobo-A1/install/fsrobo_a1_serve_py:/home/ny/FsRobo-A1/install/fsrobo-a1:/opt/ros/foxy:/home/ny/FsRobo-A1/install/4dof /usr/bin/cmake --build /home/ny/FsRobo-A1/build/moveit2_tutorials -- -j16 -l16
[10.953s] DEBUG:colcon.colcon_core.event_handler.log_command:Invoking command in '/home/ny/FsRobo-A1/build/moveit2_tutorials': CMAKE_PREFIX_PATH=/home/ny/FsRobo-A1/install/moveit_visual_tools:/home/ny/FsRobo-A1/install/rviz_visual_tools:/home/ny/FsRobo-A1/install/moveit2_tutorials:/home/ny/FsRobo-A1/install/fsrobo_a1_msg_srv_4py:/home/ny/FsRobo-A1/install/py_pubsub:/home/ny/FsRobo-A1/install/my_package:/home/ny/FsRobo-A1/install/fsrobo_a1_serve_py:/home/ny/FsRobo-A1/install/fsrobo-a1:/opt/ros/foxy:/home/ny/FsRobo-A1/install/4dof /usr/bin/cmake --install /home/ny/FsRobo-A1/build/moveit2_tutorials
[11.016s] Level 1:colcon.colcon_core.environment:create_environment_scripts_only(moveit2_tutorials)
[11.016s] DEBUG:colcon.colcon_core.event_handler.log_command:Invoked command in '/home/ny/FsRobo-A1/build/moveit2_tutorials' returned '0': CMAKE_PREFIX_PATH=/home/ny/FsRobo-A1/install/moveit_visual_tools:/home/ny/FsRobo-A1/install/rviz_visual_tools:/home/ny/FsRobo-A1/install/moveit2_tutorials:/home/ny/FsRobo-A1/install/fsrobo_a1_msg_srv_4py:/home/ny/FsRobo-A1/install/py_pubsub:/home/ny/FsRobo-A1/install/my_package:/home/ny/FsRobo-A1/install/fsrobo_a1_serve_py:/home/ny/FsRobo-A1/install/fsrobo-a1:/opt/ros/foxy:/home/ny/FsRobo-A1/install/4dof /usr/bin/cmake --install /home/ny/FsRobo-A1/build/moveit2_tutorials
[11.018s] Level 1:colcon.colcon_core.environment:checking '/home/ny/FsRobo-A1/install/moveit2_tutorials' for CMake module files
[11.022s] Level 1:colcon.colcon_core.environment:checking '/home/ny/FsRobo-A1/install/moveit2_tutorials' for CMake config files
[11.023s] Level 1:colcon.colcon_core.shell:create_environment_hook('moveit2_tutorials', 'cmake_prefix_path')
[11.024s] INFO:colcon.colcon_core.shell:Creating environment descriptor '/home/ny/FsRobo-A1/install/moveit2_tutorials/share/moveit2_tutorials/hook/cmake_prefix_path.dsv'
[11.027s] INFO:colcon.colcon_core.shell:Creating environment hook '/home/ny/FsRobo-A1/install/moveit2_tutorials/share/moveit2_tutorials/hook/cmake_prefix_path.sh'
[11.031s] Level 1:colcon.colcon_core.environment:checking '/home/ny/FsRobo-A1/install/moveit2_tutorials/lib'
[11.031s] Level 1:colcon.colcon_core.environment:checking '/home/ny/FsRobo-A1/install/moveit2_tutorials/bin'
[11.032s] Level 1:colcon.colcon_core.environment:checking '/home/ny/FsRobo-A1/install/moveit2_tutorials/lib/pkgconfig/moveit2_tutorials.pc'
[11.033s] Level 1:colcon.colcon_core.environment:checking '/home/ny/FsRobo-A1/install/moveit2_tutorials/lib/python3.8/site-packages'
[11.033s] Level 1:colcon.colcon_core.environment:checking '/home/ny/FsRobo-A1/install/moveit2_tutorials/bin'
[11.034s] INFO:colcon.colcon_core.shell:Creating package descriptor '/home/ny/FsRobo-A1/install/moveit2_tutorials/share/moveit2_tutorials/package.dsv'
[11.036s] INFO:colcon.colcon_core.shell:Creating package script '/home/ny/FsRobo-A1/install/moveit2_tutorials/share/moveit2_tutorials/package.sh'
[11.038s] Level 1:colcon.colcon_core.environment:create_file_with_runtime_dependencies(/home/ny/FsRobo-A1/install/moveit2_tutorials/share/colcon-core/packages/moveit2_tutorials)
[11.178s] Level 1:colcon.colcon_core.environment:create_environment_scripts_only(moveit2_tutorials)
[11.179s] Level 1:colcon.colcon_core.environment:checking '/home/ny/FsRobo-A1/install/moveit2_tutorials' for CMake module files
[11.181s] Level 1:colcon.colcon_core.environment:checking '/home/ny/FsRobo-A1/install/moveit2_tutorials' for CMake config files
[11.182s] Level 1:colcon.colcon_core.shell:create_environment_hook('moveit2_tutorials', 'cmake_prefix_path')
[11.183s] INFO:colcon.colcon_core.shell:Creating environment descriptor '/home/ny/FsRobo-A1/install/moveit2_tutorials/share/moveit2_tutorials/hook/cmake_prefix_path.dsv'
[11.185s] INFO:colcon.colcon_core.shell:Creating environment hook '/home/ny/FsRobo-A1/install/moveit2_tutorials/share/moveit2_tutorials/hook/cmake_prefix_path.sh'
[11.188s] Level 1:colcon.colcon_core.environment:checking '/home/ny/FsRobo-A1/install/moveit2_tutorials/lib'
[11.189s] Level 1:colcon.colcon_core.environment:checking '/home/ny/FsRobo-A1/install/moveit2_tutorials/bin'
[11.189s] Level 1:colcon.colcon_core.environment:checking '/home/ny/FsRobo-A1/install/moveit2_tutorials/lib/pkgconfig/moveit2_tutorials.pc'
[11.190s] Level 1:colcon.colcon_core.environment:checking '/home/ny/FsRobo-A1/install/moveit2_tutorials/lib/python3.8/site-packages'
[11.190s] Level 1:colcon.colcon_core.environment:checking '/home/ny/FsRobo-A1/install/moveit2_tutorials/bin'
[11.191s] INFO:colcon.colcon_core.shell:Creating package descriptor '/home/ny/FsRobo-A1/install/moveit2_tutorials/share/moveit2_tutorials/package.dsv'
[11.193s] INFO:colcon.colcon_core.shell:Creating package script '/home/ny/FsRobo-A1/install/moveit2_tutorials/share/moveit2_tutorials/package.sh'
[11.195s] Level 1:colcon.colcon_core.environment:create_file_with_runtime_dependencies(/home/ny/FsRobo-A1/install/moveit2_tutorials/share/colcon-core/packages/moveit2_tutorials)
[11.196s] DEBUG:colcon.colcon_core.executor.sequential:run_until_complete 'moveit2_tutorials' finished with '0'
[11.197s] DEBUG:colcon.colcon_core.executor.sequential:closing loop
[11.198s] DEBUG:colcon.colcon_core.executor.sequential:loop closed
[11.198s] DEBUG:colcon.colcon_core.event_reactor:joining thread
[11.202s] DEBUG:colcon.colcon_core.event_reactor:joined thread
[11.203s] INFO:colcon.colcon_core.shell:Creating prefix script '/home/ny/FsRobo-A1/install/local_setup.sh'
[11.206s] INFO:colcon.colcon_core.shell:Creating prefix util module '/home/ny/FsRobo-A1/install/_local_setup_util_sh.py'
[11.213s] INFO:colcon.colcon_core.shell:Creating prefix chain script '/home/ny/FsRobo-A1/install/setup.sh'
