[0.375s] DEBUG:colcon:Command line arguments: ['/usr/bin/colcon', 'build']
[0.375s] DEBUG:colcon:Parsed command line arguments: Namespace(ament_cmake_args=None, base_paths=['.'], build_base='build', catkin_cmake_args=None, catkin_skip_building_tests=False, cmake_args=None, cmake_clean_cache=False, cmake_clean_first=False, cmake_force_configure=False, cmake_target=None, cmake_target_skip_unavailable=False, continue_on_error=False, event_handlers=None, executor='sequential', install_base='install', log_base=None, log_level=None, main=<bound method BuildVerb.main of <colcon_core.verb.build.BuildVerb object at 0x7f3a12f79430>>, merge_install=False, paths=None, symlink_install=False, test_result_base=None, verb_extension=<colcon_core.verb.build.BuildVerb object at 0x7f3a12f79430>, verb_name='build', verb_parser=<colcon_argcomplete.argument_parser.argcomplete.ArgcompleteDecorator object at 0x7f3a12f18790>)
[0.781s] Level 1:colcon.colcon_core.package_discovery:discover_packages(recursive) check parameters
[0.781s] Level 1:colcon.colcon_core.package_discovery:discover_packages(path) check parameters
[0.781s] Level 1:colcon.colcon_core.package_discovery:discover_packages(recursive) discover
[0.781s] INFO:colcon.colcon_core.package_discovery:Crawling recursively for packages in '/home/ny/FsRobo-A1'
[0.782s] Level 1:colcon.colcon_core.package_identification:_identify(.) by extensions ['ignore', 'ignore_ament_install']
[0.782s] Level 1:colcon.colcon_core.package_identification:_identify(.) by extension 'ignore'
[0.782s] Level 1:colcon.colcon_core.package_identification:_identify(.) by extension 'ignore_ament_install'
[0.782s] Level 1:colcon.colcon_core.package_identification:_identify(.) by extensions ['ros']
[0.782s] Level 1:colcon.colcon_core.package_identification:_identify(.) by extension 'ros'
[0.812s] Level 1:colcon.colcon_core.package_identification:_identify(.) by extensions ['cmake', 'python']
[0.812s] Level 1:colcon.colcon_core.package_identification:_identify(.) by extension 'cmake'
[0.812s] Level 1:colcon.colcon_core.package_identification:_identify(.) by extension 'python'
[0.813s] Level 1:colcon.colcon_core.package_identification:_identify(.) by extensions ['python_setup_py']
[0.813s] Level 1:colcon.colcon_core.package_identification:_identify(.) by extension 'python_setup_py'
[0.813s] Level 1:colcon.colcon_core.package_identification:_identify(build) by extensions ['ignore', 'ignore_ament_install']
[0.814s] Level 1:colcon.colcon_core.package_identification:_identify(build) by extension 'ignore'
[0.814s] Level 1:colcon.colcon_core.package_identification:_identify(build) ignored
[0.814s] Level 1:colcon.colcon_core.package_identification:_identify(install) by extensions ['ignore', 'ignore_ament_install']
[0.815s] Level 1:colcon.colcon_core.package_identification:_identify(install) by extension 'ignore'
[0.815s] Level 1:colcon.colcon_core.package_identification:_identify(install) ignored
[0.815s] Level 1:colcon.colcon_core.package_identification:_identify(log) by extensions ['ignore', 'ignore_ament_install']
[0.815s] Level 1:colcon.colcon_core.package_identification:_identify(log) by extension 'ignore'
[0.816s] Level 1:colcon.colcon_core.package_identification:_identify(log) ignored
[0.816s] Level 1:colcon.colcon_core.package_identification:_identify(src) by extensions ['ignore', 'ignore_ament_install']
[0.816s] Level 1:colcon.colcon_core.package_identification:_identify(src) by extension 'ignore'
[0.816s] Level 1:colcon.colcon_core.package_identification:_identify(src) by extension 'ignore_ament_install'
[0.817s] Level 1:colcon.colcon_core.package_identification:_identify(src) by extensions ['ros']
[0.817s] Level 1:colcon.colcon_core.package_identification:_identify(src) by extension 'ros'
[0.817s] Level 1:colcon.colcon_core.package_identification:_identify(src) by extensions ['cmake', 'python']
[0.817s] Level 1:colcon.colcon_core.package_identification:_identify(src) by extension 'cmake'
[0.817s] Level 1:colcon.colcon_core.package_identification:_identify(src) by extension 'python'
[0.817s] Level 1:colcon.colcon_core.package_identification:_identify(src) by extensions ['python_setup_py']
[0.817s] Level 1:colcon.colcon_core.package_identification:_identify(src) by extension 'python_setup_py'
[0.818s] Level 1:colcon.colcon_core.package_identification:_identify(src/4dof) by extensions ['ignore', 'ignore_ament_install']
[0.818s] Level 1:colcon.colcon_core.package_identification:_identify(src/4dof) by extension 'ignore'
[0.818s] Level 1:colcon.colcon_core.package_identification:_identify(src/4dof) by extension 'ignore_ament_install'
[0.818s] Level 1:colcon.colcon_core.package_identification:_identify(src/4dof) by extensions ['ros']
[0.818s] Level 1:colcon.colcon_core.package_identification:_identify(src/4dof) by extension 'ros'
[0.824s] DEBUG:colcon.colcon_core.package_identification:Package 'src/4dof' with type 'ros.ament_cmake' and name '4dof'
[0.824s] Level 1:colcon.colcon_core.package_identification:_identify(src/fsrobo_a1_serve_py) by extensions ['ignore', 'ignore_ament_install']
[0.824s] Level 1:colcon.colcon_core.package_identification:_identify(src/fsrobo_a1_serve_py) by extension 'ignore'
[0.825s] Level 1:colcon.colcon_core.package_identification:_identify(src/fsrobo_a1_serve_py) by extension 'ignore_ament_install'
[0.825s] Level 1:colcon.colcon_core.package_identification:_identify(src/fsrobo_a1_serve_py) by extensions ['ros']
[0.825s] Level 1:colcon.colcon_core.package_identification:_identify(src/fsrobo_a1_serve_py) by extension 'ros'
[0.826s] DEBUG:colcon.colcon_core.package_identification:Package 'src/fsrobo_a1_serve_py' with type 'ros.ament_python' and name 'fsrobo_a1_serve_py'
[0.827s] Level 1:colcon.colcon_core.package_identification:_identify(src/moveit2_tutorials_src) by extensions ['ignore', 'ignore_ament_install']
[0.827s] Level 1:colcon.colcon_core.package_identification:_identify(src/moveit2_tutorials_src) by extension 'ignore'
[0.827s] Level 1:colcon.colcon_core.package_identification:_identify(src/moveit2_tutorials_src) by extension 'ignore_ament_install'
[0.827s] Level 1:colcon.colcon_core.package_identification:_identify(src/moveit2_tutorials_src) by extensions ['ros']
[0.828s] Level 1:colcon.colcon_core.package_identification:_identify(src/moveit2_tutorials_src) by extension 'ros'
[0.828s] Level 1:colcon.colcon_core.package_identification:_identify(src/moveit2_tutorials_src) by extensions ['cmake', 'python']
[0.828s] Level 1:colcon.colcon_core.package_identification:_identify(src/moveit2_tutorials_src) by extension 'cmake'
[0.828s] Level 1:colcon.colcon_core.package_identification:_identify(src/moveit2_tutorials_src) by extension 'python'
[0.828s] Level 1:colcon.colcon_core.package_identification:_identify(src/moveit2_tutorials_src) by extensions ['python_setup_py']
[0.828s] Level 1:colcon.colcon_core.package_identification:_identify(src/moveit2_tutorials_src) by extension 'python_setup_py'
[0.829s] Level 1:colcon.colcon_core.package_identification:_identify(src/moveit2_tutorials_src/src) by extensions ['ignore', 'ignore_ament_install']
[0.829s] Level 1:colcon.colcon_core.package_identification:_identify(src/moveit2_tutorials_src/src) by extension 'ignore'
[0.829s] Level 1:colcon.colcon_core.package_identification:_identify(src/moveit2_tutorials_src/src) by extension 'ignore_ament_install'
[0.829s] Level 1:colcon.colcon_core.package_identification:_identify(src/moveit2_tutorials_src/src) by extensions ['ros']
[0.829s] Level 1:colcon.colcon_core.package_identification:_identify(src/moveit2_tutorials_src/src) by extension 'ros'
[0.830s] Level 1:colcon.colcon_core.package_identification:_identify(src/moveit2_tutorials_src/src) by extensions ['cmake', 'python']
[0.830s] Level 1:colcon.colcon_core.package_identification:_identify(src/moveit2_tutorials_src/src) by extension 'cmake'
[0.830s] Level 1:colcon.colcon_core.package_identification:_identify(src/moveit2_tutorials_src/src) by extension 'python'
[0.830s] Level 1:colcon.colcon_core.package_identification:_identify(src/moveit2_tutorials_src/src) by extensions ['python_setup_py']
[0.830s] Level 1:colcon.colcon_core.package_identification:_identify(src/moveit2_tutorials_src/src) by extension 'python_setup_py'
[0.830s] Level 1:colcon.colcon_core.package_identification:_identify(src/moveit2_tutorials_src/src/moveit2_tutorials) by extensions ['ignore', 'ignore_ament_install']
[0.831s] Level 1:colcon.colcon_core.package_identification:_identify(src/moveit2_tutorials_src/src/moveit2_tutorials) by extension 'ignore'
[0.831s] Level 1:colcon.colcon_core.package_identification:_identify(src/moveit2_tutorials_src/src/moveit2_tutorials) by extension 'ignore_ament_install'
[0.831s] Level 1:colcon.colcon_core.package_identification:_identify(src/moveit2_tutorials_src/src/moveit2_tutorials) by extensions ['ros']
[0.831s] Level 1:colcon.colcon_core.package_identification:_identify(src/moveit2_tutorials_src/src/moveit2_tutorials) by extension 'ros'
[0.835s] DEBUG:colcon.colcon_core.package_identification:Package 'src/moveit2_tutorials_src/src/moveit2_tutorials' with type 'ros.ament_cmake' and name 'moveit2_tutorials'
[0.836s] Level 1:colcon.colcon_core.package_identification:_identify(src/moveit2_tutorials_src/src/moveit_visual_tools) by extensions ['ignore', 'ignore_ament_install']
[0.836s] Level 1:colcon.colcon_core.package_identification:_identify(src/moveit2_tutorials_src/src/moveit_visual_tools) by extension 'ignore'
[0.836s] Level 1:colcon.colcon_core.package_identification:_identify(src/moveit2_tutorials_src/src/moveit_visual_tools) by extension 'ignore_ament_install'
[0.836s] Level 1:colcon.colcon_core.package_identification:_identify(src/moveit2_tutorials_src/src/moveit_visual_tools) by extensions ['ros']
[0.837s] Level 1:colcon.colcon_core.package_identification:_identify(src/moveit2_tutorials_src/src/moveit_visual_tools) by extension 'ros'
[0.838s] DEBUG:colcon.colcon_core.package_identification:Package 'src/moveit2_tutorials_src/src/moveit_visual_tools' with type 'ros.ament_cmake' and name 'moveit_visual_tools'
[0.839s] Level 1:colcon.colcon_core.package_identification:_identify(src/moveit2_tutorials_src/src/rviz_visual_tools) by extensions ['ignore', 'ignore_ament_install']
[0.839s] Level 1:colcon.colcon_core.package_identification:_identify(src/moveit2_tutorials_src/src/rviz_visual_tools) by extension 'ignore'
[0.839s] Level 1:colcon.colcon_core.package_identification:_identify(src/moveit2_tutorials_src/src/rviz_visual_tools) by extension 'ignore_ament_install'
[0.840s] Level 1:colcon.colcon_core.package_identification:_identify(src/moveit2_tutorials_src/src/rviz_visual_tools) by extensions ['ros']
[0.840s] Level 1:colcon.colcon_core.package_identification:_identify(src/moveit2_tutorials_src/src/rviz_visual_tools) by extension 'ros'
[0.844s] DEBUG:colcon.colcon_core.package_identification:Package 'src/moveit2_tutorials_src/src/rviz_visual_tools' with type 'ros.ament_cmake' and name 'rviz_visual_tools'
[0.845s] Level 1:colcon.colcon_core.package_identification:_identify(src/py_pubsub) by extensions ['ignore', 'ignore_ament_install']
[0.845s] Level 1:colcon.colcon_core.package_identification:_identify(src/py_pubsub) by extension 'ignore'
[0.845s] Level 1:colcon.colcon_core.package_identification:_identify(src/py_pubsub) by extension 'ignore_ament_install'
[0.846s] Level 1:colcon.colcon_core.package_identification:_identify(src/py_pubsub) by extensions ['ros']
[0.846s] Level 1:colcon.colcon_core.package_identification:_identify(src/py_pubsub) by extension 'ros'
[0.847s] DEBUG:colcon.colcon_core.package_identification:Package 'src/py_pubsub' with type 'ros.ament_python' and name 'py_pubsub'
[0.847s] Level 1:colcon.colcon_core.package_discovery:discover_packages(recursive) using defaults
[0.848s] Level 1:colcon.colcon_core.package_discovery:discover_packages(path) discover
[0.848s] Level 1:colcon.colcon_core.package_discovery:discover_packages(path) using defaults
[0.905s] Level 5:colcon.colcon_core.verb:set package '4dof' build argument 'cmake_args' from command line to 'None'
[0.905s] Level 5:colcon.colcon_core.verb:set package '4dof' build argument 'cmake_target' from command line to 'None'
[0.905s] Level 5:colcon.colcon_core.verb:set package '4dof' build argument 'cmake_target_skip_unavailable' from command line to 'False'
[0.905s] Level 5:colcon.colcon_core.verb:set package '4dof' build argument 'cmake_clean_cache' from command line to 'False'
[0.905s] Level 5:colcon.colcon_core.verb:set package '4dof' build argument 'cmake_clean_first' from command line to 'False'
[0.905s] Level 5:colcon.colcon_core.verb:set package '4dof' build argument 'cmake_force_configure' from command line to 'False'
[0.906s] Level 5:colcon.colcon_core.verb:set package '4dof' build argument 'ament_cmake_args' from command line to 'None'
[0.906s] Level 5:colcon.colcon_core.verb:set package '4dof' build argument 'catkin_cmake_args' from command line to 'None'
[0.906s] Level 5:colcon.colcon_core.verb:set package '4dof' build argument 'catkin_skip_building_tests' from command line to 'False'
[0.906s] DEBUG:colcon.colcon_core.verb:Building package '4dof' with the following arguments: {'ament_cmake_args': None, 'build_base': '/home/ny/FsRobo-A1/build/4dof', 'catkin_cmake_args': None, 'catkin_skip_building_tests': False, 'cmake_args': None, 'cmake_clean_cache': False, 'cmake_clean_first': False, 'cmake_force_configure': False, 'cmake_target': None, 'cmake_target_skip_unavailable': False, 'install_base': '/home/ny/FsRobo-A1/install/4dof', 'merge_install': False, 'path': '/home/ny/FsRobo-A1/src/4dof', 'symlink_install': False, 'test_result_base': None}
[0.907s] Level 5:colcon.colcon_core.verb:set package 'fsrobo_a1_serve_py' build argument 'cmake_args' from command line to 'None'
[0.907s] Level 5:colcon.colcon_core.verb:set package 'fsrobo_a1_serve_py' build argument 'cmake_target' from command line to 'None'
[0.907s] Level 5:colcon.colcon_core.verb:set package 'fsrobo_a1_serve_py' build argument 'cmake_target_skip_unavailable' from command line to 'False'
[0.907s] Level 5:colcon.colcon_core.verb:set package 'fsrobo_a1_serve_py' build argument 'cmake_clean_cache' from command line to 'False'
[0.907s] Level 5:colcon.colcon_core.verb:set package 'fsrobo_a1_serve_py' build argument 'cmake_clean_first' from command line to 'False'
[0.907s] Level 5:colcon.colcon_core.verb:set package 'fsrobo_a1_serve_py' build argument 'cmake_force_configure' from command line to 'False'
[0.907s] Level 5:colcon.colcon_core.verb:set package 'fsrobo_a1_serve_py' build argument 'ament_cmake_args' from command line to 'None'
[0.907s] Level 5:colcon.colcon_core.verb:set package 'fsrobo_a1_serve_py' build argument 'catkin_cmake_args' from command line to 'None'
[0.907s] Level 5:colcon.colcon_core.verb:set package 'fsrobo_a1_serve_py' build argument 'catkin_skip_building_tests' from command line to 'False'
[0.908s] DEBUG:colcon.colcon_core.verb:Building package 'fsrobo_a1_serve_py' with the following arguments: {'ament_cmake_args': None, 'build_base': '/home/ny/FsRobo-A1/build/fsrobo_a1_serve_py', 'catkin_cmake_args': None, 'catkin_skip_building_tests': False, 'cmake_args': None, 'cmake_clean_cache': False, 'cmake_clean_first': False, 'cmake_force_configure': False, 'cmake_target': None, 'cmake_target_skip_unavailable': False, 'install_base': '/home/ny/FsRobo-A1/install/fsrobo_a1_serve_py', 'merge_install': False, 'path': '/home/ny/FsRobo-A1/src/fsrobo_a1_serve_py', 'symlink_install': False, 'test_result_base': None}
[0.908s] Level 5:colcon.colcon_core.verb:set package 'py_pubsub' build argument 'cmake_args' from command line to 'None'
[0.908s] Level 5:colcon.colcon_core.verb:set package 'py_pubsub' build argument 'cmake_target' from command line to 'None'
[0.909s] Level 5:colcon.colcon_core.verb:set package 'py_pubsub' build argument 'cmake_target_skip_unavailable' from command line to 'False'
[0.909s] Level 5:colcon.colcon_core.verb:set package 'py_pubsub' build argument 'cmake_clean_cache' from command line to 'False'
[0.909s] Level 5:colcon.colcon_core.verb:set package 'py_pubsub' build argument 'cmake_clean_first' from command line to 'False'
[0.909s] Level 5:colcon.colcon_core.verb:set package 'py_pubsub' build argument 'cmake_force_configure' from command line to 'False'
[0.909s] Level 5:colcon.colcon_core.verb:set package 'py_pubsub' build argument 'ament_cmake_args' from command line to 'None'
[0.909s] Level 5:colcon.colcon_core.verb:set package 'py_pubsub' build argument 'catkin_cmake_args' from command line to 'None'
[0.909s] Level 5:colcon.colcon_core.verb:set package 'py_pubsub' build argument 'catkin_skip_building_tests' from command line to 'False'
[0.909s] DEBUG:colcon.colcon_core.verb:Building package 'py_pubsub' with the following arguments: {'ament_cmake_args': None, 'build_base': '/home/ny/FsRobo-A1/build/py_pubsub', 'catkin_cmake_args': None, 'catkin_skip_building_tests': False, 'cmake_args': None, 'cmake_clean_cache': False, 'cmake_clean_first': False, 'cmake_force_configure': False, 'cmake_target': None, 'cmake_target_skip_unavailable': False, 'install_base': '/home/ny/FsRobo-A1/install/py_pubsub', 'merge_install': False, 'path': '/home/ny/FsRobo-A1/src/py_pubsub', 'symlink_install': False, 'test_result_base': None}
[0.910s] Level 5:colcon.colcon_core.verb:set package 'rviz_visual_tools' build argument 'cmake_args' from command line to 'None'
[0.910s] Level 5:colcon.colcon_core.verb:set package 'rviz_visual_tools' build argument 'cmake_target' from command line to 'None'
[0.910s] Level 5:colcon.colcon_core.verb:set package 'rviz_visual_tools' build argument 'cmake_target_skip_unavailable' from command line to 'False'
[0.910s] Level 5:colcon.colcon_core.verb:set package 'rviz_visual_tools' build argument 'cmake_clean_cache' from command line to 'False'
[0.910s] Level 5:colcon.colcon_core.verb:set package 'rviz_visual_tools' build argument 'cmake_clean_first' from command line to 'False'
[0.910s] Level 5:colcon.colcon_core.verb:set package 'rviz_visual_tools' build argument 'cmake_force_configure' from command line to 'False'
[0.910s] Level 5:colcon.colcon_core.verb:set package 'rviz_visual_tools' build argument 'ament_cmake_args' from command line to 'None'
[0.910s] Level 5:colcon.colcon_core.verb:set package 'rviz_visual_tools' build argument 'catkin_cmake_args' from command line to 'None'
[0.910s] Level 5:colcon.colcon_core.verb:set package 'rviz_visual_tools' build argument 'catkin_skip_building_tests' from command line to 'False'
[0.910s] DEBUG:colcon.colcon_core.verb:Building package 'rviz_visual_tools' with the following arguments: {'ament_cmake_args': None, 'build_base': '/home/ny/FsRobo-A1/build/rviz_visual_tools', 'catkin_cmake_args': None, 'catkin_skip_building_tests': False, 'cmake_args': None, 'cmake_clean_cache': False, 'cmake_clean_first': False, 'cmake_force_configure': False, 'cmake_target': None, 'cmake_target_skip_unavailable': False, 'install_base': '/home/ny/FsRobo-A1/install/rviz_visual_tools', 'merge_install': False, 'path': '/home/ny/FsRobo-A1/src/moveit2_tutorials_src/src/rviz_visual_tools', 'symlink_install': False, 'test_result_base': None}
[0.911s] Level 5:colcon.colcon_core.verb:set package 'moveit_visual_tools' build argument 'cmake_args' from command line to 'None'
[0.911s] Level 5:colcon.colcon_core.verb:set package 'moveit_visual_tools' build argument 'cmake_target' from command line to 'None'
[0.911s] Level 5:colcon.colcon_core.verb:set package 'moveit_visual_tools' build argument 'cmake_target_skip_unavailable' from command line to 'False'
[0.911s] Level 5:colcon.colcon_core.verb:set package 'moveit_visual_tools' build argument 'cmake_clean_cache' from command line to 'False'
[0.911s] Level 5:colcon.colcon_core.verb:set package 'moveit_visual_tools' build argument 'cmake_clean_first' from command line to 'False'
[0.912s] Level 5:colcon.colcon_core.verb:set package 'moveit_visual_tools' build argument 'cmake_force_configure' from command line to 'False'
[0.912s] Level 5:colcon.colcon_core.verb:set package 'moveit_visual_tools' build argument 'ament_cmake_args' from command line to 'None'
[0.912s] Level 5:colcon.colcon_core.verb:set package 'moveit_visual_tools' build argument 'catkin_cmake_args' from command line to 'None'
[0.912s] Level 5:colcon.colcon_core.verb:set package 'moveit_visual_tools' build argument 'catkin_skip_building_tests' from command line to 'False'
[0.912s] DEBUG:colcon.colcon_core.verb:Building package 'moveit_visual_tools' with the following arguments: {'ament_cmake_args': None, 'build_base': '/home/ny/FsRobo-A1/build/moveit_visual_tools', 'catkin_cmake_args': None, 'catkin_skip_building_tests': False, 'cmake_args': None, 'cmake_clean_cache': False, 'cmake_clean_first': False, 'cmake_force_configure': False, 'cmake_target': None, 'cmake_target_skip_unavailable': False, 'install_base': '/home/ny/FsRobo-A1/install/moveit_visual_tools', 'merge_install': False, 'path': '/home/ny/FsRobo-A1/src/moveit2_tutorials_src/src/moveit_visual_tools', 'symlink_install': False, 'test_result_base': None}
[0.912s] Level 5:colcon.colcon_core.verb:set package 'moveit2_tutorials' build argument 'cmake_args' from command line to 'None'
[0.913s] Level 5:colcon.colcon_core.verb:set package 'moveit2_tutorials' build argument 'cmake_target' from command line to 'None'
[0.913s] Level 5:colcon.colcon_core.verb:set package 'moveit2_tutorials' build argument 'cmake_target_skip_unavailable' from command line to 'False'
[0.913s] Level 5:colcon.colcon_core.verb:set package 'moveit2_tutorials' build argument 'cmake_clean_cache' from command line to 'False'
[0.913s] Level 5:colcon.colcon_core.verb:set package 'moveit2_tutorials' build argument 'cmake_clean_first' from command line to 'False'
[0.913s] Level 5:colcon.colcon_core.verb:set package 'moveit2_tutorials' build argument 'cmake_force_configure' from command line to 'False'
[0.913s] Level 5:colcon.colcon_core.verb:set package 'moveit2_tutorials' build argument 'ament_cmake_args' from command line to 'None'
[0.913s] Level 5:colcon.colcon_core.verb:set package 'moveit2_tutorials' build argument 'catkin_cmake_args' from command line to 'None'
[0.913s] Level 5:colcon.colcon_core.verb:set package 'moveit2_tutorials' build argument 'catkin_skip_building_tests' from command line to 'False'
[0.913s] DEBUG:colcon.colcon_core.verb:Building package 'moveit2_tutorials' with the following arguments: {'ament_cmake_args': None, 'build_base': '/home/ny/FsRobo-A1/build/moveit2_tutorials', 'catkin_cmake_args': None, 'catkin_skip_building_tests': False, 'cmake_args': None, 'cmake_clean_cache': False, 'cmake_clean_first': False, 'cmake_force_configure': False, 'cmake_target': None, 'cmake_target_skip_unavailable': False, 'install_base': '/home/ny/FsRobo-A1/install/moveit2_tutorials', 'merge_install': False, 'path': '/home/ny/FsRobo-A1/src/moveit2_tutorials_src/src/moveit2_tutorials', 'symlink_install': False, 'test_result_base': None}
[0.914s] INFO:colcon.colcon_core.executor:Executing jobs using 'sequential' executor
[0.916s] DEBUG:colcon.colcon_core.executor.sequential:run_until_complete '4dof'
[0.917s] INFO:colcon.colcon_ros.task.ament_cmake.build:Building ROS package in '/home/ny/FsRobo-A1/src/4dof' with build type 'ament_cmake'
[0.917s] INFO:colcon.colcon_cmake.task.cmake.build:Building CMake package in '/home/ny/FsRobo-A1/src/4dof'
[0.919s] INFO:colcon.colcon_core.plugin_system:Skipping extension 'colcon_core.shell.bat': Not used on non-Windows systems
[0.920s] DEBUG:colcon.colcon_core.shell:Skip shell extension 'dsv' for command environment
[0.957s] DEBUG:colcon.colcon_core.event_handler.log_command:Invoking command in '/home/ny/FsRobo-A1/build/4dof': CMAKE_PREFIX_PATH=/home/ny/FsRobo-A1/install/moveit2_tutorials:/home/ny/FsRobo-A1/install/moveit_visual_tools:/home/ny/FsRobo-A1/install/rviz_visual_tools:/home/ny/FsRobo-A1/install/fsrobo_a1_msg_srv_4py:/home/ny/FsRobo-A1/install/py_pubsub:/home/ny/FsRobo-A1/install/my_package:/home/ny/FsRobo-A1/install/fsrobo_a1_serve_py:/opt/ros/foxy:/home/ny/FsRobo-A1/install/4dof /usr/bin/cmake --build /home/ny/FsRobo-A1/build/4dof -- -j16 -l16
[1.086s] DEBUG:colcon.colcon_core.event_handler.log_command:Invoked command in '/home/ny/FsRobo-A1/build/4dof' returned '0': CMAKE_PREFIX_PATH=/home/ny/FsRobo-A1/install/moveit2_tutorials:/home/ny/FsRobo-A1/install/moveit_visual_tools:/home/ny/FsRobo-A1/install/rviz_visual_tools:/home/ny/FsRobo-A1/install/fsrobo_a1_msg_srv_4py:/home/ny/FsRobo-A1/install/py_pubsub:/home/ny/FsRobo-A1/install/my_package:/home/ny/FsRobo-A1/install/fsrobo_a1_serve_py:/opt/ros/foxy:/home/ny/FsRobo-A1/install/4dof /usr/bin/cmake --build /home/ny/FsRobo-A1/build/4dof -- -j16 -l16
[1.216s] DEBUG:colcon.colcon_core.event_handler.log_command:Invoking command in '/home/ny/FsRobo-A1/build/4dof': CMAKE_PREFIX_PATH=/home/ny/FsRobo-A1/install/moveit2_tutorials:/home/ny/FsRobo-A1/install/moveit_visual_tools:/home/ny/FsRobo-A1/install/rviz_visual_tools:/home/ny/FsRobo-A1/install/fsrobo_a1_msg_srv_4py:/home/ny/FsRobo-A1/install/py_pubsub:/home/ny/FsRobo-A1/install/my_package:/home/ny/FsRobo-A1/install/fsrobo_a1_serve_py:/opt/ros/foxy:/home/ny/FsRobo-A1/install/4dof /usr/bin/cmake --install /home/ny/FsRobo-A1/build/4dof
[1.257s] Level 1:colcon.colcon_core.environment:create_environment_scripts_only(4dof)
[1.258s] DEBUG:colcon.colcon_core.event_handler.log_command:Invoked command in '/home/ny/FsRobo-A1/build/4dof' returned '0': CMAKE_PREFIX_PATH=/home/ny/FsRobo-A1/install/moveit2_tutorials:/home/ny/FsRobo-A1/install/moveit_visual_tools:/home/ny/FsRobo-A1/install/rviz_visual_tools:/home/ny/FsRobo-A1/install/fsrobo_a1_msg_srv_4py:/home/ny/FsRobo-A1/install/py_pubsub:/home/ny/FsRobo-A1/install/my_package:/home/ny/FsRobo-A1/install/fsrobo_a1_serve_py:/opt/ros/foxy:/home/ny/FsRobo-A1/install/4dof /usr/bin/cmake --install /home/ny/FsRobo-A1/build/4dof
[1.268s] Level 1:colcon.colcon_core.environment:checking '/home/ny/FsRobo-A1/install/4dof' for CMake module files
[1.271s] Level 1:colcon.colcon_core.environment:checking '/home/ny/FsRobo-A1/install/4dof' for CMake config files
[1.272s] Level 1:colcon.colcon_core.shell:create_environment_hook('4dof', 'cmake_prefix_path')
[1.273s] INFO:colcon.colcon_core.shell:Creating environment descriptor '/home/ny/FsRobo-A1/install/4dof/share/4dof/hook/cmake_prefix_path.dsv'
[1.276s] INFO:colcon.colcon_core.shell:Creating environment hook '/home/ny/FsRobo-A1/install/4dof/share/4dof/hook/cmake_prefix_path.sh'
[1.279s] Level 1:colcon.colcon_core.environment:checking '/home/ny/FsRobo-A1/install/4dof/bin'
[1.279s] Level 1:colcon.colcon_core.environment:checking '/home/ny/FsRobo-A1/install/4dof/lib/pkgconfig/4dof.pc'
[1.282s] Level 1:colcon.colcon_core.environment:checking '/home/ny/FsRobo-A1/install/4dof/lib/python3.8/site-packages'
[1.283s] Level 1:colcon.colcon_core.environment:checking '/home/ny/FsRobo-A1/install/4dof/bin'
[1.284s] INFO:colcon.colcon_core.shell:Creating package descriptor '/home/ny/FsRobo-A1/install/4dof/share/4dof/package.dsv'
[1.286s] INFO:colcon.colcon_core.shell:Creating package script '/home/ny/FsRobo-A1/install/4dof/share/4dof/package.sh'
[1.289s] Level 1:colcon.colcon_core.environment:create_file_with_runtime_dependencies(/home/ny/FsRobo-A1/install/4dof/share/colcon-core/packages/4dof)
[1.382s] Level 1:colcon.colcon_core.environment:create_environment_scripts_only(4dof)
[1.383s] Level 1:colcon.colcon_core.environment:checking '/home/ny/FsRobo-A1/install/4dof' for CMake module files
[1.385s] Level 1:colcon.colcon_core.environment:checking '/home/ny/FsRobo-A1/install/4dof' for CMake config files
[1.386s] Level 1:colcon.colcon_core.shell:create_environment_hook('4dof', 'cmake_prefix_path')
[1.387s] INFO:colcon.colcon_core.shell:Creating environment descriptor '/home/ny/FsRobo-A1/install/4dof/share/4dof/hook/cmake_prefix_path.dsv'
[1.389s] INFO:colcon.colcon_core.shell:Creating environment hook '/home/ny/FsRobo-A1/install/4dof/share/4dof/hook/cmake_prefix_path.sh'
[1.391s] Level 1:colcon.colcon_core.environment:checking '/home/ny/FsRobo-A1/install/4dof/bin'
[1.392s] Level 1:colcon.colcon_core.environment:checking '/home/ny/FsRobo-A1/install/4dof/lib/pkgconfig/4dof.pc'
[1.392s] Level 1:colcon.colcon_core.environment:checking '/home/ny/FsRobo-A1/install/4dof/lib/python3.8/site-packages'
[1.392s] Level 1:colcon.colcon_core.environment:checking '/home/ny/FsRobo-A1/install/4dof/bin'
[1.393s] INFO:colcon.colcon_core.shell:Creating package descriptor '/home/ny/FsRobo-A1/install/4dof/share/4dof/package.dsv'
[1.394s] INFO:colcon.colcon_core.shell:Creating package script '/home/ny/FsRobo-A1/install/4dof/share/4dof/package.sh'
[1.395s] Level 1:colcon.colcon_core.environment:create_file_with_runtime_dependencies(/home/ny/FsRobo-A1/install/4dof/share/colcon-core/packages/4dof)
[1.396s] DEBUG:colcon.colcon_core.executor.sequential:run_until_complete '4dof' finished with '0'
[1.396s] DEBUG:colcon.colcon_core.executor.sequential:run_until_complete 'fsrobo_a1_serve_py'
[1.397s] INFO:colcon.colcon_ros.task.ament_python.build:Building ROS package in '/home/ny/FsRobo-A1/src/fsrobo_a1_serve_py' with build type 'ament_python'
[1.397s] Level 1:colcon.colcon_core.shell:create_environment_hook('fsrobo_a1_serve_py', 'ament_prefix_path')
[1.397s] INFO:colcon.colcon_core.shell:Creating environment descriptor '/home/ny/FsRobo-A1/install/fsrobo_a1_serve_py/share/fsrobo_a1_serve_py/hook/ament_prefix_path.dsv'
[1.399s] INFO:colcon.colcon_core.shell:Creating environment hook '/home/ny/FsRobo-A1/install/fsrobo_a1_serve_py/share/fsrobo_a1_serve_py/hook/ament_prefix_path.sh'
[1.401s] DEBUG:colcon.colcon_core.shell:Skip shell extension 'dsv' for command environment
[2.019s] INFO:colcon.colcon_core.task.python.build:Building Python package in '/home/ny/FsRobo-A1/src/fsrobo_a1_serve_py'
[2.021s] DEBUG:colcon.colcon_core.shell:Skip shell extension 'dsv' for command environment
[3.242s] DEBUG:colcon.colcon_core.event_handler.log_command:Invoking command in '/home/ny/FsRobo-A1/src/fsrobo_a1_serve_py': PYTHONPATH=/home/ny/FsRobo-A1/build/fsrobo_a1_serve_py/prefix_override:/usr/lib/python3/dist-packages/colcon_core/task/python/colcon_distutils_commands:/home/ny/FsRobo-A1/install/fsrobo_a1_serve_py/lib/python3.8/site-packages:${PYTHONPATH} /usr/bin/python3 -W ignore:setup.py install is deprecated setup.py egg_info --egg-base ../../build/fsrobo_a1_serve_py build --build-base /home/ny/FsRobo-A1/build/fsrobo_a1_serve_py/build install --record /home/ny/FsRobo-A1/build/fsrobo_a1_serve_py/install.log --install-scripts $base/lib/fsrobo_a1_serve_py --single-version-externally-managed install_data
[4.142s] Level 1:colcon.colcon_core.environment:checking '/home/ny/FsRobo-A1/install/fsrobo_a1_serve_py' for CMake module files
[4.143s] DEBUG:colcon.colcon_core.event_handler.log_command:Invoked command in '/home/ny/FsRobo-A1/src/fsrobo_a1_serve_py' returned '0': PYTHONPATH=/home/ny/FsRobo-A1/build/fsrobo_a1_serve_py/prefix_override:/usr/lib/python3/dist-packages/colcon_core/task/python/colcon_distutils_commands:/home/ny/FsRobo-A1/install/fsrobo_a1_serve_py/lib/python3.8/site-packages:${PYTHONPATH} /usr/bin/python3 -W ignore:setup.py install is deprecated setup.py egg_info --egg-base ../../build/fsrobo_a1_serve_py build --build-base /home/ny/FsRobo-A1/build/fsrobo_a1_serve_py/build install --record /home/ny/FsRobo-A1/build/fsrobo_a1_serve_py/install.log --install-scripts $base/lib/fsrobo_a1_serve_py --single-version-externally-managed install_data
[4.145s] Level 1:colcon.colcon_core.environment:checking '/home/ny/FsRobo-A1/install/fsrobo_a1_serve_py' for CMake config files
[4.148s] Level 1:colcon.colcon_core.environment:checking '/home/ny/FsRobo-A1/install/fsrobo_a1_serve_py/lib'
[4.149s] Level 1:colcon.colcon_core.environment:checking '/home/ny/FsRobo-A1/install/fsrobo_a1_serve_py/bin'
[4.149s] Level 1:colcon.colcon_core.environment:checking '/home/ny/FsRobo-A1/install/fsrobo_a1_serve_py/lib/pkgconfig/fsrobo_a1_serve_py.pc'
[4.150s] Level 1:colcon.colcon_core.environment:checking '/home/ny/FsRobo-A1/install/fsrobo_a1_serve_py/lib/python3.8/site-packages'
[4.151s] Level 1:colcon.colcon_core.shell:create_environment_hook('fsrobo_a1_serve_py', 'pythonpath')
[4.152s] INFO:colcon.colcon_core.shell:Creating environment descriptor '/home/ny/FsRobo-A1/install/fsrobo_a1_serve_py/share/fsrobo_a1_serve_py/hook/pythonpath.dsv'
[4.155s] INFO:colcon.colcon_core.shell:Creating environment hook '/home/ny/FsRobo-A1/install/fsrobo_a1_serve_py/share/fsrobo_a1_serve_py/hook/pythonpath.sh'
[4.157s] Level 1:colcon.colcon_core.environment:checking '/home/ny/FsRobo-A1/install/fsrobo_a1_serve_py/bin'
[4.157s] Level 1:colcon.colcon_core.environment:create_environment_scripts_only(fsrobo_a1_serve_py)
[4.158s] INFO:colcon.colcon_core.shell:Creating package descriptor '/home/ny/FsRobo-A1/install/fsrobo_a1_serve_py/share/fsrobo_a1_serve_py/package.dsv'
[4.161s] INFO:colcon.colcon_core.shell:Creating package script '/home/ny/FsRobo-A1/install/fsrobo_a1_serve_py/share/fsrobo_a1_serve_py/package.sh'
[4.163s] Level 1:colcon.colcon_core.environment:create_file_with_runtime_dependencies(/home/ny/FsRobo-A1/install/fsrobo_a1_serve_py/share/colcon-core/packages/fsrobo_a1_serve_py)
[4.165s] DEBUG:colcon.colcon_core.executor.sequential:run_until_complete 'fsrobo_a1_serve_py' finished with '0'
[4.166s] DEBUG:colcon.colcon_core.executor.sequential:run_until_complete 'py_pubsub'
[4.166s] INFO:colcon.colcon_ros.task.ament_python.build:Building ROS package in '/home/ny/FsRobo-A1/src/py_pubsub' with build type 'ament_python'
[4.167s] Level 1:colcon.colcon_core.shell:create_environment_hook('py_pubsub', 'ament_prefix_path')
[4.168s] INFO:colcon.colcon_core.shell:Creating environment descriptor '/home/ny/FsRobo-A1/install/py_pubsub/share/py_pubsub/hook/ament_prefix_path.dsv'
[4.170s] INFO:colcon.colcon_core.shell:Creating environment hook '/home/ny/FsRobo-A1/install/py_pubsub/share/py_pubsub/hook/ament_prefix_path.sh'
[4.173s] DEBUG:colcon.colcon_core.shell:Skip shell extension 'dsv' for command environment
[4.796s] INFO:colcon.colcon_core.task.python.build:Building Python package in '/home/ny/FsRobo-A1/src/py_pubsub'
[4.798s] DEBUG:colcon.colcon_core.shell:Skip shell extension 'dsv' for command environment
[6.042s] DEBUG:colcon.colcon_core.event_handler.log_command:Invoking command in '/home/ny/FsRobo-A1/src/py_pubsub': PYTHONPATH=/home/ny/FsRobo-A1/build/py_pubsub/prefix_override:/usr/lib/python3/dist-packages/colcon_core/task/python/colcon_distutils_commands:/home/ny/FsRobo-A1/install/py_pubsub/lib/python3.8/site-packages:${PYTHONPATH} /usr/bin/python3 -W ignore:setup.py install is deprecated setup.py egg_info --egg-base ../../build/py_pubsub build --build-base /home/ny/FsRobo-A1/build/py_pubsub/build install --record /home/ny/FsRobo-A1/build/py_pubsub/install.log --install-scripts $base/lib/py_pubsub --single-version-externally-managed install_data
[6.859s] Level 1:colcon.colcon_core.environment:checking '/home/ny/FsRobo-A1/install/py_pubsub' for CMake module files
[6.860s] DEBUG:colcon.colcon_core.event_handler.log_command:Invoked command in '/home/ny/FsRobo-A1/src/py_pubsub' returned '0': PYTHONPATH=/home/ny/FsRobo-A1/build/py_pubsub/prefix_override:/usr/lib/python3/dist-packages/colcon_core/task/python/colcon_distutils_commands:/home/ny/FsRobo-A1/install/py_pubsub/lib/python3.8/site-packages:${PYTHONPATH} /usr/bin/python3 -W ignore:setup.py install is deprecated setup.py egg_info --egg-base ../../build/py_pubsub build --build-base /home/ny/FsRobo-A1/build/py_pubsub/build install --record /home/ny/FsRobo-A1/build/py_pubsub/install.log --install-scripts $base/lib/py_pubsub --single-version-externally-managed install_data
[6.862s] Level 1:colcon.colcon_core.environment:checking '/home/ny/FsRobo-A1/install/py_pubsub' for CMake config files
[6.864s] Level 1:colcon.colcon_core.environment:checking '/home/ny/FsRobo-A1/install/py_pubsub/lib'
[6.864s] Level 1:colcon.colcon_core.environment:checking '/home/ny/FsRobo-A1/install/py_pubsub/bin'
[6.865s] Level 1:colcon.colcon_core.environment:checking '/home/ny/FsRobo-A1/install/py_pubsub/lib/pkgconfig/py_pubsub.pc'
[6.866s] Level 1:colcon.colcon_core.environment:checking '/home/ny/FsRobo-A1/install/py_pubsub/lib/python3.8/site-packages'
[6.866s] Level 1:colcon.colcon_core.shell:create_environment_hook('py_pubsub', 'pythonpath')
[6.867s] INFO:colcon.colcon_core.shell:Creating environment descriptor '/home/ny/FsRobo-A1/install/py_pubsub/share/py_pubsub/hook/pythonpath.dsv'
[6.869s] INFO:colcon.colcon_core.shell:Creating environment hook '/home/ny/FsRobo-A1/install/py_pubsub/share/py_pubsub/hook/pythonpath.sh'
[6.871s] Level 1:colcon.colcon_core.environment:checking '/home/ny/FsRobo-A1/install/py_pubsub/bin'
[6.871s] Level 1:colcon.colcon_core.environment:create_environment_scripts_only(py_pubsub)
[6.872s] INFO:colcon.colcon_core.shell:Creating package descriptor '/home/ny/FsRobo-A1/install/py_pubsub/share/py_pubsub/package.dsv'
[6.874s] INFO:colcon.colcon_core.shell:Creating package script '/home/ny/FsRobo-A1/install/py_pubsub/share/py_pubsub/package.sh'
[6.876s] Level 1:colcon.colcon_core.environment:create_file_with_runtime_dependencies(/home/ny/FsRobo-A1/install/py_pubsub/share/colcon-core/packages/py_pubsub)
[6.877s] DEBUG:colcon.colcon_core.executor.sequential:run_until_complete 'py_pubsub' finished with '0'
[6.877s] DEBUG:colcon.colcon_core.executor.sequential:run_until_complete 'rviz_visual_tools'
[6.877s] INFO:colcon.colcon_ros.task.ament_cmake.build:Building ROS package in '/home/ny/FsRobo-A1/src/moveit2_tutorials_src/src/rviz_visual_tools' with build type 'ament_cmake'
[6.878s] INFO:colcon.colcon_cmake.task.cmake.build:Building CMake package in '/home/ny/FsRobo-A1/src/moveit2_tutorials_src/src/rviz_visual_tools'
[6.878s] DEBUG:colcon.colcon_core.shell:Skip shell extension 'dsv' for command environment
[6.915s] DEBUG:colcon.colcon_core.event_handler.log_command:Invoking command in '/home/ny/FsRobo-A1/build/rviz_visual_tools': CMAKE_PREFIX_PATH=/home/ny/FsRobo-A1/install/moveit2_tutorials:/home/ny/FsRobo-A1/install/moveit_visual_tools:/home/ny/FsRobo-A1/install/rviz_visual_tools:/home/ny/FsRobo-A1/install/fsrobo_a1_msg_srv_4py:/home/ny/FsRobo-A1/install/py_pubsub:/home/ny/FsRobo-A1/install/my_package:/home/ny/FsRobo-A1/install/fsrobo_a1_serve_py:/opt/ros/foxy:/home/ny/FsRobo-A1/install/4dof /usr/bin/cmake --build /home/ny/FsRobo-A1/build/rviz_visual_tools -- -j16 -l16
[8.201s] DEBUG:colcon.colcon_core.event_handler.log_command:Invoked command in '/home/ny/FsRobo-A1/build/rviz_visual_tools' returned '0': CMAKE_PREFIX_PATH=/home/ny/FsRobo-A1/install/moveit2_tutorials:/home/ny/FsRobo-A1/install/moveit_visual_tools:/home/ny/FsRobo-A1/install/rviz_visual_tools:/home/ny/FsRobo-A1/install/fsrobo_a1_msg_srv_4py:/home/ny/FsRobo-A1/install/py_pubsub:/home/ny/FsRobo-A1/install/my_package:/home/ny/FsRobo-A1/install/fsrobo_a1_serve_py:/opt/ros/foxy:/home/ny/FsRobo-A1/install/4dof /usr/bin/cmake --build /home/ny/FsRobo-A1/build/rviz_visual_tools -- -j16 -l16
[8.563s] DEBUG:colcon.colcon_core.event_handler.log_command:Invoking command in '/home/ny/FsRobo-A1/build/rviz_visual_tools': CMAKE_PREFIX_PATH=/home/ny/FsRobo-A1/install/moveit2_tutorials:/home/ny/FsRobo-A1/install/moveit_visual_tools:/home/ny/FsRobo-A1/install/rviz_visual_tools:/home/ny/FsRobo-A1/install/fsrobo_a1_msg_srv_4py:/home/ny/FsRobo-A1/install/py_pubsub:/home/ny/FsRobo-A1/install/my_package:/home/ny/FsRobo-A1/install/fsrobo_a1_serve_py:/opt/ros/foxy:/home/ny/FsRobo-A1/install/4dof /usr/bin/cmake --install /home/ny/FsRobo-A1/build/rviz_visual_tools
[8.616s] Level 1:colcon.colcon_core.environment:create_environment_scripts_only(rviz_visual_tools)
[8.618s] Level 1:colcon.colcon_core.environment:checking '/home/ny/FsRobo-A1/install/rviz_visual_tools' for CMake module files
[8.618s] DEBUG:colcon.colcon_core.event_handler.log_command:Invoked command in '/home/ny/FsRobo-A1/build/rviz_visual_tools' returned '0': CMAKE_PREFIX_PATH=/home/ny/FsRobo-A1/install/moveit2_tutorials:/home/ny/FsRobo-A1/install/moveit_visual_tools:/home/ny/FsRobo-A1/install/rviz_visual_tools:/home/ny/FsRobo-A1/install/fsrobo_a1_msg_srv_4py:/home/ny/FsRobo-A1/install/py_pubsub:/home/ny/FsRobo-A1/install/my_package:/home/ny/FsRobo-A1/install/fsrobo_a1_serve_py:/opt/ros/foxy:/home/ny/FsRobo-A1/install/4dof /usr/bin/cmake --install /home/ny/FsRobo-A1/build/rviz_visual_tools
[8.621s] Level 1:colcon.colcon_core.environment:checking '/home/ny/FsRobo-A1/install/rviz_visual_tools' for CMake config files
[8.622s] Level 1:colcon.colcon_core.shell:create_environment_hook('rviz_visual_tools', 'cmake_prefix_path')
[8.622s] INFO:colcon.colcon_core.shell:Creating environment descriptor '/home/ny/FsRobo-A1/install/rviz_visual_tools/share/rviz_visual_tools/hook/cmake_prefix_path.dsv'
[8.625s] INFO:colcon.colcon_core.shell:Creating environment hook '/home/ny/FsRobo-A1/install/rviz_visual_tools/share/rviz_visual_tools/hook/cmake_prefix_path.sh'
[8.627s] Level 1:colcon.colcon_core.environment:checking '/home/ny/FsRobo-A1/install/rviz_visual_tools/lib'
[8.628s] Level 1:colcon.colcon_core.shell:create_environment_hook('rviz_visual_tools', 'ld_library_path_lib')
[8.628s] INFO:colcon.colcon_core.shell:Creating environment descriptor '/home/ny/FsRobo-A1/install/rviz_visual_tools/share/rviz_visual_tools/hook/ld_library_path_lib.dsv'
[8.629s] INFO:colcon.colcon_core.shell:Creating environment hook '/home/ny/FsRobo-A1/install/rviz_visual_tools/share/rviz_visual_tools/hook/ld_library_path_lib.sh'
[8.631s] Level 1:colcon.colcon_core.environment:checking '/home/ny/FsRobo-A1/install/rviz_visual_tools/bin'
[8.631s] Level 1:colcon.colcon_core.environment:checking '/home/ny/FsRobo-A1/install/rviz_visual_tools/lib/pkgconfig/rviz_visual_tools.pc'
[8.632s] Level 1:colcon.colcon_core.environment:checking '/home/ny/FsRobo-A1/install/rviz_visual_tools/lib/python3.8/site-packages'
[8.632s] Level 1:colcon.colcon_core.environment:checking '/home/ny/FsRobo-A1/install/rviz_visual_tools/bin'
[8.633s] INFO:colcon.colcon_core.shell:Creating package descriptor '/home/ny/FsRobo-A1/install/rviz_visual_tools/share/rviz_visual_tools/package.dsv'
[8.635s] INFO:colcon.colcon_core.shell:Creating package script '/home/ny/FsRobo-A1/install/rviz_visual_tools/share/rviz_visual_tools/package.sh'
[8.637s] Level 1:colcon.colcon_core.environment:create_file_with_runtime_dependencies(/home/ny/FsRobo-A1/install/rviz_visual_tools/share/colcon-core/packages/rviz_visual_tools)
[8.975s] Level 1:colcon.colcon_core.environment:create_environment_scripts_only(rviz_visual_tools)
[8.976s] Level 1:colcon.colcon_core.environment:checking '/home/ny/FsRobo-A1/install/rviz_visual_tools' for CMake module files
[8.978s] Level 1:colcon.colcon_core.environment:checking '/home/ny/FsRobo-A1/install/rviz_visual_tools' for CMake config files
[8.978s] Level 1:colcon.colcon_core.shell:create_environment_hook('rviz_visual_tools', 'cmake_prefix_path')
[8.979s] INFO:colcon.colcon_core.shell:Creating environment descriptor '/home/ny/FsRobo-A1/install/rviz_visual_tools/share/rviz_visual_tools/hook/cmake_prefix_path.dsv'
[8.980s] INFO:colcon.colcon_core.shell:Creating environment hook '/home/ny/FsRobo-A1/install/rviz_visual_tools/share/rviz_visual_tools/hook/cmake_prefix_path.sh'
[8.982s] Level 1:colcon.colcon_core.environment:checking '/home/ny/FsRobo-A1/install/rviz_visual_tools/lib'
[8.983s] Level 1:colcon.colcon_core.shell:create_environment_hook('rviz_visual_tools', 'ld_library_path_lib')
[8.983s] INFO:colcon.colcon_core.shell:Creating environment descriptor '/home/ny/FsRobo-A1/install/rviz_visual_tools/share/rviz_visual_tools/hook/ld_library_path_lib.dsv'
[8.985s] INFO:colcon.colcon_core.shell:Creating environment hook '/home/ny/FsRobo-A1/install/rviz_visual_tools/share/rviz_visual_tools/hook/ld_library_path_lib.sh'
[8.986s] Level 1:colcon.colcon_core.environment:checking '/home/ny/FsRobo-A1/install/rviz_visual_tools/bin'
[8.987s] Level 1:colcon.colcon_core.environment:checking '/home/ny/FsRobo-A1/install/rviz_visual_tools/lib/pkgconfig/rviz_visual_tools.pc'
[8.988s] Level 1:colcon.colcon_core.environment:checking '/home/ny/FsRobo-A1/install/rviz_visual_tools/lib/python3.8/site-packages'
[8.988s] Level 1:colcon.colcon_core.environment:checking '/home/ny/FsRobo-A1/install/rviz_visual_tools/bin'
[8.989s] INFO:colcon.colcon_core.shell:Creating package descriptor '/home/ny/FsRobo-A1/install/rviz_visual_tools/share/rviz_visual_tools/package.dsv'
[8.991s] INFO:colcon.colcon_core.shell:Creating package script '/home/ny/FsRobo-A1/install/rviz_visual_tools/share/rviz_visual_tools/package.sh'
[8.993s] Level 1:colcon.colcon_core.environment:create_file_with_runtime_dependencies(/home/ny/FsRobo-A1/install/rviz_visual_tools/share/colcon-core/packages/rviz_visual_tools)
[8.994s] DEBUG:colcon.colcon_core.executor.sequential:run_until_complete 'rviz_visual_tools' finished with '0'
[8.995s] DEBUG:colcon.colcon_core.executor.sequential:run_until_complete 'moveit_visual_tools'
[8.995s] INFO:colcon.colcon_ros.task.ament_cmake.build:Building ROS package in '/home/ny/FsRobo-A1/src/moveit2_tutorials_src/src/moveit_visual_tools' with build type 'ament_cmake'
[8.995s] INFO:colcon.colcon_cmake.task.cmake.build:Building CMake package in '/home/ny/FsRobo-A1/src/moveit2_tutorials_src/src/moveit_visual_tools'
[8.996s] DEBUG:colcon.colcon_core.shell:Skip shell extension 'dsv' for command environment
[9.036s] DEBUG:colcon.colcon_core.event_handler.log_command:Invoking command in '/home/ny/FsRobo-A1/build/moveit_visual_tools': CMAKE_PREFIX_PATH=/home/ny/FsRobo-A1/install/rviz_visual_tools:/home/ny/FsRobo-A1/install/moveit2_tutorials:/home/ny/FsRobo-A1/install/moveit_visual_tools:/home/ny/FsRobo-A1/install/fsrobo_a1_msg_srv_4py:/home/ny/FsRobo-A1/install/py_pubsub:/home/ny/FsRobo-A1/install/my_package:/home/ny/FsRobo-A1/install/fsrobo_a1_serve_py:/opt/ros/foxy:/home/ny/FsRobo-A1/install/4dof LD_LIBRARY_PATH=/home/ny/FsRobo-A1/install/rviz_visual_tools/lib:/home/ny/FsRobo-A1/install/moveit_visual_tools/lib:/home/ny/FsRobo-A1/install/fsrobo_a1_msg_srv_4py/lib:/home/ny/.x-cmd.root/local/data/pkg/sphere/X/l/j/h/lib:/opt/ros/foxy/opt/yaml_cpp_vendor/lib:/opt/ros/foxy/opt/rviz_ogre_vendor/lib:/opt/ros/foxy/lib/x86_64-linux-gnu:/opt/ros/foxy/lib /usr/bin/cmake --build /home/ny/FsRobo-A1/build/moveit_visual_tools -- -j16 -l16
[9.494s] DEBUG:colcon.colcon_core.event_handler.log_command:Invoked command in '/home/ny/FsRobo-A1/build/moveit_visual_tools' returned '0': CMAKE_PREFIX_PATH=/home/ny/FsRobo-A1/install/rviz_visual_tools:/home/ny/FsRobo-A1/install/moveit2_tutorials:/home/ny/FsRobo-A1/install/moveit_visual_tools:/home/ny/FsRobo-A1/install/fsrobo_a1_msg_srv_4py:/home/ny/FsRobo-A1/install/py_pubsub:/home/ny/FsRobo-A1/install/my_package:/home/ny/FsRobo-A1/install/fsrobo_a1_serve_py:/opt/ros/foxy:/home/ny/FsRobo-A1/install/4dof LD_LIBRARY_PATH=/home/ny/FsRobo-A1/install/rviz_visual_tools/lib:/home/ny/FsRobo-A1/install/moveit_visual_tools/lib:/home/ny/FsRobo-A1/install/fsrobo_a1_msg_srv_4py/lib:/home/ny/.x-cmd.root/local/data/pkg/sphere/X/l/j/h/lib:/opt/ros/foxy/opt/yaml_cpp_vendor/lib:/opt/ros/foxy/opt/rviz_ogre_vendor/lib:/opt/ros/foxy/lib/x86_64-linux-gnu:/opt/ros/foxy/lib /usr/bin/cmake --build /home/ny/FsRobo-A1/build/moveit_visual_tools -- -j16 -l16
[9.644s] DEBUG:colcon.colcon_core.event_handler.log_command:Invoking command in '/home/ny/FsRobo-A1/build/moveit_visual_tools': CMAKE_PREFIX_PATH=/home/ny/FsRobo-A1/install/rviz_visual_tools:/home/ny/FsRobo-A1/install/moveit2_tutorials:/home/ny/FsRobo-A1/install/moveit_visual_tools:/home/ny/FsRobo-A1/install/fsrobo_a1_msg_srv_4py:/home/ny/FsRobo-A1/install/py_pubsub:/home/ny/FsRobo-A1/install/my_package:/home/ny/FsRobo-A1/install/fsrobo_a1_serve_py:/opt/ros/foxy:/home/ny/FsRobo-A1/install/4dof LD_LIBRARY_PATH=/home/ny/FsRobo-A1/install/rviz_visual_tools/lib:/home/ny/FsRobo-A1/install/moveit_visual_tools/lib:/home/ny/FsRobo-A1/install/fsrobo_a1_msg_srv_4py/lib:/home/ny/.x-cmd.root/local/data/pkg/sphere/X/l/j/h/lib:/opt/ros/foxy/opt/yaml_cpp_vendor/lib:/opt/ros/foxy/opt/rviz_ogre_vendor/lib:/opt/ros/foxy/lib/x86_64-linux-gnu:/opt/ros/foxy/lib /usr/bin/cmake --install /home/ny/FsRobo-A1/build/moveit_visual_tools
[9.692s] Level 1:colcon.colcon_core.environment:create_environment_scripts_only(moveit_visual_tools)
[9.692s] DEBUG:colcon.colcon_core.event_handler.log_command:Invoked command in '/home/ny/FsRobo-A1/build/moveit_visual_tools' returned '0': CMAKE_PREFIX_PATH=/home/ny/FsRobo-A1/install/rviz_visual_tools:/home/ny/FsRobo-A1/install/moveit2_tutorials:/home/ny/FsRobo-A1/install/moveit_visual_tools:/home/ny/FsRobo-A1/install/fsrobo_a1_msg_srv_4py:/home/ny/FsRobo-A1/install/py_pubsub:/home/ny/FsRobo-A1/install/my_package:/home/ny/FsRobo-A1/install/fsrobo_a1_serve_py:/opt/ros/foxy:/home/ny/FsRobo-A1/install/4dof LD_LIBRARY_PATH=/home/ny/FsRobo-A1/install/rviz_visual_tools/lib:/home/ny/FsRobo-A1/install/moveit_visual_tools/lib:/home/ny/FsRobo-A1/install/fsrobo_a1_msg_srv_4py/lib:/home/ny/.x-cmd.root/local/data/pkg/sphere/X/l/j/h/lib:/opt/ros/foxy/opt/yaml_cpp_vendor/lib:/opt/ros/foxy/opt/rviz_ogre_vendor/lib:/opt/ros/foxy/lib/x86_64-linux-gnu:/opt/ros/foxy/lib /usr/bin/cmake --install /home/ny/FsRobo-A1/build/moveit_visual_tools
[9.694s] Level 1:colcon.colcon_core.environment:checking '/home/ny/FsRobo-A1/install/moveit_visual_tools' for CMake module files
[9.697s] Level 1:colcon.colcon_core.environment:checking '/home/ny/FsRobo-A1/install/moveit_visual_tools' for CMake config files
[9.699s] Level 1:colcon.colcon_core.shell:create_environment_hook('moveit_visual_tools', 'cmake_prefix_path')
[9.700s] INFO:colcon.colcon_core.shell:Creating environment descriptor '/home/ny/FsRobo-A1/install/moveit_visual_tools/share/moveit_visual_tools/hook/cmake_prefix_path.dsv'
[9.703s] INFO:colcon.colcon_core.shell:Creating environment hook '/home/ny/FsRobo-A1/install/moveit_visual_tools/share/moveit_visual_tools/hook/cmake_prefix_path.sh'
[9.707s] Level 1:colcon.colcon_core.environment:checking '/home/ny/FsRobo-A1/install/moveit_visual_tools/lib'
[9.707s] Level 1:colcon.colcon_core.shell:create_environment_hook('moveit_visual_tools', 'ld_library_path_lib')
[9.708s] INFO:colcon.colcon_core.shell:Creating environment descriptor '/home/ny/FsRobo-A1/install/moveit_visual_tools/share/moveit_visual_tools/hook/ld_library_path_lib.dsv'
[9.710s] INFO:colcon.colcon_core.shell:Creating environment hook '/home/ny/FsRobo-A1/install/moveit_visual_tools/share/moveit_visual_tools/hook/ld_library_path_lib.sh'
[9.712s] Level 1:colcon.colcon_core.environment:checking '/home/ny/FsRobo-A1/install/moveit_visual_tools/bin'
[9.712s] Level 1:colcon.colcon_core.environment:checking '/home/ny/FsRobo-A1/install/moveit_visual_tools/lib/pkgconfig/moveit_visual_tools.pc'
[9.713s] Level 1:colcon.colcon_core.environment:checking '/home/ny/FsRobo-A1/install/moveit_visual_tools/lib/python3.8/site-packages'
[9.713s] Level 1:colcon.colcon_core.environment:checking '/home/ny/FsRobo-A1/install/moveit_visual_tools/bin'
[9.714s] INFO:colcon.colcon_core.shell:Creating package descriptor '/home/ny/FsRobo-A1/install/moveit_visual_tools/share/moveit_visual_tools/package.dsv'
[9.716s] INFO:colcon.colcon_core.shell:Creating package script '/home/ny/FsRobo-A1/install/moveit_visual_tools/share/moveit_visual_tools/package.sh'
[9.718s] Level 1:colcon.colcon_core.environment:create_file_with_runtime_dependencies(/home/ny/FsRobo-A1/install/moveit_visual_tools/share/colcon-core/packages/moveit_visual_tools)
[9.879s] Level 1:colcon.colcon_core.environment:create_environment_scripts_only(moveit_visual_tools)
[9.880s] Level 1:colcon.colcon_core.environment:checking '/home/ny/FsRobo-A1/install/moveit_visual_tools' for CMake module files
[9.883s] Level 1:colcon.colcon_core.environment:checking '/home/ny/FsRobo-A1/install/moveit_visual_tools' for CMake config files
[9.884s] Level 1:colcon.colcon_core.shell:create_environment_hook('moveit_visual_tools', 'cmake_prefix_path')
[9.885s] INFO:colcon.colcon_core.shell:Creating environment descriptor '/home/ny/FsRobo-A1/install/moveit_visual_tools/share/moveit_visual_tools/hook/cmake_prefix_path.dsv'
[9.888s] INFO:colcon.colcon_core.shell:Creating environment hook '/home/ny/FsRobo-A1/install/moveit_visual_tools/share/moveit_visual_tools/hook/cmake_prefix_path.sh'
[9.891s] Level 1:colcon.colcon_core.environment:checking '/home/ny/FsRobo-A1/install/moveit_visual_tools/lib'
[9.891s] Level 1:colcon.colcon_core.shell:create_environment_hook('moveit_visual_tools', 'ld_library_path_lib')
[9.892s] INFO:colcon.colcon_core.shell:Creating environment descriptor '/home/ny/FsRobo-A1/install/moveit_visual_tools/share/moveit_visual_tools/hook/ld_library_path_lib.dsv'
[9.894s] INFO:colcon.colcon_core.shell:Creating environment hook '/home/ny/FsRobo-A1/install/moveit_visual_tools/share/moveit_visual_tools/hook/ld_library_path_lib.sh'
[9.896s] Level 1:colcon.colcon_core.environment:checking '/home/ny/FsRobo-A1/install/moveit_visual_tools/bin'
[9.896s] Level 1:colcon.colcon_core.environment:checking '/home/ny/FsRobo-A1/install/moveit_visual_tools/lib/pkgconfig/moveit_visual_tools.pc'
[9.897s] Level 1:colcon.colcon_core.environment:checking '/home/ny/FsRobo-A1/install/moveit_visual_tools/lib/python3.8/site-packages'
[9.897s] Level 1:colcon.colcon_core.environment:checking '/home/ny/FsRobo-A1/install/moveit_visual_tools/bin'
[9.898s] INFO:colcon.colcon_core.shell:Creating package descriptor '/home/ny/FsRobo-A1/install/moveit_visual_tools/share/moveit_visual_tools/package.dsv'
[9.901s] INFO:colcon.colcon_core.shell:Creating package script '/home/ny/FsRobo-A1/install/moveit_visual_tools/share/moveit_visual_tools/package.sh'
[9.903s] Level 1:colcon.colcon_core.environment:create_file_with_runtime_dependencies(/home/ny/FsRobo-A1/install/moveit_visual_tools/share/colcon-core/packages/moveit_visual_tools)
[9.904s] DEBUG:colcon.colcon_core.executor.sequential:run_until_complete 'moveit_visual_tools' finished with '0'
[9.905s] DEBUG:colcon.colcon_core.executor.sequential:run_until_complete 'moveit2_tutorials'
[9.905s] INFO:colcon.colcon_ros.task.ament_cmake.build:Building ROS package in '/home/ny/FsRobo-A1/src/moveit2_tutorials_src/src/moveit2_tutorials' with build type 'ament_cmake'
[9.906s] INFO:colcon.colcon_cmake.task.cmake.build:Building CMake package in '/home/ny/FsRobo-A1/src/moveit2_tutorials_src/src/moveit2_tutorials'
[9.906s] DEBUG:colcon.colcon_core.shell:Skip shell extension 'dsv' for command environment
[9.961s] DEBUG:colcon.colcon_core.event_handler.log_command:Invoking command in '/home/ny/FsRobo-A1/build/moveit2_tutorials': CMAKE_PREFIX_PATH=/home/ny/FsRobo-A1/install/moveit_visual_tools:/home/ny/FsRobo-A1/install/rviz_visual_tools:/home/ny/FsRobo-A1/install/moveit2_tutorials:/home/ny/FsRobo-A1/install/fsrobo_a1_msg_srv_4py:/home/ny/FsRobo-A1/install/py_pubsub:/home/ny/FsRobo-A1/install/my_package:/home/ny/FsRobo-A1/install/fsrobo_a1_serve_py:/opt/ros/foxy:/home/ny/FsRobo-A1/install/4dof /usr/bin/cmake --build /home/ny/FsRobo-A1/build/moveit2_tutorials -- -j16 -l16
[10.290s] DEBUG:colcon.colcon_core.event_handler.log_command:Invoked command in '/home/ny/FsRobo-A1/build/moveit2_tutorials' returned '0': CMAKE_PREFIX_PATH=/home/ny/FsRobo-A1/install/moveit_visual_tools:/home/ny/FsRobo-A1/install/rviz_visual_tools:/home/ny/FsRobo-A1/install/moveit2_tutorials:/home/ny/FsRobo-A1/install/fsrobo_a1_msg_srv_4py:/home/ny/FsRobo-A1/install/py_pubsub:/home/ny/FsRobo-A1/install/my_package:/home/ny/FsRobo-A1/install/fsrobo_a1_serve_py:/opt/ros/foxy:/home/ny/FsRobo-A1/install/4dof /usr/bin/cmake --build /home/ny/FsRobo-A1/build/moveit2_tutorials -- -j16 -l16
[10.430s] DEBUG:colcon.colcon_core.event_handler.log_command:Invoking command in '/home/ny/FsRobo-A1/build/moveit2_tutorials': CMAKE_PREFIX_PATH=/home/ny/FsRobo-A1/install/moveit_visual_tools:/home/ny/FsRobo-A1/install/rviz_visual_tools:/home/ny/FsRobo-A1/install/moveit2_tutorials:/home/ny/FsRobo-A1/install/fsrobo_a1_msg_srv_4py:/home/ny/FsRobo-A1/install/py_pubsub:/home/ny/FsRobo-A1/install/my_package:/home/ny/FsRobo-A1/install/fsrobo_a1_serve_py:/opt/ros/foxy:/home/ny/FsRobo-A1/install/4dof /usr/bin/cmake --install /home/ny/FsRobo-A1/build/moveit2_tutorials
[10.500s] Level 1:colcon.colcon_core.environment:create_environment_scripts_only(moveit2_tutorials)
[10.501s] DEBUG:colcon.colcon_core.event_handler.log_command:Invoked command in '/home/ny/FsRobo-A1/build/moveit2_tutorials' returned '0': CMAKE_PREFIX_PATH=/home/ny/FsRobo-A1/install/moveit_visual_tools:/home/ny/FsRobo-A1/install/rviz_visual_tools:/home/ny/FsRobo-A1/install/moveit2_tutorials:/home/ny/FsRobo-A1/install/fsrobo_a1_msg_srv_4py:/home/ny/FsRobo-A1/install/py_pubsub:/home/ny/FsRobo-A1/install/my_package:/home/ny/FsRobo-A1/install/fsrobo_a1_serve_py:/opt/ros/foxy:/home/ny/FsRobo-A1/install/4dof /usr/bin/cmake --install /home/ny/FsRobo-A1/build/moveit2_tutorials
[10.502s] Level 1:colcon.colcon_core.environment:checking '/home/ny/FsRobo-A1/install/moveit2_tutorials' for CMake module files
[10.505s] Level 1:colcon.colcon_core.environment:checking '/home/ny/FsRobo-A1/install/moveit2_tutorials' for CMake config files
[10.507s] Level 1:colcon.colcon_core.shell:create_environment_hook('moveit2_tutorials', 'cmake_prefix_path')
[10.508s] INFO:colcon.colcon_core.shell:Creating environment descriptor '/home/ny/FsRobo-A1/install/moveit2_tutorials/share/moveit2_tutorials/hook/cmake_prefix_path.dsv'
[10.510s] INFO:colcon.colcon_core.shell:Creating environment hook '/home/ny/FsRobo-A1/install/moveit2_tutorials/share/moveit2_tutorials/hook/cmake_prefix_path.sh'
[10.513s] Level 1:colcon.colcon_core.environment:checking '/home/ny/FsRobo-A1/install/moveit2_tutorials/lib'
[10.514s] Level 1:colcon.colcon_core.environment:checking '/home/ny/FsRobo-A1/install/moveit2_tutorials/bin'
[10.514s] Level 1:colcon.colcon_core.environment:checking '/home/ny/FsRobo-A1/install/moveit2_tutorials/lib/pkgconfig/moveit2_tutorials.pc'
[10.515s] Level 1:colcon.colcon_core.environment:checking '/home/ny/FsRobo-A1/install/moveit2_tutorials/lib/python3.8/site-packages'
[10.515s] Level 1:colcon.colcon_core.environment:checking '/home/ny/FsRobo-A1/install/moveit2_tutorials/bin'
[10.516s] INFO:colcon.colcon_core.shell:Creating package descriptor '/home/ny/FsRobo-A1/install/moveit2_tutorials/share/moveit2_tutorials/package.dsv'
[10.518s] INFO:colcon.colcon_core.shell:Creating package script '/home/ny/FsRobo-A1/install/moveit2_tutorials/share/moveit2_tutorials/package.sh'
[10.520s] Level 1:colcon.colcon_core.environment:create_file_with_runtime_dependencies(/home/ny/FsRobo-A1/install/moveit2_tutorials/share/colcon-core/packages/moveit2_tutorials)
[10.661s] Level 1:colcon.colcon_core.environment:create_environment_scripts_only(moveit2_tutorials)
[10.663s] Level 1:colcon.colcon_core.environment:checking '/home/ny/FsRobo-A1/install/moveit2_tutorials' for CMake module files
[10.666s] Level 1:colcon.colcon_core.environment:checking '/home/ny/FsRobo-A1/install/moveit2_tutorials' for CMake config files
[10.667s] Level 1:colcon.colcon_core.shell:create_environment_hook('moveit2_tutorials', 'cmake_prefix_path')
[10.668s] INFO:colcon.colcon_core.shell:Creating environment descriptor '/home/ny/FsRobo-A1/install/moveit2_tutorials/share/moveit2_tutorials/hook/cmake_prefix_path.dsv'
[10.670s] INFO:colcon.colcon_core.shell:Creating environment hook '/home/ny/FsRobo-A1/install/moveit2_tutorials/share/moveit2_tutorials/hook/cmake_prefix_path.sh'
[10.672s] Level 1:colcon.colcon_core.environment:checking '/home/ny/FsRobo-A1/install/moveit2_tutorials/lib'
[10.672s] Level 1:colcon.colcon_core.environment:checking '/home/ny/FsRobo-A1/install/moveit2_tutorials/bin'
[10.673s] Level 1:colcon.colcon_core.environment:checking '/home/ny/FsRobo-A1/install/moveit2_tutorials/lib/pkgconfig/moveit2_tutorials.pc'
[10.673s] Level 1:colcon.colcon_core.environment:checking '/home/ny/FsRobo-A1/install/moveit2_tutorials/lib/python3.8/site-packages'
[10.674s] Level 1:colcon.colcon_core.environment:checking '/home/ny/FsRobo-A1/install/moveit2_tutorials/bin'
[10.674s] INFO:colcon.colcon_core.shell:Creating package descriptor '/home/ny/FsRobo-A1/install/moveit2_tutorials/share/moveit2_tutorials/package.dsv'
[10.678s] INFO:colcon.colcon_core.shell:Creating package script '/home/ny/FsRobo-A1/install/moveit2_tutorials/share/moveit2_tutorials/package.sh'
[10.680s] Level 1:colcon.colcon_core.environment:create_file_with_runtime_dependencies(/home/ny/FsRobo-A1/install/moveit2_tutorials/share/colcon-core/packages/moveit2_tutorials)
[10.682s] DEBUG:colcon.colcon_core.executor.sequential:run_until_complete 'moveit2_tutorials' finished with '0'
[10.683s] DEBUG:colcon.colcon_core.executor.sequential:closing loop
[10.683s] DEBUG:colcon.colcon_core.executor.sequential:loop closed
[10.684s] DEBUG:colcon.colcon_core.event_reactor:joining thread
[10.686s] DEBUG:colcon.colcon_core.event_reactor:joined thread
[10.686s] INFO:colcon.colcon_core.shell:Creating prefix script '/home/ny/FsRobo-A1/install/local_setup.sh'
[10.689s] INFO:colcon.colcon_core.shell:Creating prefix util module '/home/ny/FsRobo-A1/install/_local_setup_util_sh.py'
[10.694s] INFO:colcon.colcon_core.shell:Creating prefix chain script '/home/ny/FsRobo-A1/install/setup.sh'
