[0.369s] DEBUG:colcon:Command line arguments: ['/usr/bin/colcon', 'build']
[0.369s] DEBUG:colcon:Parsed command line arguments: Namespace(ament_cmake_args=None, base_paths=['.'], build_base='build', catkin_cmake_args=None, catkin_skip_building_tests=False, cmake_args=None, cmake_clean_cache=False, cmake_clean_first=False, cmake_force_configure=False, cmake_target=None, cmake_target_skip_unavailable=False, continue_on_error=False, event_handlers=None, executor='sequential', install_base='install', log_base=None, log_level=None, main=<bound method BuildVerb.main of <colcon_core.verb.build.BuildVerb object at 0x7fa2b10f7460>>, merge_install=False, paths=None, symlink_install=False, test_result_base=None, verb_extension=<colcon_core.verb.build.BuildVerb object at 0x7fa2b10f7460>, verb_name='build', verb_parser=<colcon_argcomplete.argument_parser.argcomplete.ArgcompleteDecorator object at 0x7fa2b10967c0>)
[0.805s] Level 1:colcon.colcon_core.package_discovery:discover_packages(recursive) check parameters
[0.805s] Level 1:colcon.colcon_core.package_discovery:discover_packages(path) check parameters
[0.805s] Level 1:colcon.colcon_core.package_discovery:discover_packages(recursive) discover
[0.806s] INFO:colcon.colcon_core.package_discovery:Crawling recursively for packages in '/home/ny/FsRobo-A1'
[0.806s] Level 1:colcon.colcon_core.package_identification:_identify(.) by extensions ['ignore', 'ignore_ament_install']
[0.806s] Level 1:colcon.colcon_core.package_identification:_identify(.) by extension 'ignore'
[0.806s] Level 1:colcon.colcon_core.package_identification:_identify(.) by extension 'ignore_ament_install'
[0.807s] Level 1:colcon.colcon_core.package_identification:_identify(.) by extensions ['ros']
[0.807s] Level 1:colcon.colcon_core.package_identification:_identify(.) by extension 'ros'
[0.837s] Level 1:colcon.colcon_core.package_identification:_identify(.) by extensions ['cmake', 'python']
[0.837s] Level 1:colcon.colcon_core.package_identification:_identify(.) by extension 'cmake'
[0.838s] Level 1:colcon.colcon_core.package_identification:_identify(.) by extension 'python'
[0.838s] Level 1:colcon.colcon_core.package_identification:_identify(.) by extensions ['python_setup_py']
[0.838s] Level 1:colcon.colcon_core.package_identification:_identify(.) by extension 'python_setup_py'
[0.838s] Level 1:colcon.colcon_core.package_identification:_identify(build) by extensions ['ignore', 'ignore_ament_install']
[0.839s] Level 1:colcon.colcon_core.package_identification:_identify(build) by extension 'ignore'
[0.839s] Level 1:colcon.colcon_core.package_identification:_identify(build) ignored
[0.839s] Level 1:colcon.colcon_core.package_identification:_identify(install) by extensions ['ignore', 'ignore_ament_install']
[0.840s] Level 1:colcon.colcon_core.package_identification:_identify(install) by extension 'ignore'
[0.840s] Level 1:colcon.colcon_core.package_identification:_identify(install) ignored
[0.840s] Level 1:colcon.colcon_core.package_identification:_identify(log) by extensions ['ignore', 'ignore_ament_install']
[0.841s] Level 1:colcon.colcon_core.package_identification:_identify(log) by extension 'ignore'
[0.841s] Level 1:colcon.colcon_core.package_identification:_identify(log) ignored
[0.841s] Level 1:colcon.colcon_core.package_identification:_identify(src) by extensions ['ignore', 'ignore_ament_install']
[0.841s] Level 1:colcon.colcon_core.package_identification:_identify(src) by extension 'ignore'
[0.841s] Level 1:colcon.colcon_core.package_identification:_identify(src) by extension 'ignore_ament_install'
[0.842s] Level 1:colcon.colcon_core.package_identification:_identify(src) by extensions ['ros']
[0.842s] Level 1:colcon.colcon_core.package_identification:_identify(src) by extension 'ros'
[0.842s] Level 1:colcon.colcon_core.package_identification:_identify(src) by extensions ['cmake', 'python']
[0.842s] Level 1:colcon.colcon_core.package_identification:_identify(src) by extension 'cmake'
[0.842s] Level 1:colcon.colcon_core.package_identification:_identify(src) by extension 'python'
[0.842s] Level 1:colcon.colcon_core.package_identification:_identify(src) by extensions ['python_setup_py']
[0.842s] Level 1:colcon.colcon_core.package_identification:_identify(src) by extension 'python_setup_py'
[0.843s] Level 1:colcon.colcon_core.package_identification:_identify(src/4dof) by extensions ['ignore', 'ignore_ament_install']
[0.843s] Level 1:colcon.colcon_core.package_identification:_identify(src/4dof) by extension 'ignore'
[0.843s] Level 1:colcon.colcon_core.package_identification:_identify(src/4dof) by extension 'ignore_ament_install'
[0.843s] Level 1:colcon.colcon_core.package_identification:_identify(src/4dof) by extensions ['ros']
[0.844s] Level 1:colcon.colcon_core.package_identification:_identify(src/4dof) by extension 'ros'
[0.852s] DEBUG:colcon.colcon_core.package_identification:Package 'src/4dof' with type 'ros.ament_cmake' and name '4dof'
[0.853s] Level 1:colcon.colcon_core.package_identification:_identify(src/fsrobo_a1_serve_py) by extensions ['ignore', 'ignore_ament_install']
[0.853s] Level 1:colcon.colcon_core.package_identification:_identify(src/fsrobo_a1_serve_py) by extension 'ignore'
[0.853s] Level 1:colcon.colcon_core.package_identification:_identify(src/fsrobo_a1_serve_py) by extension 'ignore_ament_install'
[0.853s] Level 1:colcon.colcon_core.package_identification:_identify(src/fsrobo_a1_serve_py) by extensions ['ros']
[0.853s] Level 1:colcon.colcon_core.package_identification:_identify(src/fsrobo_a1_serve_py) by extension 'ros'
[0.855s] DEBUG:colcon.colcon_core.package_identification:Package 'src/fsrobo_a1_serve_py' with type 'ros.ament_python' and name 'fsrobo_a1_serve_py'
[0.855s] Level 1:colcon.colcon_core.package_identification:_identify(src/test4_dof) by extensions ['ignore', 'ignore_ament_install']
[0.856s] Level 1:colcon.colcon_core.package_identification:_identify(src/test4_dof) by extension 'ignore'
[0.856s] Level 1:colcon.colcon_core.package_identification:_identify(src/test4_dof) by extension 'ignore_ament_install'
[0.856s] Level 1:colcon.colcon_core.package_identification:_identify(src/test4_dof) by extensions ['ros']
[0.856s] Level 1:colcon.colcon_core.package_identification:_identify(src/test4_dof) by extension 'ros'
[0.857s] DEBUG:colcon.colcon_core.package_identification:Package 'src/test4_dof' with type 'ros.ament_cmake' and name 'test4_dof'
[0.857s] Level 1:colcon.colcon_core.package_discovery:discover_packages(recursive) using defaults
[0.858s] Level 1:colcon.colcon_core.package_discovery:discover_packages(path) discover
[0.858s] Level 1:colcon.colcon_core.package_discovery:discover_packages(path) using defaults
[0.913s] Level 5:colcon.colcon_core.verb:set package '4dof' build argument 'cmake_args' from command line to 'None'
[0.913s] Level 5:colcon.colcon_core.verb:set package '4dof' build argument 'cmake_target' from command line to 'None'
[0.913s] Level 5:colcon.colcon_core.verb:set package '4dof' build argument 'cmake_target_skip_unavailable' from command line to 'False'
[0.914s] Level 5:colcon.colcon_core.verb:set package '4dof' build argument 'cmake_clean_cache' from command line to 'False'
[0.914s] Level 5:colcon.colcon_core.verb:set package '4dof' build argument 'cmake_clean_first' from command line to 'False'
[0.914s] Level 5:colcon.colcon_core.verb:set package '4dof' build argument 'cmake_force_configure' from command line to 'False'
[0.914s] Level 5:colcon.colcon_core.verb:set package '4dof' build argument 'ament_cmake_args' from command line to 'None'
[0.914s] Level 5:colcon.colcon_core.verb:set package '4dof' build argument 'catkin_cmake_args' from command line to 'None'
[0.914s] Level 5:colcon.colcon_core.verb:set package '4dof' build argument 'catkin_skip_building_tests' from command line to 'False'
[0.914s] DEBUG:colcon.colcon_core.verb:Building package '4dof' with the following arguments: {'ament_cmake_args': None, 'build_base': '/home/ny/FsRobo-A1/build/4dof', 'catkin_cmake_args': None, 'catkin_skip_building_tests': False, 'cmake_args': None, 'cmake_clean_cache': False, 'cmake_clean_first': False, 'cmake_force_configure': False, 'cmake_target': None, 'cmake_target_skip_unavailable': False, 'install_base': '/home/ny/FsRobo-A1/install/4dof', 'merge_install': False, 'path': '/home/ny/FsRobo-A1/src/4dof', 'symlink_install': False, 'test_result_base': None}
[0.915s] Level 5:colcon.colcon_core.verb:set package 'fsrobo_a1_serve_py' build argument 'cmake_args' from command line to 'None'
[0.916s] Level 5:colcon.colcon_core.verb:set package 'fsrobo_a1_serve_py' build argument 'cmake_target' from command line to 'None'
[0.916s] Level 5:colcon.colcon_core.verb:set package 'fsrobo_a1_serve_py' build argument 'cmake_target_skip_unavailable' from command line to 'False'
[0.916s] Level 5:colcon.colcon_core.verb:set package 'fsrobo_a1_serve_py' build argument 'cmake_clean_cache' from command line to 'False'
[0.916s] Level 5:colcon.colcon_core.verb:set package 'fsrobo_a1_serve_py' build argument 'cmake_clean_first' from command line to 'False'
[0.916s] Level 5:colcon.colcon_core.verb:set package 'fsrobo_a1_serve_py' build argument 'cmake_force_configure' from command line to 'False'
[0.916s] Level 5:colcon.colcon_core.verb:set package 'fsrobo_a1_serve_py' build argument 'ament_cmake_args' from command line to 'None'
[0.916s] Level 5:colcon.colcon_core.verb:set package 'fsrobo_a1_serve_py' build argument 'catkin_cmake_args' from command line to 'None'
[0.916s] Level 5:colcon.colcon_core.verb:set package 'fsrobo_a1_serve_py' build argument 'catkin_skip_building_tests' from command line to 'False'
[0.916s] DEBUG:colcon.colcon_core.verb:Building package 'fsrobo_a1_serve_py' with the following arguments: {'ament_cmake_args': None, 'build_base': '/home/ny/FsRobo-A1/build/fsrobo_a1_serve_py', 'catkin_cmake_args': None, 'catkin_skip_building_tests': False, 'cmake_args': None, 'cmake_clean_cache': False, 'cmake_clean_first': False, 'cmake_force_configure': False, 'cmake_target': None, 'cmake_target_skip_unavailable': False, 'install_base': '/home/ny/FsRobo-A1/install/fsrobo_a1_serve_py', 'merge_install': False, 'path': '/home/ny/FsRobo-A1/src/fsrobo_a1_serve_py', 'symlink_install': False, 'test_result_base': None}
[0.917s] Level 5:colcon.colcon_core.verb:set package 'test4_dof' build argument 'cmake_args' from command line to 'None'
[0.918s] Level 5:colcon.colcon_core.verb:set package 'test4_dof' build argument 'cmake_target' from command line to 'None'
[0.918s] Level 5:colcon.colcon_core.verb:set package 'test4_dof' build argument 'cmake_target_skip_unavailable' from command line to 'False'
[0.918s] Level 5:colcon.colcon_core.verb:set package 'test4_dof' build argument 'cmake_clean_cache' from command line to 'False'
[0.918s] Level 5:colcon.colcon_core.verb:set package 'test4_dof' build argument 'cmake_clean_first' from command line to 'False'
[0.918s] Level 5:colcon.colcon_core.verb:set package 'test4_dof' build argument 'cmake_force_configure' from command line to 'False'
[0.918s] Level 5:colcon.colcon_core.verb:set package 'test4_dof' build argument 'ament_cmake_args' from command line to 'None'
[0.918s] Level 5:colcon.colcon_core.verb:set package 'test4_dof' build argument 'catkin_cmake_args' from command line to 'None'
[0.918s] Level 5:colcon.colcon_core.verb:set package 'test4_dof' build argument 'catkin_skip_building_tests' from command line to 'False'
[0.918s] DEBUG:colcon.colcon_core.verb:Building package 'test4_dof' with the following arguments: {'ament_cmake_args': None, 'build_base': '/home/ny/FsRobo-A1/build/test4_dof', 'catkin_cmake_args': None, 'catkin_skip_building_tests': False, 'cmake_args': None, 'cmake_clean_cache': False, 'cmake_clean_first': False, 'cmake_force_configure': False, 'cmake_target': None, 'cmake_target_skip_unavailable': False, 'install_base': '/home/ny/FsRobo-A1/install/test4_dof', 'merge_install': False, 'path': '/home/ny/FsRobo-A1/src/test4_dof', 'symlink_install': False, 'test_result_base': None}
[0.919s] INFO:colcon.colcon_core.executor:Executing jobs using 'sequential' executor
[0.922s] DEBUG:colcon.colcon_core.executor.sequential:run_until_complete '4dof'
[0.923s] INFO:colcon.colcon_ros.task.ament_cmake.build:Building ROS package in '/home/ny/FsRobo-A1/src/4dof' with build type 'ament_cmake'
[0.923s] INFO:colcon.colcon_cmake.task.cmake.build:Building CMake package in '/home/ny/FsRobo-A1/src/4dof'
[0.926s] INFO:colcon.colcon_core.plugin_system:Skipping extension 'colcon_core.shell.bat': Not used on non-Windows systems
[0.927s] DEBUG:colcon.colcon_core.shell:Skip shell extension 'dsv' for command environment
[0.967s] DEBUG:colcon.colcon_core.event_handler.log_command:Invoking command in '/home/ny/FsRobo-A1/build/4dof': CMAKE_PREFIX_PATH=/home/ny/FsRobo-A1/install/moveit2_tutorials:/home/ny/FsRobo-A1/install/moveit_visual_tools:/home/ny/FsRobo-A1/install/rviz_visual_tools:/home/ny/FsRobo-A1/install/fsrobo_a1_msg_srv_4py:/home/ny/FsRobo-A1/install/py_pubsub:/home/ny/FsRobo-A1/install/my_package:/home/ny/FsRobo-A1/install/fsrobo_a1_serve_py:/opt/ros/foxy:/home/ny/FsRobo-A1/install/4dof /usr/bin/cmake --build /home/ny/FsRobo-A1/build/4dof -- -j16 -l16
[2.935s] DEBUG:colcon.colcon_core.event_handler.log_command:Invoked command in '/home/ny/FsRobo-A1/build/4dof' returned '0': CMAKE_PREFIX_PATH=/home/ny/FsRobo-A1/install/moveit2_tutorials:/home/ny/FsRobo-A1/install/moveit_visual_tools:/home/ny/FsRobo-A1/install/rviz_visual_tools:/home/ny/FsRobo-A1/install/fsrobo_a1_msg_srv_4py:/home/ny/FsRobo-A1/install/py_pubsub:/home/ny/FsRobo-A1/install/my_package:/home/ny/FsRobo-A1/install/fsrobo_a1_serve_py:/opt/ros/foxy:/home/ny/FsRobo-A1/install/4dof /usr/bin/cmake --build /home/ny/FsRobo-A1/build/4dof -- -j16 -l16
[3.051s] DEBUG:colcon.colcon_core.event_handler.log_command:Invoking command in '/home/ny/FsRobo-A1/build/4dof': CMAKE_PREFIX_PATH=/home/ny/FsRobo-A1/install/moveit2_tutorials:/home/ny/FsRobo-A1/install/moveit_visual_tools:/home/ny/FsRobo-A1/install/rviz_visual_tools:/home/ny/FsRobo-A1/install/fsrobo_a1_msg_srv_4py:/home/ny/FsRobo-A1/install/py_pubsub:/home/ny/FsRobo-A1/install/my_package:/home/ny/FsRobo-A1/install/fsrobo_a1_serve_py:/opt/ros/foxy:/home/ny/FsRobo-A1/install/4dof /usr/bin/cmake --install /home/ny/FsRobo-A1/build/4dof
[3.090s] Level 1:colcon.colcon_core.environment:create_environment_scripts_only(4dof)
[3.090s] DEBUG:colcon.colcon_core.event_handler.log_command:Invoked command in '/home/ny/FsRobo-A1/build/4dof' returned '0': CMAKE_PREFIX_PATH=/home/ny/FsRobo-A1/install/moveit2_tutorials:/home/ny/FsRobo-A1/install/moveit_visual_tools:/home/ny/FsRobo-A1/install/rviz_visual_tools:/home/ny/FsRobo-A1/install/fsrobo_a1_msg_srv_4py:/home/ny/FsRobo-A1/install/py_pubsub:/home/ny/FsRobo-A1/install/my_package:/home/ny/FsRobo-A1/install/fsrobo_a1_serve_py:/opt/ros/foxy:/home/ny/FsRobo-A1/install/4dof /usr/bin/cmake --install /home/ny/FsRobo-A1/build/4dof
[3.099s] Level 1:colcon.colcon_core.environment:checking '/home/ny/FsRobo-A1/install/4dof' for CMake module files
[3.101s] Level 1:colcon.colcon_core.environment:checking '/home/ny/FsRobo-A1/install/4dof' for CMake config files
[3.103s] Level 1:colcon.colcon_core.shell:create_environment_hook('4dof', 'cmake_prefix_path')
[3.104s] INFO:colcon.colcon_core.shell:Creating environment descriptor '/home/ny/FsRobo-A1/install/4dof/share/4dof/hook/cmake_prefix_path.dsv'
[3.107s] INFO:colcon.colcon_core.shell:Creating environment hook '/home/ny/FsRobo-A1/install/4dof/share/4dof/hook/cmake_prefix_path.sh'
[3.111s] Level 1:colcon.colcon_core.environment:checking '/home/ny/FsRobo-A1/install/4dof/bin'
[3.111s] Level 1:colcon.colcon_core.environment:checking '/home/ny/FsRobo-A1/install/4dof/lib/pkgconfig/4dof.pc'
[3.114s] Level 1:colcon.colcon_core.environment:checking '/home/ny/FsRobo-A1/install/4dof/lib/python3.8/site-packages'
[3.115s] Level 1:colcon.colcon_core.environment:checking '/home/ny/FsRobo-A1/install/4dof/bin'
[3.116s] INFO:colcon.colcon_core.shell:Creating package descriptor '/home/ny/FsRobo-A1/install/4dof/share/4dof/package.dsv'
[3.118s] INFO:colcon.colcon_core.shell:Creating package script '/home/ny/FsRobo-A1/install/4dof/share/4dof/package.sh'
[3.121s] Level 1:colcon.colcon_core.environment:create_file_with_runtime_dependencies(/home/ny/FsRobo-A1/install/4dof/share/colcon-core/packages/4dof)
[3.213s] Level 1:colcon.colcon_core.environment:create_environment_scripts_only(4dof)
[3.214s] Level 1:colcon.colcon_core.environment:checking '/home/ny/FsRobo-A1/install/4dof' for CMake module files
[3.216s] Level 1:colcon.colcon_core.environment:checking '/home/ny/FsRobo-A1/install/4dof' for CMake config files
[3.218s] Level 1:colcon.colcon_core.shell:create_environment_hook('4dof', 'cmake_prefix_path')
[3.218s] INFO:colcon.colcon_core.shell:Creating environment descriptor '/home/ny/FsRobo-A1/install/4dof/share/4dof/hook/cmake_prefix_path.dsv'
[3.221s] INFO:colcon.colcon_core.shell:Creating environment hook '/home/ny/FsRobo-A1/install/4dof/share/4dof/hook/cmake_prefix_path.sh'
[3.223s] Level 1:colcon.colcon_core.environment:checking '/home/ny/FsRobo-A1/install/4dof/bin'
[3.223s] Level 1:colcon.colcon_core.environment:checking '/home/ny/FsRobo-A1/install/4dof/lib/pkgconfig/4dof.pc'
[3.224s] Level 1:colcon.colcon_core.environment:checking '/home/ny/FsRobo-A1/install/4dof/lib/python3.8/site-packages'
[3.225s] Level 1:colcon.colcon_core.environment:checking '/home/ny/FsRobo-A1/install/4dof/bin'
[3.225s] INFO:colcon.colcon_core.shell:Creating package descriptor '/home/ny/FsRobo-A1/install/4dof/share/4dof/package.dsv'
[3.227s] INFO:colcon.colcon_core.shell:Creating package script '/home/ny/FsRobo-A1/install/4dof/share/4dof/package.sh'
[3.229s] Level 1:colcon.colcon_core.environment:create_file_with_runtime_dependencies(/home/ny/FsRobo-A1/install/4dof/share/colcon-core/packages/4dof)
[3.230s] DEBUG:colcon.colcon_core.executor.sequential:run_until_complete '4dof' finished with '0'
[3.231s] DEBUG:colcon.colcon_core.executor.sequential:run_until_complete 'fsrobo_a1_serve_py'
[3.231s] INFO:colcon.colcon_ros.task.ament_python.build:Building ROS package in '/home/ny/FsRobo-A1/src/fsrobo_a1_serve_py' with build type 'ament_python'
[3.232s] Level 1:colcon.colcon_core.shell:create_environment_hook('fsrobo_a1_serve_py', 'ament_prefix_path')
[3.232s] INFO:colcon.colcon_core.shell:Creating environment descriptor '/home/ny/FsRobo-A1/install/fsrobo_a1_serve_py/share/fsrobo_a1_serve_py/hook/ament_prefix_path.dsv'
[3.234s] INFO:colcon.colcon_core.shell:Creating environment hook '/home/ny/FsRobo-A1/install/fsrobo_a1_serve_py/share/fsrobo_a1_serve_py/hook/ament_prefix_path.sh'
[3.235s] DEBUG:colcon.colcon_core.shell:Skip shell extension 'dsv' for command environment
[3.856s] INFO:colcon.colcon_core.task.python.build:Building Python package in '/home/ny/FsRobo-A1/src/fsrobo_a1_serve_py'
[3.858s] DEBUG:colcon.colcon_core.shell:Skip shell extension 'dsv' for command environment
[4.946s] DEBUG:colcon.colcon_core.event_handler.log_command:Invoking command in '/home/ny/FsRobo-A1/src/fsrobo_a1_serve_py': PYTHONPATH=/home/ny/FsRobo-A1/build/fsrobo_a1_serve_py/prefix_override:/usr/lib/python3/dist-packages/colcon_core/task/python/colcon_distutils_commands:/home/ny/FsRobo-A1/install/fsrobo_a1_serve_py/lib/python3.8/site-packages:${PYTHONPATH} /usr/bin/python3 -W ignore:setup.py install is deprecated setup.py egg_info --egg-base ../../build/fsrobo_a1_serve_py build --build-base /home/ny/FsRobo-A1/build/fsrobo_a1_serve_py/build install --record /home/ny/FsRobo-A1/build/fsrobo_a1_serve_py/install.log --install-scripts $base/lib/fsrobo_a1_serve_py --single-version-externally-managed install_data
[5.703s] Level 1:colcon.colcon_core.environment:checking '/home/ny/FsRobo-A1/install/fsrobo_a1_serve_py' for CMake module files
[5.705s] DEBUG:colcon.colcon_core.event_handler.log_command:Invoked command in '/home/ny/FsRobo-A1/src/fsrobo_a1_serve_py' returned '0': PYTHONPATH=/home/ny/FsRobo-A1/build/fsrobo_a1_serve_py/prefix_override:/usr/lib/python3/dist-packages/colcon_core/task/python/colcon_distutils_commands:/home/ny/FsRobo-A1/install/fsrobo_a1_serve_py/lib/python3.8/site-packages:${PYTHONPATH} /usr/bin/python3 -W ignore:setup.py install is deprecated setup.py egg_info --egg-base ../../build/fsrobo_a1_serve_py build --build-base /home/ny/FsRobo-A1/build/fsrobo_a1_serve_py/build install --record /home/ny/FsRobo-A1/build/fsrobo_a1_serve_py/install.log --install-scripts $base/lib/fsrobo_a1_serve_py --single-version-externally-managed install_data
[5.707s] Level 1:colcon.colcon_core.environment:checking '/home/ny/FsRobo-A1/install/fsrobo_a1_serve_py' for CMake config files
[5.710s] Level 1:colcon.colcon_core.environment:checking '/home/ny/FsRobo-A1/install/fsrobo_a1_serve_py/lib'
[5.711s] Level 1:colcon.colcon_core.environment:checking '/home/ny/FsRobo-A1/install/fsrobo_a1_serve_py/bin'
[5.712s] Level 1:colcon.colcon_core.environment:checking '/home/ny/FsRobo-A1/install/fsrobo_a1_serve_py/lib/pkgconfig/fsrobo_a1_serve_py.pc'
[5.713s] Level 1:colcon.colcon_core.environment:checking '/home/ny/FsRobo-A1/install/fsrobo_a1_serve_py/lib/python3.8/site-packages'
[5.713s] Level 1:colcon.colcon_core.shell:create_environment_hook('fsrobo_a1_serve_py', 'pythonpath')
[5.714s] INFO:colcon.colcon_core.shell:Creating environment descriptor '/home/ny/FsRobo-A1/install/fsrobo_a1_serve_py/share/fsrobo_a1_serve_py/hook/pythonpath.dsv'
[5.717s] INFO:colcon.colcon_core.shell:Creating environment hook '/home/ny/FsRobo-A1/install/fsrobo_a1_serve_py/share/fsrobo_a1_serve_py/hook/pythonpath.sh'
[5.720s] Level 1:colcon.colcon_core.environment:checking '/home/ny/FsRobo-A1/install/fsrobo_a1_serve_py/bin'
[5.720s] Level 1:colcon.colcon_core.environment:create_environment_scripts_only(fsrobo_a1_serve_py)
[5.721s] INFO:colcon.colcon_core.shell:Creating package descriptor '/home/ny/FsRobo-A1/install/fsrobo_a1_serve_py/share/fsrobo_a1_serve_py/package.dsv'
[5.724s] INFO:colcon.colcon_core.shell:Creating package script '/home/ny/FsRobo-A1/install/fsrobo_a1_serve_py/share/fsrobo_a1_serve_py/package.sh'
[5.726s] Level 1:colcon.colcon_core.environment:create_file_with_runtime_dependencies(/home/ny/FsRobo-A1/install/fsrobo_a1_serve_py/share/colcon-core/packages/fsrobo_a1_serve_py)
[5.728s] DEBUG:colcon.colcon_core.executor.sequential:run_until_complete 'fsrobo_a1_serve_py' finished with '0'
[5.729s] DEBUG:colcon.colcon_core.executor.sequential:run_until_complete 'test4_dof'
[5.730s] INFO:colcon.colcon_ros.task.ament_cmake.build:Building ROS package in '/home/ny/FsRobo-A1/src/test4_dof' with build type 'ament_cmake'
[5.731s] INFO:colcon.colcon_cmake.task.cmake.build:Building CMake package in '/home/ny/FsRobo-A1/src/test4_dof'
[5.731s] DEBUG:colcon.colcon_core.shell:Skip shell extension 'dsv' for command environment
[5.768s] DEBUG:colcon.colcon_core.event_handler.log_command:Invoking command in '/home/ny/FsRobo-A1/build/test4_dof': CMAKE_PREFIX_PATH=/home/ny/FsRobo-A1/install/moveit2_tutorials:/home/ny/FsRobo-A1/install/moveit_visual_tools:/home/ny/FsRobo-A1/install/rviz_visual_tools:/home/ny/FsRobo-A1/install/fsrobo_a1_msg_srv_4py:/home/ny/FsRobo-A1/install/py_pubsub:/home/ny/FsRobo-A1/install/my_package:/home/ny/FsRobo-A1/install/fsrobo_a1_serve_py:/opt/ros/foxy:/home/ny/FsRobo-A1/install/4dof /usr/bin/cmake --build /home/ny/FsRobo-A1/build/test4_dof -- -j16 -l16
[5.890s] DEBUG:colcon.colcon_core.event_handler.log_command:Invoked command in '/home/ny/FsRobo-A1/build/test4_dof' returned '0': CMAKE_PREFIX_PATH=/home/ny/FsRobo-A1/install/moveit2_tutorials:/home/ny/FsRobo-A1/install/moveit_visual_tools:/home/ny/FsRobo-A1/install/rviz_visual_tools:/home/ny/FsRobo-A1/install/fsrobo_a1_msg_srv_4py:/home/ny/FsRobo-A1/install/py_pubsub:/home/ny/FsRobo-A1/install/my_package:/home/ny/FsRobo-A1/install/fsrobo_a1_serve_py:/opt/ros/foxy:/home/ny/FsRobo-A1/install/4dof /usr/bin/cmake --build /home/ny/FsRobo-A1/build/test4_dof -- -j16 -l16
[5.983s] DEBUG:colcon.colcon_core.event_handler.log_command:Invoking command in '/home/ny/FsRobo-A1/build/test4_dof': CMAKE_PREFIX_PATH=/home/ny/FsRobo-A1/install/moveit2_tutorials:/home/ny/FsRobo-A1/install/moveit_visual_tools:/home/ny/FsRobo-A1/install/rviz_visual_tools:/home/ny/FsRobo-A1/install/fsrobo_a1_msg_srv_4py:/home/ny/FsRobo-A1/install/py_pubsub:/home/ny/FsRobo-A1/install/my_package:/home/ny/FsRobo-A1/install/fsrobo_a1_serve_py:/opt/ros/foxy:/home/ny/FsRobo-A1/install/4dof /usr/bin/cmake --install /home/ny/FsRobo-A1/build/test4_dof
[6.020s] Level 1:colcon.colcon_core.environment:create_environment_scripts_only(test4_dof)
[6.021s] DEBUG:colcon.colcon_core.event_handler.log_command:Invoked command in '/home/ny/FsRobo-A1/build/test4_dof' returned '0': CMAKE_PREFIX_PATH=/home/ny/FsRobo-A1/install/moveit2_tutorials:/home/ny/FsRobo-A1/install/moveit_visual_tools:/home/ny/FsRobo-A1/install/rviz_visual_tools:/home/ny/FsRobo-A1/install/fsrobo_a1_msg_srv_4py:/home/ny/FsRobo-A1/install/py_pubsub:/home/ny/FsRobo-A1/install/my_package:/home/ny/FsRobo-A1/install/fsrobo_a1_serve_py:/opt/ros/foxy:/home/ny/FsRobo-A1/install/4dof /usr/bin/cmake --install /home/ny/FsRobo-A1/build/test4_dof
[6.022s] Level 1:colcon.colcon_core.environment:checking '/home/ny/FsRobo-A1/install/test4_dof' for CMake module files
[6.025s] Level 1:colcon.colcon_core.environment:checking '/home/ny/FsRobo-A1/install/test4_dof' for CMake config files
[6.027s] Level 1:colcon.colcon_core.shell:create_environment_hook('test4_dof', 'cmake_prefix_path')
[6.028s] INFO:colcon.colcon_core.shell:Creating environment descriptor '/home/ny/FsRobo-A1/install/test4_dof/share/test4_dof/hook/cmake_prefix_path.dsv'
[6.030s] INFO:colcon.colcon_core.shell:Creating environment hook '/home/ny/FsRobo-A1/install/test4_dof/share/test4_dof/hook/cmake_prefix_path.sh'
[6.032s] Level 1:colcon.colcon_core.environment:checking '/home/ny/FsRobo-A1/install/test4_dof/bin'
[6.032s] Level 1:colcon.colcon_core.environment:checking '/home/ny/FsRobo-A1/install/test4_dof/lib/pkgconfig/test4_dof.pc'
[6.033s] Level 1:colcon.colcon_core.environment:checking '/home/ny/FsRobo-A1/install/test4_dof/lib/python3.8/site-packages'
[6.034s] Level 1:colcon.colcon_core.environment:checking '/home/ny/FsRobo-A1/install/test4_dof/bin'
[6.034s] INFO:colcon.colcon_core.shell:Creating package descriptor '/home/ny/FsRobo-A1/install/test4_dof/share/test4_dof/package.dsv'
[6.036s] INFO:colcon.colcon_core.shell:Creating package script '/home/ny/FsRobo-A1/install/test4_dof/share/test4_dof/package.sh'
[6.038s] Level 1:colcon.colcon_core.environment:create_file_with_runtime_dependencies(/home/ny/FsRobo-A1/install/test4_dof/share/colcon-core/packages/test4_dof)
[6.132s] Level 1:colcon.colcon_core.environment:create_environment_scripts_only(test4_dof)
[6.133s] Level 1:colcon.colcon_core.environment:checking '/home/ny/FsRobo-A1/install/test4_dof' for CMake module files
[6.135s] Level 1:colcon.colcon_core.environment:checking '/home/ny/FsRobo-A1/install/test4_dof' for CMake config files
[6.136s] Level 1:colcon.colcon_core.shell:create_environment_hook('test4_dof', 'cmake_prefix_path')
[6.137s] INFO:colcon.colcon_core.shell:Creating environment descriptor '/home/ny/FsRobo-A1/install/test4_dof/share/test4_dof/hook/cmake_prefix_path.dsv'
[6.139s] INFO:colcon.colcon_core.shell:Creating environment hook '/home/ny/FsRobo-A1/install/test4_dof/share/test4_dof/hook/cmake_prefix_path.sh'
[6.141s] Level 1:colcon.colcon_core.environment:checking '/home/ny/FsRobo-A1/install/test4_dof/bin'
[6.141s] Level 1:colcon.colcon_core.environment:checking '/home/ny/FsRobo-A1/install/test4_dof/lib/pkgconfig/test4_dof.pc'
[6.142s] Level 1:colcon.colcon_core.environment:checking '/home/ny/FsRobo-A1/install/test4_dof/lib/python3.8/site-packages'
[6.142s] Level 1:colcon.colcon_core.environment:checking '/home/ny/FsRobo-A1/install/test4_dof/bin'
[6.143s] INFO:colcon.colcon_core.shell:Creating package descriptor '/home/ny/FsRobo-A1/install/test4_dof/share/test4_dof/package.dsv'
[6.144s] INFO:colcon.colcon_core.shell:Creating package script '/home/ny/FsRobo-A1/install/test4_dof/share/test4_dof/package.sh'
[6.146s] Level 1:colcon.colcon_core.environment:create_file_with_runtime_dependencies(/home/ny/FsRobo-A1/install/test4_dof/share/colcon-core/packages/test4_dof)
[6.147s] DEBUG:colcon.colcon_core.executor.sequential:run_until_complete 'test4_dof' finished with '0'
[6.148s] DEBUG:colcon.colcon_core.executor.sequential:closing loop
[6.149s] DEBUG:colcon.colcon_core.executor.sequential:loop closed
[6.149s] DEBUG:colcon.colcon_core.event_reactor:joining thread
[6.151s] DEBUG:colcon.colcon_core.event_reactor:joined thread
[6.151s] INFO:colcon.colcon_core.shell:Creating prefix script '/home/ny/FsRobo-A1/install/local_setup.sh'
[6.154s] INFO:colcon.colcon_core.shell:Creating prefix util module '/home/ny/FsRobo-A1/install/_local_setup_util_sh.py'
[6.157s] INFO:colcon.colcon_core.shell:Creating prefix chain script '/home/ny/FsRobo-A1/install/setup.sh'
