[0.403s] DEBUG:colcon:Command line arguments: ['/usr/bin/colcon', 'build']
[0.404s] DEBUG:colcon:Parsed command line arguments: Namespace(ament_cmake_args=None, base_paths=['.'], build_base='build', catkin_cmake_args=None, catkin_skip_building_tests=False, cmake_args=None, cmake_clean_cache=False, cmake_clean_first=False, cmake_force_configure=False, cmake_target=None, cmake_target_skip_unavailable=False, continue_on_error=False, event_handlers=None, executor='sequential', install_base='install', log_base=None, log_level=None, main=<bound method BuildVerb.main of <colcon_core.verb.build.BuildVerb object at 0x7fb0017094c0>>, merge_install=False, paths=None, symlink_install=False, test_result_base=None, verb_extension=<colcon_core.verb.build.BuildVerb object at 0x7fb0017094c0>, verb_name='build', verb_parser=<colcon_argcomplete.argument_parser.argcomplete.ArgcompleteDecorator object at 0x7fb0016a8820>)
[0.796s] Level 1:colcon.colcon_core.package_discovery:discover_packages(recursive) check parameters
[0.796s] Level 1:colcon.colcon_core.package_discovery:discover_packages(path) check parameters
[0.796s] Level 1:colcon.colcon_core.package_discovery:discover_packages(recursive) discover
[0.796s] INFO:colcon.colcon_core.package_discovery:Crawling recursively for packages in '/home/ny/FsRobo-A1'
[0.797s] Level 1:colcon.colcon_core.package_identification:_identify(.) by extensions ['ignore', 'ignore_ament_install']
[0.797s] Level 1:colcon.colcon_core.package_identification:_identify(.) by extension 'ignore'
[0.797s] Level 1:colcon.colcon_core.package_identification:_identify(.) by extension 'ignore_ament_install'
[0.799s] Level 1:colcon.colcon_core.package_identification:_identify(.) by extensions ['ros']
[0.799s] Level 1:colcon.colcon_core.package_identification:_identify(.) by extension 'ros'
[0.829s] Level 1:colcon.colcon_core.package_identification:_identify(.) by extensions ['cmake', 'python']
[0.829s] Level 1:colcon.colcon_core.package_identification:_identify(.) by extension 'cmake'
[0.830s] Level 1:colcon.colcon_core.package_identification:_identify(.) by extension 'python'
[0.830s] Level 1:colcon.colcon_core.package_identification:_identify(.) by extensions ['python_setup_py']
[0.830s] Level 1:colcon.colcon_core.package_identification:_identify(.) by extension 'python_setup_py'
[0.831s] Level 1:colcon.colcon_core.package_identification:_identify(build) by extensions ['ignore', 'ignore_ament_install']
[0.831s] Level 1:colcon.colcon_core.package_identification:_identify(build) by extension 'ignore'
[0.832s] Level 1:colcon.colcon_core.package_identification:_identify(build) ignored
[0.833s] Level 1:colcon.colcon_core.package_identification:_identify(install) by extensions ['ignore', 'ignore_ament_install']
[0.833s] Level 1:colcon.colcon_core.package_identification:_identify(install) by extension 'ignore'
[0.833s] Level 1:colcon.colcon_core.package_identification:_identify(install) ignored
[0.833s] Level 1:colcon.colcon_core.package_identification:_identify(log) by extensions ['ignore', 'ignore_ament_install']
[0.834s] Level 1:colcon.colcon_core.package_identification:_identify(log) by extension 'ignore'
[0.834s] Level 1:colcon.colcon_core.package_identification:_identify(log) ignored
[0.834s] Level 1:colcon.colcon_core.package_identification:_identify(src) by extensions ['ignore', 'ignore_ament_install']
[0.835s] Level 1:colcon.colcon_core.package_identification:_identify(src) by extension 'ignore'
[0.835s] Level 1:colcon.colcon_core.package_identification:_identify(src) by extension 'ignore_ament_install'
[0.835s] Level 1:colcon.colcon_core.package_identification:_identify(src) by extensions ['ros']
[0.835s] Level 1:colcon.colcon_core.package_identification:_identify(src) by extension 'ros'
[0.835s] Level 1:colcon.colcon_core.package_identification:_identify(src) by extensions ['cmake', 'python']
[0.836s] Level 1:colcon.colcon_core.package_identification:_identify(src) by extension 'cmake'
[0.836s] Level 1:colcon.colcon_core.package_identification:_identify(src) by extension 'python'
[0.836s] Level 1:colcon.colcon_core.package_identification:_identify(src) by extensions ['python_setup_py']
[0.837s] Level 1:colcon.colcon_core.package_identification:_identify(src) by extension 'python_setup_py'
[0.837s] Level 1:colcon.colcon_core.package_identification:_identify(src/fsrobo-a1) by extensions ['ignore', 'ignore_ament_install']
[0.837s] Level 1:colcon.colcon_core.package_identification:_identify(src/fsrobo-a1) by extension 'ignore'
[0.838s] Level 1:colcon.colcon_core.package_identification:_identify(src/fsrobo-a1) by extension 'ignore_ament_install'
[0.838s] Level 1:colcon.colcon_core.package_identification:_identify(src/fsrobo-a1) by extensions ['ros']
[0.838s] Level 1:colcon.colcon_core.package_identification:_identify(src/fsrobo-a1) by extension 'ros'
[0.845s] DEBUG:colcon.colcon_core.package_identification:Package 'src/fsrobo-a1' with type 'ros.ament_python' and name 'fsrobo-a1'
[0.846s] Level 1:colcon.colcon_core.package_identification:_identify(src/fsrobo_a1_msg_srv_4py) by extensions ['ignore', 'ignore_ament_install']
[0.846s] Level 1:colcon.colcon_core.package_identification:_identify(src/fsrobo_a1_msg_srv_4py) by extension 'ignore'
[0.846s] Level 1:colcon.colcon_core.package_identification:_identify(src/fsrobo_a1_msg_srv_4py) by extension 'ignore_ament_install'
[0.846s] Level 1:colcon.colcon_core.package_identification:_identify(src/fsrobo_a1_msg_srv_4py) by extensions ['ros']
[0.847s] Level 1:colcon.colcon_core.package_identification:_identify(src/fsrobo_a1_msg_srv_4py) by extension 'ros'
[0.849s] DEBUG:colcon.colcon_core.package_identification:Package 'src/fsrobo_a1_msg_srv_4py' with type 'ros.ament_cmake' and name 'fsrobo_a1_msg_srv_4py'
[0.849s] Level 1:colcon.colcon_core.package_identification:_identify(src/my_package) by extensions ['ignore', 'ignore_ament_install']
[0.849s] Level 1:colcon.colcon_core.package_identification:_identify(src/my_package) by extension 'ignore'
[0.850s] Level 1:colcon.colcon_core.package_identification:_identify(src/my_package) by extension 'ignore_ament_install'
[0.850s] Level 1:colcon.colcon_core.package_identification:_identify(src/my_package) by extensions ['ros']
[0.850s] Level 1:colcon.colcon_core.package_identification:_identify(src/my_package) by extension 'ros'
[0.852s] DEBUG:colcon.colcon_core.package_identification:Package 'src/my_package' with type 'ros.ament_python' and name 'my_package'
[0.852s] Level 1:colcon.colcon_core.package_identification:_identify(src/py_pubsub) by extensions ['ignore', 'ignore_ament_install']
[0.853s] Level 1:colcon.colcon_core.package_identification:_identify(src/py_pubsub) by extension 'ignore'
[0.853s] Level 1:colcon.colcon_core.package_identification:_identify(src/py_pubsub) by extension 'ignore_ament_install'
[0.853s] Level 1:colcon.colcon_core.package_identification:_identify(src/py_pubsub) by extensions ['ros']
[0.853s] Level 1:colcon.colcon_core.package_identification:_identify(src/py_pubsub) by extension 'ros'
[0.855s] DEBUG:colcon.colcon_core.package_identification:Package 'src/py_pubsub' with type 'ros.ament_python' and name 'py_pubsub'
[0.855s] Level 1:colcon.colcon_core.package_discovery:discover_packages(recursive) using defaults
[0.855s] Level 1:colcon.colcon_core.package_discovery:discover_packages(path) discover
[0.855s] Level 1:colcon.colcon_core.package_discovery:discover_packages(path) using defaults
[0.907s] Level 5:colcon.colcon_core.verb:set package 'fsrobo-a1' build argument 'cmake_args' from command line to 'None'
[0.908s] Level 5:colcon.colcon_core.verb:set package 'fsrobo-a1' build argument 'cmake_target' from command line to 'None'
[0.908s] Level 5:colcon.colcon_core.verb:set package 'fsrobo-a1' build argument 'cmake_target_skip_unavailable' from command line to 'False'
[0.908s] Level 5:colcon.colcon_core.verb:set package 'fsrobo-a1' build argument 'cmake_clean_cache' from command line to 'False'
[0.908s] Level 5:colcon.colcon_core.verb:set package 'fsrobo-a1' build argument 'cmake_clean_first' from command line to 'False'
[0.908s] Level 5:colcon.colcon_core.verb:set package 'fsrobo-a1' build argument 'cmake_force_configure' from command line to 'False'
[0.908s] Level 5:colcon.colcon_core.verb:set package 'fsrobo-a1' build argument 'ament_cmake_args' from command line to 'None'
[0.908s] Level 5:colcon.colcon_core.verb:set package 'fsrobo-a1' build argument 'catkin_cmake_args' from command line to 'None'
[0.909s] Level 5:colcon.colcon_core.verb:set package 'fsrobo-a1' build argument 'catkin_skip_building_tests' from command line to 'False'
[0.909s] DEBUG:colcon.colcon_core.verb:Building package 'fsrobo-a1' with the following arguments: {'ament_cmake_args': None, 'build_base': '/home/ny/FsRobo-A1/build/fsrobo-a1', 'catkin_cmake_args': None, 'catkin_skip_building_tests': False, 'cmake_args': None, 'cmake_clean_cache': False, 'cmake_clean_first': False, 'cmake_force_configure': False, 'cmake_target': None, 'cmake_target_skip_unavailable': False, 'install_base': '/home/ny/FsRobo-A1/install/fsrobo-a1', 'merge_install': False, 'path': '/home/ny/FsRobo-A1/src/fsrobo-a1', 'symlink_install': False, 'test_result_base': None}
[0.910s] Level 5:colcon.colcon_core.verb:set package 'fsrobo_a1_msg_srv_4py' build argument 'cmake_args' from command line to 'None'
[0.910s] Level 5:colcon.colcon_core.verb:set package 'fsrobo_a1_msg_srv_4py' build argument 'cmake_target' from command line to 'None'
[0.910s] Level 5:colcon.colcon_core.verb:set package 'fsrobo_a1_msg_srv_4py' build argument 'cmake_target_skip_unavailable' from command line to 'False'
[0.910s] Level 5:colcon.colcon_core.verb:set package 'fsrobo_a1_msg_srv_4py' build argument 'cmake_clean_cache' from command line to 'False'
[0.910s] Level 5:colcon.colcon_core.verb:set package 'fsrobo_a1_msg_srv_4py' build argument 'cmake_clean_first' from command line to 'False'
[0.910s] Level 5:colcon.colcon_core.verb:set package 'fsrobo_a1_msg_srv_4py' build argument 'cmake_force_configure' from command line to 'False'
[0.911s] Level 5:colcon.colcon_core.verb:set package 'fsrobo_a1_msg_srv_4py' build argument 'ament_cmake_args' from command line to 'None'
[0.911s] Level 5:colcon.colcon_core.verb:set package 'fsrobo_a1_msg_srv_4py' build argument 'catkin_cmake_args' from command line to 'None'
[0.911s] Level 5:colcon.colcon_core.verb:set package 'fsrobo_a1_msg_srv_4py' build argument 'catkin_skip_building_tests' from command line to 'False'
[0.911s] DEBUG:colcon.colcon_core.verb:Building package 'fsrobo_a1_msg_srv_4py' with the following arguments: {'ament_cmake_args': None, 'build_base': '/home/ny/FsRobo-A1/build/fsrobo_a1_msg_srv_4py', 'catkin_cmake_args': None, 'catkin_skip_building_tests': False, 'cmake_args': None, 'cmake_clean_cache': False, 'cmake_clean_first': False, 'cmake_force_configure': False, 'cmake_target': None, 'cmake_target_skip_unavailable': False, 'install_base': '/home/ny/FsRobo-A1/install/fsrobo_a1_msg_srv_4py', 'merge_install': False, 'path': '/home/ny/FsRobo-A1/src/fsrobo_a1_msg_srv_4py', 'symlink_install': False, 'test_result_base': None}
[0.911s] Level 5:colcon.colcon_core.verb:set package 'my_package' build argument 'cmake_args' from command line to 'None'
[0.912s] Level 5:colcon.colcon_core.verb:set package 'my_package' build argument 'cmake_target' from command line to 'None'
[0.912s] Level 5:colcon.colcon_core.verb:set package 'my_package' build argument 'cmake_target_skip_unavailable' from command line to 'False'
[0.912s] Level 5:colcon.colcon_core.verb:set package 'my_package' build argument 'cmake_clean_cache' from command line to 'False'
[0.912s] Level 5:colcon.colcon_core.verb:set package 'my_package' build argument 'cmake_clean_first' from command line to 'False'
[0.912s] Level 5:colcon.colcon_core.verb:set package 'my_package' build argument 'cmake_force_configure' from command line to 'False'
[0.912s] Level 5:colcon.colcon_core.verb:set package 'my_package' build argument 'ament_cmake_args' from command line to 'None'
[0.912s] Level 5:colcon.colcon_core.verb:set package 'my_package' build argument 'catkin_cmake_args' from command line to 'None'
[0.912s] Level 5:colcon.colcon_core.verb:set package 'my_package' build argument 'catkin_skip_building_tests' from command line to 'False'
[0.913s] DEBUG:colcon.colcon_core.verb:Building package 'my_package' with the following arguments: {'ament_cmake_args': None, 'build_base': '/home/ny/FsRobo-A1/build/my_package', 'catkin_cmake_args': None, 'catkin_skip_building_tests': False, 'cmake_args': None, 'cmake_clean_cache': False, 'cmake_clean_first': False, 'cmake_force_configure': False, 'cmake_target': None, 'cmake_target_skip_unavailable': False, 'install_base': '/home/ny/FsRobo-A1/install/my_package', 'merge_install': False, 'path': '/home/ny/FsRobo-A1/src/my_package', 'symlink_install': False, 'test_result_base': None}
[0.913s] Level 5:colcon.colcon_core.verb:set package 'py_pubsub' build argument 'cmake_args' from command line to 'None'
[0.914s] Level 5:colcon.colcon_core.verb:set package 'py_pubsub' build argument 'cmake_target' from command line to 'None'
[0.914s] Level 5:colcon.colcon_core.verb:set package 'py_pubsub' build argument 'cmake_target_skip_unavailable' from command line to 'False'
[0.914s] Level 5:colcon.colcon_core.verb:set package 'py_pubsub' build argument 'cmake_clean_cache' from command line to 'False'
[0.914s] Level 5:colcon.colcon_core.verb:set package 'py_pubsub' build argument 'cmake_clean_first' from command line to 'False'
[0.914s] Level 5:colcon.colcon_core.verb:set package 'py_pubsub' build argument 'cmake_force_configure' from command line to 'False'
[0.914s] Level 5:colcon.colcon_core.verb:set package 'py_pubsub' build argument 'ament_cmake_args' from command line to 'None'
[0.914s] Level 5:colcon.colcon_core.verb:set package 'py_pubsub' build argument 'catkin_cmake_args' from command line to 'None'
[0.914s] Level 5:colcon.colcon_core.verb:set package 'py_pubsub' build argument 'catkin_skip_building_tests' from command line to 'False'
[0.914s] DEBUG:colcon.colcon_core.verb:Building package 'py_pubsub' with the following arguments: {'ament_cmake_args': None, 'build_base': '/home/ny/FsRobo-A1/build/py_pubsub', 'catkin_cmake_args': None, 'catkin_skip_building_tests': False, 'cmake_args': None, 'cmake_clean_cache': False, 'cmake_clean_first': False, 'cmake_force_configure': False, 'cmake_target': None, 'cmake_target_skip_unavailable': False, 'install_base': '/home/ny/FsRobo-A1/install/py_pubsub', 'merge_install': False, 'path': '/home/ny/FsRobo-A1/src/py_pubsub', 'symlink_install': False, 'test_result_base': None}
[0.915s] INFO:colcon.colcon_core.executor:Executing jobs using 'sequential' executor
[0.917s] DEBUG:colcon.colcon_core.executor.sequential:run_until_complete 'fsrobo-a1'
[0.918s] INFO:colcon.colcon_ros.task.ament_python.build:Building ROS package in '/home/ny/FsRobo-A1/src/fsrobo-a1' with build type 'ament_python'
[0.918s] Level 1:colcon.colcon_core.shell:create_environment_hook('fsrobo-a1', 'ament_prefix_path')
[0.921s] INFO:colcon.colcon_core.plugin_system:Skipping extension 'colcon_core.shell.bat': Not used on non-Windows systems
[0.922s] INFO:colcon.colcon_core.shell:Creating environment descriptor '/home/ny/FsRobo-A1/install/fsrobo-a1/share/fsrobo-a1/hook/ament_prefix_path.dsv'
[0.923s] INFO:colcon.colcon_core.shell:Creating environment hook '/home/ny/FsRobo-A1/install/fsrobo-a1/share/fsrobo-a1/hook/ament_prefix_path.sh'
[0.925s] DEBUG:colcon.colcon_core.shell:Skip shell extension 'dsv' for command environment
[1.566s] INFO:colcon.colcon_core.task.python.build:Building Python package in '/home/ny/FsRobo-A1/src/fsrobo-a1'
[1.568s] DEBUG:colcon.colcon_core.shell:Skip shell extension 'dsv' for command environment
[2.644s] DEBUG:colcon.colcon_core.event_handler.log_command:Invoking command in '/home/ny/FsRobo-A1/src/fsrobo-a1': PYTHONPATH=/home/ny/FsRobo-A1/build/fsrobo-a1/prefix_override:/usr/lib/python3/dist-packages/colcon_core/task/python/colcon_distutils_commands:/home/ny/FsRobo-A1/install/fsrobo-a1/lib/python3.8/site-packages:${PYTHONPATH} /usr/bin/python3 -W ignore:setup.py install is deprecated setup.py egg_info --egg-base ../../build/fsrobo-a1 build --build-base /home/ny/FsRobo-A1/build/fsrobo-a1/build install --record /home/ny/FsRobo-A1/build/fsrobo-a1/install.log --install-scripts $base/lib/fsrobo-a1 --single-version-externally-managed install_data
[3.413s] DEBUG:colcon.colcon_core.event_handler.log_command:Invoked command in '/home/ny/FsRobo-A1/src/fsrobo-a1' returned '0': PYTHONPATH=/home/ny/FsRobo-A1/build/fsrobo-a1/prefix_override:/usr/lib/python3/dist-packages/colcon_core/task/python/colcon_distutils_commands:/home/ny/FsRobo-A1/install/fsrobo-a1/lib/python3.8/site-packages:${PYTHONPATH} /usr/bin/python3 -W ignore:setup.py install is deprecated setup.py egg_info --egg-base ../../build/fsrobo-a1 build --build-base /home/ny/FsRobo-A1/build/fsrobo-a1/build install --record /home/ny/FsRobo-A1/build/fsrobo-a1/install.log --install-scripts $base/lib/fsrobo-a1 --single-version-externally-managed install_data
[3.422s] Level 1:colcon.colcon_core.environment:checking '/home/ny/FsRobo-A1/install/fsrobo-a1' for CMake module files
[3.424s] Level 1:colcon.colcon_core.environment:checking '/home/ny/FsRobo-A1/install/fsrobo-a1' for CMake config files
[3.427s] Level 1:colcon.colcon_core.environment:checking '/home/ny/FsRobo-A1/install/fsrobo-a1/lib'
[3.428s] Level 1:colcon.colcon_core.environment:checking '/home/ny/FsRobo-A1/install/fsrobo-a1/bin'
[3.428s] Level 1:colcon.colcon_core.environment:checking '/home/ny/FsRobo-A1/install/fsrobo-a1/lib/pkgconfig/fsrobo-a1.pc'
[3.429s] Level 1:colcon.colcon_core.environment:checking '/home/ny/FsRobo-A1/install/fsrobo-a1/lib/python3.8/site-packages'
[3.429s] Level 1:colcon.colcon_core.shell:create_environment_hook('fsrobo-a1', 'pythonpath')
[3.430s] INFO:colcon.colcon_core.shell:Creating environment descriptor '/home/ny/FsRobo-A1/install/fsrobo-a1/share/fsrobo-a1/hook/pythonpath.dsv'
[3.435s] INFO:colcon.colcon_core.shell:Creating environment hook '/home/ny/FsRobo-A1/install/fsrobo-a1/share/fsrobo-a1/hook/pythonpath.sh'
[3.437s] Level 1:colcon.colcon_core.environment:checking '/home/ny/FsRobo-A1/install/fsrobo-a1/bin'
[3.438s] Level 1:colcon.colcon_core.environment:create_environment_scripts_only(fsrobo-a1)
[3.438s] INFO:colcon.colcon_core.shell:Creating package descriptor '/home/ny/FsRobo-A1/install/fsrobo-a1/share/fsrobo-a1/package.dsv'
[3.441s] INFO:colcon.colcon_core.shell:Creating package script '/home/ny/FsRobo-A1/install/fsrobo-a1/share/fsrobo-a1/package.sh'
[3.443s] Level 1:colcon.colcon_core.environment:create_file_with_runtime_dependencies(/home/ny/FsRobo-A1/install/fsrobo-a1/share/colcon-core/packages/fsrobo-a1)
[3.445s] DEBUG:colcon.colcon_core.executor.sequential:run_until_complete 'fsrobo-a1' finished with '0'
[3.445s] DEBUG:colcon.colcon_core.executor.sequential:run_until_complete 'fsrobo_a1_msg_srv_4py'
[3.447s] INFO:colcon.colcon_ros.task.ament_cmake.build:Building ROS package in '/home/ny/FsRobo-A1/src/fsrobo_a1_msg_srv_4py' with build type 'ament_cmake'
[3.448s] INFO:colcon.colcon_cmake.task.cmake.build:Building CMake package in '/home/ny/FsRobo-A1/src/fsrobo_a1_msg_srv_4py'
[3.449s] DEBUG:colcon.colcon_core.shell:Skip shell extension 'dsv' for command environment
[3.489s] DEBUG:colcon.colcon_core.event_handler.log_command:Invoking command in '/home/ny/FsRobo-A1/build/fsrobo_a1_msg_srv_4py': CMAKE_PREFIX_PATH=${CMAKE_PREFIX_PATH}:/home/ny/FsRobo-A1/install/py_pubsub:/home/ny/FsRobo-A1/install/my_package:/home/ny/FsRobo-A1/install/fsrobo-a1:/opt/ros/foxy /usr/bin/cmake --build /home/ny/FsRobo-A1/build/fsrobo_a1_msg_srv_4py -- -j16 -l16
[4.312s] DEBUG:colcon.colcon_core.event_handler.log_command:Invoked command in '/home/ny/FsRobo-A1/build/fsrobo_a1_msg_srv_4py' returned '0': CMAKE_PREFIX_PATH=${CMAKE_PREFIX_PATH}:/home/ny/FsRobo-A1/install/py_pubsub:/home/ny/FsRobo-A1/install/my_package:/home/ny/FsRobo-A1/install/fsrobo-a1:/opt/ros/foxy /usr/bin/cmake --build /home/ny/FsRobo-A1/build/fsrobo_a1_msg_srv_4py -- -j16 -l16
[4.839s] DEBUG:colcon.colcon_core.event_handler.log_command:Invoking command in '/home/ny/FsRobo-A1/build/fsrobo_a1_msg_srv_4py': CMAKE_PREFIX_PATH=${CMAKE_PREFIX_PATH}:/home/ny/FsRobo-A1/install/py_pubsub:/home/ny/FsRobo-A1/install/my_package:/home/ny/FsRobo-A1/install/fsrobo-a1:/opt/ros/foxy /usr/bin/cmake --install /home/ny/FsRobo-A1/build/fsrobo_a1_msg_srv_4py
[5.041s] Level 1:colcon.colcon_core.environment:create_environment_scripts_only(fsrobo_a1_msg_srv_4py)
[5.044s] Level 1:colcon.colcon_core.environment:checking '/home/ny/FsRobo-A1/install/fsrobo_a1_msg_srv_4py' for CMake module files
[5.046s] DEBUG:colcon.colcon_core.event_handler.log_command:Invoked command in '/home/ny/FsRobo-A1/build/fsrobo_a1_msg_srv_4py' returned '0': CMAKE_PREFIX_PATH=${CMAKE_PREFIX_PATH}:/home/ny/FsRobo-A1/install/py_pubsub:/home/ny/FsRobo-A1/install/my_package:/home/ny/FsRobo-A1/install/fsrobo-a1:/opt/ros/foxy /usr/bin/cmake --install /home/ny/FsRobo-A1/build/fsrobo_a1_msg_srv_4py
[5.048s] Level 1:colcon.colcon_core.environment:checking '/home/ny/FsRobo-A1/install/fsrobo_a1_msg_srv_4py' for CMake config files
[5.050s] Level 1:colcon.colcon_core.shell:create_environment_hook('fsrobo_a1_msg_srv_4py', 'cmake_prefix_path')
[5.051s] INFO:colcon.colcon_core.shell:Creating environment descriptor '/home/ny/FsRobo-A1/install/fsrobo_a1_msg_srv_4py/share/fsrobo_a1_msg_srv_4py/hook/cmake_prefix_path.dsv'
[5.053s] INFO:colcon.colcon_core.shell:Creating environment hook '/home/ny/FsRobo-A1/install/fsrobo_a1_msg_srv_4py/share/fsrobo_a1_msg_srv_4py/hook/cmake_prefix_path.sh'
[5.055s] Level 1:colcon.colcon_core.environment:checking '/home/ny/FsRobo-A1/install/fsrobo_a1_msg_srv_4py/lib'
[5.055s] Level 1:colcon.colcon_core.shell:create_environment_hook('fsrobo_a1_msg_srv_4py', 'ld_library_path_lib')
[5.055s] INFO:colcon.colcon_core.shell:Creating environment descriptor '/home/ny/FsRobo-A1/install/fsrobo_a1_msg_srv_4py/share/fsrobo_a1_msg_srv_4py/hook/ld_library_path_lib.dsv'
[5.057s] INFO:colcon.colcon_core.shell:Creating environment hook '/home/ny/FsRobo-A1/install/fsrobo_a1_msg_srv_4py/share/fsrobo_a1_msg_srv_4py/hook/ld_library_path_lib.sh'
[5.058s] Level 1:colcon.colcon_core.environment:checking '/home/ny/FsRobo-A1/install/fsrobo_a1_msg_srv_4py/bin'
[5.059s] Level 1:colcon.colcon_core.environment:checking '/home/ny/FsRobo-A1/install/fsrobo_a1_msg_srv_4py/lib/pkgconfig/fsrobo_a1_msg_srv_4py.pc'
[5.061s] Level 1:colcon.colcon_core.environment:checking '/home/ny/FsRobo-A1/install/fsrobo_a1_msg_srv_4py/lib/python3.8/site-packages'
[5.061s] Level 1:colcon.colcon_core.shell:create_environment_hook('fsrobo_a1_msg_srv_4py', 'pythonpath')
[5.062s] INFO:colcon.colcon_core.shell:Creating environment descriptor '/home/ny/FsRobo-A1/install/fsrobo_a1_msg_srv_4py/share/fsrobo_a1_msg_srv_4py/hook/pythonpath.dsv'
[5.063s] INFO:colcon.colcon_core.shell:Creating environment hook '/home/ny/FsRobo-A1/install/fsrobo_a1_msg_srv_4py/share/fsrobo_a1_msg_srv_4py/hook/pythonpath.sh'
[5.066s] Level 1:colcon.colcon_core.environment:checking '/home/ny/FsRobo-A1/install/fsrobo_a1_msg_srv_4py/bin'
[5.067s] INFO:colcon.colcon_core.shell:Creating package descriptor '/home/ny/FsRobo-A1/install/fsrobo_a1_msg_srv_4py/share/fsrobo_a1_msg_srv_4py/package.dsv'
[5.069s] INFO:colcon.colcon_core.shell:Creating package script '/home/ny/FsRobo-A1/install/fsrobo_a1_msg_srv_4py/share/fsrobo_a1_msg_srv_4py/package.sh'
[5.071s] Level 1:colcon.colcon_core.environment:create_file_with_runtime_dependencies(/home/ny/FsRobo-A1/install/fsrobo_a1_msg_srv_4py/share/colcon-core/packages/fsrobo_a1_msg_srv_4py)
[5.546s] Level 1:colcon.colcon_core.environment:create_environment_scripts_only(fsrobo_a1_msg_srv_4py)
[5.547s] Level 1:colcon.colcon_core.environment:checking '/home/ny/FsRobo-A1/install/fsrobo_a1_msg_srv_4py' for CMake module files
[5.550s] Level 1:colcon.colcon_core.environment:checking '/home/ny/FsRobo-A1/install/fsrobo_a1_msg_srv_4py' for CMake config files
[5.553s] Level 1:colcon.colcon_core.shell:create_environment_hook('fsrobo_a1_msg_srv_4py', 'cmake_prefix_path')
[5.553s] INFO:colcon.colcon_core.shell:Creating environment descriptor '/home/ny/FsRobo-A1/install/fsrobo_a1_msg_srv_4py/share/fsrobo_a1_msg_srv_4py/hook/cmake_prefix_path.dsv'
[5.555s] INFO:colcon.colcon_core.shell:Creating environment hook '/home/ny/FsRobo-A1/install/fsrobo_a1_msg_srv_4py/share/fsrobo_a1_msg_srv_4py/hook/cmake_prefix_path.sh'
[5.558s] Level 1:colcon.colcon_core.environment:checking '/home/ny/FsRobo-A1/install/fsrobo_a1_msg_srv_4py/lib'
[5.559s] Level 1:colcon.colcon_core.shell:create_environment_hook('fsrobo_a1_msg_srv_4py', 'ld_library_path_lib')
[5.559s] INFO:colcon.colcon_core.shell:Creating environment descriptor '/home/ny/FsRobo-A1/install/fsrobo_a1_msg_srv_4py/share/fsrobo_a1_msg_srv_4py/hook/ld_library_path_lib.dsv'
[5.561s] INFO:colcon.colcon_core.shell:Creating environment hook '/home/ny/FsRobo-A1/install/fsrobo_a1_msg_srv_4py/share/fsrobo_a1_msg_srv_4py/hook/ld_library_path_lib.sh'
[5.563s] Level 1:colcon.colcon_core.environment:checking '/home/ny/FsRobo-A1/install/fsrobo_a1_msg_srv_4py/bin'
[5.563s] Level 1:colcon.colcon_core.environment:checking '/home/ny/FsRobo-A1/install/fsrobo_a1_msg_srv_4py/lib/pkgconfig/fsrobo_a1_msg_srv_4py.pc'
[5.564s] Level 1:colcon.colcon_core.environment:checking '/home/ny/FsRobo-A1/install/fsrobo_a1_msg_srv_4py/lib/python3.8/site-packages'
[5.565s] Level 1:colcon.colcon_core.shell:create_environment_hook('fsrobo_a1_msg_srv_4py', 'pythonpath')
[5.565s] INFO:colcon.colcon_core.shell:Creating environment descriptor '/home/ny/FsRobo-A1/install/fsrobo_a1_msg_srv_4py/share/fsrobo_a1_msg_srv_4py/hook/pythonpath.dsv'
[5.566s] INFO:colcon.colcon_core.shell:Creating environment hook '/home/ny/FsRobo-A1/install/fsrobo_a1_msg_srv_4py/share/fsrobo_a1_msg_srv_4py/hook/pythonpath.sh'
[5.569s] Level 1:colcon.colcon_core.environment:checking '/home/ny/FsRobo-A1/install/fsrobo_a1_msg_srv_4py/bin'
[5.570s] INFO:colcon.colcon_core.shell:Creating package descriptor '/home/ny/FsRobo-A1/install/fsrobo_a1_msg_srv_4py/share/fsrobo_a1_msg_srv_4py/package.dsv'
[5.571s] INFO:colcon.colcon_core.shell:Creating package script '/home/ny/FsRobo-A1/install/fsrobo_a1_msg_srv_4py/share/fsrobo_a1_msg_srv_4py/package.sh'
[5.574s] Level 1:colcon.colcon_core.environment:create_file_with_runtime_dependencies(/home/ny/FsRobo-A1/install/fsrobo_a1_msg_srv_4py/share/colcon-core/packages/fsrobo_a1_msg_srv_4py)
[5.575s] DEBUG:colcon.colcon_core.executor.sequential:run_until_complete 'fsrobo_a1_msg_srv_4py' finished with '0'
[5.576s] DEBUG:colcon.colcon_core.executor.sequential:run_until_complete 'my_package'
[5.577s] INFO:colcon.colcon_ros.task.ament_python.build:Building ROS package in '/home/ny/FsRobo-A1/src/my_package' with build type 'ament_python'
[5.577s] Level 1:colcon.colcon_core.shell:create_environment_hook('my_package', 'ament_prefix_path')
[5.578s] INFO:colcon.colcon_core.shell:Creating environment descriptor '/home/ny/FsRobo-A1/install/my_package/share/my_package/hook/ament_prefix_path.dsv'
[5.581s] INFO:colcon.colcon_core.shell:Creating environment hook '/home/ny/FsRobo-A1/install/my_package/share/my_package/hook/ament_prefix_path.sh'
[5.583s] DEBUG:colcon.colcon_core.shell:Skip shell extension 'dsv' for command environment
[6.181s] INFO:colcon.colcon_core.task.python.build:Building Python package in '/home/ny/FsRobo-A1/src/my_package'
[6.182s] DEBUG:colcon.colcon_core.shell:Skip shell extension 'dsv' for command environment
[7.216s] DEBUG:colcon.colcon_core.event_handler.log_command:Invoking command in '/home/ny/FsRobo-A1/src/my_package': PYTHONPATH=/home/ny/FsRobo-A1/build/my_package/prefix_override:/usr/lib/python3/dist-packages/colcon_core/task/python/colcon_distutils_commands:/home/ny/FsRobo-A1/install/my_package/lib/python3.8/site-packages:${PYTHONPATH} /usr/bin/python3 -W ignore:setup.py install is deprecated setup.py egg_info --egg-base ../../build/my_package build --build-base /home/ny/FsRobo-A1/build/my_package/build install --record /home/ny/FsRobo-A1/build/my_package/install.log --install-scripts $base/lib/my_package --single-version-externally-managed install_data
[7.991s] Level 1:colcon.colcon_core.environment:checking '/home/ny/FsRobo-A1/install/my_package' for CMake module files
[7.996s] DEBUG:colcon.colcon_core.event_handler.log_command:Invoked command in '/home/ny/FsRobo-A1/src/my_package' returned '0': PYTHONPATH=/home/ny/FsRobo-A1/build/my_package/prefix_override:/usr/lib/python3/dist-packages/colcon_core/task/python/colcon_distutils_commands:/home/ny/FsRobo-A1/install/my_package/lib/python3.8/site-packages:${PYTHONPATH} /usr/bin/python3 -W ignore:setup.py install is deprecated setup.py egg_info --egg-base ../../build/my_package build --build-base /home/ny/FsRobo-A1/build/my_package/build install --record /home/ny/FsRobo-A1/build/my_package/install.log --install-scripts $base/lib/my_package --single-version-externally-managed install_data
[7.999s] Level 1:colcon.colcon_core.environment:checking '/home/ny/FsRobo-A1/install/my_package' for CMake config files
[8.001s] Level 1:colcon.colcon_core.environment:checking '/home/ny/FsRobo-A1/install/my_package/lib'
[8.002s] Level 1:colcon.colcon_core.environment:checking '/home/ny/FsRobo-A1/install/my_package/bin'
[8.002s] Level 1:colcon.colcon_core.environment:checking '/home/ny/FsRobo-A1/install/my_package/lib/pkgconfig/my_package.pc'
[8.003s] Level 1:colcon.colcon_core.environment:checking '/home/ny/FsRobo-A1/install/my_package/lib/python3.8/site-packages'
[8.003s] Level 1:colcon.colcon_core.shell:create_environment_hook('my_package', 'pythonpath')
[8.004s] INFO:colcon.colcon_core.shell:Creating environment descriptor '/home/ny/FsRobo-A1/install/my_package/share/my_package/hook/pythonpath.dsv'
[8.007s] INFO:colcon.colcon_core.shell:Creating environment hook '/home/ny/FsRobo-A1/install/my_package/share/my_package/hook/pythonpath.sh'
[8.010s] Level 1:colcon.colcon_core.environment:checking '/home/ny/FsRobo-A1/install/my_package/bin'
[8.011s] Level 1:colcon.colcon_core.environment:create_environment_scripts_only(my_package)
[8.012s] INFO:colcon.colcon_core.shell:Creating package descriptor '/home/ny/FsRobo-A1/install/my_package/share/my_package/package.dsv'
[8.014s] INFO:colcon.colcon_core.shell:Creating package script '/home/ny/FsRobo-A1/install/my_package/share/my_package/package.sh'
[8.016s] Level 1:colcon.colcon_core.environment:create_file_with_runtime_dependencies(/home/ny/FsRobo-A1/install/my_package/share/colcon-core/packages/my_package)
[8.017s] DEBUG:colcon.colcon_core.executor.sequential:run_until_complete 'my_package' finished with '0'
[8.017s] DEBUG:colcon.colcon_core.executor.sequential:run_until_complete 'py_pubsub'
[8.018s] INFO:colcon.colcon_ros.task.ament_python.build:Building ROS package in '/home/ny/FsRobo-A1/src/py_pubsub' with build type 'ament_python'
[8.018s] Level 1:colcon.colcon_core.shell:create_environment_hook('py_pubsub', 'ament_prefix_path')
[8.019s] INFO:colcon.colcon_core.shell:Creating environment descriptor '/home/ny/FsRobo-A1/install/py_pubsub/share/py_pubsub/hook/ament_prefix_path.dsv'
[8.022s] INFO:colcon.colcon_core.shell:Creating environment hook '/home/ny/FsRobo-A1/install/py_pubsub/share/py_pubsub/hook/ament_prefix_path.sh'
[8.025s] DEBUG:colcon.colcon_core.shell:Skip shell extension 'dsv' for command environment
[8.612s] INFO:colcon.colcon_core.task.python.build:Building Python package in '/home/ny/FsRobo-A1/src/py_pubsub'
[8.614s] DEBUG:colcon.colcon_core.shell:Skip shell extension 'dsv' for command environment
[9.661s] DEBUG:colcon.colcon_core.event_handler.log_command:Invoking command in '/home/ny/FsRobo-A1/src/py_pubsub': PYTHONPATH=/home/ny/FsRobo-A1/build/py_pubsub/prefix_override:/usr/lib/python3/dist-packages/colcon_core/task/python/colcon_distutils_commands:/home/ny/FsRobo-A1/install/py_pubsub/lib/python3.8/site-packages:${PYTHONPATH} /usr/bin/python3 -W ignore:setup.py install is deprecated setup.py egg_info --egg-base ../../build/py_pubsub build --build-base /home/ny/FsRobo-A1/build/py_pubsub/build install --record /home/ny/FsRobo-A1/build/py_pubsub/install.log --install-scripts $base/lib/py_pubsub --single-version-externally-managed install_data
[10.408s] Level 1:colcon.colcon_core.environment:checking '/home/ny/FsRobo-A1/install/py_pubsub' for CMake module files
[10.411s] DEBUG:colcon.colcon_core.event_handler.log_command:Invoked command in '/home/ny/FsRobo-A1/src/py_pubsub' returned '0': PYTHONPATH=/home/ny/FsRobo-A1/build/py_pubsub/prefix_override:/usr/lib/python3/dist-packages/colcon_core/task/python/colcon_distutils_commands:/home/ny/FsRobo-A1/install/py_pubsub/lib/python3.8/site-packages:${PYTHONPATH} /usr/bin/python3 -W ignore:setup.py install is deprecated setup.py egg_info --egg-base ../../build/py_pubsub build --build-base /home/ny/FsRobo-A1/build/py_pubsub/build install --record /home/ny/FsRobo-A1/build/py_pubsub/install.log --install-scripts $base/lib/py_pubsub --single-version-externally-managed install_data
[10.412s] Level 1:colcon.colcon_core.environment:checking '/home/ny/FsRobo-A1/install/py_pubsub' for CMake config files
[10.415s] Level 1:colcon.colcon_core.environment:checking '/home/ny/FsRobo-A1/install/py_pubsub/lib'
[10.415s] Level 1:colcon.colcon_core.environment:checking '/home/ny/FsRobo-A1/install/py_pubsub/bin'
[10.415s] Level 1:colcon.colcon_core.environment:checking '/home/ny/FsRobo-A1/install/py_pubsub/lib/pkgconfig/py_pubsub.pc'
[10.416s] Level 1:colcon.colcon_core.environment:checking '/home/ny/FsRobo-A1/install/py_pubsub/lib/python3.8/site-packages'
[10.417s] Level 1:colcon.colcon_core.shell:create_environment_hook('py_pubsub', 'pythonpath')
[10.417s] INFO:colcon.colcon_core.shell:Creating environment descriptor '/home/ny/FsRobo-A1/install/py_pubsub/share/py_pubsub/hook/pythonpath.dsv'
[10.420s] INFO:colcon.colcon_core.shell:Creating environment hook '/home/ny/FsRobo-A1/install/py_pubsub/share/py_pubsub/hook/pythonpath.sh'
[10.422s] Level 1:colcon.colcon_core.environment:checking '/home/ny/FsRobo-A1/install/py_pubsub/bin'
[10.423s] Level 1:colcon.colcon_core.environment:create_environment_scripts_only(py_pubsub)
[10.423s] INFO:colcon.colcon_core.shell:Creating package descriptor '/home/ny/FsRobo-A1/install/py_pubsub/share/py_pubsub/package.dsv'
[10.426s] INFO:colcon.colcon_core.shell:Creating package script '/home/ny/FsRobo-A1/install/py_pubsub/share/py_pubsub/package.sh'
[10.428s] Level 1:colcon.colcon_core.environment:create_file_with_runtime_dependencies(/home/ny/FsRobo-A1/install/py_pubsub/share/colcon-core/packages/py_pubsub)
[10.430s] DEBUG:colcon.colcon_core.executor.sequential:run_until_complete 'py_pubsub' finished with '0'
[10.430s] DEBUG:colcon.colcon_core.executor.sequential:closing loop
[10.434s] DEBUG:colcon.colcon_core.executor.sequential:loop closed
[10.434s] DEBUG:colcon.colcon_core.event_reactor:joining thread
[10.435s] DEBUG:colcon.colcon_core.event_reactor:joined thread
[10.436s] INFO:colcon.colcon_core.shell:Creating prefix script '/home/ny/FsRobo-A1/install/local_setup.sh'
[10.438s] INFO:colcon.colcon_core.shell:Creating prefix util module '/home/ny/FsRobo-A1/install/_local_setup_util_sh.py'
[10.441s] INFO:colcon.colcon_core.shell:Creating prefix chain script '/home/ny/FsRobo-A1/install/setup.sh'
