[0.518s] DEBUG:colcon:Command line arguments: ['/usr/bin/colcon', 'build']
[0.519s] DEBUG:colcon:Parsed command line arguments: Namespace(ament_cmake_args=None, base_paths=['.'], build_base='build', catkin_cmake_args=None, catkin_skip_building_tests=False, cmake_args=None, cmake_clean_cache=False, cmake_clean_first=False, cmake_force_configure=False, cmake_target=None, cmake_target_skip_unavailable=False, continue_on_error=False, event_handlers=None, executor='sequential', install_base='install', log_base=None, log_level=None, main=<bound method BuildVerb.main of <colcon_core.verb.build.BuildVerb object at 0x7f31ac7cb5b0>>, merge_install=False, paths=None, symlink_install=False, test_result_base=None, verb_extension=<colcon_core.verb.build.BuildVerb object at 0x7f31ac7cb5b0>, verb_name='build', verb_parser=<colcon_argcomplete.argument_parser.argcomplete.ArgcompleteDecorator object at 0x7f31ac76b910>)
[1.034s] Level 1:colcon.colcon_core.package_discovery:discover_packages(recursive) check parameters
[1.034s] Level 1:colcon.colcon_core.package_discovery:discover_packages(path) check parameters
[1.034s] Level 1:colcon.colcon_core.package_discovery:discover_packages(recursive) discover
[1.035s] INFO:colcon.colcon_core.package_discovery:Crawling recursively for packages in '/home/ny/FsRobo-A1'
[1.035s] Level 1:colcon.colcon_core.package_identification:_identify(.) by extensions ['ignore', 'ignore_ament_install']
[1.035s] Level 1:colcon.colcon_core.package_identification:_identify(.) by extension 'ignore'
[1.036s] Level 1:colcon.colcon_core.package_identification:_identify(.) by extension 'ignore_ament_install'
[1.036s] Level 1:colcon.colcon_core.package_identification:_identify(.) by extensions ['ros']
[1.036s] Level 1:colcon.colcon_core.package_identification:_identify(.) by extension 'ros'
[1.096s] Level 1:colcon.colcon_core.package_identification:_identify(.) by extensions ['cmake', 'python']
[1.097s] Level 1:colcon.colcon_core.package_identification:_identify(.) by extension 'cmake'
[1.097s] Level 1:colcon.colcon_core.package_identification:_identify(.) by extension 'python'
[1.098s] Level 1:colcon.colcon_core.package_identification:_identify(.) by extensions ['python_setup_py']
[1.098s] Level 1:colcon.colcon_core.package_identification:_identify(.) by extension 'python_setup_py'
[1.099s] Level 1:colcon.colcon_core.package_identification:_identify(build) by extensions ['ignore', 'ignore_ament_install']
[1.099s] Level 1:colcon.colcon_core.package_identification:_identify(build) by extension 'ignore'
[1.100s] Level 1:colcon.colcon_core.package_identification:_identify(build) ignored
[1.101s] Level 1:colcon.colcon_core.package_identification:_identify(install) by extensions ['ignore', 'ignore_ament_install']
[1.101s] Level 1:colcon.colcon_core.package_identification:_identify(install) by extension 'ignore'
[1.102s] Level 1:colcon.colcon_core.package_identification:_identify(install) ignored
[1.102s] Level 1:colcon.colcon_core.package_identification:_identify(log) by extensions ['ignore', 'ignore_ament_install']
[1.103s] Level 1:colcon.colcon_core.package_identification:_identify(log) by extension 'ignore'
[1.103s] Level 1:colcon.colcon_core.package_identification:_identify(log) ignored
[1.103s] Level 1:colcon.colcon_core.package_identification:_identify(src) by extensions ['ignore', 'ignore_ament_install']
[1.104s] Level 1:colcon.colcon_core.package_identification:_identify(src) by extension 'ignore'
[1.104s] Level 1:colcon.colcon_core.package_identification:_identify(src) by extension 'ignore_ament_install'
[1.104s] Level 1:colcon.colcon_core.package_identification:_identify(src) by extensions ['ros']
[1.105s] Level 1:colcon.colcon_core.package_identification:_identify(src) by extension 'ros'
[1.105s] Level 1:colcon.colcon_core.package_identification:_identify(src) by extensions ['cmake', 'python']
[1.105s] Level 1:colcon.colcon_core.package_identification:_identify(src) by extension 'cmake'
[1.105s] Level 1:colcon.colcon_core.package_identification:_identify(src) by extension 'python'
[1.106s] Level 1:colcon.colcon_core.package_identification:_identify(src) by extensions ['python_setup_py']
[1.106s] Level 1:colcon.colcon_core.package_identification:_identify(src) by extension 'python_setup_py'
[1.106s] Level 1:colcon.colcon_core.package_identification:_identify(src/4dof) by extensions ['ignore', 'ignore_ament_install']
[1.107s] Level 1:colcon.colcon_core.package_identification:_identify(src/4dof) by extension 'ignore'
[1.107s] Level 1:colcon.colcon_core.package_identification:_identify(src/4dof) by extension 'ignore_ament_install'
[1.107s] Level 1:colcon.colcon_core.package_identification:_identify(src/4dof) by extensions ['ros']
[1.107s] Level 1:colcon.colcon_core.package_identification:_identify(src/4dof) by extension 'ros'
[1.115s] DEBUG:colcon.colcon_core.package_identification:Package 'src/4dof' with type 'ros.ament_cmake' and name '4dof'
[1.116s] Level 1:colcon.colcon_core.package_identification:_identify(src/fsrobo_a1_msg_srv_4py) by extensions ['ignore', 'ignore_ament_install']
[1.116s] Level 1:colcon.colcon_core.package_identification:_identify(src/fsrobo_a1_msg_srv_4py) by extension 'ignore'
[1.117s] Level 1:colcon.colcon_core.package_identification:_identify(src/fsrobo_a1_msg_srv_4py) by extension 'ignore_ament_install'
[1.117s] Level 1:colcon.colcon_core.package_identification:_identify(src/fsrobo_a1_msg_srv_4py) by extensions ['ros']
[1.117s] Level 1:colcon.colcon_core.package_identification:_identify(src/fsrobo_a1_msg_srv_4py) by extension 'ros'
[1.119s] DEBUG:colcon.colcon_core.package_identification:Package 'src/fsrobo_a1_msg_srv_4py' with type 'ros.ament_cmake' and name 'fsrobo_a1_msg_srv_4py'
[1.120s] Level 1:colcon.colcon_core.package_identification:_identify(src/fsrobo_a1_serve_py) by extensions ['ignore', 'ignore_ament_install']
[1.120s] Level 1:colcon.colcon_core.package_identification:_identify(src/fsrobo_a1_serve_py) by extension 'ignore'
[1.121s] Level 1:colcon.colcon_core.package_identification:_identify(src/fsrobo_a1_serve_py) by extension 'ignore_ament_install'
[1.121s] Level 1:colcon.colcon_core.package_identification:_identify(src/fsrobo_a1_serve_py) by extensions ['ros']
[1.121s] Level 1:colcon.colcon_core.package_identification:_identify(src/fsrobo_a1_serve_py) by extension 'ros'
[1.123s] DEBUG:colcon.colcon_core.package_identification:Package 'src/fsrobo_a1_serve_py' with type 'ros.ament_python' and name 'fsrobo_a1_serve_py'
[1.124s] Level 1:colcon.colcon_core.package_identification:_identify(src/my_package) by extensions ['ignore', 'ignore_ament_install']
[1.125s] Level 1:colcon.colcon_core.package_identification:_identify(src/my_package) by extension 'ignore'
[1.125s] Level 1:colcon.colcon_core.package_identification:_identify(src/my_package) by extension 'ignore_ament_install'
[1.125s] Level 1:colcon.colcon_core.package_identification:_identify(src/my_package) by extensions ['ros']
[1.125s] Level 1:colcon.colcon_core.package_identification:_identify(src/my_package) by extension 'ros'
[1.126s] DEBUG:colcon.colcon_core.package_identification:Package 'src/my_package' with type 'ros.ament_python' and name 'my_package'
[1.127s] Level 1:colcon.colcon_core.package_identification:_identify(src/py_pubsub) by extensions ['ignore', 'ignore_ament_install']
[1.127s] Level 1:colcon.colcon_core.package_identification:_identify(src/py_pubsub) by extension 'ignore'
[1.127s] Level 1:colcon.colcon_core.package_identification:_identify(src/py_pubsub) by extension 'ignore_ament_install'
[1.127s] Level 1:colcon.colcon_core.package_identification:_identify(src/py_pubsub) by extensions ['ros']
[1.127s] Level 1:colcon.colcon_core.package_identification:_identify(src/py_pubsub) by extension 'ros'
[1.129s] DEBUG:colcon.colcon_core.package_identification:Package 'src/py_pubsub' with type 'ros.ament_python' and name 'py_pubsub'
[1.129s] Level 1:colcon.colcon_core.package_discovery:discover_packages(recursive) using defaults
[1.129s] Level 1:colcon.colcon_core.package_discovery:discover_packages(path) discover
[1.129s] Level 1:colcon.colcon_core.package_discovery:discover_packages(path) using defaults
[1.211s] Level 5:colcon.colcon_core.verb:set package '4dof' build argument 'cmake_args' from command line to 'None'
[1.211s] Level 5:colcon.colcon_core.verb:set package '4dof' build argument 'cmake_target' from command line to 'None'
[1.211s] Level 5:colcon.colcon_core.verb:set package '4dof' build argument 'cmake_target_skip_unavailable' from command line to 'False'
[1.211s] Level 5:colcon.colcon_core.verb:set package '4dof' build argument 'cmake_clean_cache' from command line to 'False'
[1.212s] Level 5:colcon.colcon_core.verb:set package '4dof' build argument 'cmake_clean_first' from command line to 'False'
[1.212s] Level 5:colcon.colcon_core.verb:set package '4dof' build argument 'cmake_force_configure' from command line to 'False'
[1.212s] Level 5:colcon.colcon_core.verb:set package '4dof' build argument 'ament_cmake_args' from command line to 'None'
[1.212s] Level 5:colcon.colcon_core.verb:set package '4dof' build argument 'catkin_cmake_args' from command line to 'None'
[1.213s] Level 5:colcon.colcon_core.verb:set package '4dof' build argument 'catkin_skip_building_tests' from command line to 'False'
[1.213s] DEBUG:colcon.colcon_core.verb:Building package '4dof' with the following arguments: {'ament_cmake_args': None, 'build_base': '/home/ny/FsRobo-A1/build/4dof', 'catkin_cmake_args': None, 'catkin_skip_building_tests': False, 'cmake_args': None, 'cmake_clean_cache': False, 'cmake_clean_first': False, 'cmake_force_configure': False, 'cmake_target': None, 'cmake_target_skip_unavailable': False, 'install_base': '/home/ny/FsRobo-A1/install/4dof', 'merge_install': False, 'path': '/home/ny/FsRobo-A1/src/4dof', 'symlink_install': False, 'test_result_base': None}
[1.214s] Level 5:colcon.colcon_core.verb:set package 'fsrobo_a1_msg_srv_4py' build argument 'cmake_args' from command line to 'None'
[1.214s] Level 5:colcon.colcon_core.verb:set package 'fsrobo_a1_msg_srv_4py' build argument 'cmake_target' from command line to 'None'
[1.214s] Level 5:colcon.colcon_core.verb:set package 'fsrobo_a1_msg_srv_4py' build argument 'cmake_target_skip_unavailable' from command line to 'False'
[1.214s] Level 5:colcon.colcon_core.verb:set package 'fsrobo_a1_msg_srv_4py' build argument 'cmake_clean_cache' from command line to 'False'
[1.214s] Level 5:colcon.colcon_core.verb:set package 'fsrobo_a1_msg_srv_4py' build argument 'cmake_clean_first' from command line to 'False'
[1.214s] Level 5:colcon.colcon_core.verb:set package 'fsrobo_a1_msg_srv_4py' build argument 'cmake_force_configure' from command line to 'False'
[1.214s] Level 5:colcon.colcon_core.verb:set package 'fsrobo_a1_msg_srv_4py' build argument 'ament_cmake_args' from command line to 'None'
[1.215s] Level 5:colcon.colcon_core.verb:set package 'fsrobo_a1_msg_srv_4py' build argument 'catkin_cmake_args' from command line to 'None'
[1.215s] Level 5:colcon.colcon_core.verb:set package 'fsrobo_a1_msg_srv_4py' build argument 'catkin_skip_building_tests' from command line to 'False'
[1.215s] DEBUG:colcon.colcon_core.verb:Building package 'fsrobo_a1_msg_srv_4py' with the following arguments: {'ament_cmake_args': None, 'build_base': '/home/ny/FsRobo-A1/build/fsrobo_a1_msg_srv_4py', 'catkin_cmake_args': None, 'catkin_skip_building_tests': False, 'cmake_args': None, 'cmake_clean_cache': False, 'cmake_clean_first': False, 'cmake_force_configure': False, 'cmake_target': None, 'cmake_target_skip_unavailable': False, 'install_base': '/home/ny/FsRobo-A1/install/fsrobo_a1_msg_srv_4py', 'merge_install': False, 'path': '/home/ny/FsRobo-A1/src/fsrobo_a1_msg_srv_4py', 'symlink_install': False, 'test_result_base': None}
[1.216s] Level 5:colcon.colcon_core.verb:set package 'fsrobo_a1_serve_py' build argument 'cmake_args' from command line to 'None'
[1.216s] Level 5:colcon.colcon_core.verb:set package 'fsrobo_a1_serve_py' build argument 'cmake_target' from command line to 'None'
[1.217s] Level 5:colcon.colcon_core.verb:set package 'fsrobo_a1_serve_py' build argument 'cmake_target_skip_unavailable' from command line to 'False'
[1.217s] Level 5:colcon.colcon_core.verb:set package 'fsrobo_a1_serve_py' build argument 'cmake_clean_cache' from command line to 'False'
[1.217s] Level 5:colcon.colcon_core.verb:set package 'fsrobo_a1_serve_py' build argument 'cmake_clean_first' from command line to 'False'
[1.217s] Level 5:colcon.colcon_core.verb:set package 'fsrobo_a1_serve_py' build argument 'cmake_force_configure' from command line to 'False'
[1.217s] Level 5:colcon.colcon_core.verb:set package 'fsrobo_a1_serve_py' build argument 'ament_cmake_args' from command line to 'None'
[1.217s] Level 5:colcon.colcon_core.verb:set package 'fsrobo_a1_serve_py' build argument 'catkin_cmake_args' from command line to 'None'
[1.218s] Level 5:colcon.colcon_core.verb:set package 'fsrobo_a1_serve_py' build argument 'catkin_skip_building_tests' from command line to 'False'
[1.218s] DEBUG:colcon.colcon_core.verb:Building package 'fsrobo_a1_serve_py' with the following arguments: {'ament_cmake_args': None, 'build_base': '/home/ny/FsRobo-A1/build/fsrobo_a1_serve_py', 'catkin_cmake_args': None, 'catkin_skip_building_tests': False, 'cmake_args': None, 'cmake_clean_cache': False, 'cmake_clean_first': False, 'cmake_force_configure': False, 'cmake_target': None, 'cmake_target_skip_unavailable': False, 'install_base': '/home/ny/FsRobo-A1/install/fsrobo_a1_serve_py', 'merge_install': False, 'path': '/home/ny/FsRobo-A1/src/fsrobo_a1_serve_py', 'symlink_install': False, 'test_result_base': None}
[1.219s] Level 5:colcon.colcon_core.verb:set package 'my_package' build argument 'cmake_args' from command line to 'None'
[1.219s] Level 5:colcon.colcon_core.verb:set package 'my_package' build argument 'cmake_target' from command line to 'None'
[1.220s] Level 5:colcon.colcon_core.verb:set package 'my_package' build argument 'cmake_target_skip_unavailable' from command line to 'False'
[1.220s] Level 5:colcon.colcon_core.verb:set package 'my_package' build argument 'cmake_clean_cache' from command line to 'False'
[1.220s] Level 5:colcon.colcon_core.verb:set package 'my_package' build argument 'cmake_clean_first' from command line to 'False'
[1.220s] Level 5:colcon.colcon_core.verb:set package 'my_package' build argument 'cmake_force_configure' from command line to 'False'
[1.220s] Level 5:colcon.colcon_core.verb:set package 'my_package' build argument 'ament_cmake_args' from command line to 'None'
[1.220s] Level 5:colcon.colcon_core.verb:set package 'my_package' build argument 'catkin_cmake_args' from command line to 'None'
[1.221s] Level 5:colcon.colcon_core.verb:set package 'my_package' build argument 'catkin_skip_building_tests' from command line to 'False'
[1.221s] DEBUG:colcon.colcon_core.verb:Building package 'my_package' with the following arguments: {'ament_cmake_args': None, 'build_base': '/home/ny/FsRobo-A1/build/my_package', 'catkin_cmake_args': None, 'catkin_skip_building_tests': False, 'cmake_args': None, 'cmake_clean_cache': False, 'cmake_clean_first': False, 'cmake_force_configure': False, 'cmake_target': None, 'cmake_target_skip_unavailable': False, 'install_base': '/home/ny/FsRobo-A1/install/my_package', 'merge_install': False, 'path': '/home/ny/FsRobo-A1/src/my_package', 'symlink_install': False, 'test_result_base': None}
[1.223s] Level 5:colcon.colcon_core.verb:set package 'py_pubsub' build argument 'cmake_args' from command line to 'None'
[1.223s] Level 5:colcon.colcon_core.verb:set package 'py_pubsub' build argument 'cmake_target' from command line to 'None'
[1.223s] Level 5:colcon.colcon_core.verb:set package 'py_pubsub' build argument 'cmake_target_skip_unavailable' from command line to 'False'
[1.223s] Level 5:colcon.colcon_core.verb:set package 'py_pubsub' build argument 'cmake_clean_cache' from command line to 'False'
[1.224s] Level 5:colcon.colcon_core.verb:set package 'py_pubsub' build argument 'cmake_clean_first' from command line to 'False'
[1.224s] Level 5:colcon.colcon_core.verb:set package 'py_pubsub' build argument 'cmake_force_configure' from command line to 'False'
[1.224s] Level 5:colcon.colcon_core.verb:set package 'py_pubsub' build argument 'ament_cmake_args' from command line to 'None'
[1.224s] Level 5:colcon.colcon_core.verb:set package 'py_pubsub' build argument 'catkin_cmake_args' from command line to 'None'
[1.225s] Level 5:colcon.colcon_core.verb:set package 'py_pubsub' build argument 'catkin_skip_building_tests' from command line to 'False'
[1.225s] DEBUG:colcon.colcon_core.verb:Building package 'py_pubsub' with the following arguments: {'ament_cmake_args': None, 'build_base': '/home/ny/FsRobo-A1/build/py_pubsub', 'catkin_cmake_args': None, 'catkin_skip_building_tests': False, 'cmake_args': None, 'cmake_clean_cache': False, 'cmake_clean_first': False, 'cmake_force_configure': False, 'cmake_target': None, 'cmake_target_skip_unavailable': False, 'install_base': '/home/ny/FsRobo-A1/install/py_pubsub', 'merge_install': False, 'path': '/home/ny/FsRobo-A1/src/py_pubsub', 'symlink_install': False, 'test_result_base': None}
[1.225s] INFO:colcon.colcon_core.executor:Executing jobs using 'sequential' executor
[1.229s] DEBUG:colcon.colcon_core.executor.sequential:run_until_complete '4dof'
[1.229s] INFO:colcon.colcon_ros.task.ament_cmake.build:Building ROS package in '/home/ny/FsRobo-A1/src/4dof' with build type 'ament_cmake'
[1.230s] INFO:colcon.colcon_cmake.task.cmake.build:Building CMake package in '/home/ny/FsRobo-A1/src/4dof'
[1.235s] INFO:colcon.colcon_core.plugin_system:Skipping extension 'colcon_core.shell.bat': Not used on non-Windows systems
[1.236s] DEBUG:colcon.colcon_core.shell:Skip shell extension 'dsv' for command environment
[1.295s] DEBUG:colcon.colcon_core.event_handler.log_command:Invoking command in '/home/ny/FsRobo-A1/build/4dof': CMAKE_PREFIX_PATH=/home/ny/FsRobo-A1/install/py_pubsub:/home/ny/FsRobo-A1/install/my_package:/home/ny/FsRobo-A1/install/fsrobo-a1:/opt/ros/foxy:${CMAKE_PREFIX_PATH} /usr/bin/cmake --build /home/ny/FsRobo-A1/build/4dof -- -j16 -l16
[1.496s] DEBUG:colcon.colcon_core.event_handler.log_command:Invoked command in '/home/ny/FsRobo-A1/build/4dof' returned '0': CMAKE_PREFIX_PATH=/home/ny/FsRobo-A1/install/py_pubsub:/home/ny/FsRobo-A1/install/my_package:/home/ny/FsRobo-A1/install/fsrobo-a1:/opt/ros/foxy:${CMAKE_PREFIX_PATH} /usr/bin/cmake --build /home/ny/FsRobo-A1/build/4dof -- -j16 -l16
[1.635s] DEBUG:colcon.colcon_core.event_handler.log_command:Invoking command in '/home/ny/FsRobo-A1/build/4dof': CMAKE_PREFIX_PATH=/home/ny/FsRobo-A1/install/py_pubsub:/home/ny/FsRobo-A1/install/my_package:/home/ny/FsRobo-A1/install/fsrobo-a1:/opt/ros/foxy:${CMAKE_PREFIX_PATH} /usr/bin/cmake --install /home/ny/FsRobo-A1/build/4dof
[1.679s] Level 1:colcon.colcon_core.environment:create_environment_scripts_only(4dof)
[1.691s] DEBUG:colcon.colcon_core.event_handler.log_command:Invoked command in '/home/ny/FsRobo-A1/build/4dof' returned '0': CMAKE_PREFIX_PATH=/home/ny/FsRobo-A1/install/py_pubsub:/home/ny/FsRobo-A1/install/my_package:/home/ny/FsRobo-A1/install/fsrobo-a1:/opt/ros/foxy:${CMAKE_PREFIX_PATH} /usr/bin/cmake --install /home/ny/FsRobo-A1/build/4dof
[1.698s] Level 1:colcon.colcon_core.environment:checking '/home/ny/FsRobo-A1/install/4dof' for CMake module files
[1.699s] Level 1:colcon.colcon_core.environment:checking '/home/ny/FsRobo-A1/install/4dof' for CMake config files
[1.701s] Level 1:colcon.colcon_core.shell:create_environment_hook('4dof', 'cmake_prefix_path')
[1.701s] INFO:colcon.colcon_core.shell:Creating environment descriptor '/home/ny/FsRobo-A1/install/4dof/share/4dof/hook/cmake_prefix_path.dsv'
[1.706s] INFO:colcon.colcon_core.shell:Creating environment hook '/home/ny/FsRobo-A1/install/4dof/share/4dof/hook/cmake_prefix_path.sh'
[1.710s] Level 1:colcon.colcon_core.environment:checking '/home/ny/FsRobo-A1/install/4dof/bin'
[1.712s] Level 1:colcon.colcon_core.environment:checking '/home/ny/FsRobo-A1/install/4dof/lib/pkgconfig/4dof.pc'
[1.715s] Level 1:colcon.colcon_core.environment:checking '/home/ny/FsRobo-A1/install/4dof/lib/python3.8/site-packages'
[1.715s] Level 1:colcon.colcon_core.environment:checking '/home/ny/FsRobo-A1/install/4dof/bin'
[1.716s] INFO:colcon.colcon_core.shell:Creating package descriptor '/home/ny/FsRobo-A1/install/4dof/share/4dof/package.dsv'
[1.718s] INFO:colcon.colcon_core.shell:Creating package script '/home/ny/FsRobo-A1/install/4dof/share/4dof/package.sh'
[1.722s] Level 1:colcon.colcon_core.environment:create_file_with_runtime_dependencies(/home/ny/FsRobo-A1/install/4dof/share/colcon-core/packages/4dof)
[1.833s] Level 1:colcon.colcon_core.environment:create_environment_scripts_only(4dof)
[1.834s] Level 1:colcon.colcon_core.environment:checking '/home/ny/FsRobo-A1/install/4dof' for CMake module files
[1.836s] Level 1:colcon.colcon_core.environment:checking '/home/ny/FsRobo-A1/install/4dof' for CMake config files
[1.837s] Level 1:colcon.colcon_core.shell:create_environment_hook('4dof', 'cmake_prefix_path')
[1.838s] INFO:colcon.colcon_core.shell:Creating environment descriptor '/home/ny/FsRobo-A1/install/4dof/share/4dof/hook/cmake_prefix_path.dsv'
[1.842s] INFO:colcon.colcon_core.shell:Creating environment hook '/home/ny/FsRobo-A1/install/4dof/share/4dof/hook/cmake_prefix_path.sh'
[1.844s] Level 1:colcon.colcon_core.environment:checking '/home/ny/FsRobo-A1/install/4dof/bin'
[1.845s] Level 1:colcon.colcon_core.environment:checking '/home/ny/FsRobo-A1/install/4dof/lib/pkgconfig/4dof.pc'
[1.846s] Level 1:colcon.colcon_core.environment:checking '/home/ny/FsRobo-A1/install/4dof/lib/python3.8/site-packages'
[1.846s] Level 1:colcon.colcon_core.environment:checking '/home/ny/FsRobo-A1/install/4dof/bin'
[1.847s] INFO:colcon.colcon_core.shell:Creating package descriptor '/home/ny/FsRobo-A1/install/4dof/share/4dof/package.dsv'
[1.849s] INFO:colcon.colcon_core.shell:Creating package script '/home/ny/FsRobo-A1/install/4dof/share/4dof/package.sh'
[1.851s] Level 1:colcon.colcon_core.environment:create_file_with_runtime_dependencies(/home/ny/FsRobo-A1/install/4dof/share/colcon-core/packages/4dof)
[1.854s] DEBUG:colcon.colcon_core.executor.sequential:run_until_complete '4dof' finished with '0'
[1.854s] DEBUG:colcon.colcon_core.executor.sequential:run_until_complete 'fsrobo_a1_msg_srv_4py'
[1.855s] INFO:colcon.colcon_ros.task.ament_cmake.build:Building ROS package in '/home/ny/FsRobo-A1/src/fsrobo_a1_msg_srv_4py' with build type 'ament_cmake'
[1.855s] INFO:colcon.colcon_cmake.task.cmake.build:Building CMake package in '/home/ny/FsRobo-A1/src/fsrobo_a1_msg_srv_4py'
[1.856s] DEBUG:colcon.colcon_core.shell:Skip shell extension 'dsv' for command environment
[1.901s] DEBUG:colcon.colcon_core.event_handler.log_command:Invoking command in '/home/ny/FsRobo-A1/build/fsrobo_a1_msg_srv_4py': CMAKE_PREFIX_PATH=/home/ny/FsRobo-A1/install/py_pubsub:/home/ny/FsRobo-A1/install/my_package:/home/ny/FsRobo-A1/install/fsrobo-a1:/opt/ros/foxy:${CMAKE_PREFIX_PATH} /usr/bin/cmake --build /home/ny/FsRobo-A1/build/fsrobo_a1_msg_srv_4py -- -j16 -l16
[2.732s] DEBUG:colcon.colcon_core.event_handler.log_command:Invoked command in '/home/ny/FsRobo-A1/build/fsrobo_a1_msg_srv_4py' returned '0': CMAKE_PREFIX_PATH=/home/ny/FsRobo-A1/install/py_pubsub:/home/ny/FsRobo-A1/install/my_package:/home/ny/FsRobo-A1/install/fsrobo-a1:/opt/ros/foxy:${CMAKE_PREFIX_PATH} /usr/bin/cmake --build /home/ny/FsRobo-A1/build/fsrobo_a1_msg_srv_4py -- -j16 -l16
[3.269s] DEBUG:colcon.colcon_core.event_handler.log_command:Invoking command in '/home/ny/FsRobo-A1/build/fsrobo_a1_msg_srv_4py': CMAKE_PREFIX_PATH=/home/ny/FsRobo-A1/install/py_pubsub:/home/ny/FsRobo-A1/install/my_package:/home/ny/FsRobo-A1/install/fsrobo-a1:/opt/ros/foxy:${CMAKE_PREFIX_PATH} /usr/bin/cmake --install /home/ny/FsRobo-A1/build/fsrobo_a1_msg_srv_4py
[3.467s] Level 1:colcon.colcon_core.environment:create_environment_scripts_only(fsrobo_a1_msg_srv_4py)
[3.469s] Level 1:colcon.colcon_core.environment:checking '/home/ny/FsRobo-A1/install/fsrobo_a1_msg_srv_4py' for CMake module files
[3.470s] DEBUG:colcon.colcon_core.event_handler.log_command:Invoked command in '/home/ny/FsRobo-A1/build/fsrobo_a1_msg_srv_4py' returned '0': CMAKE_PREFIX_PATH=/home/ny/FsRobo-A1/install/py_pubsub:/home/ny/FsRobo-A1/install/my_package:/home/ny/FsRobo-A1/install/fsrobo-a1:/opt/ros/foxy:${CMAKE_PREFIX_PATH} /usr/bin/cmake --install /home/ny/FsRobo-A1/build/fsrobo_a1_msg_srv_4py
[3.472s] Level 1:colcon.colcon_core.environment:checking '/home/ny/FsRobo-A1/install/fsrobo_a1_msg_srv_4py' for CMake config files
[3.475s] Level 1:colcon.colcon_core.shell:create_environment_hook('fsrobo_a1_msg_srv_4py', 'cmake_prefix_path')
[3.475s] INFO:colcon.colcon_core.shell:Creating environment descriptor '/home/ny/FsRobo-A1/install/fsrobo_a1_msg_srv_4py/share/fsrobo_a1_msg_srv_4py/hook/cmake_prefix_path.dsv'
[3.478s] INFO:colcon.colcon_core.shell:Creating environment hook '/home/ny/FsRobo-A1/install/fsrobo_a1_msg_srv_4py/share/fsrobo_a1_msg_srv_4py/hook/cmake_prefix_path.sh'
[3.481s] Level 1:colcon.colcon_core.environment:checking '/home/ny/FsRobo-A1/install/fsrobo_a1_msg_srv_4py/lib'
[3.482s] Level 1:colcon.colcon_core.shell:create_environment_hook('fsrobo_a1_msg_srv_4py', 'ld_library_path_lib')
[3.483s] INFO:colcon.colcon_core.shell:Creating environment descriptor '/home/ny/FsRobo-A1/install/fsrobo_a1_msg_srv_4py/share/fsrobo_a1_msg_srv_4py/hook/ld_library_path_lib.dsv'
[3.485s] INFO:colcon.colcon_core.shell:Creating environment hook '/home/ny/FsRobo-A1/install/fsrobo_a1_msg_srv_4py/share/fsrobo_a1_msg_srv_4py/hook/ld_library_path_lib.sh'
[3.487s] Level 1:colcon.colcon_core.environment:checking '/home/ny/FsRobo-A1/install/fsrobo_a1_msg_srv_4py/bin'
[3.488s] Level 1:colcon.colcon_core.environment:checking '/home/ny/FsRobo-A1/install/fsrobo_a1_msg_srv_4py/lib/pkgconfig/fsrobo_a1_msg_srv_4py.pc'
[3.489s] Level 1:colcon.colcon_core.environment:checking '/home/ny/FsRobo-A1/install/fsrobo_a1_msg_srv_4py/lib/python3.8/site-packages'
[3.489s] Level 1:colcon.colcon_core.shell:create_environment_hook('fsrobo_a1_msg_srv_4py', 'pythonpath')
[3.489s] INFO:colcon.colcon_core.shell:Creating environment descriptor '/home/ny/FsRobo-A1/install/fsrobo_a1_msg_srv_4py/share/fsrobo_a1_msg_srv_4py/hook/pythonpath.dsv'
[3.491s] INFO:colcon.colcon_core.shell:Creating environment hook '/home/ny/FsRobo-A1/install/fsrobo_a1_msg_srv_4py/share/fsrobo_a1_msg_srv_4py/hook/pythonpath.sh'
[3.494s] Level 1:colcon.colcon_core.environment:checking '/home/ny/FsRobo-A1/install/fsrobo_a1_msg_srv_4py/bin'
[3.495s] INFO:colcon.colcon_core.shell:Creating package descriptor '/home/ny/FsRobo-A1/install/fsrobo_a1_msg_srv_4py/share/fsrobo_a1_msg_srv_4py/package.dsv'
[3.497s] INFO:colcon.colcon_core.shell:Creating package script '/home/ny/FsRobo-A1/install/fsrobo_a1_msg_srv_4py/share/fsrobo_a1_msg_srv_4py/package.sh'
[3.499s] Level 1:colcon.colcon_core.environment:create_file_with_runtime_dependencies(/home/ny/FsRobo-A1/install/fsrobo_a1_msg_srv_4py/share/colcon-core/packages/fsrobo_a1_msg_srv_4py)
[4.058s] Level 1:colcon.colcon_core.environment:create_environment_scripts_only(fsrobo_a1_msg_srv_4py)
[4.062s] Level 1:colcon.colcon_core.environment:checking '/home/ny/FsRobo-A1/install/fsrobo_a1_msg_srv_4py' for CMake module files
[4.064s] Level 1:colcon.colcon_core.environment:checking '/home/ny/FsRobo-A1/install/fsrobo_a1_msg_srv_4py' for CMake config files
[4.067s] Level 1:colcon.colcon_core.shell:create_environment_hook('fsrobo_a1_msg_srv_4py', 'cmake_prefix_path')
[4.067s] INFO:colcon.colcon_core.shell:Creating environment descriptor '/home/ny/FsRobo-A1/install/fsrobo_a1_msg_srv_4py/share/fsrobo_a1_msg_srv_4py/hook/cmake_prefix_path.dsv'
[4.070s] INFO:colcon.colcon_core.shell:Creating environment hook '/home/ny/FsRobo-A1/install/fsrobo_a1_msg_srv_4py/share/fsrobo_a1_msg_srv_4py/hook/cmake_prefix_path.sh'
[4.073s] Level 1:colcon.colcon_core.environment:checking '/home/ny/FsRobo-A1/install/fsrobo_a1_msg_srv_4py/lib'
[4.074s] Level 1:colcon.colcon_core.shell:create_environment_hook('fsrobo_a1_msg_srv_4py', 'ld_library_path_lib')
[4.074s] INFO:colcon.colcon_core.shell:Creating environment descriptor '/home/ny/FsRobo-A1/install/fsrobo_a1_msg_srv_4py/share/fsrobo_a1_msg_srv_4py/hook/ld_library_path_lib.dsv'
[4.075s] INFO:colcon.colcon_core.shell:Creating environment hook '/home/ny/FsRobo-A1/install/fsrobo_a1_msg_srv_4py/share/fsrobo_a1_msg_srv_4py/hook/ld_library_path_lib.sh'
[4.077s] Level 1:colcon.colcon_core.environment:checking '/home/ny/FsRobo-A1/install/fsrobo_a1_msg_srv_4py/bin'
[4.078s] Level 1:colcon.colcon_core.environment:checking '/home/ny/FsRobo-A1/install/fsrobo_a1_msg_srv_4py/lib/pkgconfig/fsrobo_a1_msg_srv_4py.pc'
[4.079s] Level 1:colcon.colcon_core.environment:checking '/home/ny/FsRobo-A1/install/fsrobo_a1_msg_srv_4py/lib/python3.8/site-packages'
[4.079s] Level 1:colcon.colcon_core.shell:create_environment_hook('fsrobo_a1_msg_srv_4py', 'pythonpath')
[4.079s] INFO:colcon.colcon_core.shell:Creating environment descriptor '/home/ny/FsRobo-A1/install/fsrobo_a1_msg_srv_4py/share/fsrobo_a1_msg_srv_4py/hook/pythonpath.dsv'
[4.081s] INFO:colcon.colcon_core.shell:Creating environment hook '/home/ny/FsRobo-A1/install/fsrobo_a1_msg_srv_4py/share/fsrobo_a1_msg_srv_4py/hook/pythonpath.sh'
[4.084s] Level 1:colcon.colcon_core.environment:checking '/home/ny/FsRobo-A1/install/fsrobo_a1_msg_srv_4py/bin'
[4.086s] INFO:colcon.colcon_core.shell:Creating package descriptor '/home/ny/FsRobo-A1/install/fsrobo_a1_msg_srv_4py/share/fsrobo_a1_msg_srv_4py/package.dsv'
[4.090s] INFO:colcon.colcon_core.shell:Creating package script '/home/ny/FsRobo-A1/install/fsrobo_a1_msg_srv_4py/share/fsrobo_a1_msg_srv_4py/package.sh'
[4.092s] Level 1:colcon.colcon_core.environment:create_file_with_runtime_dependencies(/home/ny/FsRobo-A1/install/fsrobo_a1_msg_srv_4py/share/colcon-core/packages/fsrobo_a1_msg_srv_4py)
[4.097s] DEBUG:colcon.colcon_core.executor.sequential:run_until_complete 'fsrobo_a1_msg_srv_4py' finished with '0'
[4.097s] DEBUG:colcon.colcon_core.executor.sequential:run_until_complete 'fsrobo_a1_serve_py'
[4.098s] INFO:colcon.colcon_ros.task.ament_python.build:Building ROS package in '/home/ny/FsRobo-A1/src/fsrobo_a1_serve_py' with build type 'ament_python'
[4.101s] Level 1:colcon.colcon_core.shell:create_environment_hook('fsrobo_a1_serve_py', 'ament_prefix_path')
[4.102s] INFO:colcon.colcon_core.shell:Creating environment descriptor '/home/ny/FsRobo-A1/install/fsrobo_a1_serve_py/share/fsrobo_a1_serve_py/hook/ament_prefix_path.dsv'
[4.105s] INFO:colcon.colcon_core.shell:Creating environment hook '/home/ny/FsRobo-A1/install/fsrobo_a1_serve_py/share/fsrobo_a1_serve_py/hook/ament_prefix_path.sh'
[4.108s] DEBUG:colcon.colcon_core.shell:Skip shell extension 'dsv' for command environment
[4.837s] INFO:colcon.colcon_core.task.python.build:Building Python package in '/home/ny/FsRobo-A1/src/fsrobo_a1_serve_py'
[4.840s] DEBUG:colcon.colcon_core.shell:Skip shell extension 'dsv' for command environment
[6.054s] DEBUG:colcon.colcon_core.event_handler.log_command:Invoking command in '/home/ny/FsRobo-A1/src/fsrobo_a1_serve_py': PYTHONPATH=/home/ny/FsRobo-A1/build/fsrobo_a1_serve_py/prefix_override:/usr/lib/python3/dist-packages/colcon_core/task/python/colcon_distutils_commands:/home/ny/FsRobo-A1/install/fsrobo_a1_serve_py/lib/python3.8/site-packages:${PYTHONPATH} /usr/bin/python3 -W ignore:setup.py install is deprecated setup.py egg_info --egg-base ../../build/fsrobo_a1_serve_py build --build-base /home/ny/FsRobo-A1/build/fsrobo_a1_serve_py/build install --record /home/ny/FsRobo-A1/build/fsrobo_a1_serve_py/install.log --install-scripts $base/lib/fsrobo_a1_serve_py --single-version-externally-managed install_data
[6.911s] Level 1:colcon.colcon_core.environment:checking '/home/ny/FsRobo-A1/install/fsrobo_a1_serve_py' for CMake module files
[6.912s] Level 1:colcon.colcon_core.environment:checking '/home/ny/FsRobo-A1/install/fsrobo_a1_serve_py' for CMake config files
[6.914s] Level 1:colcon.colcon_core.environment:checking '/home/ny/FsRobo-A1/install/fsrobo_a1_serve_py/lib'
[6.914s] Level 1:colcon.colcon_core.environment:checking '/home/ny/FsRobo-A1/install/fsrobo_a1_serve_py/bin'
[6.915s] Level 1:colcon.colcon_core.environment:checking '/home/ny/FsRobo-A1/install/fsrobo_a1_serve_py/lib/pkgconfig/fsrobo_a1_serve_py.pc'
[6.915s] Level 1:colcon.colcon_core.environment:checking '/home/ny/FsRobo-A1/install/fsrobo_a1_serve_py/lib/python3.8/site-packages'
[6.915s] Level 1:colcon.colcon_core.shell:create_environment_hook('fsrobo_a1_serve_py', 'pythonpath')
[6.916s] INFO:colcon.colcon_core.shell:Creating environment descriptor '/home/ny/FsRobo-A1/install/fsrobo_a1_serve_py/share/fsrobo_a1_serve_py/hook/pythonpath.dsv'
[6.918s] INFO:colcon.colcon_core.shell:Creating environment hook '/home/ny/FsRobo-A1/install/fsrobo_a1_serve_py/share/fsrobo_a1_serve_py/hook/pythonpath.sh'
[6.919s] DEBUG:colcon.colcon_core.event_handler.log_command:Invoked command in '/home/ny/FsRobo-A1/src/fsrobo_a1_serve_py' returned '0': PYTHONPATH=/home/ny/FsRobo-A1/build/fsrobo_a1_serve_py/prefix_override:/usr/lib/python3/dist-packages/colcon_core/task/python/colcon_distutils_commands:/home/ny/FsRobo-A1/install/fsrobo_a1_serve_py/lib/python3.8/site-packages:${PYTHONPATH} /usr/bin/python3 -W ignore:setup.py install is deprecated setup.py egg_info --egg-base ../../build/fsrobo_a1_serve_py build --build-base /home/ny/FsRobo-A1/build/fsrobo_a1_serve_py/build install --record /home/ny/FsRobo-A1/build/fsrobo_a1_serve_py/install.log --install-scripts $base/lib/fsrobo_a1_serve_py --single-version-externally-managed install_data
[6.924s] Level 1:colcon.colcon_core.environment:checking '/home/ny/FsRobo-A1/install/fsrobo_a1_serve_py/bin'
[6.924s] Level 1:colcon.colcon_core.environment:create_environment_scripts_only(fsrobo_a1_serve_py)
[6.925s] INFO:colcon.colcon_core.shell:Creating package descriptor '/home/ny/FsRobo-A1/install/fsrobo_a1_serve_py/share/fsrobo_a1_serve_py/package.dsv'
[6.927s] INFO:colcon.colcon_core.shell:Creating package script '/home/ny/FsRobo-A1/install/fsrobo_a1_serve_py/share/fsrobo_a1_serve_py/package.sh'
[6.929s] Level 1:colcon.colcon_core.environment:create_file_with_runtime_dependencies(/home/ny/FsRobo-A1/install/fsrobo_a1_serve_py/share/colcon-core/packages/fsrobo_a1_serve_py)
[6.931s] DEBUG:colcon.colcon_core.executor.sequential:run_until_complete 'fsrobo_a1_serve_py' finished with '0'
[6.931s] DEBUG:colcon.colcon_core.executor.sequential:run_until_complete 'my_package'
[6.932s] INFO:colcon.colcon_ros.task.ament_python.build:Building ROS package in '/home/ny/FsRobo-A1/src/my_package' with build type 'ament_python'
[6.933s] Level 1:colcon.colcon_core.shell:create_environment_hook('my_package', 'ament_prefix_path')
[6.933s] INFO:colcon.colcon_core.shell:Creating environment descriptor '/home/ny/FsRobo-A1/install/my_package/share/my_package/hook/ament_prefix_path.dsv'
[6.937s] INFO:colcon.colcon_core.shell:Creating environment hook '/home/ny/FsRobo-A1/install/my_package/share/my_package/hook/ament_prefix_path.sh'
[6.941s] DEBUG:colcon.colcon_core.shell:Skip shell extension 'dsv' for command environment
[7.532s] INFO:colcon.colcon_core.task.python.build:Building Python package in '/home/ny/FsRobo-A1/src/my_package'
[7.534s] DEBUG:colcon.colcon_core.shell:Skip shell extension 'dsv' for command environment
[8.555s] DEBUG:colcon.colcon_core.event_handler.log_command:Invoking command in '/home/ny/FsRobo-A1/src/my_package': PYTHONPATH=/home/ny/FsRobo-A1/build/my_package/prefix_override:/usr/lib/python3/dist-packages/colcon_core/task/python/colcon_distutils_commands:/home/ny/FsRobo-A1/install/my_package/lib/python3.8/site-packages:${PYTHONPATH} /usr/bin/python3 -W ignore:setup.py install is deprecated setup.py egg_info --egg-base ../../build/my_package build --build-base /home/ny/FsRobo-A1/build/my_package/build install --record /home/ny/FsRobo-A1/build/my_package/install.log --install-scripts $base/lib/my_package --single-version-externally-managed install_data
[9.317s] Level 1:colcon.colcon_core.environment:checking '/home/ny/FsRobo-A1/install/my_package' for CMake module files
[9.318s] DEBUG:colcon.colcon_core.event_handler.log_command:Invoked command in '/home/ny/FsRobo-A1/src/my_package' returned '0': PYTHONPATH=/home/ny/FsRobo-A1/build/my_package/prefix_override:/usr/lib/python3/dist-packages/colcon_core/task/python/colcon_distutils_commands:/home/ny/FsRobo-A1/install/my_package/lib/python3.8/site-packages:${PYTHONPATH} /usr/bin/python3 -W ignore:setup.py install is deprecated setup.py egg_info --egg-base ../../build/my_package build --build-base /home/ny/FsRobo-A1/build/my_package/build install --record /home/ny/FsRobo-A1/build/my_package/install.log --install-scripts $base/lib/my_package --single-version-externally-managed install_data
[9.320s] Level 1:colcon.colcon_core.environment:checking '/home/ny/FsRobo-A1/install/my_package' for CMake config files
[9.323s] Level 1:colcon.colcon_core.environment:checking '/home/ny/FsRobo-A1/install/my_package/lib'
[9.323s] Level 1:colcon.colcon_core.environment:checking '/home/ny/FsRobo-A1/install/my_package/bin'
[9.323s] Level 1:colcon.colcon_core.environment:checking '/home/ny/FsRobo-A1/install/my_package/lib/pkgconfig/my_package.pc'
[9.325s] Level 1:colcon.colcon_core.environment:checking '/home/ny/FsRobo-A1/install/my_package/lib/python3.8/site-packages'
[9.325s] Level 1:colcon.colcon_core.shell:create_environment_hook('my_package', 'pythonpath')
[9.326s] INFO:colcon.colcon_core.shell:Creating environment descriptor '/home/ny/FsRobo-A1/install/my_package/share/my_package/hook/pythonpath.dsv'
[9.329s] INFO:colcon.colcon_core.shell:Creating environment hook '/home/ny/FsRobo-A1/install/my_package/share/my_package/hook/pythonpath.sh'
[9.331s] Level 1:colcon.colcon_core.environment:checking '/home/ny/FsRobo-A1/install/my_package/bin'
[9.332s] Level 1:colcon.colcon_core.environment:create_environment_scripts_only(my_package)
[9.333s] INFO:colcon.colcon_core.shell:Creating package descriptor '/home/ny/FsRobo-A1/install/my_package/share/my_package/package.dsv'
[9.335s] INFO:colcon.colcon_core.shell:Creating package script '/home/ny/FsRobo-A1/install/my_package/share/my_package/package.sh'
[9.336s] Level 1:colcon.colcon_core.environment:create_file_with_runtime_dependencies(/home/ny/FsRobo-A1/install/my_package/share/colcon-core/packages/my_package)
[9.337s] DEBUG:colcon.colcon_core.executor.sequential:run_until_complete 'my_package' finished with '0'
[9.338s] DEBUG:colcon.colcon_core.executor.sequential:run_until_complete 'py_pubsub'
[9.338s] INFO:colcon.colcon_ros.task.ament_python.build:Building ROS package in '/home/ny/FsRobo-A1/src/py_pubsub' with build type 'ament_python'
[9.339s] Level 1:colcon.colcon_core.shell:create_environment_hook('py_pubsub', 'ament_prefix_path')
[9.339s] INFO:colcon.colcon_core.shell:Creating environment descriptor '/home/ny/FsRobo-A1/install/py_pubsub/share/py_pubsub/hook/ament_prefix_path.dsv'
[9.343s] INFO:colcon.colcon_core.shell:Creating environment hook '/home/ny/FsRobo-A1/install/py_pubsub/share/py_pubsub/hook/ament_prefix_path.sh'
[9.345s] DEBUG:colcon.colcon_core.shell:Skip shell extension 'dsv' for command environment
[9.972s] INFO:colcon.colcon_core.task.python.build:Building Python package in '/home/ny/FsRobo-A1/src/py_pubsub'
[9.974s] DEBUG:colcon.colcon_core.shell:Skip shell extension 'dsv' for command environment
[10.975s] DEBUG:colcon.colcon_core.event_handler.log_command:Invoking command in '/home/ny/FsRobo-A1/src/py_pubsub': PYTHONPATH=/home/ny/FsRobo-A1/build/py_pubsub/prefix_override:/usr/lib/python3/dist-packages/colcon_core/task/python/colcon_distutils_commands:/home/ny/FsRobo-A1/install/py_pubsub/lib/python3.8/site-packages:${PYTHONPATH} /usr/bin/python3 -W ignore:setup.py install is deprecated setup.py egg_info --egg-base ../../build/py_pubsub build --build-base /home/ny/FsRobo-A1/build/py_pubsub/build install --record /home/ny/FsRobo-A1/build/py_pubsub/install.log --install-scripts $base/lib/py_pubsub --single-version-externally-managed install_data
[11.735s] Level 1:colcon.colcon_core.environment:checking '/home/ny/FsRobo-A1/install/py_pubsub' for CMake module files
[11.736s] DEBUG:colcon.colcon_core.event_handler.log_command:Invoked command in '/home/ny/FsRobo-A1/src/py_pubsub' returned '0': PYTHONPATH=/home/ny/FsRobo-A1/build/py_pubsub/prefix_override:/usr/lib/python3/dist-packages/colcon_core/task/python/colcon_distutils_commands:/home/ny/FsRobo-A1/install/py_pubsub/lib/python3.8/site-packages:${PYTHONPATH} /usr/bin/python3 -W ignore:setup.py install is deprecated setup.py egg_info --egg-base ../../build/py_pubsub build --build-base /home/ny/FsRobo-A1/build/py_pubsub/build install --record /home/ny/FsRobo-A1/build/py_pubsub/install.log --install-scripts $base/lib/py_pubsub --single-version-externally-managed install_data
[11.738s] Level 1:colcon.colcon_core.environment:checking '/home/ny/FsRobo-A1/install/py_pubsub' for CMake config files
[11.743s] Level 1:colcon.colcon_core.environment:checking '/home/ny/FsRobo-A1/install/py_pubsub/lib'
[11.743s] Level 1:colcon.colcon_core.environment:checking '/home/ny/FsRobo-A1/install/py_pubsub/bin'
[11.744s] Level 1:colcon.colcon_core.environment:checking '/home/ny/FsRobo-A1/install/py_pubsub/lib/pkgconfig/py_pubsub.pc'
[11.744s] Level 1:colcon.colcon_core.environment:checking '/home/ny/FsRobo-A1/install/py_pubsub/lib/python3.8/site-packages'
[11.745s] Level 1:colcon.colcon_core.shell:create_environment_hook('py_pubsub', 'pythonpath')
[11.745s] INFO:colcon.colcon_core.shell:Creating environment descriptor '/home/ny/FsRobo-A1/install/py_pubsub/share/py_pubsub/hook/pythonpath.dsv'
[11.747s] INFO:colcon.colcon_core.shell:Creating environment hook '/home/ny/FsRobo-A1/install/py_pubsub/share/py_pubsub/hook/pythonpath.sh'
[11.750s] Level 1:colcon.colcon_core.environment:checking '/home/ny/FsRobo-A1/install/py_pubsub/bin'
[11.750s] Level 1:colcon.colcon_core.environment:create_environment_scripts_only(py_pubsub)
[11.751s] INFO:colcon.colcon_core.shell:Creating package descriptor '/home/ny/FsRobo-A1/install/py_pubsub/share/py_pubsub/package.dsv'
[11.753s] INFO:colcon.colcon_core.shell:Creating package script '/home/ny/FsRobo-A1/install/py_pubsub/share/py_pubsub/package.sh'
[11.755s] Level 1:colcon.colcon_core.environment:create_file_with_runtime_dependencies(/home/ny/FsRobo-A1/install/py_pubsub/share/colcon-core/packages/py_pubsub)
[11.757s] DEBUG:colcon.colcon_core.executor.sequential:run_until_complete 'py_pubsub' finished with '0'
[11.758s] DEBUG:colcon.colcon_core.executor.sequential:closing loop
[11.758s] DEBUG:colcon.colcon_core.executor.sequential:loop closed
[11.759s] DEBUG:colcon.colcon_core.event_reactor:joining thread
[11.763s] DEBUG:colcon.colcon_core.event_reactor:joined thread
[11.765s] INFO:colcon.colcon_core.shell:Creating prefix script '/home/ny/FsRobo-A1/install/local_setup.sh'
[11.769s] INFO:colcon.colcon_core.shell:Creating prefix util module '/home/ny/FsRobo-A1/install/_local_setup_util_sh.py'
[11.773s] INFO:colcon.colcon_core.shell:Creating prefix chain script '/home/ny/FsRobo-A1/install/setup.sh'
