[0.435s] DEBUG:colcon:Command line arguments: ['/usr/bin/colcon', 'build']
[0.435s] DEBUG:colcon:Parsed command line arguments: Namespace(ament_cmake_args=None, base_paths=['.'], build_base='build', catkin_cmake_args=None, catkin_skip_building_tests=False, cmake_args=None, cmake_clean_cache=False, cmake_clean_first=False, cmake_force_configure=False, cmake_target=None, cmake_target_skip_unavailable=False, continue_on_error=False, event_handlers=None, executor='sequential', install_base='install', log_base=None, log_level=None, main=<bound method BuildVerb.main of <colcon_core.verb.build.BuildVerb object at 0x7f150fe80400>>, merge_install=False, paths=None, symlink_install=False, test_result_base=None, verb_extension=<colcon_core.verb.build.BuildVerb object at 0x7f150fe80400>, verb_name='build', verb_parser=<colcon_argcomplete.argument_parser.argcomplete.ArgcompleteDecorator object at 0x7f150fe1e760>)
[0.807s] Level 1:colcon.colcon_core.package_discovery:discover_packages(recursive) check parameters
[0.807s] Level 1:colcon.colcon_core.package_discovery:discover_packages(path) check parameters
[0.807s] Level 1:colcon.colcon_core.package_discovery:discover_packages(recursive) discover
[0.807s] INFO:colcon.colcon_core.package_discovery:Crawling recursively for packages in '/home/ny/FsRobo-A1'
[0.808s] Level 1:colcon.colcon_core.package_identification:_identify(.) by extensions ['ignore', 'ignore_ament_install']
[0.808s] Level 1:colcon.colcon_core.package_identification:_identify(.) by extension 'ignore'
[0.808s] Level 1:colcon.colcon_core.package_identification:_identify(.) by extension 'ignore_ament_install'
[0.808s] Level 1:colcon.colcon_core.package_identification:_identify(.) by extensions ['ros']
[0.808s] Level 1:colcon.colcon_core.package_identification:_identify(.) by extension 'ros'
[0.826s] Level 1:colcon.colcon_core.package_identification:_identify(.) by extensions ['cmake', 'python']
[0.826s] Level 1:colcon.colcon_core.package_identification:_identify(.) by extension 'cmake'
[0.827s] Level 1:colcon.colcon_core.package_identification:_identify(.) by extension 'python'
[0.827s] Level 1:colcon.colcon_core.package_identification:_identify(.) by extensions ['python_setup_py']
[0.827s] Level 1:colcon.colcon_core.package_identification:_identify(.) by extension 'python_setup_py'
[0.827s] Level 1:colcon.colcon_core.package_identification:_identify(build) by extensions ['ignore', 'ignore_ament_install']
[0.828s] Level 1:colcon.colcon_core.package_identification:_identify(build) by extension 'ignore'
[0.828s] Level 1:colcon.colcon_core.package_identification:_identify(build) ignored
[0.828s] Level 1:colcon.colcon_core.package_identification:_identify(install) by extensions ['ignore', 'ignore_ament_install']
[0.828s] Level 1:colcon.colcon_core.package_identification:_identify(install) by extension 'ignore'
[0.829s] Level 1:colcon.colcon_core.package_identification:_identify(install) ignored
[0.829s] Level 1:colcon.colcon_core.package_identification:_identify(log) by extensions ['ignore', 'ignore_ament_install']
[0.829s] Level 1:colcon.colcon_core.package_identification:_identify(log) by extension 'ignore'
[0.829s] Level 1:colcon.colcon_core.package_identification:_identify(log) ignored
[0.830s] Level 1:colcon.colcon_core.package_identification:_identify(src) by extensions ['ignore', 'ignore_ament_install']
[0.830s] Level 1:colcon.colcon_core.package_identification:_identify(src) by extension 'ignore'
[0.830s] Level 1:colcon.colcon_core.package_identification:_identify(src) by extension 'ignore_ament_install'
[0.830s] Level 1:colcon.colcon_core.package_identification:_identify(src) by extensions ['ros']
[0.830s] Level 1:colcon.colcon_core.package_identification:_identify(src) by extension 'ros'
[0.830s] Level 1:colcon.colcon_core.package_identification:_identify(src) by extensions ['cmake', 'python']
[0.830s] Level 1:colcon.colcon_core.package_identification:_identify(src) by extension 'cmake'
[0.831s] Level 1:colcon.colcon_core.package_identification:_identify(src) by extension 'python'
[0.831s] Level 1:colcon.colcon_core.package_identification:_identify(src) by extensions ['python_setup_py']
[0.831s] Level 1:colcon.colcon_core.package_identification:_identify(src) by extension 'python_setup_py'
[0.831s] Level 1:colcon.colcon_core.package_identification:_identify(src/4dof) by extensions ['ignore', 'ignore_ament_install']
[0.831s] Level 1:colcon.colcon_core.package_identification:_identify(src/4dof) by extension 'ignore'
[0.831s] Level 1:colcon.colcon_core.package_identification:_identify(src/4dof) by extension 'ignore_ament_install'
[0.831s] Level 1:colcon.colcon_core.package_identification:_identify(src/4dof) by extensions ['ros']
[0.831s] Level 1:colcon.colcon_core.package_identification:_identify(src/4dof) by extension 'ros'
[0.835s] DEBUG:colcon.colcon_core.package_identification:Package 'src/4dof' with type 'ros.ament_cmake' and name '4dof'
[0.836s] Level 1:colcon.colcon_core.package_identification:_identify(src/fsrobo_a1_serve_py) by extensions ['ignore', 'ignore_ament_install']
[0.836s] Level 1:colcon.colcon_core.package_identification:_identify(src/fsrobo_a1_serve_py) by extension 'ignore'
[0.836s] Level 1:colcon.colcon_core.package_identification:_identify(src/fsrobo_a1_serve_py) by extension 'ignore_ament_install'
[0.836s] Level 1:colcon.colcon_core.package_identification:_identify(src/fsrobo_a1_serve_py) by extensions ['ros']
[0.836s] Level 1:colcon.colcon_core.package_identification:_identify(src/fsrobo_a1_serve_py) by extension 'ros'
[0.838s] DEBUG:colcon.colcon_core.package_identification:Package 'src/fsrobo_a1_serve_py' with type 'ros.ament_python' and name 'fsrobo_a1_serve_py'
[0.838s] Level 1:colcon.colcon_core.package_identification:_identify(src/moveit2_tutorials_src) by extensions ['ignore', 'ignore_ament_install']
[0.839s] Level 1:colcon.colcon_core.package_identification:_identify(src/moveit2_tutorials_src) by extension 'ignore'
[0.839s] Level 1:colcon.colcon_core.package_identification:_identify(src/moveit2_tutorials_src) by extension 'ignore_ament_install'
[0.839s] Level 1:colcon.colcon_core.package_identification:_identify(src/moveit2_tutorials_src) by extensions ['ros']
[0.839s] Level 1:colcon.colcon_core.package_identification:_identify(src/moveit2_tutorials_src) by extension 'ros'
[0.839s] Level 1:colcon.colcon_core.package_identification:_identify(src/moveit2_tutorials_src) by extensions ['cmake', 'python']
[0.839s] Level 1:colcon.colcon_core.package_identification:_identify(src/moveit2_tutorials_src) by extension 'cmake'
[0.839s] Level 1:colcon.colcon_core.package_identification:_identify(src/moveit2_tutorials_src) by extension 'python'
[0.839s] Level 1:colcon.colcon_core.package_identification:_identify(src/moveit2_tutorials_src) by extensions ['python_setup_py']
[0.840s] Level 1:colcon.colcon_core.package_identification:_identify(src/moveit2_tutorials_src) by extension 'python_setup_py'
[0.840s] Level 1:colcon.colcon_core.package_identification:_identify(src/moveit2_tutorials_src/src) by extensions ['ignore', 'ignore_ament_install']
[0.840s] Level 1:colcon.colcon_core.package_identification:_identify(src/moveit2_tutorials_src/src) by extension 'ignore'
[0.840s] Level 1:colcon.colcon_core.package_identification:_identify(src/moveit2_tutorials_src/src) by extension 'ignore_ament_install'
[0.840s] Level 1:colcon.colcon_core.package_identification:_identify(src/moveit2_tutorials_src/src) by extensions ['ros']
[0.840s] Level 1:colcon.colcon_core.package_identification:_identify(src/moveit2_tutorials_src/src) by extension 'ros'
[0.840s] Level 1:colcon.colcon_core.package_identification:_identify(src/moveit2_tutorials_src/src) by extensions ['cmake', 'python']
[0.840s] Level 1:colcon.colcon_core.package_identification:_identify(src/moveit2_tutorials_src/src) by extension 'cmake'
[0.841s] Level 1:colcon.colcon_core.package_identification:_identify(src/moveit2_tutorials_src/src) by extension 'python'
[0.841s] Level 1:colcon.colcon_core.package_identification:_identify(src/moveit2_tutorials_src/src) by extensions ['python_setup_py']
[0.841s] Level 1:colcon.colcon_core.package_identification:_identify(src/moveit2_tutorials_src/src) by extension 'python_setup_py'
[0.841s] Level 1:colcon.colcon_core.package_identification:_identify(src/moveit2_tutorials_src/src/moveit2_tutorials) by extensions ['ignore', 'ignore_ament_install']
[0.841s] Level 1:colcon.colcon_core.package_identification:_identify(src/moveit2_tutorials_src/src/moveit2_tutorials) by extension 'ignore'
[0.841s] Level 1:colcon.colcon_core.package_identification:_identify(src/moveit2_tutorials_src/src/moveit2_tutorials) by extension 'ignore_ament_install'
[0.841s] Level 1:colcon.colcon_core.package_identification:_identify(src/moveit2_tutorials_src/src/moveit2_tutorials) by extensions ['ros']
[0.842s] Level 1:colcon.colcon_core.package_identification:_identify(src/moveit2_tutorials_src/src/moveit2_tutorials) by extension 'ros'
[0.844s] DEBUG:colcon.colcon_core.package_identification:Package 'src/moveit2_tutorials_src/src/moveit2_tutorials' with type 'ros.ament_cmake' and name 'moveit2_tutorials'
[0.845s] Level 1:colcon.colcon_core.package_identification:_identify(src/moveit2_tutorials_src/src/moveit_visual_tools) by extensions ['ignore', 'ignore_ament_install']
[0.845s] Level 1:colcon.colcon_core.package_identification:_identify(src/moveit2_tutorials_src/src/moveit_visual_tools) by extension 'ignore'
[0.845s] Level 1:colcon.colcon_core.package_identification:_identify(src/moveit2_tutorials_src/src/moveit_visual_tools) by extension 'ignore_ament_install'
[0.845s] Level 1:colcon.colcon_core.package_identification:_identify(src/moveit2_tutorials_src/src/moveit_visual_tools) by extensions ['ros']
[0.845s] Level 1:colcon.colcon_core.package_identification:_identify(src/moveit2_tutorials_src/src/moveit_visual_tools) by extension 'ros'
[0.850s] DEBUG:colcon.colcon_core.package_identification:Package 'src/moveit2_tutorials_src/src/moveit_visual_tools' with type 'ros.ament_cmake' and name 'moveit_visual_tools'
[0.851s] Level 1:colcon.colcon_core.package_identification:_identify(src/moveit2_tutorials_src/src/rviz_visual_tools) by extensions ['ignore', 'ignore_ament_install']
[0.851s] Level 1:colcon.colcon_core.package_identification:_identify(src/moveit2_tutorials_src/src/rviz_visual_tools) by extension 'ignore'
[0.852s] Level 1:colcon.colcon_core.package_identification:_identify(src/moveit2_tutorials_src/src/rviz_visual_tools) by extension 'ignore_ament_install'
[0.852s] Level 1:colcon.colcon_core.package_identification:_identify(src/moveit2_tutorials_src/src/rviz_visual_tools) by extensions ['ros']
[0.852s] Level 1:colcon.colcon_core.package_identification:_identify(src/moveit2_tutorials_src/src/rviz_visual_tools) by extension 'ros'
[0.857s] DEBUG:colcon.colcon_core.package_identification:Package 'src/moveit2_tutorials_src/src/rviz_visual_tools' with type 'ros.ament_cmake' and name 'rviz_visual_tools'
[0.857s] Level 1:colcon.colcon_core.package_identification:_identify(src/py_pubsub) by extensions ['ignore', 'ignore_ament_install']
[0.857s] Level 1:colcon.colcon_core.package_identification:_identify(src/py_pubsub) by extension 'ignore'
[0.857s] Level 1:colcon.colcon_core.package_identification:_identify(src/py_pubsub) by extension 'ignore_ament_install'
[0.858s] Level 1:colcon.colcon_core.package_identification:_identify(src/py_pubsub) by extensions ['ros']
[0.858s] Level 1:colcon.colcon_core.package_identification:_identify(src/py_pubsub) by extension 'ros'
[0.859s] DEBUG:colcon.colcon_core.package_identification:Package 'src/py_pubsub' with type 'ros.ament_python' and name 'py_pubsub'
[0.859s] Level 1:colcon.colcon_core.package_discovery:discover_packages(recursive) using defaults
[0.859s] Level 1:colcon.colcon_core.package_discovery:discover_packages(path) discover
[0.859s] Level 1:colcon.colcon_core.package_discovery:discover_packages(path) using defaults
[0.912s] Level 5:colcon.colcon_core.verb:set package '4dof' build argument 'cmake_args' from command line to 'None'
[0.912s] Level 5:colcon.colcon_core.verb:set package '4dof' build argument 'cmake_target' from command line to 'None'
[0.912s] Level 5:colcon.colcon_core.verb:set package '4dof' build argument 'cmake_target_skip_unavailable' from command line to 'False'
[0.913s] Level 5:colcon.colcon_core.verb:set package '4dof' build argument 'cmake_clean_cache' from command line to 'False'
[0.913s] Level 5:colcon.colcon_core.verb:set package '4dof' build argument 'cmake_clean_first' from command line to 'False'
[0.913s] Level 5:colcon.colcon_core.verb:set package '4dof' build argument 'cmake_force_configure' from command line to 'False'
[0.913s] Level 5:colcon.colcon_core.verb:set package '4dof' build argument 'ament_cmake_args' from command line to 'None'
[0.913s] Level 5:colcon.colcon_core.verb:set package '4dof' build argument 'catkin_cmake_args' from command line to 'None'
[0.913s] Level 5:colcon.colcon_core.verb:set package '4dof' build argument 'catkin_skip_building_tests' from command line to 'False'
[0.914s] DEBUG:colcon.colcon_core.verb:Building package '4dof' with the following arguments: {'ament_cmake_args': None, 'build_base': '/home/ny/FsRobo-A1/build/4dof', 'catkin_cmake_args': None, 'catkin_skip_building_tests': False, 'cmake_args': None, 'cmake_clean_cache': False, 'cmake_clean_first': False, 'cmake_force_configure': False, 'cmake_target': None, 'cmake_target_skip_unavailable': False, 'install_base': '/home/ny/FsRobo-A1/install/4dof', 'merge_install': False, 'path': '/home/ny/FsRobo-A1/src/4dof', 'symlink_install': False, 'test_result_base': None}
[0.915s] Level 5:colcon.colcon_core.verb:set package 'fsrobo_a1_serve_py' build argument 'cmake_args' from command line to 'None'
[0.915s] Level 5:colcon.colcon_core.verb:set package 'fsrobo_a1_serve_py' build argument 'cmake_target' from command line to 'None'
[0.915s] Level 5:colcon.colcon_core.verb:set package 'fsrobo_a1_serve_py' build argument 'cmake_target_skip_unavailable' from command line to 'False'
[0.915s] Level 5:colcon.colcon_core.verb:set package 'fsrobo_a1_serve_py' build argument 'cmake_clean_cache' from command line to 'False'
[0.916s] Level 5:colcon.colcon_core.verb:set package 'fsrobo_a1_serve_py' build argument 'cmake_clean_first' from command line to 'False'
[0.916s] Level 5:colcon.colcon_core.verb:set package 'fsrobo_a1_serve_py' build argument 'cmake_force_configure' from command line to 'False'
[0.916s] Level 5:colcon.colcon_core.verb:set package 'fsrobo_a1_serve_py' build argument 'ament_cmake_args' from command line to 'None'
[0.916s] Level 5:colcon.colcon_core.verb:set package 'fsrobo_a1_serve_py' build argument 'catkin_cmake_args' from command line to 'None'
[0.916s] Level 5:colcon.colcon_core.verb:set package 'fsrobo_a1_serve_py' build argument 'catkin_skip_building_tests' from command line to 'False'
[0.916s] DEBUG:colcon.colcon_core.verb:Building package 'fsrobo_a1_serve_py' with the following arguments: {'ament_cmake_args': None, 'build_base': '/home/ny/FsRobo-A1/build/fsrobo_a1_serve_py', 'catkin_cmake_args': None, 'catkin_skip_building_tests': False, 'cmake_args': None, 'cmake_clean_cache': False, 'cmake_clean_first': False, 'cmake_force_configure': False, 'cmake_target': None, 'cmake_target_skip_unavailable': False, 'install_base': '/home/ny/FsRobo-A1/install/fsrobo_a1_serve_py', 'merge_install': False, 'path': '/home/ny/FsRobo-A1/src/fsrobo_a1_serve_py', 'symlink_install': False, 'test_result_base': None}
[0.917s] Level 5:colcon.colcon_core.verb:set package 'py_pubsub' build argument 'cmake_args' from command line to 'None'
[0.918s] Level 5:colcon.colcon_core.verb:set package 'py_pubsub' build argument 'cmake_target' from command line to 'None'
[0.918s] Level 5:colcon.colcon_core.verb:set package 'py_pubsub' build argument 'cmake_target_skip_unavailable' from command line to 'False'
[0.918s] Level 5:colcon.colcon_core.verb:set package 'py_pubsub' build argument 'cmake_clean_cache' from command line to 'False'
[0.918s] Level 5:colcon.colcon_core.verb:set package 'py_pubsub' build argument 'cmake_clean_first' from command line to 'False'
[0.918s] Level 5:colcon.colcon_core.verb:set package 'py_pubsub' build argument 'cmake_force_configure' from command line to 'False'
[0.918s] Level 5:colcon.colcon_core.verb:set package 'py_pubsub' build argument 'ament_cmake_args' from command line to 'None'
[0.919s] Level 5:colcon.colcon_core.verb:set package 'py_pubsub' build argument 'catkin_cmake_args' from command line to 'None'
[0.919s] Level 5:colcon.colcon_core.verb:set package 'py_pubsub' build argument 'catkin_skip_building_tests' from command line to 'False'
[0.919s] DEBUG:colcon.colcon_core.verb:Building package 'py_pubsub' with the following arguments: {'ament_cmake_args': None, 'build_base': '/home/ny/FsRobo-A1/build/py_pubsub', 'catkin_cmake_args': None, 'catkin_skip_building_tests': False, 'cmake_args': None, 'cmake_clean_cache': False, 'cmake_clean_first': False, 'cmake_force_configure': False, 'cmake_target': None, 'cmake_target_skip_unavailable': False, 'install_base': '/home/ny/FsRobo-A1/install/py_pubsub', 'merge_install': False, 'path': '/home/ny/FsRobo-A1/src/py_pubsub', 'symlink_install': False, 'test_result_base': None}
[0.920s] Level 5:colcon.colcon_core.verb:set package 'rviz_visual_tools' build argument 'cmake_args' from command line to 'None'
[0.920s] Level 5:colcon.colcon_core.verb:set package 'rviz_visual_tools' build argument 'cmake_target' from command line to 'None'
[0.920s] Level 5:colcon.colcon_core.verb:set package 'rviz_visual_tools' build argument 'cmake_target_skip_unavailable' from command line to 'False'
[0.920s] Level 5:colcon.colcon_core.verb:set package 'rviz_visual_tools' build argument 'cmake_clean_cache' from command line to 'False'
[0.921s] Level 5:colcon.colcon_core.verb:set package 'rviz_visual_tools' build argument 'cmake_clean_first' from command line to 'False'
[0.921s] Level 5:colcon.colcon_core.verb:set package 'rviz_visual_tools' build argument 'cmake_force_configure' from command line to 'False'
[0.921s] Level 5:colcon.colcon_core.verb:set package 'rviz_visual_tools' build argument 'ament_cmake_args' from command line to 'None'
[0.921s] Level 5:colcon.colcon_core.verb:set package 'rviz_visual_tools' build argument 'catkin_cmake_args' from command line to 'None'
[0.921s] Level 5:colcon.colcon_core.verb:set package 'rviz_visual_tools' build argument 'catkin_skip_building_tests' from command line to 'False'
[0.921s] DEBUG:colcon.colcon_core.verb:Building package 'rviz_visual_tools' with the following arguments: {'ament_cmake_args': None, 'build_base': '/home/ny/FsRobo-A1/build/rviz_visual_tools', 'catkin_cmake_args': None, 'catkin_skip_building_tests': False, 'cmake_args': None, 'cmake_clean_cache': False, 'cmake_clean_first': False, 'cmake_force_configure': False, 'cmake_target': None, 'cmake_target_skip_unavailable': False, 'install_base': '/home/ny/FsRobo-A1/install/rviz_visual_tools', 'merge_install': False, 'path': '/home/ny/FsRobo-A1/src/moveit2_tutorials_src/src/rviz_visual_tools', 'symlink_install': False, 'test_result_base': None}
[0.923s] Level 5:colcon.colcon_core.verb:set package 'moveit_visual_tools' build argument 'cmake_args' from command line to 'None'
[0.923s] Level 5:colcon.colcon_core.verb:set package 'moveit_visual_tools' build argument 'cmake_target' from command line to 'None'
[0.923s] Level 5:colcon.colcon_core.verb:set package 'moveit_visual_tools' build argument 'cmake_target_skip_unavailable' from command line to 'False'
[0.923s] Level 5:colcon.colcon_core.verb:set package 'moveit_visual_tools' build argument 'cmake_clean_cache' from command line to 'False'
[0.923s] Level 5:colcon.colcon_core.verb:set package 'moveit_visual_tools' build argument 'cmake_clean_first' from command line to 'False'
[0.924s] Level 5:colcon.colcon_core.verb:set package 'moveit_visual_tools' build argument 'cmake_force_configure' from command line to 'False'
[0.924s] Level 5:colcon.colcon_core.verb:set package 'moveit_visual_tools' build argument 'ament_cmake_args' from command line to 'None'
[0.924s] Level 5:colcon.colcon_core.verb:set package 'moveit_visual_tools' build argument 'catkin_cmake_args' from command line to 'None'
[0.924s] Level 5:colcon.colcon_core.verb:set package 'moveit_visual_tools' build argument 'catkin_skip_building_tests' from command line to 'False'
[0.924s] DEBUG:colcon.colcon_core.verb:Building package 'moveit_visual_tools' with the following arguments: {'ament_cmake_args': None, 'build_base': '/home/ny/FsRobo-A1/build/moveit_visual_tools', 'catkin_cmake_args': None, 'catkin_skip_building_tests': False, 'cmake_args': None, 'cmake_clean_cache': False, 'cmake_clean_first': False, 'cmake_force_configure': False, 'cmake_target': None, 'cmake_target_skip_unavailable': False, 'install_base': '/home/ny/FsRobo-A1/install/moveit_visual_tools', 'merge_install': False, 'path': '/home/ny/FsRobo-A1/src/moveit2_tutorials_src/src/moveit_visual_tools', 'symlink_install': False, 'test_result_base': None}
[0.926s] Level 5:colcon.colcon_core.verb:set package 'moveit2_tutorials' build argument 'cmake_args' from command line to 'None'
[0.926s] Level 5:colcon.colcon_core.verb:set package 'moveit2_tutorials' build argument 'cmake_target' from command line to 'None'
[0.926s] Level 5:colcon.colcon_core.verb:set package 'moveit2_tutorials' build argument 'cmake_target_skip_unavailable' from command line to 'False'
[0.926s] Level 5:colcon.colcon_core.verb:set package 'moveit2_tutorials' build argument 'cmake_clean_cache' from command line to 'False'
[0.927s] Level 5:colcon.colcon_core.verb:set package 'moveit2_tutorials' build argument 'cmake_clean_first' from command line to 'False'
[0.927s] Level 5:colcon.colcon_core.verb:set package 'moveit2_tutorials' build argument 'cmake_force_configure' from command line to 'False'
[0.927s] Level 5:colcon.colcon_core.verb:set package 'moveit2_tutorials' build argument 'ament_cmake_args' from command line to 'None'
[0.927s] Level 5:colcon.colcon_core.verb:set package 'moveit2_tutorials' build argument 'catkin_cmake_args' from command line to 'None'
[0.927s] Level 5:colcon.colcon_core.verb:set package 'moveit2_tutorials' build argument 'catkin_skip_building_tests' from command line to 'False'
[0.927s] DEBUG:colcon.colcon_core.verb:Building package 'moveit2_tutorials' with the following arguments: {'ament_cmake_args': None, 'build_base': '/home/ny/FsRobo-A1/build/moveit2_tutorials', 'catkin_cmake_args': None, 'catkin_skip_building_tests': False, 'cmake_args': None, 'cmake_clean_cache': False, 'cmake_clean_first': False, 'cmake_force_configure': False, 'cmake_target': None, 'cmake_target_skip_unavailable': False, 'install_base': '/home/ny/FsRobo-A1/install/moveit2_tutorials', 'merge_install': False, 'path': '/home/ny/FsRobo-A1/src/moveit2_tutorials_src/src/moveit2_tutorials', 'symlink_install': False, 'test_result_base': None}
[0.928s] INFO:colcon.colcon_core.executor:Executing jobs using 'sequential' executor
[0.931s] DEBUG:colcon.colcon_core.executor.sequential:run_until_complete '4dof'
[0.932s] INFO:colcon.colcon_ros.task.ament_cmake.build:Building ROS package in '/home/ny/FsRobo-A1/src/4dof' with build type 'ament_cmake'
[0.932s] INFO:colcon.colcon_cmake.task.cmake.build:Building CMake package in '/home/ny/FsRobo-A1/src/4dof'
[0.937s] INFO:colcon.colcon_core.plugin_system:Skipping extension 'colcon_core.shell.bat': Not used on non-Windows systems
[0.937s] DEBUG:colcon.colcon_core.shell:Skip shell extension 'dsv' for command environment
[0.942s] WARNING:colcon.colcon_ros.prefix_path.ament:The path '/home/ny/FsRobo-A1/install/fsrobo-a1' in the environment variable AMENT_PREFIX_PATH doesn't exist
[0.984s] DEBUG:colcon.colcon_core.event_handler.log_command:Invoking command in '/home/ny/FsRobo-A1/build/4dof': CMAKE_PREFIX_PATH=/home/ny/FsRobo-A1/install/moveit2_tutorials:/home/ny/FsRobo-A1/install/moveit_visual_tools:/home/ny/FsRobo-A1/install/rviz_visual_tools:/home/ny/FsRobo-A1/install/fsrobo_a1_msg_srv_4py:/home/ny/FsRobo-A1/install/py_pubsub:/home/ny/FsRobo-A1/install/my_package:/home/ny/FsRobo-A1/install/fsrobo_a1_serve_py:/home/ny/FsRobo-A1/install/fsrobo-a1:/opt/ros/foxy:/home/ny/FsRobo-A1/install/4dof /usr/bin/cmake --build /home/ny/FsRobo-A1/build/4dof -- -j16 -l16
[1.152s] DEBUG:colcon.colcon_core.event_handler.log_command:Invoked command in '/home/ny/FsRobo-A1/build/4dof' returned '0': CMAKE_PREFIX_PATH=/home/ny/FsRobo-A1/install/moveit2_tutorials:/home/ny/FsRobo-A1/install/moveit_visual_tools:/home/ny/FsRobo-A1/install/rviz_visual_tools:/home/ny/FsRobo-A1/install/fsrobo_a1_msg_srv_4py:/home/ny/FsRobo-A1/install/py_pubsub:/home/ny/FsRobo-A1/install/my_package:/home/ny/FsRobo-A1/install/fsrobo_a1_serve_py:/home/ny/FsRobo-A1/install/fsrobo-a1:/opt/ros/foxy:/home/ny/FsRobo-A1/install/4dof /usr/bin/cmake --build /home/ny/FsRobo-A1/build/4dof -- -j16 -l16
[1.295s] DEBUG:colcon.colcon_core.event_handler.log_command:Invoking command in '/home/ny/FsRobo-A1/build/4dof': CMAKE_PREFIX_PATH=/home/ny/FsRobo-A1/install/moveit2_tutorials:/home/ny/FsRobo-A1/install/moveit_visual_tools:/home/ny/FsRobo-A1/install/rviz_visual_tools:/home/ny/FsRobo-A1/install/fsrobo_a1_msg_srv_4py:/home/ny/FsRobo-A1/install/py_pubsub:/home/ny/FsRobo-A1/install/my_package:/home/ny/FsRobo-A1/install/fsrobo_a1_serve_py:/home/ny/FsRobo-A1/install/fsrobo-a1:/opt/ros/foxy:/home/ny/FsRobo-A1/install/4dof /usr/bin/cmake --install /home/ny/FsRobo-A1/build/4dof
[1.346s] Level 1:colcon.colcon_core.environment:create_environment_scripts_only(4dof)
[1.352s] DEBUG:colcon.colcon_core.event_handler.log_command:Invoked command in '/home/ny/FsRobo-A1/build/4dof' returned '0': CMAKE_PREFIX_PATH=/home/ny/FsRobo-A1/install/moveit2_tutorials:/home/ny/FsRobo-A1/install/moveit_visual_tools:/home/ny/FsRobo-A1/install/rviz_visual_tools:/home/ny/FsRobo-A1/install/fsrobo_a1_msg_srv_4py:/home/ny/FsRobo-A1/install/py_pubsub:/home/ny/FsRobo-A1/install/my_package:/home/ny/FsRobo-A1/install/fsrobo_a1_serve_py:/home/ny/FsRobo-A1/install/fsrobo-a1:/opt/ros/foxy:/home/ny/FsRobo-A1/install/4dof /usr/bin/cmake --install /home/ny/FsRobo-A1/build/4dof
[1.361s] Level 1:colcon.colcon_core.environment:checking '/home/ny/FsRobo-A1/install/4dof' for CMake module files
[1.364s] Level 1:colcon.colcon_core.environment:checking '/home/ny/FsRobo-A1/install/4dof' for CMake config files
[1.366s] Level 1:colcon.colcon_core.shell:create_environment_hook('4dof', 'cmake_prefix_path')
[1.367s] INFO:colcon.colcon_core.shell:Creating environment descriptor '/home/ny/FsRobo-A1/install/4dof/share/4dof/hook/cmake_prefix_path.dsv'
[1.370s] INFO:colcon.colcon_core.shell:Creating environment hook '/home/ny/FsRobo-A1/install/4dof/share/4dof/hook/cmake_prefix_path.sh'
[1.375s] Level 1:colcon.colcon_core.environment:checking '/home/ny/FsRobo-A1/install/4dof/bin'
[1.375s] Level 1:colcon.colcon_core.environment:checking '/home/ny/FsRobo-A1/install/4dof/lib/pkgconfig/4dof.pc'
[1.378s] Level 1:colcon.colcon_core.environment:checking '/home/ny/FsRobo-A1/install/4dof/lib/python3.8/site-packages'
[1.379s] Level 1:colcon.colcon_core.environment:checking '/home/ny/FsRobo-A1/install/4dof/bin'
[1.380s] INFO:colcon.colcon_core.shell:Creating package descriptor '/home/ny/FsRobo-A1/install/4dof/share/4dof/package.dsv'
[1.384s] INFO:colcon.colcon_core.shell:Creating package script '/home/ny/FsRobo-A1/install/4dof/share/4dof/package.sh'
[1.387s] Level 1:colcon.colcon_core.environment:create_file_with_runtime_dependencies(/home/ny/FsRobo-A1/install/4dof/share/colcon-core/packages/4dof)
[1.502s] Level 1:colcon.colcon_core.environment:create_environment_scripts_only(4dof)
[1.503s] Level 1:colcon.colcon_core.environment:checking '/home/ny/FsRobo-A1/install/4dof' for CMake module files
[1.505s] Level 1:colcon.colcon_core.environment:checking '/home/ny/FsRobo-A1/install/4dof' for CMake config files
[1.507s] Level 1:colcon.colcon_core.shell:create_environment_hook('4dof', 'cmake_prefix_path')
[1.508s] INFO:colcon.colcon_core.shell:Creating environment descriptor '/home/ny/FsRobo-A1/install/4dof/share/4dof/hook/cmake_prefix_path.dsv'
[1.511s] INFO:colcon.colcon_core.shell:Creating environment hook '/home/ny/FsRobo-A1/install/4dof/share/4dof/hook/cmake_prefix_path.sh'
[1.514s] Level 1:colcon.colcon_core.environment:checking '/home/ny/FsRobo-A1/install/4dof/bin'
[1.515s] Level 1:colcon.colcon_core.environment:checking '/home/ny/FsRobo-A1/install/4dof/lib/pkgconfig/4dof.pc'
[1.515s] Level 1:colcon.colcon_core.environment:checking '/home/ny/FsRobo-A1/install/4dof/lib/python3.8/site-packages'
[1.516s] Level 1:colcon.colcon_core.environment:checking '/home/ny/FsRobo-A1/install/4dof/bin'
[1.517s] INFO:colcon.colcon_core.shell:Creating package descriptor '/home/ny/FsRobo-A1/install/4dof/share/4dof/package.dsv'
[1.519s] INFO:colcon.colcon_core.shell:Creating package script '/home/ny/FsRobo-A1/install/4dof/share/4dof/package.sh'
[1.521s] Level 1:colcon.colcon_core.environment:create_file_with_runtime_dependencies(/home/ny/FsRobo-A1/install/4dof/share/colcon-core/packages/4dof)
[1.522s] DEBUG:colcon.colcon_core.executor.sequential:run_until_complete '4dof' finished with '0'
[1.523s] DEBUG:colcon.colcon_core.executor.sequential:run_until_complete 'fsrobo_a1_serve_py'
[1.523s] INFO:colcon.colcon_ros.task.ament_python.build:Building ROS package in '/home/ny/FsRobo-A1/src/fsrobo_a1_serve_py' with build type 'ament_python'
[1.524s] Level 1:colcon.colcon_core.shell:create_environment_hook('fsrobo_a1_serve_py', 'ament_prefix_path')
[1.525s] INFO:colcon.colcon_core.shell:Creating environment descriptor '/home/ny/FsRobo-A1/install/fsrobo_a1_serve_py/share/fsrobo_a1_serve_py/hook/ament_prefix_path.dsv'
[1.531s] INFO:colcon.colcon_core.shell:Creating environment hook '/home/ny/FsRobo-A1/install/fsrobo_a1_serve_py/share/fsrobo_a1_serve_py/hook/ament_prefix_path.sh'
[1.533s] DEBUG:colcon.colcon_core.shell:Skip shell extension 'dsv' for command environment
[2.223s] INFO:colcon.colcon_core.task.python.build:Building Python package in '/home/ny/FsRobo-A1/src/fsrobo_a1_serve_py'
[2.225s] DEBUG:colcon.colcon_core.shell:Skip shell extension 'dsv' for command environment
[3.527s] DEBUG:colcon.colcon_core.event_handler.log_command:Invoking command in '/home/ny/FsRobo-A1/src/fsrobo_a1_serve_py': PYTHONPATH=/home/ny/FsRobo-A1/build/fsrobo_a1_serve_py/prefix_override:/usr/lib/python3/dist-packages/colcon_core/task/python/colcon_distutils_commands:/home/ny/FsRobo-A1/install/fsrobo_a1_serve_py/lib/python3.8/site-packages:${PYTHONPATH} /usr/bin/python3 -W ignore:setup.py install is deprecated setup.py egg_info --egg-base ../../build/fsrobo_a1_serve_py build --build-base /home/ny/FsRobo-A1/build/fsrobo_a1_serve_py/build install --record /home/ny/FsRobo-A1/build/fsrobo_a1_serve_py/install.log --install-scripts $base/lib/fsrobo_a1_serve_py --single-version-externally-managed install_data
[4.519s] Level 1:colcon.colcon_core.environment:checking '/home/ny/FsRobo-A1/install/fsrobo_a1_serve_py' for CMake module files
[4.522s] DEBUG:colcon.colcon_core.event_handler.log_command:Invoked command in '/home/ny/FsRobo-A1/src/fsrobo_a1_serve_py' returned '0': PYTHONPATH=/home/ny/FsRobo-A1/build/fsrobo_a1_serve_py/prefix_override:/usr/lib/python3/dist-packages/colcon_core/task/python/colcon_distutils_commands:/home/ny/FsRobo-A1/install/fsrobo_a1_serve_py/lib/python3.8/site-packages:${PYTHONPATH} /usr/bin/python3 -W ignore:setup.py install is deprecated setup.py egg_info --egg-base ../../build/fsrobo_a1_serve_py build --build-base /home/ny/FsRobo-A1/build/fsrobo_a1_serve_py/build install --record /home/ny/FsRobo-A1/build/fsrobo_a1_serve_py/install.log --install-scripts $base/lib/fsrobo_a1_serve_py --single-version-externally-managed install_data
[4.523s] Level 1:colcon.colcon_core.environment:checking '/home/ny/FsRobo-A1/install/fsrobo_a1_serve_py' for CMake config files
[4.526s] Level 1:colcon.colcon_core.environment:checking '/home/ny/FsRobo-A1/install/fsrobo_a1_serve_py/lib'
[4.527s] Level 1:colcon.colcon_core.environment:checking '/home/ny/FsRobo-A1/install/fsrobo_a1_serve_py/bin'
[4.527s] Level 1:colcon.colcon_core.environment:checking '/home/ny/FsRobo-A1/install/fsrobo_a1_serve_py/lib/pkgconfig/fsrobo_a1_serve_py.pc'
[4.528s] Level 1:colcon.colcon_core.environment:checking '/home/ny/FsRobo-A1/install/fsrobo_a1_serve_py/lib/python3.8/site-packages'
[4.528s] Level 1:colcon.colcon_core.shell:create_environment_hook('fsrobo_a1_serve_py', 'pythonpath')
[4.528s] INFO:colcon.colcon_core.shell:Creating environment descriptor '/home/ny/FsRobo-A1/install/fsrobo_a1_serve_py/share/fsrobo_a1_serve_py/hook/pythonpath.dsv'
[4.530s] INFO:colcon.colcon_core.shell:Creating environment hook '/home/ny/FsRobo-A1/install/fsrobo_a1_serve_py/share/fsrobo_a1_serve_py/hook/pythonpath.sh'
[4.532s] Level 1:colcon.colcon_core.environment:checking '/home/ny/FsRobo-A1/install/fsrobo_a1_serve_py/bin'
[4.533s] Level 1:colcon.colcon_core.environment:create_environment_scripts_only(fsrobo_a1_serve_py)
[4.534s] INFO:colcon.colcon_core.shell:Creating package descriptor '/home/ny/FsRobo-A1/install/fsrobo_a1_serve_py/share/fsrobo_a1_serve_py/package.dsv'
[4.537s] INFO:colcon.colcon_core.shell:Creating package script '/home/ny/FsRobo-A1/install/fsrobo_a1_serve_py/share/fsrobo_a1_serve_py/package.sh'
[4.540s] Level 1:colcon.colcon_core.environment:create_file_with_runtime_dependencies(/home/ny/FsRobo-A1/install/fsrobo_a1_serve_py/share/colcon-core/packages/fsrobo_a1_serve_py)
[4.542s] DEBUG:colcon.colcon_core.executor.sequential:run_until_complete 'fsrobo_a1_serve_py' finished with '0'
[4.542s] DEBUG:colcon.colcon_core.executor.sequential:run_until_complete 'py_pubsub'
[4.543s] INFO:colcon.colcon_ros.task.ament_python.build:Building ROS package in '/home/ny/FsRobo-A1/src/py_pubsub' with build type 'ament_python'
[4.544s] Level 1:colcon.colcon_core.shell:create_environment_hook('py_pubsub', 'ament_prefix_path')
[4.544s] INFO:colcon.colcon_core.shell:Creating environment descriptor '/home/ny/FsRobo-A1/install/py_pubsub/share/py_pubsub/hook/ament_prefix_path.dsv'
[4.548s] INFO:colcon.colcon_core.shell:Creating environment hook '/home/ny/FsRobo-A1/install/py_pubsub/share/py_pubsub/hook/ament_prefix_path.sh'
[4.551s] DEBUG:colcon.colcon_core.shell:Skip shell extension 'dsv' for command environment
[5.358s] INFO:colcon.colcon_core.task.python.build:Building Python package in '/home/ny/FsRobo-A1/src/py_pubsub'
[5.361s] DEBUG:colcon.colcon_core.shell:Skip shell extension 'dsv' for command environment
[6.558s] DEBUG:colcon.colcon_core.event_handler.log_command:Invoking command in '/home/ny/FsRobo-A1/src/py_pubsub': PYTHONPATH=/home/ny/FsRobo-A1/build/py_pubsub/prefix_override:/usr/lib/python3/dist-packages/colcon_core/task/python/colcon_distutils_commands:/home/ny/FsRobo-A1/install/py_pubsub/lib/python3.8/site-packages:${PYTHONPATH} /usr/bin/python3 -W ignore:setup.py install is deprecated setup.py egg_info --egg-base ../../build/py_pubsub build --build-base /home/ny/FsRobo-A1/build/py_pubsub/build install --record /home/ny/FsRobo-A1/build/py_pubsub/install.log --install-scripts $base/lib/py_pubsub --single-version-externally-managed install_data
[7.367s] Level 1:colcon.colcon_core.environment:checking '/home/ny/FsRobo-A1/install/py_pubsub' for CMake module files
[7.370s] DEBUG:colcon.colcon_core.event_handler.log_command:Invoked command in '/home/ny/FsRobo-A1/src/py_pubsub' returned '0': PYTHONPATH=/home/ny/FsRobo-A1/build/py_pubsub/prefix_override:/usr/lib/python3/dist-packages/colcon_core/task/python/colcon_distutils_commands:/home/ny/FsRobo-A1/install/py_pubsub/lib/python3.8/site-packages:${PYTHONPATH} /usr/bin/python3 -W ignore:setup.py install is deprecated setup.py egg_info --egg-base ../../build/py_pubsub build --build-base /home/ny/FsRobo-A1/build/py_pubsub/build install --record /home/ny/FsRobo-A1/build/py_pubsub/install.log --install-scripts $base/lib/py_pubsub --single-version-externally-managed install_data
[7.371s] Level 1:colcon.colcon_core.environment:checking '/home/ny/FsRobo-A1/install/py_pubsub' for CMake config files
[7.374s] Level 1:colcon.colcon_core.environment:checking '/home/ny/FsRobo-A1/install/py_pubsub/lib'
[7.375s] Level 1:colcon.colcon_core.environment:checking '/home/ny/FsRobo-A1/install/py_pubsub/bin'
[7.375s] Level 1:colcon.colcon_core.environment:checking '/home/ny/FsRobo-A1/install/py_pubsub/lib/pkgconfig/py_pubsub.pc'
[7.376s] Level 1:colcon.colcon_core.environment:checking '/home/ny/FsRobo-A1/install/py_pubsub/lib/python3.8/site-packages'
[7.376s] Level 1:colcon.colcon_core.shell:create_environment_hook('py_pubsub', 'pythonpath')
[7.377s] INFO:colcon.colcon_core.shell:Creating environment descriptor '/home/ny/FsRobo-A1/install/py_pubsub/share/py_pubsub/hook/pythonpath.dsv'
[7.378s] INFO:colcon.colcon_core.shell:Creating environment hook '/home/ny/FsRobo-A1/install/py_pubsub/share/py_pubsub/hook/pythonpath.sh'
[7.380s] Level 1:colcon.colcon_core.environment:checking '/home/ny/FsRobo-A1/install/py_pubsub/bin'
[7.380s] Level 1:colcon.colcon_core.environment:create_environment_scripts_only(py_pubsub)
[7.381s] INFO:colcon.colcon_core.shell:Creating package descriptor '/home/ny/FsRobo-A1/install/py_pubsub/share/py_pubsub/package.dsv'
[7.382s] INFO:colcon.colcon_core.shell:Creating package script '/home/ny/FsRobo-A1/install/py_pubsub/share/py_pubsub/package.sh'
[7.384s] Level 1:colcon.colcon_core.environment:create_file_with_runtime_dependencies(/home/ny/FsRobo-A1/install/py_pubsub/share/colcon-core/packages/py_pubsub)
[7.385s] DEBUG:colcon.colcon_core.executor.sequential:run_until_complete 'py_pubsub' finished with '0'
[7.386s] DEBUG:colcon.colcon_core.executor.sequential:run_until_complete 'rviz_visual_tools'
[7.386s] INFO:colcon.colcon_ros.task.ament_cmake.build:Building ROS package in '/home/ny/FsRobo-A1/src/moveit2_tutorials_src/src/rviz_visual_tools' with build type 'ament_cmake'
[7.387s] INFO:colcon.colcon_cmake.task.cmake.build:Building CMake package in '/home/ny/FsRobo-A1/src/moveit2_tutorials_src/src/rviz_visual_tools'
[7.388s] DEBUG:colcon.colcon_core.shell:Skip shell extension 'dsv' for command environment
[7.434s] DEBUG:colcon.colcon_core.event_handler.log_command:Invoking command in '/home/ny/FsRobo-A1/build/rviz_visual_tools': CMAKE_PREFIX_PATH=/home/ny/FsRobo-A1/install/moveit2_tutorials:/home/ny/FsRobo-A1/install/moveit_visual_tools:/home/ny/FsRobo-A1/install/rviz_visual_tools:/home/ny/FsRobo-A1/install/fsrobo_a1_msg_srv_4py:/home/ny/FsRobo-A1/install/py_pubsub:/home/ny/FsRobo-A1/install/my_package:/home/ny/FsRobo-A1/install/fsrobo_a1_serve_py:/home/ny/FsRobo-A1/install/fsrobo-a1:/opt/ros/foxy:/home/ny/FsRobo-A1/install/4dof /usr/bin/cmake --build /home/ny/FsRobo-A1/build/rviz_visual_tools -- -j16 -l16
[10.801s] DEBUG:colcon.colcon_core.event_handler.log_command:Invoked command in '/home/ny/FsRobo-A1/build/rviz_visual_tools' returned '0': CMAKE_PREFIX_PATH=/home/ny/FsRobo-A1/install/moveit2_tutorials:/home/ny/FsRobo-A1/install/moveit_visual_tools:/home/ny/FsRobo-A1/install/rviz_visual_tools:/home/ny/FsRobo-A1/install/fsrobo_a1_msg_srv_4py:/home/ny/FsRobo-A1/install/py_pubsub:/home/ny/FsRobo-A1/install/my_package:/home/ny/FsRobo-A1/install/fsrobo_a1_serve_py:/home/ny/FsRobo-A1/install/fsrobo-a1:/opt/ros/foxy:/home/ny/FsRobo-A1/install/4dof /usr/bin/cmake --build /home/ny/FsRobo-A1/build/rviz_visual_tools -- -j16 -l16
[11.207s] DEBUG:colcon.colcon_core.event_handler.log_command:Invoking command in '/home/ny/FsRobo-A1/build/rviz_visual_tools': CMAKE_PREFIX_PATH=/home/ny/FsRobo-A1/install/moveit2_tutorials:/home/ny/FsRobo-A1/install/moveit_visual_tools:/home/ny/FsRobo-A1/install/rviz_visual_tools:/home/ny/FsRobo-A1/install/fsrobo_a1_msg_srv_4py:/home/ny/FsRobo-A1/install/py_pubsub:/home/ny/FsRobo-A1/install/my_package:/home/ny/FsRobo-A1/install/fsrobo_a1_serve_py:/home/ny/FsRobo-A1/install/fsrobo-a1:/opt/ros/foxy:/home/ny/FsRobo-A1/install/4dof /usr/bin/cmake --install /home/ny/FsRobo-A1/build/rviz_visual_tools
[11.261s] Level 1:colcon.colcon_core.environment:create_environment_scripts_only(rviz_visual_tools)
[11.264s] Level 1:colcon.colcon_core.environment:checking '/home/ny/FsRobo-A1/install/rviz_visual_tools' for CMake module files
[11.267s] DEBUG:colcon.colcon_core.event_handler.log_command:Invoked command in '/home/ny/FsRobo-A1/build/rviz_visual_tools' returned '0': CMAKE_PREFIX_PATH=/home/ny/FsRobo-A1/install/moveit2_tutorials:/home/ny/FsRobo-A1/install/moveit_visual_tools:/home/ny/FsRobo-A1/install/rviz_visual_tools:/home/ny/FsRobo-A1/install/fsrobo_a1_msg_srv_4py:/home/ny/FsRobo-A1/install/py_pubsub:/home/ny/FsRobo-A1/install/my_package:/home/ny/FsRobo-A1/install/fsrobo_a1_serve_py:/home/ny/FsRobo-A1/install/fsrobo-a1:/opt/ros/foxy:/home/ny/FsRobo-A1/install/4dof /usr/bin/cmake --install /home/ny/FsRobo-A1/build/rviz_visual_tools
[11.269s] Level 1:colcon.colcon_core.environment:checking '/home/ny/FsRobo-A1/install/rviz_visual_tools' for CMake config files
[11.270s] Level 1:colcon.colcon_core.shell:create_environment_hook('rviz_visual_tools', 'cmake_prefix_path')
[11.271s] INFO:colcon.colcon_core.shell:Creating environment descriptor '/home/ny/FsRobo-A1/install/rviz_visual_tools/share/rviz_visual_tools/hook/cmake_prefix_path.dsv'
[11.273s] INFO:colcon.colcon_core.shell:Creating environment hook '/home/ny/FsRobo-A1/install/rviz_visual_tools/share/rviz_visual_tools/hook/cmake_prefix_path.sh'
[11.275s] Level 1:colcon.colcon_core.environment:checking '/home/ny/FsRobo-A1/install/rviz_visual_tools/lib'
[11.276s] Level 1:colcon.colcon_core.shell:create_environment_hook('rviz_visual_tools', 'ld_library_path_lib')
[11.276s] INFO:colcon.colcon_core.shell:Creating environment descriptor '/home/ny/FsRobo-A1/install/rviz_visual_tools/share/rviz_visual_tools/hook/ld_library_path_lib.dsv'
[11.278s] INFO:colcon.colcon_core.shell:Creating environment hook '/home/ny/FsRobo-A1/install/rviz_visual_tools/share/rviz_visual_tools/hook/ld_library_path_lib.sh'
[11.279s] Level 1:colcon.colcon_core.environment:checking '/home/ny/FsRobo-A1/install/rviz_visual_tools/bin'
[11.280s] Level 1:colcon.colcon_core.environment:checking '/home/ny/FsRobo-A1/install/rviz_visual_tools/lib/pkgconfig/rviz_visual_tools.pc'
[11.281s] Level 1:colcon.colcon_core.environment:checking '/home/ny/FsRobo-A1/install/rviz_visual_tools/lib/python3.8/site-packages'
[11.281s] Level 1:colcon.colcon_core.environment:checking '/home/ny/FsRobo-A1/install/rviz_visual_tools/bin'
[11.282s] INFO:colcon.colcon_core.shell:Creating package descriptor '/home/ny/FsRobo-A1/install/rviz_visual_tools/share/rviz_visual_tools/package.dsv'
[11.284s] INFO:colcon.colcon_core.shell:Creating package script '/home/ny/FsRobo-A1/install/rviz_visual_tools/share/rviz_visual_tools/package.sh'
[11.286s] Level 1:colcon.colcon_core.environment:create_file_with_runtime_dependencies(/home/ny/FsRobo-A1/install/rviz_visual_tools/share/colcon-core/packages/rviz_visual_tools)
[11.669s] Level 1:colcon.colcon_core.environment:create_environment_scripts_only(rviz_visual_tools)
[11.671s] Level 1:colcon.colcon_core.environment:checking '/home/ny/FsRobo-A1/install/rviz_visual_tools' for CMake module files
[11.676s] Level 1:colcon.colcon_core.environment:checking '/home/ny/FsRobo-A1/install/rviz_visual_tools' for CMake config files
[11.678s] Level 1:colcon.colcon_core.shell:create_environment_hook('rviz_visual_tools', 'cmake_prefix_path')
[11.679s] INFO:colcon.colcon_core.shell:Creating environment descriptor '/home/ny/FsRobo-A1/install/rviz_visual_tools/share/rviz_visual_tools/hook/cmake_prefix_path.dsv'
[11.681s] INFO:colcon.colcon_core.shell:Creating environment hook '/home/ny/FsRobo-A1/install/rviz_visual_tools/share/rviz_visual_tools/hook/cmake_prefix_path.sh'
[11.684s] Level 1:colcon.colcon_core.environment:checking '/home/ny/FsRobo-A1/install/rviz_visual_tools/lib'
[11.685s] Level 1:colcon.colcon_core.shell:create_environment_hook('rviz_visual_tools', 'ld_library_path_lib')
[11.685s] INFO:colcon.colcon_core.shell:Creating environment descriptor '/home/ny/FsRobo-A1/install/rviz_visual_tools/share/rviz_visual_tools/hook/ld_library_path_lib.dsv'
[11.687s] INFO:colcon.colcon_core.shell:Creating environment hook '/home/ny/FsRobo-A1/install/rviz_visual_tools/share/rviz_visual_tools/hook/ld_library_path_lib.sh'
[11.689s] Level 1:colcon.colcon_core.environment:checking '/home/ny/FsRobo-A1/install/rviz_visual_tools/bin'
[11.689s] Level 1:colcon.colcon_core.environment:checking '/home/ny/FsRobo-A1/install/rviz_visual_tools/lib/pkgconfig/rviz_visual_tools.pc'
[11.690s] Level 1:colcon.colcon_core.environment:checking '/home/ny/FsRobo-A1/install/rviz_visual_tools/lib/python3.8/site-packages'
[11.691s] Level 1:colcon.colcon_core.environment:checking '/home/ny/FsRobo-A1/install/rviz_visual_tools/bin'
[11.692s] INFO:colcon.colcon_core.shell:Creating package descriptor '/home/ny/FsRobo-A1/install/rviz_visual_tools/share/rviz_visual_tools/package.dsv'
[11.694s] INFO:colcon.colcon_core.shell:Creating package script '/home/ny/FsRobo-A1/install/rviz_visual_tools/share/rviz_visual_tools/package.sh'
[11.696s] Level 1:colcon.colcon_core.environment:create_file_with_runtime_dependencies(/home/ny/FsRobo-A1/install/rviz_visual_tools/share/colcon-core/packages/rviz_visual_tools)
[11.698s] DEBUG:colcon.colcon_core.executor.sequential:run_until_complete 'rviz_visual_tools' finished with '0'
[11.699s] DEBUG:colcon.colcon_core.executor.sequential:run_until_complete 'moveit_visual_tools'
[11.700s] INFO:colcon.colcon_ros.task.ament_cmake.build:Building ROS package in '/home/ny/FsRobo-A1/src/moveit2_tutorials_src/src/moveit_visual_tools' with build type 'ament_cmake'
[11.702s] INFO:colcon.colcon_cmake.task.cmake.build:Building CMake package in '/home/ny/FsRobo-A1/src/moveit2_tutorials_src/src/moveit_visual_tools'
[11.703s] DEBUG:colcon.colcon_core.shell:Skip shell extension 'dsv' for command environment
[11.757s] DEBUG:colcon.colcon_core.event_handler.log_command:Invoking command in '/home/ny/FsRobo-A1/build/moveit_visual_tools': CMAKE_PREFIX_PATH=/home/ny/FsRobo-A1/install/rviz_visual_tools:/home/ny/FsRobo-A1/install/moveit2_tutorials:/home/ny/FsRobo-A1/install/moveit_visual_tools:/home/ny/FsRobo-A1/install/fsrobo_a1_msg_srv_4py:/home/ny/FsRobo-A1/install/py_pubsub:/home/ny/FsRobo-A1/install/my_package:/home/ny/FsRobo-A1/install/fsrobo_a1_serve_py:/home/ny/FsRobo-A1/install/fsrobo-a1:/opt/ros/foxy:/home/ny/FsRobo-A1/install/4dof LD_LIBRARY_PATH=/home/ny/FsRobo-A1/install/rviz_visual_tools/lib:/home/ny/FsRobo-A1/install/moveit_visual_tools/lib:/home/ny/FsRobo-A1/install/fsrobo_a1_msg_srv_4py/lib:/home/ny/.x-cmd.root/local/data/pkg/sphere/X/l/j/h/lib:/opt/ros/foxy/opt/yaml_cpp_vendor/lib:/opt/ros/foxy/opt/rviz_ogre_vendor/lib:/opt/ros/foxy/lib/x86_64-linux-gnu:/opt/ros/foxy/lib /usr/bin/cmake --build /home/ny/FsRobo-A1/build/moveit_visual_tools -- -j16 -l16
[12.244s] DEBUG:colcon.colcon_core.event_handler.log_command:Invoked command in '/home/ny/FsRobo-A1/build/moveit_visual_tools' returned '0': CMAKE_PREFIX_PATH=/home/ny/FsRobo-A1/install/rviz_visual_tools:/home/ny/FsRobo-A1/install/moveit2_tutorials:/home/ny/FsRobo-A1/install/moveit_visual_tools:/home/ny/FsRobo-A1/install/fsrobo_a1_msg_srv_4py:/home/ny/FsRobo-A1/install/py_pubsub:/home/ny/FsRobo-A1/install/my_package:/home/ny/FsRobo-A1/install/fsrobo_a1_serve_py:/home/ny/FsRobo-A1/install/fsrobo-a1:/opt/ros/foxy:/home/ny/FsRobo-A1/install/4dof LD_LIBRARY_PATH=/home/ny/FsRobo-A1/install/rviz_visual_tools/lib:/home/ny/FsRobo-A1/install/moveit_visual_tools/lib:/home/ny/FsRobo-A1/install/fsrobo_a1_msg_srv_4py/lib:/home/ny/.x-cmd.root/local/data/pkg/sphere/X/l/j/h/lib:/opt/ros/foxy/opt/yaml_cpp_vendor/lib:/opt/ros/foxy/opt/rviz_ogre_vendor/lib:/opt/ros/foxy/lib/x86_64-linux-gnu:/opt/ros/foxy/lib /usr/bin/cmake --build /home/ny/FsRobo-A1/build/moveit_visual_tools -- -j16 -l16
[12.417s] DEBUG:colcon.colcon_core.event_handler.log_command:Invoking command in '/home/ny/FsRobo-A1/build/moveit_visual_tools': CMAKE_PREFIX_PATH=/home/ny/FsRobo-A1/install/rviz_visual_tools:/home/ny/FsRobo-A1/install/moveit2_tutorials:/home/ny/FsRobo-A1/install/moveit_visual_tools:/home/ny/FsRobo-A1/install/fsrobo_a1_msg_srv_4py:/home/ny/FsRobo-A1/install/py_pubsub:/home/ny/FsRobo-A1/install/my_package:/home/ny/FsRobo-A1/install/fsrobo_a1_serve_py:/home/ny/FsRobo-A1/install/fsrobo-a1:/opt/ros/foxy:/home/ny/FsRobo-A1/install/4dof LD_LIBRARY_PATH=/home/ny/FsRobo-A1/install/rviz_visual_tools/lib:/home/ny/FsRobo-A1/install/moveit_visual_tools/lib:/home/ny/FsRobo-A1/install/fsrobo_a1_msg_srv_4py/lib:/home/ny/.x-cmd.root/local/data/pkg/sphere/X/l/j/h/lib:/opt/ros/foxy/opt/yaml_cpp_vendor/lib:/opt/ros/foxy/opt/rviz_ogre_vendor/lib:/opt/ros/foxy/lib/x86_64-linux-gnu:/opt/ros/foxy/lib /usr/bin/cmake --install /home/ny/FsRobo-A1/build/moveit_visual_tools
[12.474s] Level 1:colcon.colcon_core.environment:create_environment_scripts_only(moveit_visual_tools)
[12.476s] Level 1:colcon.colcon_core.environment:checking '/home/ny/FsRobo-A1/install/moveit_visual_tools' for CMake module files
[12.479s] DEBUG:colcon.colcon_core.event_handler.log_command:Invoked command in '/home/ny/FsRobo-A1/build/moveit_visual_tools' returned '0': CMAKE_PREFIX_PATH=/home/ny/FsRobo-A1/install/rviz_visual_tools:/home/ny/FsRobo-A1/install/moveit2_tutorials:/home/ny/FsRobo-A1/install/moveit_visual_tools:/home/ny/FsRobo-A1/install/fsrobo_a1_msg_srv_4py:/home/ny/FsRobo-A1/install/py_pubsub:/home/ny/FsRobo-A1/install/my_package:/home/ny/FsRobo-A1/install/fsrobo_a1_serve_py:/home/ny/FsRobo-A1/install/fsrobo-a1:/opt/ros/foxy:/home/ny/FsRobo-A1/install/4dof LD_LIBRARY_PATH=/home/ny/FsRobo-A1/install/rviz_visual_tools/lib:/home/ny/FsRobo-A1/install/moveit_visual_tools/lib:/home/ny/FsRobo-A1/install/fsrobo_a1_msg_srv_4py/lib:/home/ny/.x-cmd.root/local/data/pkg/sphere/X/l/j/h/lib:/opt/ros/foxy/opt/yaml_cpp_vendor/lib:/opt/ros/foxy/opt/rviz_ogre_vendor/lib:/opt/ros/foxy/lib/x86_64-linux-gnu:/opt/ros/foxy/lib /usr/bin/cmake --install /home/ny/FsRobo-A1/build/moveit_visual_tools
[12.481s] Level 1:colcon.colcon_core.environment:checking '/home/ny/FsRobo-A1/install/moveit_visual_tools' for CMake config files
[12.482s] Level 1:colcon.colcon_core.shell:create_environment_hook('moveit_visual_tools', 'cmake_prefix_path')
[12.483s] INFO:colcon.colcon_core.shell:Creating environment descriptor '/home/ny/FsRobo-A1/install/moveit_visual_tools/share/moveit_visual_tools/hook/cmake_prefix_path.dsv'
[12.486s] INFO:colcon.colcon_core.shell:Creating environment hook '/home/ny/FsRobo-A1/install/moveit_visual_tools/share/moveit_visual_tools/hook/cmake_prefix_path.sh'
[12.489s] Level 1:colcon.colcon_core.environment:checking '/home/ny/FsRobo-A1/install/moveit_visual_tools/lib'
[12.489s] Level 1:colcon.colcon_core.shell:create_environment_hook('moveit_visual_tools', 'ld_library_path_lib')
[12.490s] INFO:colcon.colcon_core.shell:Creating environment descriptor '/home/ny/FsRobo-A1/install/moveit_visual_tools/share/moveit_visual_tools/hook/ld_library_path_lib.dsv'
[12.492s] INFO:colcon.colcon_core.shell:Creating environment hook '/home/ny/FsRobo-A1/install/moveit_visual_tools/share/moveit_visual_tools/hook/ld_library_path_lib.sh'
[12.494s] Level 1:colcon.colcon_core.environment:checking '/home/ny/FsRobo-A1/install/moveit_visual_tools/bin'
[12.494s] Level 1:colcon.colcon_core.environment:checking '/home/ny/FsRobo-A1/install/moveit_visual_tools/lib/pkgconfig/moveit_visual_tools.pc'
[12.495s] Level 1:colcon.colcon_core.environment:checking '/home/ny/FsRobo-A1/install/moveit_visual_tools/lib/python3.8/site-packages'
[12.496s] Level 1:colcon.colcon_core.environment:checking '/home/ny/FsRobo-A1/install/moveit_visual_tools/bin'
[12.497s] INFO:colcon.colcon_core.shell:Creating package descriptor '/home/ny/FsRobo-A1/install/moveit_visual_tools/share/moveit_visual_tools/package.dsv'
[12.499s] INFO:colcon.colcon_core.shell:Creating package script '/home/ny/FsRobo-A1/install/moveit_visual_tools/share/moveit_visual_tools/package.sh'
[12.502s] Level 1:colcon.colcon_core.environment:create_file_with_runtime_dependencies(/home/ny/FsRobo-A1/install/moveit_visual_tools/share/colcon-core/packages/moveit_visual_tools)
[12.685s] Level 1:colcon.colcon_core.environment:create_environment_scripts_only(moveit_visual_tools)
[12.687s] Level 1:colcon.colcon_core.environment:checking '/home/ny/FsRobo-A1/install/moveit_visual_tools' for CMake module files
[12.689s] Level 1:colcon.colcon_core.environment:checking '/home/ny/FsRobo-A1/install/moveit_visual_tools' for CMake config files
[12.691s] Level 1:colcon.colcon_core.shell:create_environment_hook('moveit_visual_tools', 'cmake_prefix_path')
[12.692s] INFO:colcon.colcon_core.shell:Creating environment descriptor '/home/ny/FsRobo-A1/install/moveit_visual_tools/share/moveit_visual_tools/hook/cmake_prefix_path.dsv'
[12.694s] INFO:colcon.colcon_core.shell:Creating environment hook '/home/ny/FsRobo-A1/install/moveit_visual_tools/share/moveit_visual_tools/hook/cmake_prefix_path.sh'
[12.697s] Level 1:colcon.colcon_core.environment:checking '/home/ny/FsRobo-A1/install/moveit_visual_tools/lib'
[12.698s] Level 1:colcon.colcon_core.shell:create_environment_hook('moveit_visual_tools', 'ld_library_path_lib')
[12.698s] INFO:colcon.colcon_core.shell:Creating environment descriptor '/home/ny/FsRobo-A1/install/moveit_visual_tools/share/moveit_visual_tools/hook/ld_library_path_lib.dsv'
[12.700s] INFO:colcon.colcon_core.shell:Creating environment hook '/home/ny/FsRobo-A1/install/moveit_visual_tools/share/moveit_visual_tools/hook/ld_library_path_lib.sh'
[12.701s] Level 1:colcon.colcon_core.environment:checking '/home/ny/FsRobo-A1/install/moveit_visual_tools/bin'
[12.703s] Level 1:colcon.colcon_core.environment:checking '/home/ny/FsRobo-A1/install/moveit_visual_tools/lib/pkgconfig/moveit_visual_tools.pc'
[12.703s] Level 1:colcon.colcon_core.environment:checking '/home/ny/FsRobo-A1/install/moveit_visual_tools/lib/python3.8/site-packages'
[12.704s] Level 1:colcon.colcon_core.environment:checking '/home/ny/FsRobo-A1/install/moveit_visual_tools/bin'
[12.705s] INFO:colcon.colcon_core.shell:Creating package descriptor '/home/ny/FsRobo-A1/install/moveit_visual_tools/share/moveit_visual_tools/package.dsv'
[12.707s] INFO:colcon.colcon_core.shell:Creating package script '/home/ny/FsRobo-A1/install/moveit_visual_tools/share/moveit_visual_tools/package.sh'
[12.710s] Level 1:colcon.colcon_core.environment:create_file_with_runtime_dependencies(/home/ny/FsRobo-A1/install/moveit_visual_tools/share/colcon-core/packages/moveit_visual_tools)
[12.711s] DEBUG:colcon.colcon_core.executor.sequential:run_until_complete 'moveit_visual_tools' finished with '0'
[12.712s] DEBUG:colcon.colcon_core.executor.sequential:run_until_complete 'moveit2_tutorials'
[12.712s] INFO:colcon.colcon_ros.task.ament_cmake.build:Building ROS package in '/home/ny/FsRobo-A1/src/moveit2_tutorials_src/src/moveit2_tutorials' with build type 'ament_cmake'
[12.713s] INFO:colcon.colcon_cmake.task.cmake.build:Building CMake package in '/home/ny/FsRobo-A1/src/moveit2_tutorials_src/src/moveit2_tutorials'
[12.714s] DEBUG:colcon.colcon_core.shell:Skip shell extension 'dsv' for command environment
[12.777s] DEBUG:colcon.colcon_core.event_handler.log_command:Invoking command in '/home/ny/FsRobo-A1/build/moveit2_tutorials': CMAKE_PREFIX_PATH=/home/ny/FsRobo-A1/install/moveit_visual_tools:/home/ny/FsRobo-A1/install/rviz_visual_tools:/home/ny/FsRobo-A1/install/moveit2_tutorials:/home/ny/FsRobo-A1/install/fsrobo_a1_msg_srv_4py:/home/ny/FsRobo-A1/install/py_pubsub:/home/ny/FsRobo-A1/install/my_package:/home/ny/FsRobo-A1/install/fsrobo_a1_serve_py:/home/ny/FsRobo-A1/install/fsrobo-a1:/opt/ros/foxy:/home/ny/FsRobo-A1/install/4dof /usr/bin/cmake --build /home/ny/FsRobo-A1/build/moveit2_tutorials -- -j16 -l16
[13.133s] DEBUG:colcon.colcon_core.event_handler.log_command:Invoked command in '/home/ny/FsRobo-A1/build/moveit2_tutorials' returned '0': CMAKE_PREFIX_PATH=/home/ny/FsRobo-A1/install/moveit_visual_tools:/home/ny/FsRobo-A1/install/rviz_visual_tools:/home/ny/FsRobo-A1/install/moveit2_tutorials:/home/ny/FsRobo-A1/install/fsrobo_a1_msg_srv_4py:/home/ny/FsRobo-A1/install/py_pubsub:/home/ny/FsRobo-A1/install/my_package:/home/ny/FsRobo-A1/install/fsrobo_a1_serve_py:/home/ny/FsRobo-A1/install/fsrobo-a1:/opt/ros/foxy:/home/ny/FsRobo-A1/install/4dof /usr/bin/cmake --build /home/ny/FsRobo-A1/build/moveit2_tutorials -- -j16 -l16
[13.285s] DEBUG:colcon.colcon_core.event_handler.log_command:Invoking command in '/home/ny/FsRobo-A1/build/moveit2_tutorials': CMAKE_PREFIX_PATH=/home/ny/FsRobo-A1/install/moveit_visual_tools:/home/ny/FsRobo-A1/install/rviz_visual_tools:/home/ny/FsRobo-A1/install/moveit2_tutorials:/home/ny/FsRobo-A1/install/fsrobo_a1_msg_srv_4py:/home/ny/FsRobo-A1/install/py_pubsub:/home/ny/FsRobo-A1/install/my_package:/home/ny/FsRobo-A1/install/fsrobo_a1_serve_py:/home/ny/FsRobo-A1/install/fsrobo-a1:/opt/ros/foxy:/home/ny/FsRobo-A1/install/4dof /usr/bin/cmake --install /home/ny/FsRobo-A1/build/moveit2_tutorials
[13.362s] Level 1:colcon.colcon_core.environment:create_environment_scripts_only(moveit2_tutorials)
[13.364s] Level 1:colcon.colcon_core.environment:checking '/home/ny/FsRobo-A1/install/moveit2_tutorials' for CMake module files
[13.366s] DEBUG:colcon.colcon_core.event_handler.log_command:Invoked command in '/home/ny/FsRobo-A1/build/moveit2_tutorials' returned '0': CMAKE_PREFIX_PATH=/home/ny/FsRobo-A1/install/moveit_visual_tools:/home/ny/FsRobo-A1/install/rviz_visual_tools:/home/ny/FsRobo-A1/install/moveit2_tutorials:/home/ny/FsRobo-A1/install/fsrobo_a1_msg_srv_4py:/home/ny/FsRobo-A1/install/py_pubsub:/home/ny/FsRobo-A1/install/my_package:/home/ny/FsRobo-A1/install/fsrobo_a1_serve_py:/home/ny/FsRobo-A1/install/fsrobo-a1:/opt/ros/foxy:/home/ny/FsRobo-A1/install/4dof /usr/bin/cmake --install /home/ny/FsRobo-A1/build/moveit2_tutorials
[13.368s] Level 1:colcon.colcon_core.environment:checking '/home/ny/FsRobo-A1/install/moveit2_tutorials' for CMake config files
[13.369s] Level 1:colcon.colcon_core.shell:create_environment_hook('moveit2_tutorials', 'cmake_prefix_path')
[13.369s] INFO:colcon.colcon_core.shell:Creating environment descriptor '/home/ny/FsRobo-A1/install/moveit2_tutorials/share/moveit2_tutorials/hook/cmake_prefix_path.dsv'
[13.372s] INFO:colcon.colcon_core.shell:Creating environment hook '/home/ny/FsRobo-A1/install/moveit2_tutorials/share/moveit2_tutorials/hook/cmake_prefix_path.sh'
[13.375s] Level 1:colcon.colcon_core.environment:checking '/home/ny/FsRobo-A1/install/moveit2_tutorials/lib'
[13.375s] Level 1:colcon.colcon_core.environment:checking '/home/ny/FsRobo-A1/install/moveit2_tutorials/bin'
[13.375s] Level 1:colcon.colcon_core.environment:checking '/home/ny/FsRobo-A1/install/moveit2_tutorials/lib/pkgconfig/moveit2_tutorials.pc'
[13.376s] Level 1:colcon.colcon_core.environment:checking '/home/ny/FsRobo-A1/install/moveit2_tutorials/lib/python3.8/site-packages'
[13.377s] Level 1:colcon.colcon_core.environment:checking '/home/ny/FsRobo-A1/install/moveit2_tutorials/bin'
[13.377s] INFO:colcon.colcon_core.shell:Creating package descriptor '/home/ny/FsRobo-A1/install/moveit2_tutorials/share/moveit2_tutorials/package.dsv'
[13.379s] INFO:colcon.colcon_core.shell:Creating package script '/home/ny/FsRobo-A1/install/moveit2_tutorials/share/moveit2_tutorials/package.sh'
[13.381s] Level 1:colcon.colcon_core.environment:create_file_with_runtime_dependencies(/home/ny/FsRobo-A1/install/moveit2_tutorials/share/colcon-core/packages/moveit2_tutorials)
[13.531s] Level 1:colcon.colcon_core.environment:create_environment_scripts_only(moveit2_tutorials)
[13.532s] Level 1:colcon.colcon_core.environment:checking '/home/ny/FsRobo-A1/install/moveit2_tutorials' for CMake module files
[13.537s] Level 1:colcon.colcon_core.environment:checking '/home/ny/FsRobo-A1/install/moveit2_tutorials' for CMake config files
[13.538s] Level 1:colcon.colcon_core.shell:create_environment_hook('moveit2_tutorials', 'cmake_prefix_path')
[13.539s] INFO:colcon.colcon_core.shell:Creating environment descriptor '/home/ny/FsRobo-A1/install/moveit2_tutorials/share/moveit2_tutorials/hook/cmake_prefix_path.dsv'
[13.541s] INFO:colcon.colcon_core.shell:Creating environment hook '/home/ny/FsRobo-A1/install/moveit2_tutorials/share/moveit2_tutorials/hook/cmake_prefix_path.sh'
[13.543s] Level 1:colcon.colcon_core.environment:checking '/home/ny/FsRobo-A1/install/moveit2_tutorials/lib'
[13.544s] Level 1:colcon.colcon_core.environment:checking '/home/ny/FsRobo-A1/install/moveit2_tutorials/bin'
[13.544s] Level 1:colcon.colcon_core.environment:checking '/home/ny/FsRobo-A1/install/moveit2_tutorials/lib/pkgconfig/moveit2_tutorials.pc'
[13.545s] Level 1:colcon.colcon_core.environment:checking '/home/ny/FsRobo-A1/install/moveit2_tutorials/lib/python3.8/site-packages'
[13.546s] Level 1:colcon.colcon_core.environment:checking '/home/ny/FsRobo-A1/install/moveit2_tutorials/bin'
[13.546s] INFO:colcon.colcon_core.shell:Creating package descriptor '/home/ny/FsRobo-A1/install/moveit2_tutorials/share/moveit2_tutorials/package.dsv'
[13.548s] INFO:colcon.colcon_core.shell:Creating package script '/home/ny/FsRobo-A1/install/moveit2_tutorials/share/moveit2_tutorials/package.sh'
[13.550s] Level 1:colcon.colcon_core.environment:create_file_with_runtime_dependencies(/home/ny/FsRobo-A1/install/moveit2_tutorials/share/colcon-core/packages/moveit2_tutorials)
[13.552s] DEBUG:colcon.colcon_core.executor.sequential:run_until_complete 'moveit2_tutorials' finished with '0'
[13.552s] DEBUG:colcon.colcon_core.executor.sequential:closing loop
[13.554s] DEBUG:colcon.colcon_core.executor.sequential:loop closed
[13.554s] DEBUG:colcon.colcon_core.event_reactor:joining thread
[13.558s] DEBUG:colcon.colcon_core.event_reactor:joined thread
[13.559s] INFO:colcon.colcon_core.shell:Creating prefix script '/home/ny/FsRobo-A1/install/local_setup.sh'
[13.561s] INFO:colcon.colcon_core.shell:Creating prefix util module '/home/ny/FsRobo-A1/install/_local_setup_util_sh.py'
[13.565s] INFO:colcon.colcon_core.shell:Creating prefix chain script '/home/ny/FsRobo-A1/install/setup.sh'
