/home/ny/FsRobo-A1/install/fsrobo_a1_serve_py/lib/python3.8/site-packages/fsrobo_a1_serve_py/__init__.py
/home/ny/FsRobo-A1/install/fsrobo_a1_serve_py/lib/python3.8/site-packages/fsrobo_a1_serve_py/fsrobo_a1_leader.py
/home/ny/FsRobo-A1/install/fsrobo_a1_serve_py/lib/python3.8/site-packages/fsrobo_a1_serve_py/fsrobo_a1_follower.py
/home/ny/FsRobo-A1/install/fsrobo_a1_serve_py/lib/python3.8/site-packages/fsrobo_a1_serve_py/fsrobo_a1_driver.py
/home/ny/FsRobo-A1/install/fsrobo_a1_serve_py/lib/python3.8/site-packages/fsrobo_a1_serve_py/uservo.py
/home/ny/FsRobo-A1/install/fsrobo_a1_serve_py/lib/python3.8/site-packages/fsrobo_a1_serve_py/__pycache__/__init__.cpython-38.pyc
/home/ny/FsRobo-A1/install/fsrobo_a1_serve_py/lib/python3.8/site-packages/fsrobo_a1_serve_py/__pycache__/fsrobo_a1_leader.cpython-38.pyc
/home/ny/FsRobo-A1/install/fsrobo_a1_serve_py/lib/python3.8/site-packages/fsrobo_a1_serve_py/__pycache__/fsrobo_a1_follower.cpython-38.pyc
/home/ny/FsRobo-A1/install/fsrobo_a1_serve_py/lib/python3.8/site-packages/fsrobo_a1_serve_py/__pycache__/fsrobo_a1_driver.cpython-38.pyc
/home/ny/FsRobo-A1/install/fsrobo_a1_serve_py/lib/python3.8/site-packages/fsrobo_a1_serve_py/__pycache__/uservo.cpython-38.pyc
/home/ny/FsRobo-A1/install/fsrobo_a1_serve_py/share/ament_index/resource_index/packages/fsrobo_a1_serve_py
/home/ny/FsRobo-A1/install/fsrobo_a1_serve_py/share/fsrobo_a1_serve_py/package.xml
/home/ny/FsRobo-A1/install/fsrobo_a1_serve_py/lib/python3.8/site-packages/fsrobo_a1_serve_py-0.0.0-py3.8.egg-info/top_level.txt
/home/ny/FsRobo-A1/install/fsrobo_a1_serve_py/lib/python3.8/site-packages/fsrobo_a1_serve_py-0.0.0-py3.8.egg-info/PKG-INFO
/home/ny/FsRobo-A1/install/fsrobo_a1_serve_py/lib/python3.8/site-packages/fsrobo_a1_serve_py-0.0.0-py3.8.egg-info/zip-safe
/home/ny/FsRobo-A1/install/fsrobo_a1_serve_py/lib/python3.8/site-packages/fsrobo_a1_serve_py-0.0.0-py3.8.egg-info/SOURCES.txt
/home/ny/FsRobo-A1/install/fsrobo_a1_serve_py/lib/python3.8/site-packages/fsrobo_a1_serve_py-0.0.0-py3.8.egg-info/entry_points.txt
/home/ny/FsRobo-A1/install/fsrobo_a1_serve_py/lib/python3.8/site-packages/fsrobo_a1_serve_py-0.0.0-py3.8.egg-info/dependency_links.txt
/home/ny/FsRobo-A1/install/fsrobo_a1_serve_py/lib/python3.8/site-packages/fsrobo_a1_serve_py-0.0.0-py3.8.egg-info/requires.txt
/home/ny/FsRobo-A1/install/fsrobo_a1_serve_py/lib/fsrobo_a1_serve_py/driver
/home/ny/FsRobo-A1/install/fsrobo_a1_serve_py/lib/fsrobo_a1_serve_py/follower
/home/ny/FsRobo-A1/install/fsrobo_a1_serve_py/lib/fsrobo_a1_serve_py/leader
