[0.408s] DEBUG:colcon:Command line arguments: ['/usr/bin/colcon', 'build']
[0.408s] DEBUG:colcon:Parsed command line arguments: Namespace(ament_cmake_args=None, base_paths=['.'], build_base='build', catkin_cmake_args=None, catkin_skip_building_tests=False, cmake_args=None, cmake_clean_cache=False, cmake_clean_first=False, cmake_force_configure=False, cmake_target=None, cmake_target_skip_unavailable=False, continue_on_error=False, event_handlers=None, executor='sequential', install_base='install', log_base=None, log_level=None, main=<bound method BuildVerb.main of <colcon_core.verb.build.BuildVerb object at 0x7f3bb0687490>>, merge_install=False, paths=None, symlink_install=False, test_result_base=None, verb_extension=<colcon_core.verb.build.BuildVerb object at 0x7f3bb0687490>, verb_name='build', verb_parser=<colcon_argcomplete.argument_parser.argcomplete.ArgcompleteDecorator object at 0x7f3bb06267f0>)
[0.821s] Level 1:colcon.colcon_core.package_discovery:discover_packages(recursive) check parameters
[0.822s] Level 1:colcon.colcon_core.package_discovery:discover_packages(path) check parameters
[0.822s] Level 1:colcon.colcon_core.package_discovery:discover_packages(recursive) discover
[0.822s] INFO:colcon.colcon_core.package_discovery:Crawling recursively for packages in '/home/ny/FsRobo-A1'
[0.822s] Level 1:colcon.colcon_core.package_identification:_identify(.) by extensions ['ignore', 'ignore_ament_install']
[0.823s] Level 1:colcon.colcon_core.package_identification:_identify(.) by extension 'ignore'
[0.823s] Level 1:colcon.colcon_core.package_identification:_identify(.) by extension 'ignore_ament_install'
[0.823s] Level 1:colcon.colcon_core.package_identification:_identify(.) by extensions ['ros']
[0.823s] Level 1:colcon.colcon_core.package_identification:_identify(.) by extension 'ros'
[0.850s] Level 1:colcon.colcon_core.package_identification:_identify(.) by extensions ['cmake', 'python']
[0.850s] Level 1:colcon.colcon_core.package_identification:_identify(.) by extension 'cmake'
[0.850s] Level 1:colcon.colcon_core.package_identification:_identify(.) by extension 'python'
[0.851s] Level 1:colcon.colcon_core.package_identification:_identify(.) by extensions ['python_setup_py']
[0.851s] Level 1:colcon.colcon_core.package_identification:_identify(.) by extension 'python_setup_py'
[0.851s] Level 1:colcon.colcon_core.package_identification:_identify(build) by extensions ['ignore', 'ignore_ament_install']
[0.851s] Level 1:colcon.colcon_core.package_identification:_identify(build) by extension 'ignore'
[0.851s] Level 1:colcon.colcon_core.package_identification:_identify(build) ignored
[0.852s] Level 1:colcon.colcon_core.package_identification:_identify(install) by extensions ['ignore', 'ignore_ament_install']
[0.852s] Level 1:colcon.colcon_core.package_identification:_identify(install) by extension 'ignore'
[0.852s] Level 1:colcon.colcon_core.package_identification:_identify(install) ignored
[0.853s] Level 1:colcon.colcon_core.package_identification:_identify(log) by extensions ['ignore', 'ignore_ament_install']
[0.853s] Level 1:colcon.colcon_core.package_identification:_identify(log) by extension 'ignore'
[0.853s] Level 1:colcon.colcon_core.package_identification:_identify(log) ignored
[0.853s] Level 1:colcon.colcon_core.package_identification:_identify(src) by extensions ['ignore', 'ignore_ament_install']
[0.854s] Level 1:colcon.colcon_core.package_identification:_identify(src) by extension 'ignore'
[0.854s] Level 1:colcon.colcon_core.package_identification:_identify(src) by extension 'ignore_ament_install'
[0.854s] Level 1:colcon.colcon_core.package_identification:_identify(src) by extensions ['ros']
[0.854s] Level 1:colcon.colcon_core.package_identification:_identify(src) by extension 'ros'
[0.854s] Level 1:colcon.colcon_core.package_identification:_identify(src) by extensions ['cmake', 'python']
[0.854s] Level 1:colcon.colcon_core.package_identification:_identify(src) by extension 'cmake'
[0.855s] Level 1:colcon.colcon_core.package_identification:_identify(src) by extension 'python'
[0.855s] Level 1:colcon.colcon_core.package_identification:_identify(src) by extensions ['python_setup_py']
[0.855s] Level 1:colcon.colcon_core.package_identification:_identify(src) by extension 'python_setup_py'
[0.855s] Level 1:colcon.colcon_core.package_identification:_identify(src/4dof) by extensions ['ignore', 'ignore_ament_install']
[0.855s] Level 1:colcon.colcon_core.package_identification:_identify(src/4dof) by extension 'ignore'
[0.856s] Level 1:colcon.colcon_core.package_identification:_identify(src/4dof) by extension 'ignore_ament_install'
[0.856s] Level 1:colcon.colcon_core.package_identification:_identify(src/4dof) by extensions ['ros']
[0.856s] Level 1:colcon.colcon_core.package_identification:_identify(src/4dof) by extension 'ros'
[0.862s] DEBUG:colcon.colcon_core.package_identification:Package 'src/4dof' with type 'ros.ament_cmake' and name '4dof'
[0.863s] Level 1:colcon.colcon_core.package_identification:_identify(src/fsrobo_a1_msg_srv_4py) by extensions ['ignore', 'ignore_ament_install']
[0.863s] Level 1:colcon.colcon_core.package_identification:_identify(src/fsrobo_a1_msg_srv_4py) by extension 'ignore'
[0.863s] Level 1:colcon.colcon_core.package_identification:_identify(src/fsrobo_a1_msg_srv_4py) by extension 'ignore_ament_install'
[0.863s] Level 1:colcon.colcon_core.package_identification:_identify(src/fsrobo_a1_msg_srv_4py) by extensions ['ros']
[0.863s] Level 1:colcon.colcon_core.package_identification:_identify(src/fsrobo_a1_msg_srv_4py) by extension 'ros'
[0.865s] DEBUG:colcon.colcon_core.package_identification:Package 'src/fsrobo_a1_msg_srv_4py' with type 'ros.ament_cmake' and name 'fsrobo_a1_msg_srv_4py'
[0.865s] Level 1:colcon.colcon_core.package_identification:_identify(src/my_package) by extensions ['ignore', 'ignore_ament_install']
[0.866s] Level 1:colcon.colcon_core.package_identification:_identify(src/my_package) by extension 'ignore'
[0.866s] Level 1:colcon.colcon_core.package_identification:_identify(src/my_package) by extension 'ignore_ament_install'
[0.866s] Level 1:colcon.colcon_core.package_identification:_identify(src/my_package) by extensions ['ros']
[0.866s] Level 1:colcon.colcon_core.package_identification:_identify(src/my_package) by extension 'ros'
[0.867s] DEBUG:colcon.colcon_core.package_identification:Package 'src/my_package' with type 'ros.ament_python' and name 'my_package'
[0.868s] Level 1:colcon.colcon_core.package_identification:_identify(src/py_pubsub) by extensions ['ignore', 'ignore_ament_install']
[0.868s] Level 1:colcon.colcon_core.package_identification:_identify(src/py_pubsub) by extension 'ignore'
[0.868s] Level 1:colcon.colcon_core.package_identification:_identify(src/py_pubsub) by extension 'ignore_ament_install'
[0.868s] Level 1:colcon.colcon_core.package_identification:_identify(src/py_pubsub) by extensions ['ros']
[0.868s] Level 1:colcon.colcon_core.package_identification:_identify(src/py_pubsub) by extension 'ros'
[0.870s] DEBUG:colcon.colcon_core.package_identification:Package 'src/py_pubsub' with type 'ros.ament_python' and name 'py_pubsub'
[0.870s] Level 1:colcon.colcon_core.package_discovery:discover_packages(recursive) using defaults
[0.870s] Level 1:colcon.colcon_core.package_discovery:discover_packages(path) discover
[0.870s] Level 1:colcon.colcon_core.package_discovery:discover_packages(path) using defaults
[0.923s] Level 5:colcon.colcon_core.verb:set package '4dof' build argument 'cmake_args' from command line to 'None'
[0.924s] Level 5:colcon.colcon_core.verb:set package '4dof' build argument 'cmake_target' from command line to 'None'
[0.924s] Level 5:colcon.colcon_core.verb:set package '4dof' build argument 'cmake_target_skip_unavailable' from command line to 'False'
[0.924s] Level 5:colcon.colcon_core.verb:set package '4dof' build argument 'cmake_clean_cache' from command line to 'False'
[0.924s] Level 5:colcon.colcon_core.verb:set package '4dof' build argument 'cmake_clean_first' from command line to 'False'
[0.924s] Level 5:colcon.colcon_core.verb:set package '4dof' build argument 'cmake_force_configure' from command line to 'False'
[0.925s] Level 5:colcon.colcon_core.verb:set package '4dof' build argument 'ament_cmake_args' from command line to 'None'
[0.925s] Level 5:colcon.colcon_core.verb:set package '4dof' build argument 'catkin_cmake_args' from command line to 'None'
[0.925s] Level 5:colcon.colcon_core.verb:set package '4dof' build argument 'catkin_skip_building_tests' from command line to 'False'
[0.925s] DEBUG:colcon.colcon_core.verb:Building package '4dof' with the following arguments: {'ament_cmake_args': None, 'build_base': '/home/ny/FsRobo-A1/build/4dof', 'catkin_cmake_args': None, 'catkin_skip_building_tests': False, 'cmake_args': None, 'cmake_clean_cache': False, 'cmake_clean_first': False, 'cmake_force_configure': False, 'cmake_target': None, 'cmake_target_skip_unavailable': False, 'install_base': '/home/ny/FsRobo-A1/install/4dof', 'merge_install': False, 'path': '/home/ny/FsRobo-A1/src/4dof', 'symlink_install': False, 'test_result_base': None}
[0.926s] Level 5:colcon.colcon_core.verb:set package 'fsrobo_a1_msg_srv_4py' build argument 'cmake_args' from command line to 'None'
[0.927s] Level 5:colcon.colcon_core.verb:set package 'fsrobo_a1_msg_srv_4py' build argument 'cmake_target' from command line to 'None'
[0.927s] Level 5:colcon.colcon_core.verb:set package 'fsrobo_a1_msg_srv_4py' build argument 'cmake_target_skip_unavailable' from command line to 'False'
[0.927s] Level 5:colcon.colcon_core.verb:set package 'fsrobo_a1_msg_srv_4py' build argument 'cmake_clean_cache' from command line to 'False'
[0.927s] Level 5:colcon.colcon_core.verb:set package 'fsrobo_a1_msg_srv_4py' build argument 'cmake_clean_first' from command line to 'False'
[0.927s] Level 5:colcon.colcon_core.verb:set package 'fsrobo_a1_msg_srv_4py' build argument 'cmake_force_configure' from command line to 'False'
[0.927s] Level 5:colcon.colcon_core.verb:set package 'fsrobo_a1_msg_srv_4py' build argument 'ament_cmake_args' from command line to 'None'
[0.928s] Level 5:colcon.colcon_core.verb:set package 'fsrobo_a1_msg_srv_4py' build argument 'catkin_cmake_args' from command line to 'None'
[0.928s] Level 5:colcon.colcon_core.verb:set package 'fsrobo_a1_msg_srv_4py' build argument 'catkin_skip_building_tests' from command line to 'False'
[0.928s] DEBUG:colcon.colcon_core.verb:Building package 'fsrobo_a1_msg_srv_4py' with the following arguments: {'ament_cmake_args': None, 'build_base': '/home/ny/FsRobo-A1/build/fsrobo_a1_msg_srv_4py', 'catkin_cmake_args': None, 'catkin_skip_building_tests': False, 'cmake_args': None, 'cmake_clean_cache': False, 'cmake_clean_first': False, 'cmake_force_configure': False, 'cmake_target': None, 'cmake_target_skip_unavailable': False, 'install_base': '/home/ny/FsRobo-A1/install/fsrobo_a1_msg_srv_4py', 'merge_install': False, 'path': '/home/ny/FsRobo-A1/src/fsrobo_a1_msg_srv_4py', 'symlink_install': False, 'test_result_base': None}
[0.929s] Level 5:colcon.colcon_core.verb:set package 'my_package' build argument 'cmake_args' from command line to 'None'
[0.929s] Level 5:colcon.colcon_core.verb:set package 'my_package' build argument 'cmake_target' from command line to 'None'
[0.930s] Level 5:colcon.colcon_core.verb:set package 'my_package' build argument 'cmake_target_skip_unavailable' from command line to 'False'
[0.930s] Level 5:colcon.colcon_core.verb:set package 'my_package' build argument 'cmake_clean_cache' from command line to 'False'
[0.930s] Level 5:colcon.colcon_core.verb:set package 'my_package' build argument 'cmake_clean_first' from command line to 'False'
[0.930s] Level 5:colcon.colcon_core.verb:set package 'my_package' build argument 'cmake_force_configure' from command line to 'False'
[0.930s] Level 5:colcon.colcon_core.verb:set package 'my_package' build argument 'ament_cmake_args' from command line to 'None'
[0.930s] Level 5:colcon.colcon_core.verb:set package 'my_package' build argument 'catkin_cmake_args' from command line to 'None'
[0.930s] Level 5:colcon.colcon_core.verb:set package 'my_package' build argument 'catkin_skip_building_tests' from command line to 'False'
[0.931s] DEBUG:colcon.colcon_core.verb:Building package 'my_package' with the following arguments: {'ament_cmake_args': None, 'build_base': '/home/ny/FsRobo-A1/build/my_package', 'catkin_cmake_args': None, 'catkin_skip_building_tests': False, 'cmake_args': None, 'cmake_clean_cache': False, 'cmake_clean_first': False, 'cmake_force_configure': False, 'cmake_target': None, 'cmake_target_skip_unavailable': False, 'install_base': '/home/ny/FsRobo-A1/install/my_package', 'merge_install': False, 'path': '/home/ny/FsRobo-A1/src/my_package', 'symlink_install': False, 'test_result_base': None}
[0.932s] Level 5:colcon.colcon_core.verb:set package 'py_pubsub' build argument 'cmake_args' from command line to 'None'
[0.932s] Level 5:colcon.colcon_core.verb:set package 'py_pubsub' build argument 'cmake_target' from command line to 'None'
[0.932s] Level 5:colcon.colcon_core.verb:set package 'py_pubsub' build argument 'cmake_target_skip_unavailable' from command line to 'False'
[0.932s] Level 5:colcon.colcon_core.verb:set package 'py_pubsub' build argument 'cmake_clean_cache' from command line to 'False'
[0.932s] Level 5:colcon.colcon_core.verb:set package 'py_pubsub' build argument 'cmake_clean_first' from command line to 'False'
[0.932s] Level 5:colcon.colcon_core.verb:set package 'py_pubsub' build argument 'cmake_force_configure' from command line to 'False'
[0.932s] Level 5:colcon.colcon_core.verb:set package 'py_pubsub' build argument 'ament_cmake_args' from command line to 'None'
[0.933s] Level 5:colcon.colcon_core.verb:set package 'py_pubsub' build argument 'catkin_cmake_args' from command line to 'None'
[0.933s] Level 5:colcon.colcon_core.verb:set package 'py_pubsub' build argument 'catkin_skip_building_tests' from command line to 'False'
[0.933s] DEBUG:colcon.colcon_core.verb:Building package 'py_pubsub' with the following arguments: {'ament_cmake_args': None, 'build_base': '/home/ny/FsRobo-A1/build/py_pubsub', 'catkin_cmake_args': None, 'catkin_skip_building_tests': False, 'cmake_args': None, 'cmake_clean_cache': False, 'cmake_clean_first': False, 'cmake_force_configure': False, 'cmake_target': None, 'cmake_target_skip_unavailable': False, 'install_base': '/home/ny/FsRobo-A1/install/py_pubsub', 'merge_install': False, 'path': '/home/ny/FsRobo-A1/src/py_pubsub', 'symlink_install': False, 'test_result_base': None}
[0.934s] INFO:colcon.colcon_core.executor:Executing jobs using 'sequential' executor
[0.937s] DEBUG:colcon.colcon_core.executor.sequential:run_until_complete '4dof'
[0.938s] INFO:colcon.colcon_ros.task.ament_cmake.build:Building ROS package in '/home/ny/FsRobo-A1/src/4dof' with build type 'ament_cmake'
[0.939s] INFO:colcon.colcon_cmake.task.cmake.build:Building CMake package in '/home/ny/FsRobo-A1/src/4dof'
[0.942s] INFO:colcon.colcon_core.plugin_system:Skipping extension 'colcon_core.shell.bat': Not used on non-Windows systems
[0.942s] DEBUG:colcon.colcon_core.shell:Skip shell extension 'dsv' for command environment
[0.980s] DEBUG:colcon.colcon_core.event_handler.log_command:Invoking command in '/home/ny/FsRobo-A1/build/4dof': CMAKE_PREFIX_PATH=${CMAKE_PREFIX_PATH}:/home/ny/FsRobo-A1/install/py_pubsub:/home/ny/FsRobo-A1/install/my_package:/home/ny/FsRobo-A1/install/fsrobo-a1:/opt/ros/foxy /usr/bin/cmake /home/ny/FsRobo-A1/src/4dof -DCMAKE_INSTALL_PREFIX=/home/ny/FsRobo-A1/install/4dof
[1.835s] DEBUG:colcon.colcon_core.event_handler.log_command:Invoked command in '/home/ny/FsRobo-A1/build/4dof' returned '0': CMAKE_PREFIX_PATH=${CMAKE_PREFIX_PATH}:/home/ny/FsRobo-A1/install/py_pubsub:/home/ny/FsRobo-A1/install/my_package:/home/ny/FsRobo-A1/install/fsrobo-a1:/opt/ros/foxy /usr/bin/cmake /home/ny/FsRobo-A1/src/4dof -DCMAKE_INSTALL_PREFIX=/home/ny/FsRobo-A1/install/4dof
[1.837s] DEBUG:colcon.colcon_core.event_handler.log_command:Invoking command in '/home/ny/FsRobo-A1/build/4dof': CMAKE_PREFIX_PATH=${CMAKE_PREFIX_PATH}:/home/ny/FsRobo-A1/install/py_pubsub:/home/ny/FsRobo-A1/install/my_package:/home/ny/FsRobo-A1/install/fsrobo-a1:/opt/ros/foxy /usr/bin/cmake --build /home/ny/FsRobo-A1/build/4dof -- -j16 -l16
[1.968s] DEBUG:colcon.colcon_core.event_handler.log_command:Invoked command in '/home/ny/FsRobo-A1/build/4dof' returned '0': CMAKE_PREFIX_PATH=${CMAKE_PREFIX_PATH}:/home/ny/FsRobo-A1/install/py_pubsub:/home/ny/FsRobo-A1/install/my_package:/home/ny/FsRobo-A1/install/fsrobo-a1:/opt/ros/foxy /usr/bin/cmake --build /home/ny/FsRobo-A1/build/4dof -- -j16 -l16
[2.096s] DEBUG:colcon.colcon_core.event_handler.log_command:Invoking command in '/home/ny/FsRobo-A1/build/4dof': CMAKE_PREFIX_PATH=${CMAKE_PREFIX_PATH}:/home/ny/FsRobo-A1/install/py_pubsub:/home/ny/FsRobo-A1/install/my_package:/home/ny/FsRobo-A1/install/fsrobo-a1:/opt/ros/foxy /usr/bin/cmake --install /home/ny/FsRobo-A1/build/4dof
[2.172s] Level 1:colcon.colcon_core.environment:create_environment_scripts_only(4dof)
[2.175s] DEBUG:colcon.colcon_core.event_handler.log_command:Invoked command in '/home/ny/FsRobo-A1/build/4dof' returned '0': CMAKE_PREFIX_PATH=${CMAKE_PREFIX_PATH}:/home/ny/FsRobo-A1/install/py_pubsub:/home/ny/FsRobo-A1/install/my_package:/home/ny/FsRobo-A1/install/fsrobo-a1:/opt/ros/foxy /usr/bin/cmake --install /home/ny/FsRobo-A1/build/4dof
[2.183s] Level 1:colcon.colcon_core.environment:checking '/home/ny/FsRobo-A1/install/4dof' for CMake module files
[2.186s] Level 1:colcon.colcon_core.environment:checking '/home/ny/FsRobo-A1/install/4dof' for CMake config files
[2.187s] Level 1:colcon.colcon_core.shell:create_environment_hook('4dof', 'cmake_prefix_path')
[2.188s] INFO:colcon.colcon_core.shell:Creating environment descriptor '/home/ny/FsRobo-A1/install/4dof/share/4dof/hook/cmake_prefix_path.dsv'
[2.191s] INFO:colcon.colcon_core.shell:Creating environment hook '/home/ny/FsRobo-A1/install/4dof/share/4dof/hook/cmake_prefix_path.sh'
[2.194s] Level 1:colcon.colcon_core.environment:checking '/home/ny/FsRobo-A1/install/4dof/bin'
[2.195s] Level 1:colcon.colcon_core.environment:checking '/home/ny/FsRobo-A1/install/4dof/lib/pkgconfig/4dof.pc'
[2.198s] Level 1:colcon.colcon_core.environment:checking '/home/ny/FsRobo-A1/install/4dof/lib/python3.8/site-packages'
[2.198s] Level 1:colcon.colcon_core.environment:checking '/home/ny/FsRobo-A1/install/4dof/bin'
[2.199s] INFO:colcon.colcon_core.shell:Creating package descriptor '/home/ny/FsRobo-A1/install/4dof/share/4dof/package.dsv'
[2.205s] INFO:colcon.colcon_core.shell:Creating package script '/home/ny/FsRobo-A1/install/4dof/share/4dof/package.sh'
[2.212s] Level 1:colcon.colcon_core.environment:create_file_with_runtime_dependencies(/home/ny/FsRobo-A1/install/4dof/share/colcon-core/packages/4dof)
[2.324s] Level 1:colcon.colcon_core.environment:create_environment_scripts_only(4dof)
[2.325s] Level 1:colcon.colcon_core.environment:checking '/home/ny/FsRobo-A1/install/4dof' for CMake module files
[2.328s] Level 1:colcon.colcon_core.environment:checking '/home/ny/FsRobo-A1/install/4dof' for CMake config files
[2.330s] Level 1:colcon.colcon_core.shell:create_environment_hook('4dof', 'cmake_prefix_path')
[2.331s] INFO:colcon.colcon_core.shell:Creating environment descriptor '/home/ny/FsRobo-A1/install/4dof/share/4dof/hook/cmake_prefix_path.dsv'
[2.333s] INFO:colcon.colcon_core.shell:Creating environment hook '/home/ny/FsRobo-A1/install/4dof/share/4dof/hook/cmake_prefix_path.sh'
[2.336s] Level 1:colcon.colcon_core.environment:checking '/home/ny/FsRobo-A1/install/4dof/bin'
[2.336s] Level 1:colcon.colcon_core.environment:checking '/home/ny/FsRobo-A1/install/4dof/lib/pkgconfig/4dof.pc'
[2.337s] Level 1:colcon.colcon_core.environment:checking '/home/ny/FsRobo-A1/install/4dof/lib/python3.8/site-packages'
[2.338s] Level 1:colcon.colcon_core.environment:checking '/home/ny/FsRobo-A1/install/4dof/bin'
[2.338s] INFO:colcon.colcon_core.shell:Creating package descriptor '/home/ny/FsRobo-A1/install/4dof/share/4dof/package.dsv'
[2.340s] INFO:colcon.colcon_core.shell:Creating package script '/home/ny/FsRobo-A1/install/4dof/share/4dof/package.sh'
[2.343s] Level 1:colcon.colcon_core.environment:create_file_with_runtime_dependencies(/home/ny/FsRobo-A1/install/4dof/share/colcon-core/packages/4dof)
[2.344s] DEBUG:colcon.colcon_core.executor.sequential:run_until_complete '4dof' finished with '0'
[2.347s] DEBUG:colcon.colcon_core.executor.sequential:run_until_complete 'fsrobo_a1_msg_srv_4py'
[2.348s] INFO:colcon.colcon_ros.task.ament_cmake.build:Building ROS package in '/home/ny/FsRobo-A1/src/fsrobo_a1_msg_srv_4py' with build type 'ament_cmake'
[2.348s] INFO:colcon.colcon_cmake.task.cmake.build:Building CMake package in '/home/ny/FsRobo-A1/src/fsrobo_a1_msg_srv_4py'
[2.349s] DEBUG:colcon.colcon_core.shell:Skip shell extension 'dsv' for command environment
[2.390s] DEBUG:colcon.colcon_core.event_handler.log_command:Invoking command in '/home/ny/FsRobo-A1/build/fsrobo_a1_msg_srv_4py': CMAKE_PREFIX_PATH=${CMAKE_PREFIX_PATH}:/home/ny/FsRobo-A1/install/py_pubsub:/home/ny/FsRobo-A1/install/my_package:/home/ny/FsRobo-A1/install/fsrobo-a1:/opt/ros/foxy /usr/bin/cmake --build /home/ny/FsRobo-A1/build/fsrobo_a1_msg_srv_4py -- -j16 -l16
[3.151s] DEBUG:colcon.colcon_core.event_handler.log_command:Invoked command in '/home/ny/FsRobo-A1/build/fsrobo_a1_msg_srv_4py' returned '0': CMAKE_PREFIX_PATH=${CMAKE_PREFIX_PATH}:/home/ny/FsRobo-A1/install/py_pubsub:/home/ny/FsRobo-A1/install/my_package:/home/ny/FsRobo-A1/install/fsrobo-a1:/opt/ros/foxy /usr/bin/cmake --build /home/ny/FsRobo-A1/build/fsrobo_a1_msg_srv_4py -- -j16 -l16
[3.674s] DEBUG:colcon.colcon_core.event_handler.log_command:Invoking command in '/home/ny/FsRobo-A1/build/fsrobo_a1_msg_srv_4py': CMAKE_PREFIX_PATH=${CMAKE_PREFIX_PATH}:/home/ny/FsRobo-A1/install/py_pubsub:/home/ny/FsRobo-A1/install/my_package:/home/ny/FsRobo-A1/install/fsrobo-a1:/opt/ros/foxy /usr/bin/cmake --install /home/ny/FsRobo-A1/build/fsrobo_a1_msg_srv_4py
[3.883s] Level 1:colcon.colcon_core.environment:create_environment_scripts_only(fsrobo_a1_msg_srv_4py)
[3.884s] Level 1:colcon.colcon_core.environment:checking '/home/ny/FsRobo-A1/install/fsrobo_a1_msg_srv_4py' for CMake module files
[3.886s] DEBUG:colcon.colcon_core.event_handler.log_command:Invoked command in '/home/ny/FsRobo-A1/build/fsrobo_a1_msg_srv_4py' returned '0': CMAKE_PREFIX_PATH=${CMAKE_PREFIX_PATH}:/home/ny/FsRobo-A1/install/py_pubsub:/home/ny/FsRobo-A1/install/my_package:/home/ny/FsRobo-A1/install/fsrobo-a1:/opt/ros/foxy /usr/bin/cmake --install /home/ny/FsRobo-A1/build/fsrobo_a1_msg_srv_4py
[3.890s] Level 1:colcon.colcon_core.environment:checking '/home/ny/FsRobo-A1/install/fsrobo_a1_msg_srv_4py' for CMake config files
[3.892s] Level 1:colcon.colcon_core.shell:create_environment_hook('fsrobo_a1_msg_srv_4py', 'cmake_prefix_path')
[3.893s] INFO:colcon.colcon_core.shell:Creating environment descriptor '/home/ny/FsRobo-A1/install/fsrobo_a1_msg_srv_4py/share/fsrobo_a1_msg_srv_4py/hook/cmake_prefix_path.dsv'
[3.896s] INFO:colcon.colcon_core.shell:Creating environment hook '/home/ny/FsRobo-A1/install/fsrobo_a1_msg_srv_4py/share/fsrobo_a1_msg_srv_4py/hook/cmake_prefix_path.sh'
[3.900s] Level 1:colcon.colcon_core.environment:checking '/home/ny/FsRobo-A1/install/fsrobo_a1_msg_srv_4py/lib'
[3.901s] Level 1:colcon.colcon_core.shell:create_environment_hook('fsrobo_a1_msg_srv_4py', 'ld_library_path_lib')
[3.902s] INFO:colcon.colcon_core.shell:Creating environment descriptor '/home/ny/FsRobo-A1/install/fsrobo_a1_msg_srv_4py/share/fsrobo_a1_msg_srv_4py/hook/ld_library_path_lib.dsv'
[3.903s] INFO:colcon.colcon_core.shell:Creating environment hook '/home/ny/FsRobo-A1/install/fsrobo_a1_msg_srv_4py/share/fsrobo_a1_msg_srv_4py/hook/ld_library_path_lib.sh'
[3.905s] Level 1:colcon.colcon_core.environment:checking '/home/ny/FsRobo-A1/install/fsrobo_a1_msg_srv_4py/bin'
[3.906s] Level 1:colcon.colcon_core.environment:checking '/home/ny/FsRobo-A1/install/fsrobo_a1_msg_srv_4py/lib/pkgconfig/fsrobo_a1_msg_srv_4py.pc'
[3.907s] Level 1:colcon.colcon_core.environment:checking '/home/ny/FsRobo-A1/install/fsrobo_a1_msg_srv_4py/lib/python3.8/site-packages'
[3.907s] Level 1:colcon.colcon_core.shell:create_environment_hook('fsrobo_a1_msg_srv_4py', 'pythonpath')
[3.907s] INFO:colcon.colcon_core.shell:Creating environment descriptor '/home/ny/FsRobo-A1/install/fsrobo_a1_msg_srv_4py/share/fsrobo_a1_msg_srv_4py/hook/pythonpath.dsv'
[3.909s] INFO:colcon.colcon_core.shell:Creating environment hook '/home/ny/FsRobo-A1/install/fsrobo_a1_msg_srv_4py/share/fsrobo_a1_msg_srv_4py/hook/pythonpath.sh'
[3.912s] Level 1:colcon.colcon_core.environment:checking '/home/ny/FsRobo-A1/install/fsrobo_a1_msg_srv_4py/bin'
[3.913s] INFO:colcon.colcon_core.shell:Creating package descriptor '/home/ny/FsRobo-A1/install/fsrobo_a1_msg_srv_4py/share/fsrobo_a1_msg_srv_4py/package.dsv'
[3.916s] INFO:colcon.colcon_core.shell:Creating package script '/home/ny/FsRobo-A1/install/fsrobo_a1_msg_srv_4py/share/fsrobo_a1_msg_srv_4py/package.sh'
[3.919s] Level 1:colcon.colcon_core.environment:create_file_with_runtime_dependencies(/home/ny/FsRobo-A1/install/fsrobo_a1_msg_srv_4py/share/colcon-core/packages/fsrobo_a1_msg_srv_4py)
[4.423s] Level 1:colcon.colcon_core.environment:create_environment_scripts_only(fsrobo_a1_msg_srv_4py)
[4.425s] Level 1:colcon.colcon_core.environment:checking '/home/ny/FsRobo-A1/install/fsrobo_a1_msg_srv_4py' for CMake module files
[4.427s] Level 1:colcon.colcon_core.environment:checking '/home/ny/FsRobo-A1/install/fsrobo_a1_msg_srv_4py' for CMake config files
[4.429s] Level 1:colcon.colcon_core.shell:create_environment_hook('fsrobo_a1_msg_srv_4py', 'cmake_prefix_path')
[4.429s] INFO:colcon.colcon_core.shell:Creating environment descriptor '/home/ny/FsRobo-A1/install/fsrobo_a1_msg_srv_4py/share/fsrobo_a1_msg_srv_4py/hook/cmake_prefix_path.dsv'
[4.431s] INFO:colcon.colcon_core.shell:Creating environment hook '/home/ny/FsRobo-A1/install/fsrobo_a1_msg_srv_4py/share/fsrobo_a1_msg_srv_4py/hook/cmake_prefix_path.sh'
[4.434s] Level 1:colcon.colcon_core.environment:checking '/home/ny/FsRobo-A1/install/fsrobo_a1_msg_srv_4py/lib'
[4.434s] Level 1:colcon.colcon_core.shell:create_environment_hook('fsrobo_a1_msg_srv_4py', 'ld_library_path_lib')
[4.434s] INFO:colcon.colcon_core.shell:Creating environment descriptor '/home/ny/FsRobo-A1/install/fsrobo_a1_msg_srv_4py/share/fsrobo_a1_msg_srv_4py/hook/ld_library_path_lib.dsv'
[4.435s] INFO:colcon.colcon_core.shell:Creating environment hook '/home/ny/FsRobo-A1/install/fsrobo_a1_msg_srv_4py/share/fsrobo_a1_msg_srv_4py/hook/ld_library_path_lib.sh'
[4.437s] Level 1:colcon.colcon_core.environment:checking '/home/ny/FsRobo-A1/install/fsrobo_a1_msg_srv_4py/bin'
[4.437s] Level 1:colcon.colcon_core.environment:checking '/home/ny/FsRobo-A1/install/fsrobo_a1_msg_srv_4py/lib/pkgconfig/fsrobo_a1_msg_srv_4py.pc'
[4.438s] Level 1:colcon.colcon_core.environment:checking '/home/ny/FsRobo-A1/install/fsrobo_a1_msg_srv_4py/lib/python3.8/site-packages'
[4.438s] Level 1:colcon.colcon_core.shell:create_environment_hook('fsrobo_a1_msg_srv_4py', 'pythonpath')
[4.438s] INFO:colcon.colcon_core.shell:Creating environment descriptor '/home/ny/FsRobo-A1/install/fsrobo_a1_msg_srv_4py/share/fsrobo_a1_msg_srv_4py/hook/pythonpath.dsv'
[4.440s] INFO:colcon.colcon_core.shell:Creating environment hook '/home/ny/FsRobo-A1/install/fsrobo_a1_msg_srv_4py/share/fsrobo_a1_msg_srv_4py/hook/pythonpath.sh'
[4.442s] Level 1:colcon.colcon_core.environment:checking '/home/ny/FsRobo-A1/install/fsrobo_a1_msg_srv_4py/bin'
[4.443s] INFO:colcon.colcon_core.shell:Creating package descriptor '/home/ny/FsRobo-A1/install/fsrobo_a1_msg_srv_4py/share/fsrobo_a1_msg_srv_4py/package.dsv'
[4.444s] INFO:colcon.colcon_core.shell:Creating package script '/home/ny/FsRobo-A1/install/fsrobo_a1_msg_srv_4py/share/fsrobo_a1_msg_srv_4py/package.sh'
[4.447s] Level 1:colcon.colcon_core.environment:create_file_with_runtime_dependencies(/home/ny/FsRobo-A1/install/fsrobo_a1_msg_srv_4py/share/colcon-core/packages/fsrobo_a1_msg_srv_4py)
[4.449s] DEBUG:colcon.colcon_core.executor.sequential:run_until_complete 'fsrobo_a1_msg_srv_4py' finished with '0'
[4.449s] DEBUG:colcon.colcon_core.executor.sequential:run_until_complete 'my_package'
[4.451s] INFO:colcon.colcon_ros.task.ament_python.build:Building ROS package in '/home/ny/FsRobo-A1/src/my_package' with build type 'ament_python'
[4.451s] Level 1:colcon.colcon_core.shell:create_environment_hook('my_package', 'ament_prefix_path')
[4.452s] INFO:colcon.colcon_core.shell:Creating environment descriptor '/home/ny/FsRobo-A1/install/my_package/share/my_package/hook/ament_prefix_path.dsv'
[4.457s] INFO:colcon.colcon_core.shell:Creating environment hook '/home/ny/FsRobo-A1/install/my_package/share/my_package/hook/ament_prefix_path.sh'
[4.460s] DEBUG:colcon.colcon_core.shell:Skip shell extension 'dsv' for command environment
[5.056s] INFO:colcon.colcon_core.task.python.build:Building Python package in '/home/ny/FsRobo-A1/src/my_package'
[5.057s] DEBUG:colcon.colcon_core.shell:Skip shell extension 'dsv' for command environment
[6.278s] DEBUG:colcon.colcon_core.event_handler.log_command:Invoking command in '/home/ny/FsRobo-A1/src/my_package': PYTHONPATH=/home/ny/FsRobo-A1/build/my_package/prefix_override:/usr/lib/python3/dist-packages/colcon_core/task/python/colcon_distutils_commands:/home/ny/FsRobo-A1/install/my_package/lib/python3.8/site-packages:${PYTHONPATH} /usr/bin/python3 -W ignore:setup.py install is deprecated setup.py egg_info --egg-base ../../build/my_package build --build-base /home/ny/FsRobo-A1/build/my_package/build install --record /home/ny/FsRobo-A1/build/my_package/install.log --install-scripts $base/lib/my_package --single-version-externally-managed install_data
[7.046s] Level 1:colcon.colcon_core.environment:checking '/home/ny/FsRobo-A1/install/my_package' for CMake module files
[7.047s] DEBUG:colcon.colcon_core.event_handler.log_command:Invoked command in '/home/ny/FsRobo-A1/src/my_package' returned '0': PYTHONPATH=/home/ny/FsRobo-A1/build/my_package/prefix_override:/usr/lib/python3/dist-packages/colcon_core/task/python/colcon_distutils_commands:/home/ny/FsRobo-A1/install/my_package/lib/python3.8/site-packages:${PYTHONPATH} /usr/bin/python3 -W ignore:setup.py install is deprecated setup.py egg_info --egg-base ../../build/my_package build --build-base /home/ny/FsRobo-A1/build/my_package/build install --record /home/ny/FsRobo-A1/build/my_package/install.log --install-scripts $base/lib/my_package --single-version-externally-managed install_data
[7.049s] Level 1:colcon.colcon_core.environment:checking '/home/ny/FsRobo-A1/install/my_package' for CMake config files
[7.052s] Level 1:colcon.colcon_core.environment:checking '/home/ny/FsRobo-A1/install/my_package/lib'
[7.052s] Level 1:colcon.colcon_core.environment:checking '/home/ny/FsRobo-A1/install/my_package/bin'
[7.052s] Level 1:colcon.colcon_core.environment:checking '/home/ny/FsRobo-A1/install/my_package/lib/pkgconfig/my_package.pc'
[7.054s] Level 1:colcon.colcon_core.environment:checking '/home/ny/FsRobo-A1/install/my_package/lib/python3.8/site-packages'
[7.054s] Level 1:colcon.colcon_core.shell:create_environment_hook('my_package', 'pythonpath')
[7.055s] INFO:colcon.colcon_core.shell:Creating environment descriptor '/home/ny/FsRobo-A1/install/my_package/share/my_package/hook/pythonpath.dsv'
[7.057s] INFO:colcon.colcon_core.shell:Creating environment hook '/home/ny/FsRobo-A1/install/my_package/share/my_package/hook/pythonpath.sh'
[7.060s] Level 1:colcon.colcon_core.environment:checking '/home/ny/FsRobo-A1/install/my_package/bin'
[7.060s] Level 1:colcon.colcon_core.environment:create_environment_scripts_only(my_package)
[7.061s] INFO:colcon.colcon_core.shell:Creating package descriptor '/home/ny/FsRobo-A1/install/my_package/share/my_package/package.dsv'
[7.063s] INFO:colcon.colcon_core.shell:Creating package script '/home/ny/FsRobo-A1/install/my_package/share/my_package/package.sh'
[7.065s] Level 1:colcon.colcon_core.environment:create_file_with_runtime_dependencies(/home/ny/FsRobo-A1/install/my_package/share/colcon-core/packages/my_package)
[7.067s] DEBUG:colcon.colcon_core.executor.sequential:run_until_complete 'my_package' finished with '0'
[7.067s] DEBUG:colcon.colcon_core.executor.sequential:run_until_complete 'py_pubsub'
[7.067s] INFO:colcon.colcon_ros.task.ament_python.build:Building ROS package in '/home/ny/FsRobo-A1/src/py_pubsub' with build type 'ament_python'
[7.068s] Level 1:colcon.colcon_core.shell:create_environment_hook('py_pubsub', 'ament_prefix_path')
[7.069s] INFO:colcon.colcon_core.shell:Creating environment descriptor '/home/ny/FsRobo-A1/install/py_pubsub/share/py_pubsub/hook/ament_prefix_path.dsv'
[7.075s] INFO:colcon.colcon_core.shell:Creating environment hook '/home/ny/FsRobo-A1/install/py_pubsub/share/py_pubsub/hook/ament_prefix_path.sh'
[7.078s] DEBUG:colcon.colcon_core.shell:Skip shell extension 'dsv' for command environment
[7.702s] INFO:colcon.colcon_core.task.python.build:Building Python package in '/home/ny/FsRobo-A1/src/py_pubsub'
[7.704s] DEBUG:colcon.colcon_core.shell:Skip shell extension 'dsv' for command environment
[8.822s] DEBUG:colcon.colcon_core.event_handler.log_command:Invoking command in '/home/ny/FsRobo-A1/src/py_pubsub': PYTHONPATH=/home/ny/FsRobo-A1/build/py_pubsub/prefix_override:/usr/lib/python3/dist-packages/colcon_core/task/python/colcon_distutils_commands:/home/ny/FsRobo-A1/install/py_pubsub/lib/python3.8/site-packages:${PYTHONPATH} /usr/bin/python3 -W ignore:setup.py install is deprecated setup.py egg_info --egg-base ../../build/py_pubsub build --build-base /home/ny/FsRobo-A1/build/py_pubsub/build install --record /home/ny/FsRobo-A1/build/py_pubsub/install.log --install-scripts $base/lib/py_pubsub --single-version-externally-managed install_data
[9.620s] Level 1:colcon.colcon_core.environment:checking '/home/ny/FsRobo-A1/install/py_pubsub' for CMake module files
[9.624s] DEBUG:colcon.colcon_core.event_handler.log_command:Invoked command in '/home/ny/FsRobo-A1/src/py_pubsub' returned '0': PYTHONPATH=/home/ny/FsRobo-A1/build/py_pubsub/prefix_override:/usr/lib/python3/dist-packages/colcon_core/task/python/colcon_distutils_commands:/home/ny/FsRobo-A1/install/py_pubsub/lib/python3.8/site-packages:${PYTHONPATH} /usr/bin/python3 -W ignore:setup.py install is deprecated setup.py egg_info --egg-base ../../build/py_pubsub build --build-base /home/ny/FsRobo-A1/build/py_pubsub/build install --record /home/ny/FsRobo-A1/build/py_pubsub/install.log --install-scripts $base/lib/py_pubsub --single-version-externally-managed install_data
[9.625s] Level 1:colcon.colcon_core.environment:checking '/home/ny/FsRobo-A1/install/py_pubsub' for CMake config files
[9.627s] Level 1:colcon.colcon_core.environment:checking '/home/ny/FsRobo-A1/install/py_pubsub/lib'
[9.628s] Level 1:colcon.colcon_core.environment:checking '/home/ny/FsRobo-A1/install/py_pubsub/bin'
[9.628s] Level 1:colcon.colcon_core.environment:checking '/home/ny/FsRobo-A1/install/py_pubsub/lib/pkgconfig/py_pubsub.pc'
[9.629s] Level 1:colcon.colcon_core.environment:checking '/home/ny/FsRobo-A1/install/py_pubsub/lib/python3.8/site-packages'
[9.630s] Level 1:colcon.colcon_core.shell:create_environment_hook('py_pubsub', 'pythonpath')
[9.630s] INFO:colcon.colcon_core.shell:Creating environment descriptor '/home/ny/FsRobo-A1/install/py_pubsub/share/py_pubsub/hook/pythonpath.dsv'
[9.633s] INFO:colcon.colcon_core.shell:Creating environment hook '/home/ny/FsRobo-A1/install/py_pubsub/share/py_pubsub/hook/pythonpath.sh'
[9.635s] Level 1:colcon.colcon_core.environment:checking '/home/ny/FsRobo-A1/install/py_pubsub/bin'
[9.636s] Level 1:colcon.colcon_core.environment:create_environment_scripts_only(py_pubsub)
[9.637s] INFO:colcon.colcon_core.shell:Creating package descriptor '/home/ny/FsRobo-A1/install/py_pubsub/share/py_pubsub/package.dsv'
[9.639s] INFO:colcon.colcon_core.shell:Creating package script '/home/ny/FsRobo-A1/install/py_pubsub/share/py_pubsub/package.sh'
[9.642s] Level 1:colcon.colcon_core.environment:create_file_with_runtime_dependencies(/home/ny/FsRobo-A1/install/py_pubsub/share/colcon-core/packages/py_pubsub)
[9.643s] DEBUG:colcon.colcon_core.executor.sequential:run_until_complete 'py_pubsub' finished with '0'
[9.644s] DEBUG:colcon.colcon_core.executor.sequential:closing loop
[9.645s] DEBUG:colcon.colcon_core.executor.sequential:loop closed
[9.645s] DEBUG:colcon.colcon_core.event_reactor:joining thread
[9.649s] DEBUG:colcon.colcon_core.event_reactor:joined thread
[9.650s] INFO:colcon.colcon_core.shell:Creating prefix script '/home/ny/FsRobo-A1/install/local_setup.sh'
[9.653s] INFO:colcon.colcon_core.shell:Creating prefix util module '/home/ny/FsRobo-A1/install/_local_setup_util_sh.py'
[9.657s] INFO:colcon.colcon_core.shell:Creating prefix chain script '/home/ny/FsRobo-A1/install/setup.sh'
