[0.385s] DEBUG:colcon:Command line arguments: ['/usr/bin/colcon', 'build']
[0.385s] DEBUG:colcon:Parsed command line arguments: Namespace(ament_cmake_args=None, base_paths=['.'], build_base='build', catkin_cmake_args=None, catkin_skip_building_tests=False, cmake_args=None, cmake_clean_cache=False, cmake_clean_first=False, cmake_force_configure=False, cmake_target=None, cmake_target_skip_unavailable=False, continue_on_error=False, event_handlers=None, executor='sequential', install_base='install', log_base=None, log_level=None, main=<bound method BuildVerb.main of <colcon_core.verb.build.BuildVerb object at 0x7f656dce34c0>>, merge_install=False, paths=None, symlink_install=False, test_result_base=None, verb_extension=<colcon_core.verb.build.BuildVerb object at 0x7f656dce34c0>, verb_name='build', verb_parser=<colcon_argcomplete.argument_parser.argcomplete.ArgcompleteDecorator object at 0x7f656dc82820>)
[0.815s] Level 1:colcon.colcon_core.package_discovery:discover_packages(recursive) check parameters
[0.815s] Level 1:colcon.colcon_core.package_discovery:discover_packages(path) check parameters
[0.815s] Level 1:colcon.colcon_core.package_discovery:discover_packages(recursive) discover
[0.815s] INFO:colcon.colcon_core.package_discovery:Crawling recursively for packages in '/home/ny/FsRobo-A1'
[0.816s] Level 1:colcon.colcon_core.package_identification:_identify(.) by extensions ['ignore', 'ignore_ament_install']
[0.816s] Level 1:colcon.colcon_core.package_identification:_identify(.) by extension 'ignore'
[0.817s] Level 1:colcon.colcon_core.package_identification:_identify(.) by extension 'ignore_ament_install'
[0.817s] Level 1:colcon.colcon_core.package_identification:_identify(.) by extensions ['ros']
[0.817s] Level 1:colcon.colcon_core.package_identification:_identify(.) by extension 'ros'
[0.847s] Level 1:colcon.colcon_core.package_identification:_identify(.) by extensions ['cmake', 'python']
[0.848s] Level 1:colcon.colcon_core.package_identification:_identify(.) by extension 'cmake'
[0.848s] Level 1:colcon.colcon_core.package_identification:_identify(.) by extension 'python'
[0.848s] Level 1:colcon.colcon_core.package_identification:_identify(.) by extensions ['python_setup_py']
[0.848s] Level 1:colcon.colcon_core.package_identification:_identify(.) by extension 'python_setup_py'
[0.849s] Level 1:colcon.colcon_core.package_identification:_identify(build) by extensions ['ignore', 'ignore_ament_install']
[0.849s] Level 1:colcon.colcon_core.package_identification:_identify(build) by extension 'ignore'
[0.849s] Level 1:colcon.colcon_core.package_identification:_identify(build) ignored
[0.849s] Level 1:colcon.colcon_core.package_identification:_identify(install) by extensions ['ignore', 'ignore_ament_install']
[0.850s] Level 1:colcon.colcon_core.package_identification:_identify(install) by extension 'ignore'
[0.850s] Level 1:colcon.colcon_core.package_identification:_identify(install) ignored
[0.850s] Level 1:colcon.colcon_core.package_identification:_identify(log) by extensions ['ignore', 'ignore_ament_install']
[0.850s] Level 1:colcon.colcon_core.package_identification:_identify(log) by extension 'ignore'
[0.850s] Level 1:colcon.colcon_core.package_identification:_identify(log) ignored
[0.851s] Level 1:colcon.colcon_core.package_identification:_identify(src) by extensions ['ignore', 'ignore_ament_install']
[0.851s] Level 1:colcon.colcon_core.package_identification:_identify(src) by extension 'ignore'
[0.851s] Level 1:colcon.colcon_core.package_identification:_identify(src) by extension 'ignore_ament_install'
[0.851s] Level 1:colcon.colcon_core.package_identification:_identify(src) by extensions ['ros']
[0.851s] Level 1:colcon.colcon_core.package_identification:_identify(src) by extension 'ros'
[0.852s] Level 1:colcon.colcon_core.package_identification:_identify(src) by extensions ['cmake', 'python']
[0.852s] Level 1:colcon.colcon_core.package_identification:_identify(src) by extension 'cmake'
[0.852s] Level 1:colcon.colcon_core.package_identification:_identify(src) by extension 'python'
[0.852s] Level 1:colcon.colcon_core.package_identification:_identify(src) by extensions ['python_setup_py']
[0.852s] Level 1:colcon.colcon_core.package_identification:_identify(src) by extension 'python_setup_py'
[0.853s] Level 1:colcon.colcon_core.package_identification:_identify(src/fsrobo-a1) by extensions ['ignore', 'ignore_ament_install']
[0.853s] Level 1:colcon.colcon_core.package_identification:_identify(src/fsrobo-a1) by extension 'ignore'
[0.853s] Level 1:colcon.colcon_core.package_identification:_identify(src/fsrobo-a1) by extension 'ignore_ament_install'
[0.853s] Level 1:colcon.colcon_core.package_identification:_identify(src/fsrobo-a1) by extensions ['ros']
[0.853s] Level 1:colcon.colcon_core.package_identification:_identify(src/fsrobo-a1) by extension 'ros'
[0.860s] DEBUG:colcon.colcon_core.package_identification:Package 'src/fsrobo-a1' with type 'ros.ament_python' and name 'fsrobo-a1'
[0.860s] Level 1:colcon.colcon_core.package_identification:_identify(src/fsrobo_a1_msg_srv_4py) by extensions ['ignore', 'ignore_ament_install']
[0.860s] Level 1:colcon.colcon_core.package_identification:_identify(src/fsrobo_a1_msg_srv_4py) by extension 'ignore'
[0.860s] Level 1:colcon.colcon_core.package_identification:_identify(src/fsrobo_a1_msg_srv_4py) by extension 'ignore_ament_install'
[0.861s] Level 1:colcon.colcon_core.package_identification:_identify(src/fsrobo_a1_msg_srv_4py) by extensions ['ros']
[0.861s] Level 1:colcon.colcon_core.package_identification:_identify(src/fsrobo_a1_msg_srv_4py) by extension 'ros'
[0.861s] DEBUG:colcon.colcon_core.package_identification:Package 'src/fsrobo_a1_msg_srv_4py' with type 'ros.ament_cmake' and name 'fsrobo_a1_msg_srv_4py'
[0.862s] Level 1:colcon.colcon_core.package_identification:_identify(src/my_package) by extensions ['ignore', 'ignore_ament_install']
[0.862s] Level 1:colcon.colcon_core.package_identification:_identify(src/my_package) by extension 'ignore'
[0.862s] Level 1:colcon.colcon_core.package_identification:_identify(src/my_package) by extension 'ignore_ament_install'
[0.863s] Level 1:colcon.colcon_core.package_identification:_identify(src/my_package) by extensions ['ros']
[0.863s] Level 1:colcon.colcon_core.package_identification:_identify(src/my_package) by extension 'ros'
[0.864s] DEBUG:colcon.colcon_core.package_identification:Package 'src/my_package' with type 'ros.ament_python' and name 'my_package'
[0.864s] Level 1:colcon.colcon_core.package_identification:_identify(src/py_pubsub) by extensions ['ignore', 'ignore_ament_install']
[0.865s] Level 1:colcon.colcon_core.package_identification:_identify(src/py_pubsub) by extension 'ignore'
[0.865s] Level 1:colcon.colcon_core.package_identification:_identify(src/py_pubsub) by extension 'ignore_ament_install'
[0.865s] Level 1:colcon.colcon_core.package_identification:_identify(src/py_pubsub) by extensions ['ros']
[0.865s] Level 1:colcon.colcon_core.package_identification:_identify(src/py_pubsub) by extension 'ros'
[0.867s] DEBUG:colcon.colcon_core.package_identification:Package 'src/py_pubsub' with type 'ros.ament_python' and name 'py_pubsub'
[0.867s] Level 1:colcon.colcon_core.package_discovery:discover_packages(recursive) using defaults
[0.867s] Level 1:colcon.colcon_core.package_discovery:discover_packages(path) discover
[0.867s] Level 1:colcon.colcon_core.package_discovery:discover_packages(path) using defaults
[0.920s] Level 5:colcon.colcon_core.verb:set package 'fsrobo-a1' build argument 'cmake_args' from command line to 'None'
[0.921s] Level 5:colcon.colcon_core.verb:set package 'fsrobo-a1' build argument 'cmake_target' from command line to 'None'
[0.921s] Level 5:colcon.colcon_core.verb:set package 'fsrobo-a1' build argument 'cmake_target_skip_unavailable' from command line to 'False'
[0.921s] Level 5:colcon.colcon_core.verb:set package 'fsrobo-a1' build argument 'cmake_clean_cache' from command line to 'False'
[0.921s] Level 5:colcon.colcon_core.verb:set package 'fsrobo-a1' build argument 'cmake_clean_first' from command line to 'False'
[0.921s] Level 5:colcon.colcon_core.verb:set package 'fsrobo-a1' build argument 'cmake_force_configure' from command line to 'False'
[0.922s] Level 5:colcon.colcon_core.verb:set package 'fsrobo-a1' build argument 'ament_cmake_args' from command line to 'None'
[0.922s] Level 5:colcon.colcon_core.verb:set package 'fsrobo-a1' build argument 'catkin_cmake_args' from command line to 'None'
[0.922s] Level 5:colcon.colcon_core.verb:set package 'fsrobo-a1' build argument 'catkin_skip_building_tests' from command line to 'False'
[0.922s] DEBUG:colcon.colcon_core.verb:Building package 'fsrobo-a1' with the following arguments: {'ament_cmake_args': None, 'build_base': '/home/ny/FsRobo-A1/build/fsrobo-a1', 'catkin_cmake_args': None, 'catkin_skip_building_tests': False, 'cmake_args': None, 'cmake_clean_cache': False, 'cmake_clean_first': False, 'cmake_force_configure': False, 'cmake_target': None, 'cmake_target_skip_unavailable': False, 'install_base': '/home/ny/FsRobo-A1/install/fsrobo-a1', 'merge_install': False, 'path': '/home/ny/FsRobo-A1/src/fsrobo-a1', 'symlink_install': False, 'test_result_base': None}
[0.923s] Level 5:colcon.colcon_core.verb:set package 'fsrobo_a1_msg_srv_4py' build argument 'cmake_args' from command line to 'None'
[0.924s] Level 5:colcon.colcon_core.verb:set package 'fsrobo_a1_msg_srv_4py' build argument 'cmake_target' from command line to 'None'
[0.924s] Level 5:colcon.colcon_core.verb:set package 'fsrobo_a1_msg_srv_4py' build argument 'cmake_target_skip_unavailable' from command line to 'False'
[0.924s] Level 5:colcon.colcon_core.verb:set package 'fsrobo_a1_msg_srv_4py' build argument 'cmake_clean_cache' from command line to 'False'
[0.924s] Level 5:colcon.colcon_core.verb:set package 'fsrobo_a1_msg_srv_4py' build argument 'cmake_clean_first' from command line to 'False'
[0.924s] Level 5:colcon.colcon_core.verb:set package 'fsrobo_a1_msg_srv_4py' build argument 'cmake_force_configure' from command line to 'False'
[0.925s] Level 5:colcon.colcon_core.verb:set package 'fsrobo_a1_msg_srv_4py' build argument 'ament_cmake_args' from command line to 'None'
[0.925s] Level 5:colcon.colcon_core.verb:set package 'fsrobo_a1_msg_srv_4py' build argument 'catkin_cmake_args' from command line to 'None'
[0.925s] Level 5:colcon.colcon_core.verb:set package 'fsrobo_a1_msg_srv_4py' build argument 'catkin_skip_building_tests' from command line to 'False'
[0.925s] DEBUG:colcon.colcon_core.verb:Building package 'fsrobo_a1_msg_srv_4py' with the following arguments: {'ament_cmake_args': None, 'build_base': '/home/ny/FsRobo-A1/build/fsrobo_a1_msg_srv_4py', 'catkin_cmake_args': None, 'catkin_skip_building_tests': False, 'cmake_args': None, 'cmake_clean_cache': False, 'cmake_clean_first': False, 'cmake_force_configure': False, 'cmake_target': None, 'cmake_target_skip_unavailable': False, 'install_base': '/home/ny/FsRobo-A1/install/fsrobo_a1_msg_srv_4py', 'merge_install': False, 'path': '/home/ny/FsRobo-A1/src/fsrobo_a1_msg_srv_4py', 'symlink_install': False, 'test_result_base': None}
[0.926s] Level 5:colcon.colcon_core.verb:set package 'my_package' build argument 'cmake_args' from command line to 'None'
[0.927s] Level 5:colcon.colcon_core.verb:set package 'my_package' build argument 'cmake_target' from command line to 'None'
[0.927s] Level 5:colcon.colcon_core.verb:set package 'my_package' build argument 'cmake_target_skip_unavailable' from command line to 'False'
[0.927s] Level 5:colcon.colcon_core.verb:set package 'my_package' build argument 'cmake_clean_cache' from command line to 'False'
[0.927s] Level 5:colcon.colcon_core.verb:set package 'my_package' build argument 'cmake_clean_first' from command line to 'False'
[0.927s] Level 5:colcon.colcon_core.verb:set package 'my_package' build argument 'cmake_force_configure' from command line to 'False'
[0.927s] Level 5:colcon.colcon_core.verb:set package 'my_package' build argument 'ament_cmake_args' from command line to 'None'
[0.927s] Level 5:colcon.colcon_core.verb:set package 'my_package' build argument 'catkin_cmake_args' from command line to 'None'
[0.928s] Level 5:colcon.colcon_core.verb:set package 'my_package' build argument 'catkin_skip_building_tests' from command line to 'False'
[0.928s] DEBUG:colcon.colcon_core.verb:Building package 'my_package' with the following arguments: {'ament_cmake_args': None, 'build_base': '/home/ny/FsRobo-A1/build/my_package', 'catkin_cmake_args': None, 'catkin_skip_building_tests': False, 'cmake_args': None, 'cmake_clean_cache': False, 'cmake_clean_first': False, 'cmake_force_configure': False, 'cmake_target': None, 'cmake_target_skip_unavailable': False, 'install_base': '/home/ny/FsRobo-A1/install/my_package', 'merge_install': False, 'path': '/home/ny/FsRobo-A1/src/my_package', 'symlink_install': False, 'test_result_base': None}
[0.929s] Level 5:colcon.colcon_core.verb:set package 'py_pubsub' build argument 'cmake_args' from command line to 'None'
[0.929s] Level 5:colcon.colcon_core.verb:set package 'py_pubsub' build argument 'cmake_target' from command line to 'None'
[0.929s] Level 5:colcon.colcon_core.verb:set package 'py_pubsub' build argument 'cmake_target_skip_unavailable' from command line to 'False'
[0.930s] Level 5:colcon.colcon_core.verb:set package 'py_pubsub' build argument 'cmake_clean_cache' from command line to 'False'
[0.930s] Level 5:colcon.colcon_core.verb:set package 'py_pubsub' build argument 'cmake_clean_first' from command line to 'False'
[0.930s] Level 5:colcon.colcon_core.verb:set package 'py_pubsub' build argument 'cmake_force_configure' from command line to 'False'
[0.930s] Level 5:colcon.colcon_core.verb:set package 'py_pubsub' build argument 'ament_cmake_args' from command line to 'None'
[0.930s] Level 5:colcon.colcon_core.verb:set package 'py_pubsub' build argument 'catkin_cmake_args' from command line to 'None'
[0.930s] Level 5:colcon.colcon_core.verb:set package 'py_pubsub' build argument 'catkin_skip_building_tests' from command line to 'False'
[0.930s] DEBUG:colcon.colcon_core.verb:Building package 'py_pubsub' with the following arguments: {'ament_cmake_args': None, 'build_base': '/home/ny/FsRobo-A1/build/py_pubsub', 'catkin_cmake_args': None, 'catkin_skip_building_tests': False, 'cmake_args': None, 'cmake_clean_cache': False, 'cmake_clean_first': False, 'cmake_force_configure': False, 'cmake_target': None, 'cmake_target_skip_unavailable': False, 'install_base': '/home/ny/FsRobo-A1/install/py_pubsub', 'merge_install': False, 'path': '/home/ny/FsRobo-A1/src/py_pubsub', 'symlink_install': False, 'test_result_base': None}
[0.931s] INFO:colcon.colcon_core.executor:Executing jobs using 'sequential' executor
[0.933s] DEBUG:colcon.colcon_core.executor.sequential:run_until_complete 'fsrobo-a1'
[0.934s] INFO:colcon.colcon_ros.task.ament_python.build:Building ROS package in '/home/ny/FsRobo-A1/src/fsrobo-a1' with build type 'ament_python'
[0.935s] Level 1:colcon.colcon_core.shell:create_environment_hook('fsrobo-a1', 'ament_prefix_path')
[0.939s] INFO:colcon.colcon_core.plugin_system:Skipping extension 'colcon_core.shell.bat': Not used on non-Windows systems
[0.940s] INFO:colcon.colcon_core.shell:Creating environment descriptor '/home/ny/FsRobo-A1/install/fsrobo-a1/share/fsrobo-a1/hook/ament_prefix_path.dsv'
[0.942s] INFO:colcon.colcon_core.shell:Creating environment hook '/home/ny/FsRobo-A1/install/fsrobo-a1/share/fsrobo-a1/hook/ament_prefix_path.sh'
[0.945s] DEBUG:colcon.colcon_core.shell:Skip shell extension 'dsv' for command environment
[1.567s] INFO:colcon.colcon_core.task.python.build:Building Python package in '/home/ny/FsRobo-A1/src/fsrobo-a1'
[1.569s] DEBUG:colcon.colcon_core.shell:Skip shell extension 'dsv' for command environment
[2.693s] DEBUG:colcon.colcon_core.event_handler.log_command:Invoking command in '/home/ny/FsRobo-A1/src/fsrobo-a1': PYTHONPATH=/home/ny/FsRobo-A1/build/fsrobo-a1/prefix_override:/usr/lib/python3/dist-packages/colcon_core/task/python/colcon_distutils_commands:/home/ny/FsRobo-A1/install/fsrobo-a1/lib/python3.8/site-packages:${PYTHONPATH} /usr/bin/python3 -W ignore:setup.py install is deprecated setup.py egg_info --egg-base ../../build/fsrobo-a1 build --build-base /home/ny/FsRobo-A1/build/fsrobo-a1/build install --record /home/ny/FsRobo-A1/build/fsrobo-a1/install.log --install-scripts $base/lib/fsrobo-a1 --single-version-externally-managed install_data
[3.520s] DEBUG:colcon.colcon_core.event_handler.log_command:Invoked command in '/home/ny/FsRobo-A1/src/fsrobo-a1' returned '0': PYTHONPATH=/home/ny/FsRobo-A1/build/fsrobo-a1/prefix_override:/usr/lib/python3/dist-packages/colcon_core/task/python/colcon_distutils_commands:/home/ny/FsRobo-A1/install/fsrobo-a1/lib/python3.8/site-packages:${PYTHONPATH} /usr/bin/python3 -W ignore:setup.py install is deprecated setup.py egg_info --egg-base ../../build/fsrobo-a1 build --build-base /home/ny/FsRobo-A1/build/fsrobo-a1/build install --record /home/ny/FsRobo-A1/build/fsrobo-a1/install.log --install-scripts $base/lib/fsrobo-a1 --single-version-externally-managed install_data
[3.532s] Level 1:colcon.colcon_core.environment:checking '/home/ny/FsRobo-A1/install/fsrobo-a1' for CMake module files
[3.534s] Level 1:colcon.colcon_core.environment:checking '/home/ny/FsRobo-A1/install/fsrobo-a1' for CMake config files
[3.537s] Level 1:colcon.colcon_core.environment:checking '/home/ny/FsRobo-A1/install/fsrobo-a1/lib'
[3.538s] Level 1:colcon.colcon_core.environment:checking '/home/ny/FsRobo-A1/install/fsrobo-a1/bin'
[3.538s] Level 1:colcon.colcon_core.environment:checking '/home/ny/FsRobo-A1/install/fsrobo-a1/lib/pkgconfig/fsrobo-a1.pc'
[3.539s] Level 1:colcon.colcon_core.environment:checking '/home/ny/FsRobo-A1/install/fsrobo-a1/lib/python3.8/site-packages'
[3.539s] Level 1:colcon.colcon_core.shell:create_environment_hook('fsrobo-a1', 'pythonpath')
[3.540s] INFO:colcon.colcon_core.shell:Creating environment descriptor '/home/ny/FsRobo-A1/install/fsrobo-a1/share/fsrobo-a1/hook/pythonpath.dsv'
[3.543s] INFO:colcon.colcon_core.shell:Creating environment hook '/home/ny/FsRobo-A1/install/fsrobo-a1/share/fsrobo-a1/hook/pythonpath.sh'
[3.547s] Level 1:colcon.colcon_core.environment:checking '/home/ny/FsRobo-A1/install/fsrobo-a1/bin'
[3.547s] Level 1:colcon.colcon_core.environment:create_environment_scripts_only(fsrobo-a1)
[3.548s] INFO:colcon.colcon_core.shell:Creating package descriptor '/home/ny/FsRobo-A1/install/fsrobo-a1/share/fsrobo-a1/package.dsv'
[3.551s] INFO:colcon.colcon_core.shell:Creating package script '/home/ny/FsRobo-A1/install/fsrobo-a1/share/fsrobo-a1/package.sh'
[3.554s] Level 1:colcon.colcon_core.environment:create_file_with_runtime_dependencies(/home/ny/FsRobo-A1/install/fsrobo-a1/share/colcon-core/packages/fsrobo-a1)
[3.555s] DEBUG:colcon.colcon_core.executor.sequential:run_until_complete 'fsrobo-a1' finished with '0'
[3.556s] DEBUG:colcon.colcon_core.executor.sequential:run_until_complete 'fsrobo_a1_msg_srv_4py'
[3.557s] INFO:colcon.colcon_ros.task.ament_cmake.build:Building ROS package in '/home/ny/FsRobo-A1/src/fsrobo_a1_msg_srv_4py' with build type 'ament_cmake'
[3.557s] INFO:colcon.colcon_cmake.task.cmake.build:Building CMake package in '/home/ny/FsRobo-A1/src/fsrobo_a1_msg_srv_4py'
[3.558s] DEBUG:colcon.colcon_core.shell:Skip shell extension 'dsv' for command environment
[3.601s] DEBUG:colcon.colcon_core.event_handler.log_command:Invoking command in '/home/ny/FsRobo-A1/build/fsrobo_a1_msg_srv_4py': CMAKE_PREFIX_PATH=${CMAKE_PREFIX_PATH}:/home/ny/FsRobo-A1/install/py_pubsub:/home/ny/FsRobo-A1/install/my_package:/home/ny/FsRobo-A1/install/fsrobo-a1:/opt/ros/foxy /usr/bin/cmake --build /home/ny/FsRobo-A1/build/fsrobo_a1_msg_srv_4py -- -j16 -l16
[4.352s] DEBUG:colcon.colcon_core.event_handler.log_command:Invoked command in '/home/ny/FsRobo-A1/build/fsrobo_a1_msg_srv_4py' returned '0': CMAKE_PREFIX_PATH=${CMAKE_PREFIX_PATH}:/home/ny/FsRobo-A1/install/py_pubsub:/home/ny/FsRobo-A1/install/my_package:/home/ny/FsRobo-A1/install/fsrobo-a1:/opt/ros/foxy /usr/bin/cmake --build /home/ny/FsRobo-A1/build/fsrobo_a1_msg_srv_4py -- -j16 -l16
[4.882s] DEBUG:colcon.colcon_core.event_handler.log_command:Invoking command in '/home/ny/FsRobo-A1/build/fsrobo_a1_msg_srv_4py': CMAKE_PREFIX_PATH=${CMAKE_PREFIX_PATH}:/home/ny/FsRobo-A1/install/py_pubsub:/home/ny/FsRobo-A1/install/my_package:/home/ny/FsRobo-A1/install/fsrobo-a1:/opt/ros/foxy /usr/bin/cmake --install /home/ny/FsRobo-A1/build/fsrobo_a1_msg_srv_4py
[5.074s] Level 1:colcon.colcon_core.environment:create_environment_scripts_only(fsrobo_a1_msg_srv_4py)
[5.075s] Level 1:colcon.colcon_core.environment:checking '/home/ny/FsRobo-A1/install/fsrobo_a1_msg_srv_4py' for CMake module files
[5.080s] DEBUG:colcon.colcon_core.event_handler.log_command:Invoked command in '/home/ny/FsRobo-A1/build/fsrobo_a1_msg_srv_4py' returned '0': CMAKE_PREFIX_PATH=${CMAKE_PREFIX_PATH}:/home/ny/FsRobo-A1/install/py_pubsub:/home/ny/FsRobo-A1/install/my_package:/home/ny/FsRobo-A1/install/fsrobo-a1:/opt/ros/foxy /usr/bin/cmake --install /home/ny/FsRobo-A1/build/fsrobo_a1_msg_srv_4py
[5.085s] Level 1:colcon.colcon_core.environment:checking '/home/ny/FsRobo-A1/install/fsrobo_a1_msg_srv_4py' for CMake config files
[5.087s] Level 1:colcon.colcon_core.shell:create_environment_hook('fsrobo_a1_msg_srv_4py', 'cmake_prefix_path')
[5.088s] INFO:colcon.colcon_core.shell:Creating environment descriptor '/home/ny/FsRobo-A1/install/fsrobo_a1_msg_srv_4py/share/fsrobo_a1_msg_srv_4py/hook/cmake_prefix_path.dsv'
[5.090s] INFO:colcon.colcon_core.shell:Creating environment hook '/home/ny/FsRobo-A1/install/fsrobo_a1_msg_srv_4py/share/fsrobo_a1_msg_srv_4py/hook/cmake_prefix_path.sh'
[5.093s] Level 1:colcon.colcon_core.environment:checking '/home/ny/FsRobo-A1/install/fsrobo_a1_msg_srv_4py/lib'
[5.094s] Level 1:colcon.colcon_core.shell:create_environment_hook('fsrobo_a1_msg_srv_4py', 'ld_library_path_lib')
[5.094s] INFO:colcon.colcon_core.shell:Creating environment descriptor '/home/ny/FsRobo-A1/install/fsrobo_a1_msg_srv_4py/share/fsrobo_a1_msg_srv_4py/hook/ld_library_path_lib.dsv'
[5.096s] INFO:colcon.colcon_core.shell:Creating environment hook '/home/ny/FsRobo-A1/install/fsrobo_a1_msg_srv_4py/share/fsrobo_a1_msg_srv_4py/hook/ld_library_path_lib.sh'
[5.098s] Level 1:colcon.colcon_core.environment:checking '/home/ny/FsRobo-A1/install/fsrobo_a1_msg_srv_4py/bin'
[5.099s] Level 1:colcon.colcon_core.environment:checking '/home/ny/FsRobo-A1/install/fsrobo_a1_msg_srv_4py/lib/pkgconfig/fsrobo_a1_msg_srv_4py.pc'
[5.100s] Level 1:colcon.colcon_core.environment:checking '/home/ny/FsRobo-A1/install/fsrobo_a1_msg_srv_4py/lib/python3.8/site-packages'
[5.100s] Level 1:colcon.colcon_core.shell:create_environment_hook('fsrobo_a1_msg_srv_4py', 'pythonpath')
[5.101s] INFO:colcon.colcon_core.shell:Creating environment descriptor '/home/ny/FsRobo-A1/install/fsrobo_a1_msg_srv_4py/share/fsrobo_a1_msg_srv_4py/hook/pythonpath.dsv'
[5.103s] INFO:colcon.colcon_core.shell:Creating environment hook '/home/ny/FsRobo-A1/install/fsrobo_a1_msg_srv_4py/share/fsrobo_a1_msg_srv_4py/hook/pythonpath.sh'
[5.105s] Level 1:colcon.colcon_core.environment:checking '/home/ny/FsRobo-A1/install/fsrobo_a1_msg_srv_4py/bin'
[5.106s] INFO:colcon.colcon_core.shell:Creating package descriptor '/home/ny/FsRobo-A1/install/fsrobo_a1_msg_srv_4py/share/fsrobo_a1_msg_srv_4py/package.dsv'
[5.109s] INFO:colcon.colcon_core.shell:Creating package script '/home/ny/FsRobo-A1/install/fsrobo_a1_msg_srv_4py/share/fsrobo_a1_msg_srv_4py/package.sh'
[5.111s] Level 1:colcon.colcon_core.environment:create_file_with_runtime_dependencies(/home/ny/FsRobo-A1/install/fsrobo_a1_msg_srv_4py/share/colcon-core/packages/fsrobo_a1_msg_srv_4py)
[5.598s] Level 1:colcon.colcon_core.environment:create_environment_scripts_only(fsrobo_a1_msg_srv_4py)
[5.599s] Level 1:colcon.colcon_core.environment:checking '/home/ny/FsRobo-A1/install/fsrobo_a1_msg_srv_4py' for CMake module files
[5.602s] Level 1:colcon.colcon_core.environment:checking '/home/ny/FsRobo-A1/install/fsrobo_a1_msg_srv_4py' for CMake config files
[5.604s] Level 1:colcon.colcon_core.shell:create_environment_hook('fsrobo_a1_msg_srv_4py', 'cmake_prefix_path')
[5.605s] INFO:colcon.colcon_core.shell:Creating environment descriptor '/home/ny/FsRobo-A1/install/fsrobo_a1_msg_srv_4py/share/fsrobo_a1_msg_srv_4py/hook/cmake_prefix_path.dsv'
[5.607s] INFO:colcon.colcon_core.shell:Creating environment hook '/home/ny/FsRobo-A1/install/fsrobo_a1_msg_srv_4py/share/fsrobo_a1_msg_srv_4py/hook/cmake_prefix_path.sh'
[5.610s] Level 1:colcon.colcon_core.environment:checking '/home/ny/FsRobo-A1/install/fsrobo_a1_msg_srv_4py/lib'
[5.610s] Level 1:colcon.colcon_core.shell:create_environment_hook('fsrobo_a1_msg_srv_4py', 'ld_library_path_lib')
[5.611s] INFO:colcon.colcon_core.shell:Creating environment descriptor '/home/ny/FsRobo-A1/install/fsrobo_a1_msg_srv_4py/share/fsrobo_a1_msg_srv_4py/hook/ld_library_path_lib.dsv'
[5.613s] INFO:colcon.colcon_core.shell:Creating environment hook '/home/ny/FsRobo-A1/install/fsrobo_a1_msg_srv_4py/share/fsrobo_a1_msg_srv_4py/hook/ld_library_path_lib.sh'
[5.614s] Level 1:colcon.colcon_core.environment:checking '/home/ny/FsRobo-A1/install/fsrobo_a1_msg_srv_4py/bin'
[5.615s] Level 1:colcon.colcon_core.environment:checking '/home/ny/FsRobo-A1/install/fsrobo_a1_msg_srv_4py/lib/pkgconfig/fsrobo_a1_msg_srv_4py.pc'
[5.616s] Level 1:colcon.colcon_core.environment:checking '/home/ny/FsRobo-A1/install/fsrobo_a1_msg_srv_4py/lib/python3.8/site-packages'
[5.616s] Level 1:colcon.colcon_core.shell:create_environment_hook('fsrobo_a1_msg_srv_4py', 'pythonpath')
[5.617s] INFO:colcon.colcon_core.shell:Creating environment descriptor '/home/ny/FsRobo-A1/install/fsrobo_a1_msg_srv_4py/share/fsrobo_a1_msg_srv_4py/hook/pythonpath.dsv'
[5.618s] INFO:colcon.colcon_core.shell:Creating environment hook '/home/ny/FsRobo-A1/install/fsrobo_a1_msg_srv_4py/share/fsrobo_a1_msg_srv_4py/hook/pythonpath.sh'
[5.620s] Level 1:colcon.colcon_core.environment:checking '/home/ny/FsRobo-A1/install/fsrobo_a1_msg_srv_4py/bin'
[5.621s] INFO:colcon.colcon_core.shell:Creating package descriptor '/home/ny/FsRobo-A1/install/fsrobo_a1_msg_srv_4py/share/fsrobo_a1_msg_srv_4py/package.dsv'
[5.623s] INFO:colcon.colcon_core.shell:Creating package script '/home/ny/FsRobo-A1/install/fsrobo_a1_msg_srv_4py/share/fsrobo_a1_msg_srv_4py/package.sh'
[5.624s] Level 1:colcon.colcon_core.environment:create_file_with_runtime_dependencies(/home/ny/FsRobo-A1/install/fsrobo_a1_msg_srv_4py/share/colcon-core/packages/fsrobo_a1_msg_srv_4py)
[5.626s] DEBUG:colcon.colcon_core.executor.sequential:run_until_complete 'fsrobo_a1_msg_srv_4py' finished with '0'
[5.626s] DEBUG:colcon.colcon_core.executor.sequential:run_until_complete 'my_package'
[5.627s] INFO:colcon.colcon_ros.task.ament_python.build:Building ROS package in '/home/ny/FsRobo-A1/src/my_package' with build type 'ament_python'
[5.630s] Level 1:colcon.colcon_core.shell:create_environment_hook('my_package', 'ament_prefix_path')
[5.630s] INFO:colcon.colcon_core.shell:Creating environment descriptor '/home/ny/FsRobo-A1/install/my_package/share/my_package/hook/ament_prefix_path.dsv'
[5.632s] INFO:colcon.colcon_core.shell:Creating environment hook '/home/ny/FsRobo-A1/install/my_package/share/my_package/hook/ament_prefix_path.sh'
[5.634s] DEBUG:colcon.colcon_core.shell:Skip shell extension 'dsv' for command environment
[6.247s] INFO:colcon.colcon_core.task.python.build:Building Python package in '/home/ny/FsRobo-A1/src/my_package'
[6.249s] DEBUG:colcon.colcon_core.shell:Skip shell extension 'dsv' for command environment
[7.337s] DEBUG:colcon.colcon_core.event_handler.log_command:Invoking command in '/home/ny/FsRobo-A1/src/my_package': PYTHONPATH=/home/ny/FsRobo-A1/build/my_package/prefix_override:/usr/lib/python3/dist-packages/colcon_core/task/python/colcon_distutils_commands:/home/ny/FsRobo-A1/install/my_package/lib/python3.8/site-packages:${PYTHONPATH} /usr/bin/python3 -W ignore:setup.py install is deprecated setup.py egg_info --egg-base ../../build/my_package build --build-base /home/ny/FsRobo-A1/build/my_package/build install --record /home/ny/FsRobo-A1/build/my_package/install.log --install-scripts $base/lib/my_package --single-version-externally-managed install_data
[8.142s] Level 1:colcon.colcon_core.environment:checking '/home/ny/FsRobo-A1/install/my_package' for CMake module files
[8.144s] DEBUG:colcon.colcon_core.event_handler.log_command:Invoked command in '/home/ny/FsRobo-A1/src/my_package' returned '0': PYTHONPATH=/home/ny/FsRobo-A1/build/my_package/prefix_override:/usr/lib/python3/dist-packages/colcon_core/task/python/colcon_distutils_commands:/home/ny/FsRobo-A1/install/my_package/lib/python3.8/site-packages:${PYTHONPATH} /usr/bin/python3 -W ignore:setup.py install is deprecated setup.py egg_info --egg-base ../../build/my_package build --build-base /home/ny/FsRobo-A1/build/my_package/build install --record /home/ny/FsRobo-A1/build/my_package/install.log --install-scripts $base/lib/my_package --single-version-externally-managed install_data
[8.146s] Level 1:colcon.colcon_core.environment:checking '/home/ny/FsRobo-A1/install/my_package' for CMake config files
[8.147s] Level 1:colcon.colcon_core.environment:checking '/home/ny/FsRobo-A1/install/my_package/lib'
[8.148s] Level 1:colcon.colcon_core.environment:checking '/home/ny/FsRobo-A1/install/my_package/bin'
[8.148s] Level 1:colcon.colcon_core.environment:checking '/home/ny/FsRobo-A1/install/my_package/lib/pkgconfig/my_package.pc'
[8.149s] Level 1:colcon.colcon_core.environment:checking '/home/ny/FsRobo-A1/install/my_package/lib/python3.8/site-packages'
[8.149s] Level 1:colcon.colcon_core.shell:create_environment_hook('my_package', 'pythonpath')
[8.149s] INFO:colcon.colcon_core.shell:Creating environment descriptor '/home/ny/FsRobo-A1/install/my_package/share/my_package/hook/pythonpath.dsv'
[8.151s] INFO:colcon.colcon_core.shell:Creating environment hook '/home/ny/FsRobo-A1/install/my_package/share/my_package/hook/pythonpath.sh'
[8.153s] Level 1:colcon.colcon_core.environment:checking '/home/ny/FsRobo-A1/install/my_package/bin'
[8.153s] Level 1:colcon.colcon_core.environment:create_environment_scripts_only(my_package)
[8.154s] INFO:colcon.colcon_core.shell:Creating package descriptor '/home/ny/FsRobo-A1/install/my_package/share/my_package/package.dsv'
[8.155s] INFO:colcon.colcon_core.shell:Creating package script '/home/ny/FsRobo-A1/install/my_package/share/my_package/package.sh'
[8.157s] Level 1:colcon.colcon_core.environment:create_file_with_runtime_dependencies(/home/ny/FsRobo-A1/install/my_package/share/colcon-core/packages/my_package)
[8.158s] DEBUG:colcon.colcon_core.executor.sequential:run_until_complete 'my_package' finished with '0'
[8.158s] DEBUG:colcon.colcon_core.executor.sequential:run_until_complete 'py_pubsub'
[8.158s] INFO:colcon.colcon_ros.task.ament_python.build:Building ROS package in '/home/ny/FsRobo-A1/src/py_pubsub' with build type 'ament_python'
[8.159s] Level 1:colcon.colcon_core.shell:create_environment_hook('py_pubsub', 'ament_prefix_path')
[8.159s] INFO:colcon.colcon_core.shell:Creating environment descriptor '/home/ny/FsRobo-A1/install/py_pubsub/share/py_pubsub/hook/ament_prefix_path.dsv'
[8.164s] INFO:colcon.colcon_core.shell:Creating environment hook '/home/ny/FsRobo-A1/install/py_pubsub/share/py_pubsub/hook/ament_prefix_path.sh'
[8.166s] DEBUG:colcon.colcon_core.shell:Skip shell extension 'dsv' for command environment
[8.789s] INFO:colcon.colcon_core.task.python.build:Building Python package in '/home/ny/FsRobo-A1/src/py_pubsub'
[8.791s] DEBUG:colcon.colcon_core.shell:Skip shell extension 'dsv' for command environment
[9.918s] DEBUG:colcon.colcon_core.event_handler.log_command:Invoking command in '/home/ny/FsRobo-A1/src/py_pubsub': PYTHONPATH=/home/ny/FsRobo-A1/build/py_pubsub/prefix_override:/usr/lib/python3/dist-packages/colcon_core/task/python/colcon_distutils_commands:/home/ny/FsRobo-A1/install/py_pubsub/lib/python3.8/site-packages:${PYTHONPATH} /usr/bin/python3 -W ignore:setup.py install is deprecated setup.py egg_info --egg-base ../../build/py_pubsub build --build-base /home/ny/FsRobo-A1/build/py_pubsub/build install --record /home/ny/FsRobo-A1/build/py_pubsub/install.log --install-scripts $base/lib/py_pubsub --single-version-externally-managed install_data
[10.759s] Level 1:colcon.colcon_core.environment:checking '/home/ny/FsRobo-A1/install/py_pubsub' for CMake module files
[10.760s] DEBUG:colcon.colcon_core.event_handler.log_command:Invoked command in '/home/ny/FsRobo-A1/src/py_pubsub' returned '0': PYTHONPATH=/home/ny/FsRobo-A1/build/py_pubsub/prefix_override:/usr/lib/python3/dist-packages/colcon_core/task/python/colcon_distutils_commands:/home/ny/FsRobo-A1/install/py_pubsub/lib/python3.8/site-packages:${PYTHONPATH} /usr/bin/python3 -W ignore:setup.py install is deprecated setup.py egg_info --egg-base ../../build/py_pubsub build --build-base /home/ny/FsRobo-A1/build/py_pubsub/build install --record /home/ny/FsRobo-A1/build/py_pubsub/install.log --install-scripts $base/lib/py_pubsub --single-version-externally-managed install_data
[10.762s] Level 1:colcon.colcon_core.environment:checking '/home/ny/FsRobo-A1/install/py_pubsub' for CMake config files
[10.764s] Level 1:colcon.colcon_core.environment:checking '/home/ny/FsRobo-A1/install/py_pubsub/lib'
[10.765s] Level 1:colcon.colcon_core.environment:checking '/home/ny/FsRobo-A1/install/py_pubsub/bin'
[10.765s] Level 1:colcon.colcon_core.environment:checking '/home/ny/FsRobo-A1/install/py_pubsub/lib/pkgconfig/py_pubsub.pc'
[10.766s] Level 1:colcon.colcon_core.environment:checking '/home/ny/FsRobo-A1/install/py_pubsub/lib/python3.8/site-packages'
[10.767s] Level 1:colcon.colcon_core.shell:create_environment_hook('py_pubsub', 'pythonpath')
[10.767s] INFO:colcon.colcon_core.shell:Creating environment descriptor '/home/ny/FsRobo-A1/install/py_pubsub/share/py_pubsub/hook/pythonpath.dsv'
[10.770s] INFO:colcon.colcon_core.shell:Creating environment hook '/home/ny/FsRobo-A1/install/py_pubsub/share/py_pubsub/hook/pythonpath.sh'
[10.773s] Level 1:colcon.colcon_core.environment:checking '/home/ny/FsRobo-A1/install/py_pubsub/bin'
[10.773s] Level 1:colcon.colcon_core.environment:create_environment_scripts_only(py_pubsub)
[10.774s] INFO:colcon.colcon_core.shell:Creating package descriptor '/home/ny/FsRobo-A1/install/py_pubsub/share/py_pubsub/package.dsv'
[10.776s] INFO:colcon.colcon_core.shell:Creating package script '/home/ny/FsRobo-A1/install/py_pubsub/share/py_pubsub/package.sh'
[10.779s] Level 1:colcon.colcon_core.environment:create_file_with_runtime_dependencies(/home/ny/FsRobo-A1/install/py_pubsub/share/colcon-core/packages/py_pubsub)
[10.781s] DEBUG:colcon.colcon_core.executor.sequential:run_until_complete 'py_pubsub' finished with '0'
[10.781s] DEBUG:colcon.colcon_core.executor.sequential:closing loop
[10.783s] DEBUG:colcon.colcon_core.executor.sequential:loop closed
[10.783s] DEBUG:colcon.colcon_core.event_reactor:joining thread
[10.789s] DEBUG:colcon.colcon_core.event_reactor:joined thread
[10.789s] INFO:colcon.colcon_core.shell:Creating prefix script '/home/ny/FsRobo-A1/install/local_setup.sh'
[10.792s] INFO:colcon.colcon_core.shell:Creating prefix util module '/home/ny/FsRobo-A1/install/_local_setup_util_sh.py'
[10.797s] INFO:colcon.colcon_core.shell:Creating prefix chain script '/home/ny/FsRobo-A1/install/setup.sh'
