[0.425s] DEBUG:colcon:Command line arguments: ['/usr/bin/colcon', 'build']
[0.426s] DEBUG:colcon:Parsed command line arguments: Namespace(ament_cmake_args=None, base_paths=['.'], build_base='build', catkin_cmake_args=None, catkin_skip_building_tests=False, cmake_args=None, cmake_clean_cache=False, cmake_clean_first=False, cmake_force_configure=False, cmake_target=None, cmake_target_skip_unavailable=False, continue_on_error=False, event_handlers=None, executor='sequential', install_base='install', log_base=None, log_level=None, main=<bound method BuildVerb.main of <colcon_core.verb.build.BuildVerb object at 0x7f5671037460>>, merge_install=False, paths=None, symlink_install=False, test_result_base=None, verb_extension=<colcon_core.verb.build.BuildVerb object at 0x7f5671037460>, verb_name='build', verb_parser=<colcon_argcomplete.argument_parser.argcomplete.ArgcompleteDecorator object at 0x7f5670fd57c0>)
[0.862s] Level 1:colcon.colcon_core.package_discovery:discover_packages(recursive) check parameters
[0.862s] Level 1:colcon.colcon_core.package_discovery:discover_packages(path) check parameters
[0.862s] Level 1:colcon.colcon_core.package_discovery:discover_packages(recursive) discover
[0.863s] INFO:colcon.colcon_core.package_discovery:Crawling recursively for packages in '/home/ny/FsRobo-A1'
[0.863s] Level 1:colcon.colcon_core.package_identification:_identify(.) by extensions ['ignore', 'ignore_ament_install']
[0.863s] Level 1:colcon.colcon_core.package_identification:_identify(.) by extension 'ignore'
[0.863s] Level 1:colcon.colcon_core.package_identification:_identify(.) by extension 'ignore_ament_install'
[0.864s] Level 1:colcon.colcon_core.package_identification:_identify(.) by extensions ['ros']
[0.864s] Level 1:colcon.colcon_core.package_identification:_identify(.) by extension 'ros'
[0.892s] Level 1:colcon.colcon_core.package_identification:_identify(.) by extensions ['cmake', 'python']
[0.893s] Level 1:colcon.colcon_core.package_identification:_identify(.) by extension 'cmake'
[0.893s] Level 1:colcon.colcon_core.package_identification:_identify(.) by extension 'python'
[0.893s] Level 1:colcon.colcon_core.package_identification:_identify(.) by extensions ['python_setup_py']
[0.893s] Level 1:colcon.colcon_core.package_identification:_identify(.) by extension 'python_setup_py'
[0.893s] Level 1:colcon.colcon_core.package_identification:_identify(build) by extensions ['ignore', 'ignore_ament_install']
[0.894s] Level 1:colcon.colcon_core.package_identification:_identify(build) by extension 'ignore'
[0.894s] Level 1:colcon.colcon_core.package_identification:_identify(build) ignored
[0.894s] Level 1:colcon.colcon_core.package_identification:_identify(install) by extensions ['ignore', 'ignore_ament_install']
[0.894s] Level 1:colcon.colcon_core.package_identification:_identify(install) by extension 'ignore'
[0.895s] Level 1:colcon.colcon_core.package_identification:_identify(install) ignored
[0.895s] Level 1:colcon.colcon_core.package_identification:_identify(log) by extensions ['ignore', 'ignore_ament_install']
[0.895s] Level 1:colcon.colcon_core.package_identification:_identify(log) by extension 'ignore'
[0.895s] Level 1:colcon.colcon_core.package_identification:_identify(log) ignored
[0.896s] Level 1:colcon.colcon_core.package_identification:_identify(src) by extensions ['ignore', 'ignore_ament_install']
[0.896s] Level 1:colcon.colcon_core.package_identification:_identify(src) by extension 'ignore'
[0.896s] Level 1:colcon.colcon_core.package_identification:_identify(src) by extension 'ignore_ament_install'
[0.896s] Level 1:colcon.colcon_core.package_identification:_identify(src) by extensions ['ros']
[0.896s] Level 1:colcon.colcon_core.package_identification:_identify(src) by extension 'ros'
[0.896s] Level 1:colcon.colcon_core.package_identification:_identify(src) by extensions ['cmake', 'python']
[0.896s] Level 1:colcon.colcon_core.package_identification:_identify(src) by extension 'cmake'
[0.897s] Level 1:colcon.colcon_core.package_identification:_identify(src) by extension 'python'
[0.897s] Level 1:colcon.colcon_core.package_identification:_identify(src) by extensions ['python_setup_py']
[0.897s] Level 1:colcon.colcon_core.package_identification:_identify(src) by extension 'python_setup_py'
[0.897s] Level 1:colcon.colcon_core.package_identification:_identify(src/4dof) by extensions ['ignore', 'ignore_ament_install']
[0.897s] Level 1:colcon.colcon_core.package_identification:_identify(src/4dof) by extension 'ignore'
[0.898s] Level 1:colcon.colcon_core.package_identification:_identify(src/4dof) by extension 'ignore_ament_install'
[0.898s] Level 1:colcon.colcon_core.package_identification:_identify(src/4dof) by extensions ['ros']
[0.898s] Level 1:colcon.colcon_core.package_identification:_identify(src/4dof) by extension 'ros'
[0.905s] DEBUG:colcon.colcon_core.package_identification:Package 'src/4dof' with type 'ros.ament_cmake' and name '4dof'
[0.906s] Level 1:colcon.colcon_core.package_identification:_identify(src/fsrobo_a1_serve_py) by extensions ['ignore', 'ignore_ament_install']
[0.906s] Level 1:colcon.colcon_core.package_identification:_identify(src/fsrobo_a1_serve_py) by extension 'ignore'
[0.907s] Level 1:colcon.colcon_core.package_identification:_identify(src/fsrobo_a1_serve_py) by extension 'ignore_ament_install'
[0.907s] Level 1:colcon.colcon_core.package_identification:_identify(src/fsrobo_a1_serve_py) by extensions ['ros']
[0.907s] Level 1:colcon.colcon_core.package_identification:_identify(src/fsrobo_a1_serve_py) by extension 'ros'
[0.909s] DEBUG:colcon.colcon_core.package_identification:Package 'src/fsrobo_a1_serve_py' with type 'ros.ament_python' and name 'fsrobo_a1_serve_py'
[0.909s] Level 1:colcon.colcon_core.package_identification:_identify(src/test4_dof) by extensions ['ignore', 'ignore_ament_install']
[0.909s] Level 1:colcon.colcon_core.package_identification:_identify(src/test4_dof) by extension 'ignore'
[0.910s] Level 1:colcon.colcon_core.package_identification:_identify(src/test4_dof) by extension 'ignore_ament_install'
[0.910s] Level 1:colcon.colcon_core.package_identification:_identify(src/test4_dof) by extensions ['ros']
[0.910s] Level 1:colcon.colcon_core.package_identification:_identify(src/test4_dof) by extension 'ros'
[0.911s] DEBUG:colcon.colcon_core.package_identification:Package 'src/test4_dof' with type 'ros.ament_cmake' and name 'test4_dof'
[0.912s] Level 1:colcon.colcon_core.package_discovery:discover_packages(recursive) using defaults
[0.912s] Level 1:colcon.colcon_core.package_discovery:discover_packages(path) discover
[0.912s] Level 1:colcon.colcon_core.package_discovery:discover_packages(path) using defaults
[0.969s] Level 5:colcon.colcon_core.verb:set package '4dof' build argument 'cmake_args' from command line to 'None'
[0.969s] Level 5:colcon.colcon_core.verb:set package '4dof' build argument 'cmake_target' from command line to 'None'
[0.969s] Level 5:colcon.colcon_core.verb:set package '4dof' build argument 'cmake_target_skip_unavailable' from command line to 'False'
[0.969s] Level 5:colcon.colcon_core.verb:set package '4dof' build argument 'cmake_clean_cache' from command line to 'False'
[0.969s] Level 5:colcon.colcon_core.verb:set package '4dof' build argument 'cmake_clean_first' from command line to 'False'
[0.969s] Level 5:colcon.colcon_core.verb:set package '4dof' build argument 'cmake_force_configure' from command line to 'False'
[0.970s] Level 5:colcon.colcon_core.verb:set package '4dof' build argument 'ament_cmake_args' from command line to 'None'
[0.970s] Level 5:colcon.colcon_core.verb:set package '4dof' build argument 'catkin_cmake_args' from command line to 'None'
[0.970s] Level 5:colcon.colcon_core.verb:set package '4dof' build argument 'catkin_skip_building_tests' from command line to 'False'
[0.970s] DEBUG:colcon.colcon_core.verb:Building package '4dof' with the following arguments: {'ament_cmake_args': None, 'build_base': '/home/ny/FsRobo-A1/build/4dof', 'catkin_cmake_args': None, 'catkin_skip_building_tests': False, 'cmake_args': None, 'cmake_clean_cache': False, 'cmake_clean_first': False, 'cmake_force_configure': False, 'cmake_target': None, 'cmake_target_skip_unavailable': False, 'install_base': '/home/ny/FsRobo-A1/install/4dof', 'merge_install': False, 'path': '/home/ny/FsRobo-A1/src/4dof', 'symlink_install': False, 'test_result_base': None}
[0.971s] Level 5:colcon.colcon_core.verb:set package 'fsrobo_a1_serve_py' build argument 'cmake_args' from command line to 'None'
[0.971s] Level 5:colcon.colcon_core.verb:set package 'fsrobo_a1_serve_py' build argument 'cmake_target' from command line to 'None'
[0.971s] Level 5:colcon.colcon_core.verb:set package 'fsrobo_a1_serve_py' build argument 'cmake_target_skip_unavailable' from command line to 'False'
[0.971s] Level 5:colcon.colcon_core.verb:set package 'fsrobo_a1_serve_py' build argument 'cmake_clean_cache' from command line to 'False'
[0.971s] Level 5:colcon.colcon_core.verb:set package 'fsrobo_a1_serve_py' build argument 'cmake_clean_first' from command line to 'False'
[0.971s] Level 5:colcon.colcon_core.verb:set package 'fsrobo_a1_serve_py' build argument 'cmake_force_configure' from command line to 'False'
[0.971s] Level 5:colcon.colcon_core.verb:set package 'fsrobo_a1_serve_py' build argument 'ament_cmake_args' from command line to 'None'
[0.971s] Level 5:colcon.colcon_core.verb:set package 'fsrobo_a1_serve_py' build argument 'catkin_cmake_args' from command line to 'None'
[0.971s] Level 5:colcon.colcon_core.verb:set package 'fsrobo_a1_serve_py' build argument 'catkin_skip_building_tests' from command line to 'False'
[0.972s] DEBUG:colcon.colcon_core.verb:Building package 'fsrobo_a1_serve_py' with the following arguments: {'ament_cmake_args': None, 'build_base': '/home/ny/FsRobo-A1/build/fsrobo_a1_serve_py', 'catkin_cmake_args': None, 'catkin_skip_building_tests': False, 'cmake_args': None, 'cmake_clean_cache': False, 'cmake_clean_first': False, 'cmake_force_configure': False, 'cmake_target': None, 'cmake_target_skip_unavailable': False, 'install_base': '/home/ny/FsRobo-A1/install/fsrobo_a1_serve_py', 'merge_install': False, 'path': '/home/ny/FsRobo-A1/src/fsrobo_a1_serve_py', 'symlink_install': False, 'test_result_base': None}
[0.972s] Level 5:colcon.colcon_core.verb:set package 'test4_dof' build argument 'cmake_args' from command line to 'None'
[0.972s] Level 5:colcon.colcon_core.verb:set package 'test4_dof' build argument 'cmake_target' from command line to 'None'
[0.972s] Level 5:colcon.colcon_core.verb:set package 'test4_dof' build argument 'cmake_target_skip_unavailable' from command line to 'False'
[0.972s] Level 5:colcon.colcon_core.verb:set package 'test4_dof' build argument 'cmake_clean_cache' from command line to 'False'
[0.973s] Level 5:colcon.colcon_core.verb:set package 'test4_dof' build argument 'cmake_clean_first' from command line to 'False'
[0.973s] Level 5:colcon.colcon_core.verb:set package 'test4_dof' build argument 'cmake_force_configure' from command line to 'False'
[0.973s] Level 5:colcon.colcon_core.verb:set package 'test4_dof' build argument 'ament_cmake_args' from command line to 'None'
[0.973s] Level 5:colcon.colcon_core.verb:set package 'test4_dof' build argument 'catkin_cmake_args' from command line to 'None'
[0.973s] Level 5:colcon.colcon_core.verb:set package 'test4_dof' build argument 'catkin_skip_building_tests' from command line to 'False'
[0.973s] DEBUG:colcon.colcon_core.verb:Building package 'test4_dof' with the following arguments: {'ament_cmake_args': None, 'build_base': '/home/ny/FsRobo-A1/build/test4_dof', 'catkin_cmake_args': None, 'catkin_skip_building_tests': False, 'cmake_args': None, 'cmake_clean_cache': False, 'cmake_clean_first': False, 'cmake_force_configure': False, 'cmake_target': None, 'cmake_target_skip_unavailable': False, 'install_base': '/home/ny/FsRobo-A1/install/test4_dof', 'merge_install': False, 'path': '/home/ny/FsRobo-A1/src/test4_dof', 'symlink_install': False, 'test_result_base': None}
[0.973s] INFO:colcon.colcon_core.executor:Executing jobs using 'sequential' executor
[0.975s] DEBUG:colcon.colcon_core.executor.sequential:run_until_complete '4dof'
[0.976s] INFO:colcon.colcon_ros.task.ament_cmake.build:Building ROS package in '/home/ny/FsRobo-A1/src/4dof' with build type 'ament_cmake'
[0.976s] INFO:colcon.colcon_cmake.task.cmake.build:Building CMake package in '/home/ny/FsRobo-A1/src/4dof'
[0.978s] INFO:colcon.colcon_core.plugin_system:Skipping extension 'colcon_core.shell.bat': Not used on non-Windows systems
[0.979s] DEBUG:colcon.colcon_core.shell:Skip shell extension 'dsv' for command environment
[1.018s] DEBUG:colcon.colcon_core.event_handler.log_command:Invoking command in '/home/ny/FsRobo-A1/build/4dof': CMAKE_PREFIX_PATH=/home/ny/FsRobo-A1/install/moveit2_tutorials:/home/ny/FsRobo-A1/install/moveit_visual_tools:/home/ny/FsRobo-A1/install/rviz_visual_tools:/home/ny/FsRobo-A1/install/fsrobo_a1_msg_srv_4py:/home/ny/FsRobo-A1/install/py_pubsub:/home/ny/FsRobo-A1/install/my_package:/home/ny/FsRobo-A1/install/fsrobo_a1_serve_py:/opt/ros/foxy:/home/ny/FsRobo-A1/install/4dof /usr/bin/cmake --build /home/ny/FsRobo-A1/build/4dof -- -j16 -l16
[1.140s] DEBUG:colcon.colcon_core.event_handler.log_command:Invoked command in '/home/ny/FsRobo-A1/build/4dof' returned '0': CMAKE_PREFIX_PATH=/home/ny/FsRobo-A1/install/moveit2_tutorials:/home/ny/FsRobo-A1/install/moveit_visual_tools:/home/ny/FsRobo-A1/install/rviz_visual_tools:/home/ny/FsRobo-A1/install/fsrobo_a1_msg_srv_4py:/home/ny/FsRobo-A1/install/py_pubsub:/home/ny/FsRobo-A1/install/my_package:/home/ny/FsRobo-A1/install/fsrobo_a1_serve_py:/opt/ros/foxy:/home/ny/FsRobo-A1/install/4dof /usr/bin/cmake --build /home/ny/FsRobo-A1/build/4dof -- -j16 -l16
[1.255s] DEBUG:colcon.colcon_core.event_handler.log_command:Invoking command in '/home/ny/FsRobo-A1/build/4dof': CMAKE_PREFIX_PATH=/home/ny/FsRobo-A1/install/moveit2_tutorials:/home/ny/FsRobo-A1/install/moveit_visual_tools:/home/ny/FsRobo-A1/install/rviz_visual_tools:/home/ny/FsRobo-A1/install/fsrobo_a1_msg_srv_4py:/home/ny/FsRobo-A1/install/py_pubsub:/home/ny/FsRobo-A1/install/my_package:/home/ny/FsRobo-A1/install/fsrobo_a1_serve_py:/opt/ros/foxy:/home/ny/FsRobo-A1/install/4dof /usr/bin/cmake --install /home/ny/FsRobo-A1/build/4dof
[1.290s] Level 1:colcon.colcon_core.environment:create_environment_scripts_only(4dof)
[1.291s] DEBUG:colcon.colcon_core.event_handler.log_command:Invoked command in '/home/ny/FsRobo-A1/build/4dof' returned '0': CMAKE_PREFIX_PATH=/home/ny/FsRobo-A1/install/moveit2_tutorials:/home/ny/FsRobo-A1/install/moveit_visual_tools:/home/ny/FsRobo-A1/install/rviz_visual_tools:/home/ny/FsRobo-A1/install/fsrobo_a1_msg_srv_4py:/home/ny/FsRobo-A1/install/py_pubsub:/home/ny/FsRobo-A1/install/my_package:/home/ny/FsRobo-A1/install/fsrobo_a1_serve_py:/opt/ros/foxy:/home/ny/FsRobo-A1/install/4dof /usr/bin/cmake --install /home/ny/FsRobo-A1/build/4dof
[1.300s] Level 1:colcon.colcon_core.environment:checking '/home/ny/FsRobo-A1/install/4dof' for CMake module files
[1.302s] Level 1:colcon.colcon_core.environment:checking '/home/ny/FsRobo-A1/install/4dof' for CMake config files
[1.303s] Level 1:colcon.colcon_core.shell:create_environment_hook('4dof', 'cmake_prefix_path')
[1.304s] INFO:colcon.colcon_core.shell:Creating environment descriptor '/home/ny/FsRobo-A1/install/4dof/share/4dof/hook/cmake_prefix_path.dsv'
[1.306s] INFO:colcon.colcon_core.shell:Creating environment hook '/home/ny/FsRobo-A1/install/4dof/share/4dof/hook/cmake_prefix_path.sh'
[1.310s] Level 1:colcon.colcon_core.environment:checking '/home/ny/FsRobo-A1/install/4dof/bin'
[1.310s] Level 1:colcon.colcon_core.environment:checking '/home/ny/FsRobo-A1/install/4dof/lib/pkgconfig/4dof.pc'
[1.313s] Level 1:colcon.colcon_core.environment:checking '/home/ny/FsRobo-A1/install/4dof/lib/python3.8/site-packages'
[1.313s] Level 1:colcon.colcon_core.environment:checking '/home/ny/FsRobo-A1/install/4dof/bin'
[1.314s] INFO:colcon.colcon_core.shell:Creating package descriptor '/home/ny/FsRobo-A1/install/4dof/share/4dof/package.dsv'
[1.316s] INFO:colcon.colcon_core.shell:Creating package script '/home/ny/FsRobo-A1/install/4dof/share/4dof/package.sh'
[1.318s] Level 1:colcon.colcon_core.environment:create_file_with_runtime_dependencies(/home/ny/FsRobo-A1/install/4dof/share/colcon-core/packages/4dof)
[1.408s] Level 1:colcon.colcon_core.environment:create_environment_scripts_only(4dof)
[1.410s] Level 1:colcon.colcon_core.environment:checking '/home/ny/FsRobo-A1/install/4dof' for CMake module files
[1.412s] Level 1:colcon.colcon_core.environment:checking '/home/ny/FsRobo-A1/install/4dof' for CMake config files
[1.414s] Level 1:colcon.colcon_core.shell:create_environment_hook('4dof', 'cmake_prefix_path')
[1.414s] INFO:colcon.colcon_core.shell:Creating environment descriptor '/home/ny/FsRobo-A1/install/4dof/share/4dof/hook/cmake_prefix_path.dsv'
[1.416s] INFO:colcon.colcon_core.shell:Creating environment hook '/home/ny/FsRobo-A1/install/4dof/share/4dof/hook/cmake_prefix_path.sh'
[1.419s] Level 1:colcon.colcon_core.environment:checking '/home/ny/FsRobo-A1/install/4dof/bin'
[1.419s] Level 1:colcon.colcon_core.environment:checking '/home/ny/FsRobo-A1/install/4dof/lib/pkgconfig/4dof.pc'
[1.420s] Level 1:colcon.colcon_core.environment:checking '/home/ny/FsRobo-A1/install/4dof/lib/python3.8/site-packages'
[1.420s] Level 1:colcon.colcon_core.environment:checking '/home/ny/FsRobo-A1/install/4dof/bin'
[1.421s] INFO:colcon.colcon_core.shell:Creating package descriptor '/home/ny/FsRobo-A1/install/4dof/share/4dof/package.dsv'
[1.422s] INFO:colcon.colcon_core.shell:Creating package script '/home/ny/FsRobo-A1/install/4dof/share/4dof/package.sh'
[1.424s] Level 1:colcon.colcon_core.environment:create_file_with_runtime_dependencies(/home/ny/FsRobo-A1/install/4dof/share/colcon-core/packages/4dof)
[1.425s] DEBUG:colcon.colcon_core.executor.sequential:run_until_complete '4dof' finished with '0'
[1.426s] DEBUG:colcon.colcon_core.executor.sequential:run_until_complete 'fsrobo_a1_serve_py'
[1.427s] INFO:colcon.colcon_ros.task.ament_python.build:Building ROS package in '/home/ny/FsRobo-A1/src/fsrobo_a1_serve_py' with build type 'ament_python'
[1.427s] Level 1:colcon.colcon_core.shell:create_environment_hook('fsrobo_a1_serve_py', 'ament_prefix_path')
[1.428s] INFO:colcon.colcon_core.shell:Creating environment descriptor '/home/ny/FsRobo-A1/install/fsrobo_a1_serve_py/share/fsrobo_a1_serve_py/hook/ament_prefix_path.dsv'
[1.430s] INFO:colcon.colcon_core.shell:Creating environment hook '/home/ny/FsRobo-A1/install/fsrobo_a1_serve_py/share/fsrobo_a1_serve_py/hook/ament_prefix_path.sh'
[1.431s] DEBUG:colcon.colcon_core.shell:Skip shell extension 'dsv' for command environment
[2.053s] INFO:colcon.colcon_core.task.python.build:Building Python package in '/home/ny/FsRobo-A1/src/fsrobo_a1_serve_py'
[2.055s] DEBUG:colcon.colcon_core.shell:Skip shell extension 'dsv' for command environment
[5.278s] DEBUG:colcon.colcon_core.event_handler.log_command:Invoking command in '/home/ny/FsRobo-A1/src/fsrobo_a1_serve_py': PYTHONPATH=/home/ny/FsRobo-A1/build/fsrobo_a1_serve_py/prefix_override:/usr/lib/python3/dist-packages/colcon_core/task/python/colcon_distutils_commands:/home/ny/FsRobo-A1/install/fsrobo_a1_serve_py/lib/python3.8/site-packages:${PYTHONPATH} /usr/bin/python3 -W ignore:setup.py install is deprecated setup.py egg_info --egg-base ../../build/fsrobo_a1_serve_py build --build-base /home/ny/FsRobo-A1/build/fsrobo_a1_serve_py/build install --record /home/ny/FsRobo-A1/build/fsrobo_a1_serve_py/install.log --install-scripts $base/lib/fsrobo_a1_serve_py --single-version-externally-managed install_data
[6.043s] Level 1:colcon.colcon_core.environment:checking '/home/ny/FsRobo-A1/install/fsrobo_a1_serve_py' for CMake module files
[6.044s] DEBUG:colcon.colcon_core.event_handler.log_command:Invoked command in '/home/ny/FsRobo-A1/src/fsrobo_a1_serve_py' returned '0': PYTHONPATH=/home/ny/FsRobo-A1/build/fsrobo_a1_serve_py/prefix_override:/usr/lib/python3/dist-packages/colcon_core/task/python/colcon_distutils_commands:/home/ny/FsRobo-A1/install/fsrobo_a1_serve_py/lib/python3.8/site-packages:${PYTHONPATH} /usr/bin/python3 -W ignore:setup.py install is deprecated setup.py egg_info --egg-base ../../build/fsrobo_a1_serve_py build --build-base /home/ny/FsRobo-A1/build/fsrobo_a1_serve_py/build install --record /home/ny/FsRobo-A1/build/fsrobo_a1_serve_py/install.log --install-scripts $base/lib/fsrobo_a1_serve_py --single-version-externally-managed install_data
[6.046s] Level 1:colcon.colcon_core.environment:checking '/home/ny/FsRobo-A1/install/fsrobo_a1_serve_py' for CMake config files
[6.048s] Level 1:colcon.colcon_core.environment:checking '/home/ny/FsRobo-A1/install/fsrobo_a1_serve_py/lib'
[6.050s] Level 1:colcon.colcon_core.environment:checking '/home/ny/FsRobo-A1/install/fsrobo_a1_serve_py/bin'
[6.050s] Level 1:colcon.colcon_core.environment:checking '/home/ny/FsRobo-A1/install/fsrobo_a1_serve_py/lib/pkgconfig/fsrobo_a1_serve_py.pc'
[6.051s] Level 1:colcon.colcon_core.environment:checking '/home/ny/FsRobo-A1/install/fsrobo_a1_serve_py/lib/python3.8/site-packages'
[6.051s] Level 1:colcon.colcon_core.shell:create_environment_hook('fsrobo_a1_serve_py', 'pythonpath')
[6.052s] INFO:colcon.colcon_core.shell:Creating environment descriptor '/home/ny/FsRobo-A1/install/fsrobo_a1_serve_py/share/fsrobo_a1_serve_py/hook/pythonpath.dsv'
[6.054s] INFO:colcon.colcon_core.shell:Creating environment hook '/home/ny/FsRobo-A1/install/fsrobo_a1_serve_py/share/fsrobo_a1_serve_py/hook/pythonpath.sh'
[6.055s] Level 1:colcon.colcon_core.environment:checking '/home/ny/FsRobo-A1/install/fsrobo_a1_serve_py/bin'
[6.056s] Level 1:colcon.colcon_core.environment:create_environment_scripts_only(fsrobo_a1_serve_py)
[6.056s] INFO:colcon.colcon_core.shell:Creating package descriptor '/home/ny/FsRobo-A1/install/fsrobo_a1_serve_py/share/fsrobo_a1_serve_py/package.dsv'
[6.058s] INFO:colcon.colcon_core.shell:Creating package script '/home/ny/FsRobo-A1/install/fsrobo_a1_serve_py/share/fsrobo_a1_serve_py/package.sh'
[6.060s] Level 1:colcon.colcon_core.environment:create_file_with_runtime_dependencies(/home/ny/FsRobo-A1/install/fsrobo_a1_serve_py/share/colcon-core/packages/fsrobo_a1_serve_py)
[6.061s] DEBUG:colcon.colcon_core.executor.sequential:run_until_complete 'fsrobo_a1_serve_py' finished with '0'
[6.061s] DEBUG:colcon.colcon_core.executor.sequential:run_until_complete 'test4_dof'
[6.062s] INFO:colcon.colcon_ros.task.ament_cmake.build:Building ROS package in '/home/ny/FsRobo-A1/src/test4_dof' with build type 'ament_cmake'
[6.063s] INFO:colcon.colcon_cmake.task.cmake.build:Building CMake package in '/home/ny/FsRobo-A1/src/test4_dof'
[6.063s] DEBUG:colcon.colcon_core.shell:Skip shell extension 'dsv' for command environment
[6.097s] DEBUG:colcon.colcon_core.event_handler.log_command:Invoking command in '/home/ny/FsRobo-A1/build/test4_dof': CMAKE_PREFIX_PATH=/home/ny/FsRobo-A1/install/moveit2_tutorials:/home/ny/FsRobo-A1/install/moveit_visual_tools:/home/ny/FsRobo-A1/install/rviz_visual_tools:/home/ny/FsRobo-A1/install/fsrobo_a1_msg_srv_4py:/home/ny/FsRobo-A1/install/py_pubsub:/home/ny/FsRobo-A1/install/my_package:/home/ny/FsRobo-A1/install/fsrobo_a1_serve_py:/opt/ros/foxy:/home/ny/FsRobo-A1/install/4dof /usr/bin/cmake --build /home/ny/FsRobo-A1/build/test4_dof -- -j16 -l16
[6.213s] DEBUG:colcon.colcon_core.event_handler.log_command:Invoked command in '/home/ny/FsRobo-A1/build/test4_dof' returned '0': CMAKE_PREFIX_PATH=/home/ny/FsRobo-A1/install/moveit2_tutorials:/home/ny/FsRobo-A1/install/moveit_visual_tools:/home/ny/FsRobo-A1/install/rviz_visual_tools:/home/ny/FsRobo-A1/install/fsrobo_a1_msg_srv_4py:/home/ny/FsRobo-A1/install/py_pubsub:/home/ny/FsRobo-A1/install/my_package:/home/ny/FsRobo-A1/install/fsrobo_a1_serve_py:/opt/ros/foxy:/home/ny/FsRobo-A1/install/4dof /usr/bin/cmake --build /home/ny/FsRobo-A1/build/test4_dof -- -j16 -l16
[6.291s] DEBUG:colcon.colcon_core.event_handler.log_command:Invoking command in '/home/ny/FsRobo-A1/build/test4_dof': CMAKE_PREFIX_PATH=/home/ny/FsRobo-A1/install/moveit2_tutorials:/home/ny/FsRobo-A1/install/moveit_visual_tools:/home/ny/FsRobo-A1/install/rviz_visual_tools:/home/ny/FsRobo-A1/install/fsrobo_a1_msg_srv_4py:/home/ny/FsRobo-A1/install/py_pubsub:/home/ny/FsRobo-A1/install/my_package:/home/ny/FsRobo-A1/install/fsrobo_a1_serve_py:/opt/ros/foxy:/home/ny/FsRobo-A1/install/4dof /usr/bin/cmake --install /home/ny/FsRobo-A1/build/test4_dof
[6.325s] Level 1:colcon.colcon_core.environment:create_environment_scripts_only(test4_dof)
[6.327s] Level 1:colcon.colcon_core.environment:checking '/home/ny/FsRobo-A1/install/test4_dof' for CMake module files
[6.327s] DEBUG:colcon.colcon_core.event_handler.log_command:Invoked command in '/home/ny/FsRobo-A1/build/test4_dof' returned '0': CMAKE_PREFIX_PATH=/home/ny/FsRobo-A1/install/moveit2_tutorials:/home/ny/FsRobo-A1/install/moveit_visual_tools:/home/ny/FsRobo-A1/install/rviz_visual_tools:/home/ny/FsRobo-A1/install/fsrobo_a1_msg_srv_4py:/home/ny/FsRobo-A1/install/py_pubsub:/home/ny/FsRobo-A1/install/my_package:/home/ny/FsRobo-A1/install/fsrobo_a1_serve_py:/opt/ros/foxy:/home/ny/FsRobo-A1/install/4dof /usr/bin/cmake --install /home/ny/FsRobo-A1/build/test4_dof
[6.330s] Level 1:colcon.colcon_core.environment:checking '/home/ny/FsRobo-A1/install/test4_dof' for CMake config files
[6.331s] Level 1:colcon.colcon_core.shell:create_environment_hook('test4_dof', 'cmake_prefix_path')
[6.332s] INFO:colcon.colcon_core.shell:Creating environment descriptor '/home/ny/FsRobo-A1/install/test4_dof/share/test4_dof/hook/cmake_prefix_path.dsv'
[6.335s] INFO:colcon.colcon_core.shell:Creating environment hook '/home/ny/FsRobo-A1/install/test4_dof/share/test4_dof/hook/cmake_prefix_path.sh'
[6.337s] Level 1:colcon.colcon_core.environment:checking '/home/ny/FsRobo-A1/install/test4_dof/bin'
[6.337s] Level 1:colcon.colcon_core.environment:checking '/home/ny/FsRobo-A1/install/test4_dof/lib/pkgconfig/test4_dof.pc'
[6.338s] Level 1:colcon.colcon_core.environment:checking '/home/ny/FsRobo-A1/install/test4_dof/lib/python3.8/site-packages'
[6.338s] Level 1:colcon.colcon_core.environment:checking '/home/ny/FsRobo-A1/install/test4_dof/bin'
[6.339s] INFO:colcon.colcon_core.shell:Creating package descriptor '/home/ny/FsRobo-A1/install/test4_dof/share/test4_dof/package.dsv'
[6.341s] INFO:colcon.colcon_core.shell:Creating package script '/home/ny/FsRobo-A1/install/test4_dof/share/test4_dof/package.sh'
[6.342s] Level 1:colcon.colcon_core.environment:create_file_with_runtime_dependencies(/home/ny/FsRobo-A1/install/test4_dof/share/colcon-core/packages/test4_dof)
[6.431s] Level 1:colcon.colcon_core.environment:create_environment_scripts_only(test4_dof)
[6.432s] Level 1:colcon.colcon_core.environment:checking '/home/ny/FsRobo-A1/install/test4_dof' for CMake module files
[6.433s] Level 1:colcon.colcon_core.environment:checking '/home/ny/FsRobo-A1/install/test4_dof' for CMake config files
[6.435s] Level 1:colcon.colcon_core.shell:create_environment_hook('test4_dof', 'cmake_prefix_path')
[6.435s] INFO:colcon.colcon_core.shell:Creating environment descriptor '/home/ny/FsRobo-A1/install/test4_dof/share/test4_dof/hook/cmake_prefix_path.dsv'
[6.438s] INFO:colcon.colcon_core.shell:Creating environment hook '/home/ny/FsRobo-A1/install/test4_dof/share/test4_dof/hook/cmake_prefix_path.sh'
[6.440s] Level 1:colcon.colcon_core.environment:checking '/home/ny/FsRobo-A1/install/test4_dof/bin'
[6.440s] Level 1:colcon.colcon_core.environment:checking '/home/ny/FsRobo-A1/install/test4_dof/lib/pkgconfig/test4_dof.pc'
[6.441s] Level 1:colcon.colcon_core.environment:checking '/home/ny/FsRobo-A1/install/test4_dof/lib/python3.8/site-packages'
[6.441s] Level 1:colcon.colcon_core.environment:checking '/home/ny/FsRobo-A1/install/test4_dof/bin'
[6.442s] INFO:colcon.colcon_core.shell:Creating package descriptor '/home/ny/FsRobo-A1/install/test4_dof/share/test4_dof/package.dsv'
[6.444s] INFO:colcon.colcon_core.shell:Creating package script '/home/ny/FsRobo-A1/install/test4_dof/share/test4_dof/package.sh'
[6.445s] Level 1:colcon.colcon_core.environment:create_file_with_runtime_dependencies(/home/ny/FsRobo-A1/install/test4_dof/share/colcon-core/packages/test4_dof)
[6.447s] DEBUG:colcon.colcon_core.executor.sequential:run_until_complete 'test4_dof' finished with '0'
[6.447s] DEBUG:colcon.colcon_core.executor.sequential:closing loop
[6.448s] DEBUG:colcon.colcon_core.executor.sequential:loop closed
[6.448s] DEBUG:colcon.colcon_core.event_reactor:joining thread
[6.449s] DEBUG:colcon.colcon_core.event_reactor:joined thread
[6.450s] INFO:colcon.colcon_core.shell:Creating prefix script '/home/ny/FsRobo-A1/install/local_setup.sh'
[6.452s] INFO:colcon.colcon_core.shell:Creating prefix util module '/home/ny/FsRobo-A1/install/_local_setup_util_sh.py'
[6.455s] INFO:colcon.colcon_core.shell:Creating prefix chain script '/home/ny/FsRobo-A1/install/setup.sh'
